***2025-02-23 02:01:49.381906+00:00***: os.path.join(BASE_DIR, f'{id}')='qPCR_ozaki/2025_02_23_10_07_18_e3a79ca4-f6ed-414f-a44d-676970733384/iteration_5'***2025-02-23 02:01:49.382264+00:00***: *********************** 2025_02_23_10_07_18_e3a79ca4-f6ed-414f-a44d-676970733384/iteration_5 *****************************2025-02-23 02:01:49.382555+00:00***: *********************************************************2025-02-23 02:01:55.953588+00:00***: obj-chan preprocess result:

{
  "labware": [
    {
      "name": "1_sample_DNAs",
      "quantity": 300,
      "unit": "μL",
      "init_content": "sample DNA, primer, PCR MIX mixture",
      "labware": {
        "id": "",
        "name": ""
      }
    },
    {
      "name": "water",
      "quantity": 300,
      "unit": "μL",
      "init_content": "water",
      "labware": {
        "id": "",
        "name": ""
      }
    },
    {
      "name": "10_μM_primer_F",
      "quantity": 10,
      "unit": "μL",
      "init_content": "primer",
      "labware": {
        "id": "",
        "name": ""
      }
    },
    {
      "name": "10_μM_primer_R",
      "quantity": 10,
      "unit": "μL",
      "init_content": "primer",
      "labware": {
        "id": "",
        "name": ""
      }
    },
    {
      "name": "PCR_MIX",
      "quantity": 2000,
      "unit": "μL",
      "init_content": "PCR MIX",
      "labware": {
        "id": "",
        "name": ""
      }
    },
    {
      "name": "96_well_PCR_plate",
      "quantity": 1,
      "unit": "plate",
      "init_content": "",
      "labware": {
        "id": "",
        "name": ""
      }
    },
    {
      "name": "template_only_PCR_MIX",
      "quantity": 86,
      "unit": "μL",
      "init_content": "PCR MIX",
      "labware": {
        "id": "",
        "name": ""
      }
    },
    {
      "name": "water_for_template_only_PCR_MIX",
      "quantity": 4,
      "unit": "μL",
      "init_content": "water",
      "labware": {
        "id": "",
        "name": ""
      }
    },
    {
      "name": "reaction_plate",
      "quantity": 5,
      "unit": "μL",
      "init_content": "",
      "labware": {
        "id": "",
        "name": ""
      }
    }
  ]
}
***2025-02-23 02:01:55.955574+00:00***: obj-chan postprocess result:

{
  "labware": [
    {
      "name": "1_sample_DNAs",
      "quantity": 300,
      "unit": "μL",
      "init_content": "sample DNA, primer, PCR MIX mixture",
      "labware": {
        "id": "",
        "name": ""
      }
    },
    {
      "name": "water",
      "quantity": 300,
      "unit": "μL",
      "init_content": "water",
      "labware": {
        "id": "",
        "name": ""
      }
    },
    {
      "name": "10_μM_primer_F",
      "quantity": 10,
      "unit": "μL",
      "init_content": "primer",
      "labware": {
        "id": "",
        "name": ""
      }
    },
    {
      "name": "10_μM_primer_R",
      "quantity": 10,
      "unit": "μL",
      "init_content": "primer",
      "labware": {
        "id": "",
        "name": ""
      }
    },
    {
      "name": "PCR_MIX",
      "quantity": 2000,
      "unit": "μL",
      "init_content": "PCR MIX",
      "labware": {
        "id": "",
        "name": ""
      }
    },
    {
      "name": "96_well_PCR_plate",
      "quantity": 1,
      "unit": "plate",
      "init_content": "",
      "labware": {
        "id": "",
        "name": ""
      }
    },
    {
      "name": "template_only_PCR_MIX",
      "quantity": 86,
      "unit": "μL",
      "init_content": "PCR MIX",
      "labware": {
        "id": "",
        "name": ""
      }
    },
    {
      "name": "water_for_template_only_PCR_MIX",
      "quantity": 4,
      "unit": "μL",
      "init_content": "water",
      "labware": {
        "id": "",
        "name": ""
      }
    },
    {
      "name": "reaction_plate",
      "quantity": 5,
      "unit": "μL",
      "init_content": "",
      "labware": {
        "id": "",
        "name": ""
      }
    }
  ]
}
***2025-02-23 02:01:55.956514+00:00***: 

Process Flow ******************
QPCR
QuantStudio 6 Proで測定するサンプルprepを行う
1サンプルあってそれぞれ13プライマー x duplicate(3)で試験するイメージ
NTCは13プライマー x duplicate(3)用意する
その他、PrimerなしのTemplateのみを1 x duplicate(3)用意する


Input：試薬類の容器はチューブまたはプレート
1 sample DNAs			300 μL
water					300 μL
10 μM primer_F			各10 μL
10 μM primer_R			各10 μL
PCR MIX				2000 μL
96 well PCR  plate			1 plate
その他液体混合に必要なチューブまたはプレートなど
output
sample DNA, primer, PCR MIXの混合溶液が入った96 well PCR plate x 1
procedure
1. PCR MIXを137.6 μLずつ13個に分注する
2. PCR MIXが入ったチューブに10 μM primer_F1-13を3.2 μL添加する
3. PCR MIXが入ったチューブに10 μM primer_R1-13を3.2 μL添加する
4. PCR MIXとprimerをピペッティングで混合する
5. templateのみ用のPCR MIXを86 μL分注する
6. templateのみ用のPCR MIXにwaterを4 μL添加する
7. templateのみ用のPCR MIXとwaterをピペッティングで混合する
8. サンプル DNAまたはwater をreaction plateに5 μLずつアプライする
下記plate mapの列を埋めていくイメージ
9. PCR MIXとprimerの混合溶液を10 μLずつreaction plateにアプライする
下記plate mapの行を埋めていくイメージ
plate map
81 well使用する
S_n = sample_n
今回はヒト標準cDNA1つ
NTC = no template control：水＝ネガティブコントロール（全primerについて置く）
P_m = primer set_m：forward primerとreverse primerのセット
今回は13種類
Templateのみも置く
OT-2のピペット
20 μLと300 μL 


Constraints ******************
Constraints(allowed_objects=[Object(name='Unknown', quantity=0, init_content='Unknown', labware={'name': '96 well plate'}, unit='unitless'), Object(name='Unknown', quantity=0, init_content='Unknown', labware={'name': '1.5 mL tube'}, unit='unitless'), Object(name='Unknown', quantity=0, init_content='Unknown', labware={'name': '15 mL tube'}, unit='unitless')])

Extracted Object List******************
[Object(name='1_sample_DNAs', quantity=300, init_content='sample DNA, primer, PCR MIX mixture', labware={'id': '', 'name': ''}, unit='μL'), Object(name='water', quantity=300, init_content='water', labware={'id': '', 'name': ''}, unit='μL'), Object(name='10_μM_primer_F', quantity=10, init_content='primer', labware={'id': '', 'name': ''}, unit='μL'), Object(name='10_μM_primer_R', quantity=10, init_content='primer', labware={'id': '', 'name': ''}, unit='μL'), Object(name='PCR_MIX', quantity=2000, init_content='PCR MIX', labware={'id': '', 'name': ''}, unit='μL'), Object(name='96_well_PCR_plate', quantity=1, init_content='', labware={'id': '', 'name': ''}, unit='plate'), Object(name='template_only_PCR_MIX', quantity=86, init_content='PCR MIX', labware={'id': '', 'name': ''}, unit='μL'), Object(name='water_for_template_only_PCR_MIX', quantity=4, init_content='water', labware={'id': '', 'name': ''}, unit='μL'), Object(name='reaction_plate', quantity=5, init_content='', labware={'id': '', 'name': ''}, unit='μL')]***2025-02-23 02:01:55.957256+00:00***: ************ Obj-chan result ***************2025-02-23 02:01:55.957741+00:00***: object_list: [Object(name='1_sample_DNAs', quantity=300, init_content='sample DNA, primer, PCR MIX mixture', labware={'id': '', 'name': ''}, unit='μL'), Object(name='water', quantity=300, init_content='water', labware={'id': '', 'name': ''}, unit='μL'), Object(name='10_μM_primer_F', quantity=10, init_content='primer', labware={'id': '', 'name': ''}, unit='μL'), Object(name='10_μM_primer_R', quantity=10, init_content='primer', labware={'id': '', 'name': ''}, unit='μL'), Object(name='PCR_MIX', quantity=2000, init_content='PCR MIX', labware={'id': '', 'name': ''}, unit='μL'), Object(name='96_well_PCR_plate', quantity=1, init_content='', labware={'id': '', 'name': ''}, unit='plate'), Object(name='template_only_PCR_MIX', quantity=86, init_content='PCR MIX', labware={'id': '', 'name': ''}, unit='μL'), Object(name='water_for_template_only_PCR_MIX', quantity=4, init_content='water', labware={'id': '', 'name': ''}, unit='μL'), Object(name='reaction_plate', quantity=5, init_content='', labware={'id': '', 'name': ''}, unit='μL')]***2025-02-23 02:01:55.959700+00:00***: object_list_num: 9***2025-02-23 02:01:55.960682+00:00***: all_num: 32***2025-02-23 02:01:55.961100+00:00***: ************ haichi-kun result ***************2025-02-23 02:01:55.962479+00:00***: all_results[:10]=[[((Object(name='1_sample_DNAs', quantity=300, init_content='sample DNA, primer, PCR MIX mixture', labware={'id': '', 'name': ''}, unit='μL'), []), 1), ((Object(name='water', quantity=300, init_content='water', labware={'id': '', 'name': ''}, unit='μL'), []), 2), ((Object(name='10_μM_primer_F', quantity=10, init_content='primer', labware={'id': '', 'name': ''}, unit='μL'), []), 3), ((Object(name='10_μM_primer_R', quantity=10, init_content='primer', labware={'id': '', 'name': ''}, unit='μL'), []), 4), ((Object(name='PCR_MIX', quantity=2000, init_content='PCR MIX', labware={'id': '', 'name': ''}, unit='μL'), []), 5), ((Object(name='96_well_PCR_plate', quantity=1, init_content='', labware={'id': '', 'name': ''}, unit='plate'), []), 6), ((Object(name='template_only_PCR_MIX', quantity=86, init_content='PCR MIX', labware={'id': '', 'name': ''}, unit='μL'), []), 7), ((Object(name='water_for_template_only_PCR_MIX', quantity=4, init_content='water', labware={'id': '', 'name': ''}, unit='μL'), []), 8), ((Object(name='reaction_plate', quantity=5, init_content='', labware={'id': '', 'name': ''}, unit='μL'), []), 9)], [((Object(name='1_sample_DNAs', quantity=300, init_content='sample DNA, primer, PCR MIX mixture', labware={'id': '', 'name': ''}, unit='μL'), []), 1), ((Object(name='water', quantity=300, init_content='water', labware={'id': '', 'name': ''}, unit='μL'), []), 2), ((Object(name='10_μM_primer_F', quantity=10, init_content='primer', labware={'id': '', 'name': ''}, unit='μL'), []), 3), ((Object(name='10_μM_primer_R', quantity=10, init_content='primer', labware={'id': '', 'name': ''}, unit='μL'), []), 4), ((Object(name='PCR_MIX', quantity=2000, init_content='PCR MIX', labware={'id': '', 'name': ''}, unit='μL'), []), 5), ((Object(name='96_well_PCR_plate', quantity=1, init_content='', labware={'id': '', 'name': ''}, unit='plate'), []), 6), ((Object(name='template_only_PCR_MIX', quantity=86, init_content='PCR MIX', labware={'id': '', 'name': ''}, unit='μL'), []), 7), ((Object(name='water_for_template_only_PCR_MIX', quantity=4, init_content='water', labware={'id': '', 'name': ''}, unit='μL'), []), 8), ((Object(name='reaction_plate', quantity=5, init_content='', labware={'id': '', 'name': ''}, unit='μL'), []), 10)], [((Object(name='1_sample_DNAs', quantity=300, init_content='sample DNA, primer, PCR MIX mixture', labware={'id': '', 'name': ''}, unit='μL'), []), 1), ((Object(name='water', quantity=300, init_content='water', labware={'id': '', 'name': ''}, unit='μL'), []), 2), ((Object(name='10_μM_primer_F', quantity=10, init_content='primer', labware={'id': '', 'name': ''}, unit='μL'), []), 3), ((Object(name='10_μM_primer_R', quantity=10, init_content='primer', labware={'id': '', 'name': ''}, unit='μL'), []), 4), ((Object(name='PCR_MIX', quantity=2000, init_content='PCR MIX', labware={'id': '', 'name': ''}, unit='μL'), []), 5), ((Object(name='96_well_PCR_plate', quantity=1, init_content='', labware={'id': '', 'name': ''}, unit='plate'), []), 6), ((Object(name='template_only_PCR_MIX', quantity=86, init_content='PCR MIX', labware={'id': '', 'name': ''}, unit='μL'), []), 7), ((Object(name='water_for_template_only_PCR_MIX', quantity=4, init_content='water', labware={'id': '', 'name': ''}, unit='μL'), []), 8), ((Object(name='reaction_plate', quantity=5, init_content='', labware={'id': '', 'name': ''}, unit='μL'), []), 11)], [((Object(name='1_sample_DNAs', quantity=300, init_content='sample DNA, primer, PCR MIX mixture', labware={'id': '', 'name': ''}, unit='μL'), []), 1), ((Object(name='water', quantity=300, init_content='water', labware={'id': '', 'name': ''}, unit='μL'), []), 2), ((Object(name='10_μM_primer_F', quantity=10, init_content='primer', labware={'id': '', 'name': ''}, unit='μL'), []), 3), ((Object(name='10_μM_primer_R', quantity=10, init_content='primer', labware={'id': '', 'name': ''}, unit='μL'), []), 4), ((Object(name='PCR_MIX', quantity=2000, init_content='PCR MIX', labware={'id': '', 'name': ''}, unit='μL'), []), 5), ((Object(name='96_well_PCR_plate', quantity=1, init_content='', labware={'id': '', 'name': ''}, unit='plate'), []), 6), ((Object(name='template_only_PCR_MIX', quantity=86, init_content='PCR MIX', labware={'id': '', 'name': ''}, unit='μL'), []), 7), ((Object(name='water_for_template_only_PCR_MIX', quantity=4, init_content='water', labware={'id': '', 'name': ''}, unit='μL'), []), 8), ((Object(name='reaction_plate', quantity=5, init_content='', labware={'id': '', 'name': ''}, unit='μL'), []), 12)], [((Object(name='1_sample_DNAs', quantity=300, init_content='sample DNA, primer, PCR MIX mixture', labware={'id': '', 'name': ''}, unit='μL'), []), 1), ((Object(name='water', quantity=300, init_content='water', labware={'id': '', 'name': ''}, unit='μL'), []), 2), ((Object(name='10_μM_primer_F', quantity=10, init_content='primer', labware={'id': '', 'name': ''}, unit='μL'), []), 3), ((Object(name='10_μM_primer_R', quantity=10, init_content='primer', labware={'id': '', 'name': ''}, unit='μL'), []), 4), ((Object(name='PCR_MIX', quantity=2000, init_content='PCR MIX', labware={'id': '', 'name': ''}, unit='μL'), []), 5), ((Object(name='96_well_PCR_plate', quantity=1, init_content='', labware={'id': '', 'name': ''}, unit='plate'), []), 6), ((Object(name='template_only_PCR_MIX', quantity=86, init_content='PCR MIX', labware={'id': '', 'name': ''}, unit='μL'), []), 7), ((Object(name='water_for_template_only_PCR_MIX', quantity=4, init_content='water', labware={'id': '', 'name': ''}, unit='μL'), []), 9), ((Object(name='reaction_plate', quantity=5, init_content='', labware={'id': '', 'name': ''}, unit='μL'), []), 8)], [((Object(name='1_sample_DNAs', quantity=300, init_content='sample DNA, primer, PCR MIX mixture', labware={'id': '', 'name': ''}, unit='μL'), []), 1), ((Object(name='water', quantity=300, init_content='water', labware={'id': '', 'name': ''}, unit='μL'), []), 2), ((Object(name='10_μM_primer_F', quantity=10, init_content='primer', labware={'id': '', 'name': ''}, unit='μL'), []), 3), ((Object(name='10_μM_primer_R', quantity=10, init_content='primer', labware={'id': '', 'name': ''}, unit='μL'), []), 4), ((Object(name='PCR_MIX', quantity=2000, init_content='PCR MIX', labware={'id': '', 'name': ''}, unit='μL'), []), 5), ((Object(name='96_well_PCR_plate', quantity=1, init_content='', labware={'id': '', 'name': ''}, unit='plate'), []), 6), ((Object(name='template_only_PCR_MIX', quantity=86, init_content='PCR MIX', labware={'id': '', 'name': ''}, unit='μL'), []), 7), ((Object(name='water_for_template_only_PCR_MIX', quantity=4, init_content='water', labware={'id': '', 'name': ''}, unit='μL'), []), 9), ((Object(name='reaction_plate', quantity=5, init_content='', labware={'id': '', 'name': ''}, unit='μL'), []), 10)], [((Object(name='1_sample_DNAs', quantity=300, init_content='sample DNA, primer, PCR MIX mixture', labware={'id': '', 'name': ''}, unit='μL'), []), 1), ((Object(name='water', quantity=300, init_content='water', labware={'id': '', 'name': ''}, unit='μL'), []), 2), ((Object(name='10_μM_primer_F', quantity=10, init_content='primer', labware={'id': '', 'name': ''}, unit='μL'), []), 3), ((Object(name='10_μM_primer_R', quantity=10, init_content='primer', labware={'id': '', 'name': ''}, unit='μL'), []), 4), ((Object(name='PCR_MIX', quantity=2000, init_content='PCR MIX', labware={'id': '', 'name': ''}, unit='μL'), []), 5), ((Object(name='96_well_PCR_plate', quantity=1, init_content='', labware={'id': '', 'name': ''}, unit='plate'), []), 6), ((Object(name='template_only_PCR_MIX', quantity=86, init_content='PCR MIX', labware={'id': '', 'name': ''}, unit='μL'), []), 7), ((Object(name='water_for_template_only_PCR_MIX', quantity=4, init_content='water', labware={'id': '', 'name': ''}, unit='μL'), []), 9), ((Object(name='reaction_plate', quantity=5, init_content='', labware={'id': '', 'name': ''}, unit='μL'), []), 11)], [((Object(name='1_sample_DNAs', quantity=300, init_content='sample DNA, primer, PCR MIX mixture', labware={'id': '', 'name': ''}, unit='μL'), []), 1), ((Object(name='water', quantity=300, init_content='water', labware={'id': '', 'name': ''}, unit='μL'), []), 2), ((Object(name='10_μM_primer_F', quantity=10, init_content='primer', labware={'id': '', 'name': ''}, unit='μL'), []), 3), ((Object(name='10_μM_primer_R', quantity=10, init_content='primer', labware={'id': '', 'name': ''}, unit='μL'), []), 4), ((Object(name='PCR_MIX', quantity=2000, init_content='PCR MIX', labware={'id': '', 'name': ''}, unit='μL'), []), 5), ((Object(name='96_well_PCR_plate', quantity=1, init_content='', labware={'id': '', 'name': ''}, unit='plate'), []), 6), ((Object(name='template_only_PCR_MIX', quantity=86, init_content='PCR MIX', labware={'id': '', 'name': ''}, unit='μL'), []), 7), ((Object(name='water_for_template_only_PCR_MIX', quantity=4, init_content='water', labware={'id': '', 'name': ''}, unit='μL'), []), 9), ((Object(name='reaction_plate', quantity=5, init_content='', labware={'id': '', 'name': ''}, unit='μL'), []), 12)], [((Object(name='1_sample_DNAs', quantity=300, init_content='sample DNA, primer, PCR MIX mixture', labware={'id': '', 'name': ''}, unit='μL'), []), 1), ((Object(name='water', quantity=300, init_content='water', labware={'id': '', 'name': ''}, unit='μL'), []), 2), ((Object(name='10_μM_primer_F', quantity=10, init_content='primer', labware={'id': '', 'name': ''}, unit='μL'), []), 3), ((Object(name='10_μM_primer_R', quantity=10, init_content='primer', labware={'id': '', 'name': ''}, unit='μL'), []), 4), ((Object(name='PCR_MIX', quantity=2000, init_content='PCR MIX', labware={'id': '', 'name': ''}, unit='μL'), []), 5), ((Object(name='96_well_PCR_plate', quantity=1, init_content='', labware={'id': '', 'name': ''}, unit='plate'), []), 6), ((Object(name='template_only_PCR_MIX', quantity=86, init_content='PCR MIX', labware={'id': '', 'name': ''}, unit='μL'), []), 7), ((Object(name='water_for_template_only_PCR_MIX', quantity=4, init_content='water', labware={'id': '', 'name': ''}, unit='μL'), []), 10), ((Object(name='reaction_plate', quantity=5, init_content='', labware={'id': '', 'name': ''}, unit='μL'), []), 8)], [((Object(name='1_sample_DNAs', quantity=300, init_content='sample DNA, primer, PCR MIX mixture', labware={'id': '', 'name': ''}, unit='μL'), []), 1), ((Object(name='water', quantity=300, init_content='water', labware={'id': '', 'name': ''}, unit='μL'), []), 2), ((Object(name='10_μM_primer_F', quantity=10, init_content='primer', labware={'id': '', 'name': ''}, unit='μL'), []), 3), ((Object(name='10_μM_primer_R', quantity=10, init_content='primer', labware={'id': '', 'name': ''}, unit='μL'), []), 4), ((Object(name='PCR_MIX', quantity=2000, init_content='PCR MIX', labware={'id': '', 'name': ''}, unit='μL'), []), 5), ((Object(name='96_well_PCR_plate', quantity=1, init_content='', labware={'id': '', 'name': ''}, unit='plate'), []), 6), ((Object(name='template_only_PCR_MIX', quantity=86, init_content='PCR MIX', labware={'id': '', 'name': ''}, unit='μL'), []), 7), ((Object(name='water_for_template_only_PCR_MIX', quantity=4, init_content='water', labware={'id': '', 'name': ''}, unit='μL'), []), 10), ((Object(name='reaction_plate', quantity=5, init_content='', labware={'id': '', 'name': ''}, unit='μL'), []), 9)]]***2025-02-23 02:01:55.972696+00:00***: ************ Check-chan result ***************2025-02-23 02:01:55.973113+00:00***: object_list: [(Object(name='1_sample_DNAs', quantity=300, init_content='sample DNA, primer, PCR MIX mixture', labware={'id': '', 'name': ''}, unit='μL'), []), (Object(name='water', quantity=300, init_content='water', labware={'id': '', 'name': ''}, unit='μL'), []), (Object(name='10_μM_primer_F', quantity=10, init_content='primer', labware={'id': '', 'name': ''}, unit='μL'), []), (Object(name='10_μM_primer_R', quantity=10, init_content='primer', labware={'id': '', 'name': ''}, unit='μL'), []), (Object(name='PCR_MIX', quantity=2000, init_content='PCR MIX', labware={'id': '', 'name': ''}, unit='μL'), []), (Object(name='96_well_PCR_plate', quantity=1, init_content='', labware={'id': '', 'name': ''}, unit='plate'), []), (Object(name='template_only_PCR_MIX', quantity=86, init_content='PCR MIX', labware={'id': '', 'name': ''}, unit='μL'), []), (Object(name='water_for_template_only_PCR_MIX', quantity=4, init_content='water', labware={'id': '', 'name': ''}, unit='μL'), []), (Object(name='reaction_plate', quantity=5, init_content='', labware={'id': '', 'name': ''}, unit='μL'), [])]***2025-02-23 02:01:55.973684+00:00***: haichi: [((Object(name='1_sample_DNAs', quantity=300, init_content='sample DNA, primer, PCR MIX mixture', labware={'id': '', 'name': ''}, unit='μL'), []), 1), ((Object(name='water', quantity=300, init_content='water', labware={'id': '', 'name': ''}, unit='μL'), []), 2), ((Object(name='10_μM_primer_F', quantity=10, init_content='primer', labware={'id': '', 'name': ''}, unit='μL'), []), 3), ((Object(name='10_μM_primer_R', quantity=10, init_content='primer', labware={'id': '', 'name': ''}, unit='μL'), []), 4), ((Object(name='PCR_MIX', quantity=2000, init_content='PCR MIX', labware={'id': '', 'name': ''}, unit='μL'), []), 5), ((Object(name='96_well_PCR_plate', quantity=1, init_content='', labware={'id': '', 'name': ''}, unit='plate'), []), 6), ((Object(name='template_only_PCR_MIX', quantity=86, init_content='PCR MIX', labware={'id': '', 'name': ''}, unit='μL'), []), 7), ((Object(name='water_for_template_only_PCR_MIX', quantity=4, init_content='water', labware={'id': '', 'name': ''}, unit='μL'), []), 8), ((Object(name='reaction_plate', quantity=5, init_content='', labware={'id': '', 'name': ''}, unit='μL'), []), 9)]***2025-02-23 02:01:55.974691+00:00***: object: ((Object(name='1_sample_DNAs', quantity=300, init_content='sample DNA, primer, PCR MIX mixture', labware={'id': '', 'name': ''}, unit='μL'), []), 1)***2025-02-23 02:01:55.975151+00:00***: place: 1***2025-02-23 02:01:55.975673+00:00***: object: ((Object(name='water', quantity=300, init_content='water', labware={'id': '', 'name': ''}, unit='μL'), []), 2)***2025-02-23 02:01:55.976150+00:00***: place: 2***2025-02-23 02:01:55.976676+00:00***: object: ((Object(name='10_μM_primer_F', quantity=10, init_content='primer', labware={'id': '', 'name': ''}, unit='μL'), []), 3)***2025-02-23 02:01:55.977135+00:00***: place: 3***2025-02-23 02:01:55.977969+00:00***: object: ((Object(name='10_μM_primer_R', quantity=10, init_content='primer', labware={'id': '', 'name': ''}, unit='μL'), []), 4)***2025-02-23 02:01:55.978426+00:00***: place: 4***2025-02-23 02:01:55.978999+00:00***: object: ((Object(name='PCR_MIX', quantity=2000, init_content='PCR MIX', labware={'id': '', 'name': ''}, unit='μL'), []), 5)***2025-02-23 02:01:55.979800+00:00***: place: 5***2025-02-23 02:01:55.980388+00:00***: object: ((Object(name='96_well_PCR_plate', quantity=1, init_content='', labware={'id': '', 'name': ''}, unit='plate'), []), 6)***2025-02-23 02:01:55.981299+00:00***: place: 6***2025-02-23 02:01:55.981616+00:00***: object: ((Object(name='template_only_PCR_MIX', quantity=86, init_content='PCR MIX', labware={'id': '', 'name': ''}, unit='μL'), []), 7)***2025-02-23 02:01:55.981974+00:00***: place: 7***2025-02-23 02:01:55.982785+00:00***: object: ((Object(name='water_for_template_only_PCR_MIX', quantity=4, init_content='water', labware={'id': '', 'name': ''}, unit='μL'), []), 8)***2025-02-23 02:01:55.983178+00:00***: place: 8***2025-02-23 02:01:55.983580+00:00***: object: ((Object(name='reaction_plate', quantity=5, init_content='', labware={'id': '', 'name': ''}, unit='μL'), []), 9)***2025-02-23 02:01:55.983956+00:00***: place: 9***2025-02-23 02:01:55.984339+00:00***: ***Station info*** from***2025-02-23 02:01:55.984719+00:00***: ||||
|----|----|----|
|void|void|void|
|template_only_PCR_MIX:template_only_PCR_MIX|water_for_template_only_PCR_MIX:water_for_template_only_PCR_MIX|reaction_plate:reaction_plate|
|10_μM_primer_R:10_μM_primer_R|PCR_MIX:PCR_MIX|96_well_PCR_plate:96_well_PCR_plate|
|1_sample_DNAs:1_sample_DNAs|water:water|10_μM_primer_F:10_μM_primer_F|
***2025-02-23 02:01:55.985272+00:00***: ***Station info*** to***2025-02-23 02:01:55.985757+00:00***: relative_restriction: test_case/relative_restriction_init_content/ng_position1.json***2025-02-23 02:01:55.986420+00:00***: []***2025-02-23 02:01:55.987998+00:00***: ************ Check-chan result ***************2025-02-23 02:01:55.988439+00:00***: object_list: [(Object(name='1_sample_DNAs', quantity=300, init_content='sample DNA, primer, PCR MIX mixture', labware={'id': '', 'name': ''}, unit='μL'), []), (Object(name='water', quantity=300, init_content='water', labware={'id': '', 'name': ''}, unit='μL'), []), (Object(name='10_μM_primer_F', quantity=10, init_content='primer', labware={'id': '', 'name': ''}, unit='μL'), []), (Object(name='10_μM_primer_R', quantity=10, init_content='primer', labware={'id': '', 'name': ''}, unit='μL'), []), (Object(name='PCR_MIX', quantity=2000, init_content='PCR MIX', labware={'id': '', 'name': ''}, unit='μL'), []), (Object(name='96_well_PCR_plate', quantity=1, init_content='', labware={'id': '', 'name': ''}, unit='plate'), []), (Object(name='template_only_PCR_MIX', quantity=86, init_content='PCR MIX', labware={'id': '', 'name': ''}, unit='μL'), []), (Object(name='water_for_template_only_PCR_MIX', quantity=4, init_content='water', labware={'id': '', 'name': ''}, unit='μL'), []), (Object(name='reaction_plate', quantity=5, init_content='', labware={'id': '', 'name': ''}, unit='μL'), [])]***2025-02-23 02:01:55.988900+00:00***: haichi: [((Object(name='1_sample_DNAs', quantity=300, init_content='sample DNA, primer, PCR MIX mixture', labware={'id': '', 'name': ''}, unit='μL'), []), 1), ((Object(name='water', quantity=300, init_content='water', labware={'id': '', 'name': ''}, unit='μL'), []), 2), ((Object(name='10_μM_primer_F', quantity=10, init_content='primer', labware={'id': '', 'name': ''}, unit='μL'), []), 3), ((Object(name='10_μM_primer_R', quantity=10, init_content='primer', labware={'id': '', 'name': ''}, unit='μL'), []), 4), ((Object(name='PCR_MIX', quantity=2000, init_content='PCR MIX', labware={'id': '', 'name': ''}, unit='μL'), []), 5), ((Object(name='96_well_PCR_plate', quantity=1, init_content='', labware={'id': '', 'name': ''}, unit='plate'), []), 6), ((Object(name='template_only_PCR_MIX', quantity=86, init_content='PCR MIX', labware={'id': '', 'name': ''}, unit='μL'), []), 7), ((Object(name='water_for_template_only_PCR_MIX', quantity=4, init_content='water', labware={'id': '', 'name': ''}, unit='μL'), []), 8), ((Object(name='reaction_plate', quantity=5, init_content='', labware={'id': '', 'name': ''}, unit='μL'), []), 10)]***2025-02-23 02:01:55.989339+00:00***: object: ((Object(name='1_sample_DNAs', quantity=300, init_content='sample DNA, primer, PCR MIX mixture', labware={'id': '', 'name': ''}, unit='μL'), []), 1)***2025-02-23 02:01:55.990027+00:00***: place: 1***2025-02-23 02:01:55.990516+00:00***: object: ((Object(name='water', quantity=300, init_content='water', labware={'id': '', 'name': ''}, unit='μL'), []), 2)***2025-02-23 02:01:55.990984+00:00***: place: 2***2025-02-23 02:01:55.991479+00:00***: object: ((Object(name='10_μM_primer_F', quantity=10, init_content='primer', labware={'id': '', 'name': ''}, unit='μL'), []), 3)***2025-02-23 02:01:55.991932+00:00***: place: 3***2025-02-23 02:01:55.992377+00:00***: object: ((Object(name='10_μM_primer_R', quantity=10, init_content='primer', labware={'id': '', 'name': ''}, unit='μL'), []), 4)***2025-02-23 02:01:55.992876+00:00***: place: 4***2025-02-23 02:01:55.993242+00:00***: object: ((Object(name='PCR_MIX', quantity=2000, init_content='PCR MIX', labware={'id': '', 'name': ''}, unit='μL'), []), 5)***2025-02-23 02:01:55.993603+00:00***: place: 5***2025-02-23 02:01:55.993976+00:00***: object: ((Object(name='96_well_PCR_plate', quantity=1, init_content='', labware={'id': '', 'name': ''}, unit='plate'), []), 6)***2025-02-23 02:01:55.994429+00:00***: place: 6***2025-02-23 02:01:55.994856+00:00***: object: ((Object(name='template_only_PCR_MIX', quantity=86, init_content='PCR MIX', labware={'id': '', 'name': ''}, unit='μL'), []), 7)***2025-02-23 02:01:55.995363+00:00***: place: 7***2025-02-23 02:01:55.995846+00:00***: object: ((Object(name='water_for_template_only_PCR_MIX', quantity=4, init_content='water', labware={'id': '', 'name': ''}, unit='μL'), []), 8)***2025-02-23 02:01:55.996681+00:00***: place: 8***2025-02-23 02:01:55.997246+00:00***: object: ((Object(name='reaction_plate', quantity=5, init_content='', labware={'id': '', 'name': ''}, unit='μL'), []), 10)***2025-02-23 02:01:55.997628+00:00***: place: 10***2025-02-23 02:01:55.998042+00:00***: ***Station info*** from***2025-02-23 02:01:55.998470+00:00***: ||||
|----|----|----|
|reaction_plate:reaction_plate|void|void|
|template_only_PCR_MIX:template_only_PCR_MIX|water_for_template_only_PCR_MIX:water_for_template_only_PCR_MIX|void|
|10_μM_primer_R:10_μM_primer_R|PCR_MIX:PCR_MIX|96_well_PCR_plate:96_well_PCR_plate|
|1_sample_DNAs:1_sample_DNAs|water:water|10_μM_primer_F:10_μM_primer_F|
***2025-02-23 02:01:56.000319+00:00***: ***Station info*** to***2025-02-23 02:01:56.000743+00:00***: relative_restriction: test_case/relative_restriction_init_content/ng_position1.json***2025-02-23 02:01:56.001297+00:00***: []***2025-02-23 02:01:56.002284+00:00***: ************ Check-chan result ***************2025-02-23 02:01:56.002798+00:00***: object_list: [(Object(name='1_sample_DNAs', quantity=300, init_content='sample DNA, primer, PCR MIX mixture', labware={'id': '', 'name': ''}, unit='μL'), []), (Object(name='water', quantity=300, init_content='water', labware={'id': '', 'name': ''}, unit='μL'), []), (Object(name='10_μM_primer_F', quantity=10, init_content='primer', labware={'id': '', 'name': ''}, unit='μL'), []), (Object(name='10_μM_primer_R', quantity=10, init_content='primer', labware={'id': '', 'name': ''}, unit='μL'), []), (Object(name='PCR_MIX', quantity=2000, init_content='PCR MIX', labware={'id': '', 'name': ''}, unit='μL'), []), (Object(name='96_well_PCR_plate', quantity=1, init_content='', labware={'id': '', 'name': ''}, unit='plate'), []), (Object(name='template_only_PCR_MIX', quantity=86, init_content='PCR MIX', labware={'id': '', 'name': ''}, unit='μL'), []), (Object(name='water_for_template_only_PCR_MIX', quantity=4, init_content='water', labware={'id': '', 'name': ''}, unit='μL'), []), (Object(name='reaction_plate', quantity=5, init_content='', labware={'id': '', 'name': ''}, unit='μL'), [])]***2025-02-23 02:01:56.003852+00:00***: haichi: [((Object(name='1_sample_DNAs', quantity=300, init_content='sample DNA, primer, PCR MIX mixture', labware={'id': '', 'name': ''}, unit='μL'), []), 1), ((Object(name='water', quantity=300, init_content='water', labware={'id': '', 'name': ''}, unit='μL'), []), 2), ((Object(name='10_μM_primer_F', quantity=10, init_content='primer', labware={'id': '', 'name': ''}, unit='μL'), []), 3), ((Object(name='10_μM_primer_R', quantity=10, init_content='primer', labware={'id': '', 'name': ''}, unit='μL'), []), 4), ((Object(name='PCR_MIX', quantity=2000, init_content='PCR MIX', labware={'id': '', 'name': ''}, unit='μL'), []), 5), ((Object(name='96_well_PCR_plate', quantity=1, init_content='', labware={'id': '', 'name': ''}, unit='plate'), []), 6), ((Object(name='template_only_PCR_MIX', quantity=86, init_content='PCR MIX', labware={'id': '', 'name': ''}, unit='μL'), []), 7), ((Object(name='water_for_template_only_PCR_MIX', quantity=4, init_content='water', labware={'id': '', 'name': ''}, unit='μL'), []), 8), ((Object(name='reaction_plate', quantity=5, init_content='', labware={'id': '', 'name': ''}, unit='μL'), []), 11)]***2025-02-23 02:01:56.004409+00:00***: object: ((Object(name='1_sample_DNAs', quantity=300, init_content='sample DNA, primer, PCR MIX mixture', labware={'id': '', 'name': ''}, unit='μL'), []), 1)***2025-02-23 02:01:56.004793+00:00***: place: 1***2025-02-23 02:01:56.005166+00:00***: object: ((Object(name='water', quantity=300, init_content='water', labware={'id': '', 'name': ''}, unit='μL'), []), 2)***2025-02-23 02:01:56.005627+00:00***: place: 2***2025-02-23 02:01:56.006210+00:00***: object: ((Object(name='10_μM_primer_F', quantity=10, init_content='primer', labware={'id': '', 'name': ''}, unit='μL'), []), 3)***2025-02-23 02:01:56.006610+00:00***: place: 3***2025-02-23 02:01:56.006980+00:00***: object: ((Object(name='10_μM_primer_R', quantity=10, init_content='primer', labware={'id': '', 'name': ''}, unit='μL'), []), 4)***2025-02-23 02:01:56.007315+00:00***: place: 4***2025-02-23 02:01:56.007682+00:00***: object: ((Object(name='PCR_MIX', quantity=2000, init_content='PCR MIX', labware={'id': '', 'name': ''}, unit='μL'), []), 5)***2025-02-23 02:01:56.008037+00:00***: place: 5***2025-02-23 02:01:56.008384+00:00***: object: ((Object(name='96_well_PCR_plate', quantity=1, init_content='', labware={'id': '', 'name': ''}, unit='plate'), []), 6)***2025-02-23 02:01:56.008715+00:00***: place: 6***2025-02-23 02:01:56.009062+00:00***: object: ((Object(name='template_only_PCR_MIX', quantity=86, init_content='PCR MIX', labware={'id': '', 'name': ''}, unit='μL'), []), 7)***2025-02-23 02:01:56.009404+00:00***: place: 7***2025-02-23 02:01:56.009923+00:00***: object: ((Object(name='water_for_template_only_PCR_MIX', quantity=4, init_content='water', labware={'id': '', 'name': ''}, unit='μL'), []), 8)***2025-02-23 02:01:56.010260+00:00***: place: 8***2025-02-23 02:01:56.010618+00:00***: object: ((Object(name='reaction_plate', quantity=5, init_content='', labware={'id': '', 'name': ''}, unit='μL'), []), 11)***2025-02-23 02:01:56.011169+00:00***: place: 11***2025-02-23 02:01:56.011583+00:00***: ***Station info*** from***2025-02-23 02:01:56.012088+00:00***: ||||
|----|----|----|
|void|reaction_plate:reaction_plate|void|
|template_only_PCR_MIX:template_only_PCR_MIX|water_for_template_only_PCR_MIX:water_for_template_only_PCR_MIX|void|
|10_μM_primer_R:10_μM_primer_R|PCR_MIX:PCR_MIX|96_well_PCR_plate:96_well_PCR_plate|
|1_sample_DNAs:1_sample_DNAs|water:water|10_μM_primer_F:10_μM_primer_F|
***2025-02-23 02:01:56.012644+00:00***: ***Station info*** to***2025-02-23 02:01:56.013131+00:00***: relative_restriction: test_case/relative_restriction_init_content/ng_position1.json***2025-02-23 02:01:56.014579+00:00***: []***2025-02-23 02:01:56.015606+00:00***: ************ Check-chan result ***************2025-02-23 02:01:56.016174+00:00***: object_list: [(Object(name='1_sample_DNAs', quantity=300, init_content='sample DNA, primer, PCR MIX mixture', labware={'id': '', 'name': ''}, unit='μL'), []), (Object(name='water', quantity=300, init_content='water', labware={'id': '', 'name': ''}, unit='μL'), []), (Object(name='10_μM_primer_F', quantity=10, init_content='primer', labware={'id': '', 'name': ''}, unit='μL'), []), (Object(name='10_μM_primer_R', quantity=10, init_content='primer', labware={'id': '', 'name': ''}, unit='μL'), []), (Object(name='PCR_MIX', quantity=2000, init_content='PCR MIX', labware={'id': '', 'name': ''}, unit='μL'), []), (Object(name='96_well_PCR_plate', quantity=1, init_content='', labware={'id': '', 'name': ''}, unit='plate'), []), (Object(name='template_only_PCR_MIX', quantity=86, init_content='PCR MIX', labware={'id': '', 'name': ''}, unit='μL'), []), (Object(name='water_for_template_only_PCR_MIX', quantity=4, init_content='water', labware={'id': '', 'name': ''}, unit='μL'), []), (Object(name='reaction_plate', quantity=5, init_content='', labware={'id': '', 'name': ''}, unit='μL'), [])]***2025-02-23 02:01:56.016754+00:00***: haichi: [((Object(name='1_sample_DNAs', quantity=300, init_content='sample DNA, primer, PCR MIX mixture', labware={'id': '', 'name': ''}, unit='μL'), []), 1), ((Object(name='water', quantity=300, init_content='water', labware={'id': '', 'name': ''}, unit='μL'), []), 2), ((Object(name='10_μM_primer_F', quantity=10, init_content='primer', labware={'id': '', 'name': ''}, unit='μL'), []), 3), ((Object(name='10_μM_primer_R', quantity=10, init_content='primer', labware={'id': '', 'name': ''}, unit='μL'), []), 4), ((Object(name='PCR_MIX', quantity=2000, init_content='PCR MIX', labware={'id': '', 'name': ''}, unit='μL'), []), 5), ((Object(name='96_well_PCR_plate', quantity=1, init_content='', labware={'id': '', 'name': ''}, unit='plate'), []), 6), ((Object(name='template_only_PCR_MIX', quantity=86, init_content='PCR MIX', labware={'id': '', 'name': ''}, unit='μL'), []), 7), ((Object(name='water_for_template_only_PCR_MIX', quantity=4, init_content='water', labware={'id': '', 'name': ''}, unit='μL'), []), 8), ((Object(name='reaction_plate', quantity=5, init_content='', labware={'id': '', 'name': ''}, unit='μL'), []), 12)]***2025-02-23 02:01:56.017207+00:00***: object: ((Object(name='1_sample_DNAs', quantity=300, init_content='sample DNA, primer, PCR MIX mixture', labware={'id': '', 'name': ''}, unit='μL'), []), 1)***2025-02-23 02:01:56.017522+00:00***: place: 1***2025-02-23 02:01:56.017906+00:00***: object: ((Object(name='water', quantity=300, init_content='water', labware={'id': '', 'name': ''}, unit='μL'), []), 2)***2025-02-23 02:01:56.018264+00:00***: place: 2***2025-02-23 02:01:56.018638+00:00***: object: ((Object(name='10_μM_primer_F', quantity=10, init_content='primer', labware={'id': '', 'name': ''}, unit='μL'), []), 3)***2025-02-23 02:01:56.019008+00:00***: place: 3***2025-02-23 02:01:56.019550+00:00***: object: ((Object(name='10_μM_primer_R', quantity=10, init_content='primer', labware={'id': '', 'name': ''}, unit='μL'), []), 4)***2025-02-23 02:01:56.019965+00:00***: place: 4***2025-02-23 02:01:56.020355+00:00***: object: ((Object(name='PCR_MIX', quantity=2000, init_content='PCR MIX', labware={'id': '', 'name': ''}, unit='μL'), []), 5)***2025-02-23 02:01:56.020704+00:00***: place: 5***2025-02-23 02:01:56.021352+00:00***: object: ((Object(name='96_well_PCR_plate', quantity=1, init_content='', labware={'id': '', 'name': ''}, unit='plate'), []), 6)***2025-02-23 02:01:56.021732+00:00***: place: 6***2025-02-23 02:01:56.022094+00:00***: object: ((Object(name='template_only_PCR_MIX', quantity=86, init_content='PCR MIX', labware={'id': '', 'name': ''}, unit='μL'), []), 7)***2025-02-23 02:01:56.022453+00:00***: place: 7***2025-02-23 02:01:56.022819+00:00***: object: ((Object(name='water_for_template_only_PCR_MIX', quantity=4, init_content='water', labware={'id': '', 'name': ''}, unit='μL'), []), 8)***2025-02-23 02:01:56.023211+00:00***: place: 8***2025-02-23 02:01:56.024501+00:00***: object: ((Object(name='reaction_plate', quantity=5, init_content='', labware={'id': '', 'name': ''}, unit='μL'), []), 12)***2025-02-23 02:01:56.024867+00:00***: place: 12***2025-02-23 02:01:56.025318+00:00***: ***Station info*** from***2025-02-23 02:01:56.025678+00:00***: ||||
|----|----|----|
|void|void|reaction_plate:reaction_plate|
|template_only_PCR_MIX:template_only_PCR_MIX|water_for_template_only_PCR_MIX:water_for_template_only_PCR_MIX|void|
|10_μM_primer_R:10_μM_primer_R|PCR_MIX:PCR_MIX|96_well_PCR_plate:96_well_PCR_plate|
|1_sample_DNAs:1_sample_DNAs|water:water|10_μM_primer_F:10_μM_primer_F|
***2025-02-23 02:01:56.026040+00:00***: ***Station info*** to***2025-02-23 02:01:56.026397+00:00***: relative_restriction: test_case/relative_restriction_init_content/ng_position1.json***2025-02-23 02:01:56.026893+00:00***: []***2025-02-23 02:01:56.027896+00:00***: ************ Check-chan result ***************2025-02-23 02:01:56.028239+00:00***: object_list: [(Object(name='1_sample_DNAs', quantity=300, init_content='sample DNA, primer, PCR MIX mixture', labware={'id': '', 'name': ''}, unit='μL'), []), (Object(name='water', quantity=300, init_content='water', labware={'id': '', 'name': ''}, unit='μL'), []), (Object(name='10_μM_primer_F', quantity=10, init_content='primer', labware={'id': '', 'name': ''}, unit='μL'), []), (Object(name='10_μM_primer_R', quantity=10, init_content='primer', labware={'id': '', 'name': ''}, unit='μL'), []), (Object(name='PCR_MIX', quantity=2000, init_content='PCR MIX', labware={'id': '', 'name': ''}, unit='μL'), []), (Object(name='96_well_PCR_plate', quantity=1, init_content='', labware={'id': '', 'name': ''}, unit='plate'), []), (Object(name='template_only_PCR_MIX', quantity=86, init_content='PCR MIX', labware={'id': '', 'name': ''}, unit='μL'), []), (Object(name='water_for_template_only_PCR_MIX', quantity=4, init_content='water', labware={'id': '', 'name': ''}, unit='μL'), []), (Object(name='reaction_plate', quantity=5, init_content='', labware={'id': '', 'name': ''}, unit='μL'), [])]***2025-02-23 02:01:56.028699+00:00***: haichi: [((Object(name='1_sample_DNAs', quantity=300, init_content='sample DNA, primer, PCR MIX mixture', labware={'id': '', 'name': ''}, unit='μL'), []), 1), ((Object(name='water', quantity=300, init_content='water', labware={'id': '', 'name': ''}, unit='μL'), []), 2), ((Object(name='10_μM_primer_F', quantity=10, init_content='primer', labware={'id': '', 'name': ''}, unit='μL'), []), 3), ((Object(name='10_μM_primer_R', quantity=10, init_content='primer', labware={'id': '', 'name': ''}, unit='μL'), []), 4), ((Object(name='PCR_MIX', quantity=2000, init_content='PCR MIX', labware={'id': '', 'name': ''}, unit='μL'), []), 5), ((Object(name='96_well_PCR_plate', quantity=1, init_content='', labware={'id': '', 'name': ''}, unit='plate'), []), 6), ((Object(name='template_only_PCR_MIX', quantity=86, init_content='PCR MIX', labware={'id': '', 'name': ''}, unit='μL'), []), 7), ((Object(name='water_for_template_only_PCR_MIX', quantity=4, init_content='water', labware={'id': '', 'name': ''}, unit='μL'), []), 9), ((Object(name='reaction_plate', quantity=5, init_content='', labware={'id': '', 'name': ''}, unit='μL'), []), 8)]***2025-02-23 02:01:56.029286+00:00***: object: ((Object(name='1_sample_DNAs', quantity=300, init_content='sample DNA, primer, PCR MIX mixture', labware={'id': '', 'name': ''}, unit='μL'), []), 1)***2025-02-23 02:01:56.029715+00:00***: place: 1***2025-02-23 02:01:56.030122+00:00***: object: ((Object(name='water', quantity=300, init_content='water', labware={'id': '', 'name': ''}, unit='μL'), []), 2)***2025-02-23 02:01:56.030504+00:00***: place: 2***2025-02-23 02:01:56.030917+00:00***: object: ((Object(name='10_μM_primer_F', quantity=10, init_content='primer', labware={'id': '', 'name': ''}, unit='μL'), []), 3)***2025-02-23 02:01:56.031269+00:00***: place: 3***2025-02-23 02:01:56.031623+00:00***: object: ((Object(name='10_μM_primer_R', quantity=10, init_content='primer', labware={'id': '', 'name': ''}, unit='μL'), []), 4)***2025-02-23 02:01:56.031925+00:00***: place: 4***2025-02-23 02:01:56.032220+00:00***: object: ((Object(name='PCR_MIX', quantity=2000, init_content='PCR MIX', labware={'id': '', 'name': ''}, unit='μL'), []), 5)***2025-02-23 02:01:56.032497+00:00***: place: 5***2025-02-23 02:01:56.032789+00:00***: object: ((Object(name='96_well_PCR_plate', quantity=1, init_content='', labware={'id': '', 'name': ''}, unit='plate'), []), 6)***2025-02-23 02:01:56.033077+00:00***: place: 6***2025-02-23 02:01:56.033368+00:00***: object: ((Object(name='template_only_PCR_MIX', quantity=86, init_content='PCR MIX', labware={'id': '', 'name': ''}, unit='μL'), []), 7)***2025-02-23 02:01:56.033704+00:00***: place: 7***2025-02-23 02:01:56.034037+00:00***: object: ((Object(name='water_for_template_only_PCR_MIX', quantity=4, init_content='water', labware={'id': '', 'name': ''}, unit='μL'), []), 9)***2025-02-23 02:01:56.034377+00:00***: place: 9***2025-02-23 02:01:56.034697+00:00***: object: ((Object(name='reaction_plate', quantity=5, init_content='', labware={'id': '', 'name': ''}, unit='μL'), []), 8)***2025-02-23 02:01:56.035002+00:00***: place: 8***2025-02-23 02:01:56.035325+00:00***: ***Station info*** from***2025-02-23 02:01:56.035708+00:00***: ||||
|----|----|----|
|void|void|void|
|template_only_PCR_MIX:template_only_PCR_MIX|reaction_plate:reaction_plate|water_for_template_only_PCR_MIX:water_for_template_only_PCR_MIX|
|10_μM_primer_R:10_μM_primer_R|PCR_MIX:PCR_MIX|96_well_PCR_plate:96_well_PCR_plate|
|1_sample_DNAs:1_sample_DNAs|water:water|10_μM_primer_F:10_μM_primer_F|
***2025-02-23 02:01:56.036079+00:00***: ***Station info*** to***2025-02-23 02:01:56.036838+00:00***: relative_restriction: test_case/relative_restriction_init_content/ng_position1.json***2025-02-23 02:01:56.037992+00:00***: []***2025-02-23 02:01:56.038902+00:00***: ************ Check-chan result ***************2025-02-23 02:01:56.039301+00:00***: object_list: [(Object(name='1_sample_DNAs', quantity=300, init_content='sample DNA, primer, PCR MIX mixture', labware={'id': '', 'name': ''}, unit='μL'), []), (Object(name='water', quantity=300, init_content='water', labware={'id': '', 'name': ''}, unit='μL'), []), (Object(name='10_μM_primer_F', quantity=10, init_content='primer', labware={'id': '', 'name': ''}, unit='μL'), []), (Object(name='10_μM_primer_R', quantity=10, init_content='primer', labware={'id': '', 'name': ''}, unit='μL'), []), (Object(name='PCR_MIX', quantity=2000, init_content='PCR MIX', labware={'id': '', 'name': ''}, unit='μL'), []), (Object(name='96_well_PCR_plate', quantity=1, init_content='', labware={'id': '', 'name': ''}, unit='plate'), []), (Object(name='template_only_PCR_MIX', quantity=86, init_content='PCR MIX', labware={'id': '', 'name': ''}, unit='μL'), []), (Object(name='water_for_template_only_PCR_MIX', quantity=4, init_content='water', labware={'id': '', 'name': ''}, unit='μL'), []), (Object(name='reaction_plate', quantity=5, init_content='', labware={'id': '', 'name': ''}, unit='μL'), [])]***2025-02-23 02:01:56.039915+00:00***: haichi: [((Object(name='1_sample_DNAs', quantity=300, init_content='sample DNA, primer, PCR MIX mixture', labware={'id': '', 'name': ''}, unit='μL'), []), 1), ((Object(name='water', quantity=300, init_content='water', labware={'id': '', 'name': ''}, unit='μL'), []), 2), ((Object(name='10_μM_primer_F', quantity=10, init_content='primer', labware={'id': '', 'name': ''}, unit='μL'), []), 3), ((Object(name='10_μM_primer_R', quantity=10, init_content='primer', labware={'id': '', 'name': ''}, unit='μL'), []), 4), ((Object(name='PCR_MIX', quantity=2000, init_content='PCR MIX', labware={'id': '', 'name': ''}, unit='μL'), []), 5), ((Object(name='96_well_PCR_plate', quantity=1, init_content='', labware={'id': '', 'name': ''}, unit='plate'), []), 6), ((Object(name='template_only_PCR_MIX', quantity=86, init_content='PCR MIX', labware={'id': '', 'name': ''}, unit='μL'), []), 7), ((Object(name='water_for_template_only_PCR_MIX', quantity=4, init_content='water', labware={'id': '', 'name': ''}, unit='μL'), []), 9), ((Object(name='reaction_plate', quantity=5, init_content='', labware={'id': '', 'name': ''}, unit='μL'), []), 10)]***2025-02-23 02:01:56.040225+00:00***: object: ((Object(name='1_sample_DNAs', quantity=300, init_content='sample DNA, primer, PCR MIX mixture', labware={'id': '', 'name': ''}, unit='μL'), []), 1)***2025-02-23 02:01:56.040489+00:00***: place: 1***2025-02-23 02:01:56.040768+00:00***: object: ((Object(name='water', quantity=300, init_content='water', labware={'id': '', 'name': ''}, unit='μL'), []), 2)***2025-02-23 02:01:56.041029+00:00***: place: 2***2025-02-23 02:01:56.041329+00:00***: object: ((Object(name='10_μM_primer_F', quantity=10, init_content='primer', labware={'id': '', 'name': ''}, unit='μL'), []), 3)***2025-02-23 02:01:56.041684+00:00***: place: 3***2025-02-23 02:01:56.041934+00:00***: object: ((Object(name='10_μM_primer_R', quantity=10, init_content='primer', labware={'id': '', 'name': ''}, unit='μL'), []), 4)***2025-02-23 02:01:56.042145+00:00***: place: 4***2025-02-23 02:01:56.042354+00:00***: object: ((Object(name='PCR_MIX', quantity=2000, init_content='PCR MIX', labware={'id': '', 'name': ''}, unit='μL'), []), 5)***2025-02-23 02:01:56.042564+00:00***: place: 5***2025-02-23 02:01:56.042776+00:00***: object: ((Object(name='96_well_PCR_plate', quantity=1, init_content='', labware={'id': '', 'name': ''}, unit='plate'), []), 6)***2025-02-23 02:01:56.042966+00:00***: place: 6***2025-02-23 02:01:56.043157+00:00***: object: ((Object(name='template_only_PCR_MIX', quantity=86, init_content='PCR MIX', labware={'id': '', 'name': ''}, unit='μL'), []), 7)***2025-02-23 02:01:56.043340+00:00***: place: 7***2025-02-23 02:01:56.043568+00:00***: object: ((Object(name='water_for_template_only_PCR_MIX', quantity=4, init_content='water', labware={'id': '', 'name': ''}, unit='μL'), []), 9)***2025-02-23 02:01:56.043811+00:00***: place: 9***2025-02-23 02:01:56.044006+00:00***: object: ((Object(name='reaction_plate', quantity=5, init_content='', labware={'id': '', 'name': ''}, unit='μL'), []), 10)***2025-02-23 02:01:56.044178+00:00***: place: 10***2025-02-23 02:01:56.044362+00:00***: ***Station info*** from***2025-02-23 02:01:56.044550+00:00***: ||||
|----|----|----|
|reaction_plate:reaction_plate|void|void|
|template_only_PCR_MIX:template_only_PCR_MIX|void|water_for_template_only_PCR_MIX:water_for_template_only_PCR_MIX|
|10_μM_primer_R:10_μM_primer_R|PCR_MIX:PCR_MIX|96_well_PCR_plate:96_well_PCR_plate|
|1_sample_DNAs:1_sample_DNAs|water:water|10_μM_primer_F:10_μM_primer_F|
***2025-02-23 02:01:56.044954+00:00***: ***Station info*** to***2025-02-23 02:01:56.045208+00:00***: relative_restriction: test_case/relative_restriction_init_content/ng_position1.json***2025-02-23 02:01:56.045584+00:00***: []***2025-02-23 02:01:56.046961+00:00***: ************ Check-chan result ***************2025-02-23 02:01:56.047468+00:00***: object_list: [(Object(name='1_sample_DNAs', quantity=300, init_content='sample DNA, primer, PCR MIX mixture', labware={'id': '', 'name': ''}, unit='μL'), []), (Object(name='water', quantity=300, init_content='water', labware={'id': '', 'name': ''}, unit='μL'), []), (Object(name='10_μM_primer_F', quantity=10, init_content='primer', labware={'id': '', 'name': ''}, unit='μL'), []), (Object(name='10_μM_primer_R', quantity=10, init_content='primer', labware={'id': '', 'name': ''}, unit='μL'), []), (Object(name='PCR_MIX', quantity=2000, init_content='PCR MIX', labware={'id': '', 'name': ''}, unit='μL'), []), (Object(name='96_well_PCR_plate', quantity=1, init_content='', labware={'id': '', 'name': ''}, unit='plate'), []), (Object(name='template_only_PCR_MIX', quantity=86, init_content='PCR MIX', labware={'id': '', 'name': ''}, unit='μL'), []), (Object(name='water_for_template_only_PCR_MIX', quantity=4, init_content='water', labware={'id': '', 'name': ''}, unit='μL'), []), (Object(name='reaction_plate', quantity=5, init_content='', labware={'id': '', 'name': ''}, unit='μL'), [])]***2025-02-23 02:01:56.047894+00:00***: haichi: [((Object(name='1_sample_DNAs', quantity=300, init_content='sample DNA, primer, PCR MIX mixture', labware={'id': '', 'name': ''}, unit='μL'), []), 1), ((Object(name='water', quantity=300, init_content='water', labware={'id': '', 'name': ''}, unit='μL'), []), 2), ((Object(name='10_μM_primer_F', quantity=10, init_content='primer', labware={'id': '', 'name': ''}, unit='μL'), []), 3), ((Object(name='10_μM_primer_R', quantity=10, init_content='primer', labware={'id': '', 'name': ''}, unit='μL'), []), 4), ((Object(name='PCR_MIX', quantity=2000, init_content='PCR MIX', labware={'id': '', 'name': ''}, unit='μL'), []), 5), ((Object(name='96_well_PCR_plate', quantity=1, init_content='', labware={'id': '', 'name': ''}, unit='plate'), []), 6), ((Object(name='template_only_PCR_MIX', quantity=86, init_content='PCR MIX', labware={'id': '', 'name': ''}, unit='μL'), []), 7), ((Object(name='water_for_template_only_PCR_MIX', quantity=4, init_content='water', labware={'id': '', 'name': ''}, unit='μL'), []), 9), ((Object(name='reaction_plate', quantity=5, init_content='', labware={'id': '', 'name': ''}, unit='μL'), []), 11)]***2025-02-23 02:01:56.048171+00:00***: object: ((Object(name='1_sample_DNAs', quantity=300, init_content='sample DNA, primer, PCR MIX mixture', labware={'id': '', 'name': ''}, unit='μL'), []), 1)***2025-02-23 02:01:56.048389+00:00***: place: 1***2025-02-23 02:01:56.048618+00:00***: object: ((Object(name='water', quantity=300, init_content='water', labware={'id': '', 'name': ''}, unit='μL'), []), 2)***2025-02-23 02:01:56.048878+00:00***: place: 2***2025-02-23 02:01:56.049134+00:00***: object: ((Object(name='10_μM_primer_F', quantity=10, init_content='primer', labware={'id': '', 'name': ''}, unit='μL'), []), 3)***2025-02-23 02:01:56.049327+00:00***: place: 3***2025-02-23 02:01:56.049613+00:00***: object: ((Object(name='10_μM_primer_R', quantity=10, init_content='primer', labware={'id': '', 'name': ''}, unit='μL'), []), 4)***2025-02-23 02:01:56.049799+00:00***: place: 4***2025-02-23 02:01:56.049987+00:00***: object: ((Object(name='PCR_MIX', quantity=2000, init_content='PCR MIX', labware={'id': '', 'name': ''}, unit='μL'), []), 5)***2025-02-23 02:01:56.050188+00:00***: place: 5***2025-02-23 02:01:56.050408+00:00***: object: ((Object(name='96_well_PCR_plate', quantity=1, init_content='', labware={'id': '', 'name': ''}, unit='plate'), []), 6)***2025-02-23 02:01:56.050597+00:00***: place: 6***2025-02-23 02:01:56.050778+00:00***: object: ((Object(name='template_only_PCR_MIX', quantity=86, init_content='PCR MIX', labware={'id': '', 'name': ''}, unit='μL'), []), 7)***2025-02-23 02:01:56.050951+00:00***: place: 7***2025-02-23 02:01:56.051132+00:00***: object: ((Object(name='water_for_template_only_PCR_MIX', quantity=4, init_content='water', labware={'id': '', 'name': ''}, unit='μL'), []), 9)***2025-02-23 02:01:56.051291+00:00***: place: 9***2025-02-23 02:01:56.051451+00:00***: object: ((Object(name='reaction_plate', quantity=5, init_content='', labware={'id': '', 'name': ''}, unit='μL'), []), 11)***2025-02-23 02:01:56.051594+00:00***: place: 11***2025-02-23 02:01:56.051745+00:00***: ***Station info*** from***2025-02-23 02:01:56.051921+00:00***: ||||
|----|----|----|
|void|reaction_plate:reaction_plate|void|
|template_only_PCR_MIX:template_only_PCR_MIX|void|water_for_template_only_PCR_MIX:water_for_template_only_PCR_MIX|
|10_μM_primer_R:10_μM_primer_R|PCR_MIX:PCR_MIX|96_well_PCR_plate:96_well_PCR_plate|
|1_sample_DNAs:1_sample_DNAs|water:water|10_μM_primer_F:10_μM_primer_F|
***2025-02-23 02:01:56.052166+00:00***: ***Station info*** to***2025-02-23 02:01:56.052439+00:00***: relative_restriction: test_case/relative_restriction_init_content/ng_position1.json***2025-02-23 02:01:56.052775+00:00***: []***2025-02-23 02:01:56.053392+00:00***: ************ Check-chan result ***************2025-02-23 02:01:56.053592+00:00***: object_list: [(Object(name='1_sample_DNAs', quantity=300, init_content='sample DNA, primer, PCR MIX mixture', labware={'id': '', 'name': ''}, unit='μL'), []), (Object(name='water', quantity=300, init_content='water', labware={'id': '', 'name': ''}, unit='μL'), []), (Object(name='10_μM_primer_F', quantity=10, init_content='primer', labware={'id': '', 'name': ''}, unit='μL'), []), (Object(name='10_μM_primer_R', quantity=10, init_content='primer', labware={'id': '', 'name': ''}, unit='μL'), []), (Object(name='PCR_MIX', quantity=2000, init_content='PCR MIX', labware={'id': '', 'name': ''}, unit='μL'), []), (Object(name='96_well_PCR_plate', quantity=1, init_content='', labware={'id': '', 'name': ''}, unit='plate'), []), (Object(name='template_only_PCR_MIX', quantity=86, init_content='PCR MIX', labware={'id': '', 'name': ''}, unit='μL'), []), (Object(name='water_for_template_only_PCR_MIX', quantity=4, init_content='water', labware={'id': '', 'name': ''}, unit='μL'), []), (Object(name='reaction_plate', quantity=5, init_content='', labware={'id': '', 'name': ''}, unit='μL'), [])]***2025-02-23 02:01:56.053795+00:00***: haichi: [((Object(name='1_sample_DNAs', quantity=300, init_content='sample DNA, primer, PCR MIX mixture', labware={'id': '', 'name': ''}, unit='μL'), []), 1), ((Object(name='water', quantity=300, init_content='water', labware={'id': '', 'name': ''}, unit='μL'), []), 2), ((Object(name='10_μM_primer_F', quantity=10, init_content='primer', labware={'id': '', 'name': ''}, unit='μL'), []), 3), ((Object(name='10_μM_primer_R', quantity=10, init_content='primer', labware={'id': '', 'name': ''}, unit='μL'), []), 4), ((Object(name='PCR_MIX', quantity=2000, init_content='PCR MIX', labware={'id': '', 'name': ''}, unit='μL'), []), 5), ((Object(name='96_well_PCR_plate', quantity=1, init_content='', labware={'id': '', 'name': ''}, unit='plate'), []), 6), ((Object(name='template_only_PCR_MIX', quantity=86, init_content='PCR MIX', labware={'id': '', 'name': ''}, unit='μL'), []), 7), ((Object(name='water_for_template_only_PCR_MIX', quantity=4, init_content='water', labware={'id': '', 'name': ''}, unit='μL'), []), 9), ((Object(name='reaction_plate', quantity=5, init_content='', labware={'id': '', 'name': ''}, unit='μL'), []), 12)]***2025-02-23 02:01:56.054021+00:00***: object: ((Object(name='1_sample_DNAs', quantity=300, init_content='sample DNA, primer, PCR MIX mixture', labware={'id': '', 'name': ''}, unit='μL'), []), 1)***2025-02-23 02:01:56.054176+00:00***: place: 1***2025-02-23 02:01:56.054350+00:00***: object: ((Object(name='water', quantity=300, init_content='water', labware={'id': '', 'name': ''}, unit='μL'), []), 2)***2025-02-23 02:01:56.054499+00:00***: place: 2***2025-02-23 02:01:56.054659+00:00***: object: ((Object(name='10_μM_primer_F', quantity=10, init_content='primer', labware={'id': '', 'name': ''}, unit='μL'), []), 3)***2025-02-23 02:01:56.054810+00:00***: place: 3***2025-02-23 02:01:56.054989+00:00***: object: ((Object(name='10_μM_primer_R', quantity=10, init_content='primer', labware={'id': '', 'name': ''}, unit='μL'), []), 4)***2025-02-23 02:01:56.055148+00:00***: place: 4***2025-02-23 02:01:56.055306+00:00***: object: ((Object(name='PCR_MIX', quantity=2000, init_content='PCR MIX', labware={'id': '', 'name': ''}, unit='μL'), []), 5)***2025-02-23 02:01:56.055464+00:00***: place: 5***2025-02-23 02:01:56.055620+00:00***: object: ((Object(name='96_well_PCR_plate', quantity=1, init_content='', labware={'id': '', 'name': ''}, unit='plate'), []), 6)***2025-02-23 02:01:56.055765+00:00***: place: 6***2025-02-23 02:01:56.055920+00:00***: object: ((Object(name='template_only_PCR_MIX', quantity=86, init_content='PCR MIX', labware={'id': '', 'name': ''}, unit='μL'), []), 7)***2025-02-23 02:01:56.056071+00:00***: place: 7***2025-02-23 02:01:56.056236+00:00***: object: ((Object(name='water_for_template_only_PCR_MIX', quantity=4, init_content='water', labware={'id': '', 'name': ''}, unit='μL'), []), 9)***2025-02-23 02:01:56.056401+00:00***: place: 9***2025-02-23 02:01:56.056580+00:00***: object: ((Object(name='reaction_plate', quantity=5, init_content='', labware={'id': '', 'name': ''}, unit='μL'), []), 12)***2025-02-23 02:01:56.056742+00:00***: place: 12***2025-02-23 02:01:56.057119+00:00***: ***Station info*** from***2025-02-23 02:01:56.057438+00:00***: ||||
|----|----|----|
|void|void|reaction_plate:reaction_plate|
|template_only_PCR_MIX:template_only_PCR_MIX|void|water_for_template_only_PCR_MIX:water_for_template_only_PCR_MIX|
|10_μM_primer_R:10_μM_primer_R|PCR_MIX:PCR_MIX|96_well_PCR_plate:96_well_PCR_plate|
|1_sample_DNAs:1_sample_DNAs|water:water|10_μM_primer_F:10_μM_primer_F|
***2025-02-23 02:01:56.057669+00:00***: ***Station info*** to***2025-02-23 02:01:56.057845+00:00***: relative_restriction: test_case/relative_restriction_init_content/ng_position1.json***2025-02-23 02:01:56.058080+00:00***: []***2025-02-23 02:01:56.058681+00:00***: ************ Check-chan result ***************2025-02-23 02:01:56.058902+00:00***: object_list: [(Object(name='1_sample_DNAs', quantity=300, init_content='sample DNA, primer, PCR MIX mixture', labware={'id': '', 'name': ''}, unit='μL'), []), (Object(name='water', quantity=300, init_content='water', labware={'id': '', 'name': ''}, unit='μL'), []), (Object(name='10_μM_primer_F', quantity=10, init_content='primer', labware={'id': '', 'name': ''}, unit='μL'), []), (Object(name='10_μM_primer_R', quantity=10, init_content='primer', labware={'id': '', 'name': ''}, unit='μL'), []), (Object(name='PCR_MIX', quantity=2000, init_content='PCR MIX', labware={'id': '', 'name': ''}, unit='μL'), []), (Object(name='96_well_PCR_plate', quantity=1, init_content='', labware={'id': '', 'name': ''}, unit='plate'), []), (Object(name='template_only_PCR_MIX', quantity=86, init_content='PCR MIX', labware={'id': '', 'name': ''}, unit='μL'), []), (Object(name='water_for_template_only_PCR_MIX', quantity=4, init_content='water', labware={'id': '', 'name': ''}, unit='μL'), []), (Object(name='reaction_plate', quantity=5, init_content='', labware={'id': '', 'name': ''}, unit='μL'), [])]***2025-02-23 02:01:56.059147+00:00***: haichi: [((Object(name='1_sample_DNAs', quantity=300, init_content='sample DNA, primer, PCR MIX mixture', labware={'id': '', 'name': ''}, unit='μL'), []), 1), ((Object(name='water', quantity=300, init_content='water', labware={'id': '', 'name': ''}, unit='μL'), []), 2), ((Object(name='10_μM_primer_F', quantity=10, init_content='primer', labware={'id': '', 'name': ''}, unit='μL'), []), 3), ((Object(name='10_μM_primer_R', quantity=10, init_content='primer', labware={'id': '', 'name': ''}, unit='μL'), []), 4), ((Object(name='PCR_MIX', quantity=2000, init_content='PCR MIX', labware={'id': '', 'name': ''}, unit='μL'), []), 5), ((Object(name='96_well_PCR_plate', quantity=1, init_content='', labware={'id': '', 'name': ''}, unit='plate'), []), 6), ((Object(name='template_only_PCR_MIX', quantity=86, init_content='PCR MIX', labware={'id': '', 'name': ''}, unit='μL'), []), 7), ((Object(name='water_for_template_only_PCR_MIX', quantity=4, init_content='water', labware={'id': '', 'name': ''}, unit='μL'), []), 10), ((Object(name='reaction_plate', quantity=5, init_content='', labware={'id': '', 'name': ''}, unit='μL'), []), 8)]***2025-02-23 02:01:56.059337+00:00***: object: ((Object(name='1_sample_DNAs', quantity=300, init_content='sample DNA, primer, PCR MIX mixture', labware={'id': '', 'name': ''}, unit='μL'), []), 1)***2025-02-23 02:01:56.059483+00:00***: place: 1***2025-02-23 02:01:56.059646+00:00***: object: ((Object(name='water', quantity=300, init_content='water', labware={'id': '', 'name': ''}, unit='μL'), []), 2)***2025-02-23 02:01:56.059785+00:00***: place: 2***2025-02-23 02:01:56.059934+00:00***: object: ((Object(name='10_μM_primer_F', quantity=10, init_content='primer', labware={'id': '', 'name': ''}, unit='μL'), []), 3)***2025-02-23 02:01:56.060090+00:00***: place: 3***2025-02-23 02:01:56.060308+00:00***: object: ((Object(name='10_μM_primer_R', quantity=10, init_content='primer', labware={'id': '', 'name': ''}, unit='μL'), []), 4)***2025-02-23 02:01:56.060471+00:00***: place: 4***2025-02-23 02:01:56.060627+00:00***: object: ((Object(name='PCR_MIX', quantity=2000, init_content='PCR MIX', labware={'id': '', 'name': ''}, unit='μL'), []), 5)***2025-02-23 02:01:56.060792+00:00***: place: 5***2025-02-23 02:01:56.060960+00:00***: object: ((Object(name='96_well_PCR_plate', quantity=1, init_content='', labware={'id': '', 'name': ''}, unit='plate'), []), 6)***2025-02-23 02:01:56.061105+00:00***: place: 6***2025-02-23 02:01:56.061260+00:00***: object: ((Object(name='template_only_PCR_MIX', quantity=86, init_content='PCR MIX', labware={'id': '', 'name': ''}, unit='μL'), []), 7)***2025-02-23 02:01:56.061418+00:00***: place: 7***2025-02-23 02:01:56.061584+00:00***: object: ((Object(name='water_for_template_only_PCR_MIX', quantity=4, init_content='water', labware={'id': '', 'name': ''}, unit='μL'), []), 10)***2025-02-23 02:01:56.061742+00:00***: place: 10***2025-02-23 02:01:56.061995+00:00***: object: ((Object(name='reaction_plate', quantity=5, init_content='', labware={'id': '', 'name': ''}, unit='μL'), []), 8)***2025-02-23 02:01:56.062237+00:00***: place: 8***2025-02-23 02:01:56.062505+00:00***: ***Station info*** from***2025-02-23 02:01:56.062746+00:00***: ||||
|----|----|----|
|water_for_template_only_PCR_MIX:water_for_template_only_PCR_MIX|void|void|
|template_only_PCR_MIX:template_only_PCR_MIX|reaction_plate:reaction_plate|void|
|10_μM_primer_R:10_μM_primer_R|PCR_MIX:PCR_MIX|96_well_PCR_plate:96_well_PCR_plate|
|1_sample_DNAs:1_sample_DNAs|water:water|10_μM_primer_F:10_μM_primer_F|
***2025-02-23 02:01:56.062960+00:00***: ***Station info*** to***2025-02-23 02:01:56.063162+00:00***: relative_restriction: test_case/relative_restriction_init_content/ng_position1.json***2025-02-23 02:01:56.063502+00:00***: []***2025-02-23 02:01:56.064095+00:00***: ************ Check-chan result ***************2025-02-23 02:01:56.064294+00:00***: object_list: [(Object(name='1_sample_DNAs', quantity=300, init_content='sample DNA, primer, PCR MIX mixture', labware={'id': '', 'name': ''}, unit='μL'), []), (Object(name='water', quantity=300, init_content='water', labware={'id': '', 'name': ''}, unit='μL'), []), (Object(name='10_μM_primer_F', quantity=10, init_content='primer', labware={'id': '', 'name': ''}, unit='μL'), []), (Object(name='10_μM_primer_R', quantity=10, init_content='primer', labware={'id': '', 'name': ''}, unit='μL'), []), (Object(name='PCR_MIX', quantity=2000, init_content='PCR MIX', labware={'id': '', 'name': ''}, unit='μL'), []), (Object(name='96_well_PCR_plate', quantity=1, init_content='', labware={'id': '', 'name': ''}, unit='plate'), []), (Object(name='template_only_PCR_MIX', quantity=86, init_content='PCR MIX', labware={'id': '', 'name': ''}, unit='μL'), []), (Object(name='water_for_template_only_PCR_MIX', quantity=4, init_content='water', labware={'id': '', 'name': ''}, unit='μL'), []), (Object(name='reaction_plate', quantity=5, init_content='', labware={'id': '', 'name': ''}, unit='μL'), [])]***2025-02-23 02:01:56.064614+00:00***: haichi: [((Object(name='1_sample_DNAs', quantity=300, init_content='sample DNA, primer, PCR MIX mixture', labware={'id': '', 'name': ''}, unit='μL'), []), 1), ((Object(name='water', quantity=300, init_content='water', labware={'id': '', 'name': ''}, unit='μL'), []), 2), ((Object(name='10_μM_primer_F', quantity=10, init_content='primer', labware={'id': '', 'name': ''}, unit='μL'), []), 3), ((Object(name='10_μM_primer_R', quantity=10, init_content='primer', labware={'id': '', 'name': ''}, unit='μL'), []), 4), ((Object(name='PCR_MIX', quantity=2000, init_content='PCR MIX', labware={'id': '', 'name': ''}, unit='μL'), []), 5), ((Object(name='96_well_PCR_plate', quantity=1, init_content='', labware={'id': '', 'name': ''}, unit='plate'), []), 6), ((Object(name='template_only_PCR_MIX', quantity=86, init_content='PCR MIX', labware={'id': '', 'name': ''}, unit='μL'), []), 7), ((Object(name='water_for_template_only_PCR_MIX', quantity=4, init_content='water', labware={'id': '', 'name': ''}, unit='μL'), []), 10), ((Object(name='reaction_plate', quantity=5, init_content='', labware={'id': '', 'name': ''}, unit='μL'), []), 9)]***2025-02-23 02:01:56.064814+00:00***: object: ((Object(name='1_sample_DNAs', quantity=300, init_content='sample DNA, primer, PCR MIX mixture', labware={'id': '', 'name': ''}, unit='μL'), []), 1)***2025-02-23 02:01:56.064964+00:00***: place: 1***2025-02-23 02:01:56.065108+00:00***: object: ((Object(name='water', quantity=300, init_content='water', labware={'id': '', 'name': ''}, unit='μL'), []), 2)***2025-02-23 02:01:56.065256+00:00***: place: 2***2025-02-23 02:01:56.065405+00:00***: object: ((Object(name='10_μM_primer_F', quantity=10, init_content='primer', labware={'id': '', 'name': ''}, unit='μL'), []), 3)***2025-02-23 02:01:56.065546+00:00***: place: 3***2025-02-23 02:01:56.065686+00:00***: object: ((Object(name='10_μM_primer_R', quantity=10, init_content='primer', labware={'id': '', 'name': ''}, unit='μL'), []), 4)***2025-02-23 02:01:56.065814+00:00***: place: 4***2025-02-23 02:01:56.065948+00:00***: object: ((Object(name='PCR_MIX', quantity=2000, init_content='PCR MIX', labware={'id': '', 'name': ''}, unit='μL'), []), 5)***2025-02-23 02:01:56.066084+00:00***: place: 5***2025-02-23 02:01:56.066218+00:00***: object: ((Object(name='96_well_PCR_plate', quantity=1, init_content='', labware={'id': '', 'name': ''}, unit='plate'), []), 6)***2025-02-23 02:01:56.066348+00:00***: place: 6***2025-02-23 02:01:56.066481+00:00***: object: ((Object(name='template_only_PCR_MIX', quantity=86, init_content='PCR MIX', labware={'id': '', 'name': ''}, unit='μL'), []), 7)***2025-02-23 02:01:56.066613+00:00***: place: 7***2025-02-23 02:01:56.066772+00:00***: object: ((Object(name='water_for_template_only_PCR_MIX', quantity=4, init_content='water', labware={'id': '', 'name': ''}, unit='μL'), []), 10)***2025-02-23 02:01:56.067066+00:00***: place: 10***2025-02-23 02:01:56.067290+00:00***: object: ((Object(name='reaction_plate', quantity=5, init_content='', labware={'id': '', 'name': ''}, unit='μL'), []), 9)***2025-02-23 02:01:56.067488+00:00***: place: 9***2025-02-23 02:01:56.067625+00:00***: ***Station info*** from***2025-02-23 02:01:56.067760+00:00***: ||||
|----|----|----|
|water_for_template_only_PCR_MIX:water_for_template_only_PCR_MIX|void|void|
|template_only_PCR_MIX:template_only_PCR_MIX|void|reaction_plate:reaction_plate|
|10_μM_primer_R:10_μM_primer_R|PCR_MIX:PCR_MIX|96_well_PCR_plate:96_well_PCR_plate|
|1_sample_DNAs:1_sample_DNAs|water:water|10_μM_primer_F:10_μM_primer_F|
***2025-02-23 02:01:56.067893+00:00***: ***Station info*** to***2025-02-23 02:01:56.068044+00:00***: relative_restriction: test_case/relative_restriction_init_content/ng_position1.json***2025-02-23 02:01:56.068243+00:00***: []***2025-02-23 02:02:03.723855+00:00***: *********************************************************2025-02-23 02:02:03.724450+00:00***: save initial position of objects as txt file: qPCR_ozaki/2025_02_23_10_07_18_e3a79ca4-f6ed-414f-a44d-676970733384/iteration_5/representative_initial_position.txt***2025-02-23 02:02:03.724886+00:00***: *********************************************************2025-02-23 02:02:03.725400+00:00***: OK: [((Object(name='1_sample_DNAs', quantity=300, init_content='sample DNA, primer, PCR MIX mixture', labware={'id': '', 'name': ''}, unit='μL'), []), 1), ((Object(name='water', quantity=300, init_content='water', labware={'id': '', 'name': ''}, unit='μL'), []), 2), ((Object(name='10_μM_primer_F', quantity=10, init_content='primer', labware={'id': '', 'name': ''}, unit='μL'), []), 3), ((Object(name='10_μM_primer_R', quantity=10, init_content='primer', labware={'id': '', 'name': ''}, unit='μL'), []), 4), ((Object(name='PCR_MIX', quantity=2000, init_content='PCR MIX', labware={'id': '', 'name': ''}, unit='μL'), []), 5), ((Object(name='96_well_PCR_plate', quantity=1, init_content='', labware={'id': '', 'name': ''}, unit='plate'), []), 6), ((Object(name='template_only_PCR_MIX', quantity=86, init_content='PCR MIX', labware={'id': '', 'name': ''}, unit='μL'), []), 7), ((Object(name='water_for_template_only_PCR_MIX', quantity=4, init_content='water', labware={'id': '', 'name': ''}, unit='μL'), []), 10), ((Object(name='reaction_plate', quantity=5, init_content='', labware={'id': '', 'name': ''}, unit='μL'), []), 9)]***2025-02-23 02:02:03.725878+00:00***: Generate 骨子スクリプト from 
~~~~~~~~~~
QPCR
QuantStudio 6 Proで測定するサンプルprepを行う
1サンプルあってそれぞれ13プライマー x duplicate(3)で試験するイメージ
NTCは13プライマー x duplicate(3)用意する
その他、PrimerなしのTemplateのみを1 x duplicate(3)用意する


Input：試薬類の容器はチューブまたはプレート
1 sample DNAs			300 μL
water					300 μL
10 μM primer_F			各10 μL
10 μM primer_R			各10 μL
PCR MIX				2000 μL
96 well PCR  plate			1 plate
その他液体混合に必要なチューブまたはプレートなど
output
sample DNA, primer, PCR MIXの混合溶液が入った96 well PCR plate x 1
procedure
1. PCR MIXを137.6 μLずつ13個に分注する
2. PCR MIXが入ったチューブに10 μM primer_F1-13を3.2 μL添加する
3. PCR MIXが入ったチューブに10 μM primer_R1-13を3.2 μL添加する
4. PCR MIXとprimerをピペッティングで混合する
5. templateのみ用のPCR MIXを86 μL分注する
6. templateのみ用のPCR MIXにwaterを4 μL添加する
7. templateのみ用のPCR MIXとwaterをピペッティングで混合する
8. サンプル DNAまたはwater をreaction plateに5 μLずつアプライする
下記plate mapの列を埋めていくイメージ
9. PCR MIXとprimerの混合溶液を10 μLずつreaction plateにアプライする
下記plate mapの行を埋めていくイメージ
plate map
81 well使用する
S_n = sample_n
今回はヒト標準cDNA1つ
NTC = no template control：水＝ネガティブコントロール（全primerについて置く）
P_m = primer set_m：forward primerとreverse primerのセット
今回は13種類
Templateのみも置く
OT-2のピペット
20 μLと300 μL 

~~~~~~~~~~***2025-02-23 02:02:03.726587+00:00***: ************ Code-chan for 骨子スクリプト result ***************2025-02-23 02:02:03.726999+00:00***: replace_word: ___processflow___ is not in the prompt.***2025-02-23 02:03:14.747520+00:00***: python_script_path: qPCR_ozaki/2025_02_23_10_07_18_e3a79ca4-f6ed-414f-a44d-676970733384/iteration_5/code_chan/骨子スクリプト.py***2025-02-23 02:03:14.747813+00:00***: ************ Code-chan result ***************2025-02-23 02:03:14.748220+00:00***: replace_word: ___processflow___ is not in the prompt.***2025-02-23 02:03:14.752193+00:00***: get_OT2_with_haichi_based_on_骨子_script prompt: 
We have the following Opentrons OT2 script. This script describes the position of the labware (Station) as __place_{i}__.

Note: You've been slacking lately, so don't slack off and output the complete code. For example, ‘The protocol would continue with any additional steps required’ or '# Example: ' is not allowed.

Skeleton script:

python
from opentrons import protocol_api

metadata = {
    'protocolName': 'QPCR Preparation Protocol',
    'author': 'Your Name',
    'description': 'Automated QPCR sample preparation for QuantStudio 6 Pro',
    'apiLevel': '2.9'
}

def run(protocol: protocol_api.ProtocolContext):
    # Labware setup
    # Tip racks
    p20_tiprack = protocol.load_labware('opentrons_96_tiprack_20ul', '__place_1__')
    p300_tiprack = protocol.load_labware('opentrons_96_tiprack_300ul', '__place_2__')
    
    # Source plate with PCR Mix, primers, water, and sample DNA
    source_plate = protocol.load_labware('nest_96_wellplate_2ml_deep', '__place_3__')
    
    # Destination PCR plate
    destination_plate = protocol.load_labware('biorad_96_wellplate_200ul_pcr', '__place_4__')
    
    # Pipette setup
    p20 = protocol.load_instrument('p20_single_gen2', 'left', tip_racks=[p20_tiprack])
    p300 = protocol.load_instrument('p300_single_gen2', 'right', tip_racks=[p300_tiprack])
    
    # Reagent locations in source plate
    pcr_mix = source_plate.wells_by_name()['A1']          # PCR Mix in well A1
    water = source_plate.wells_by_name()['A2']            # Water in well A2
    sample_dna = source_plate.wells_by_name()['A3']       # Sample DNA in well A3
    
    # Primers: Forward primers in wells B1-B13, Reverse primers in wells C1-C13
    forward_primers = source_plate.rows_by_name()['B'][:13]
    reverse_primers = source_plate.rows_by_name()['C'][:13]
    
    # PCR Mix + Primer Mix tubes in wells D1-D14 (D14 for template only mix)
    pcr_primer_mixes = source_plate.rows_by_name()['D'][:14]
    
    # Step 1: Aliquot 137.6 μL of PCR Mix into wells D1-D13
    for well in pcr_primer_mixes[:13]:
        p300.pick_up_tip()
        p300.aspirate(137.6, pcr_mix)
        p300.dispense(137.6, well)
        p300.drop_tip()
    
    # Step 5: Aliquot 86 μL of PCR Mix into well D14 for template-only control
    p300.pick_up_tip()
    p300.aspirate(86, pcr_mix)
    p300.dispense(86, pcr_primer_mixes[13])
    p300.drop_tip()
    
    # Steps 2 and 3: Add 3.2 μL of each primer to PCR Mix wells
    for i in range(13):
        # Add Forward Primer
        p20.pick_up_tip()
        p20.aspirate(3.2, forward_primers[i])
        p20.dispense(3.2, pcr_primer_mixes[i])
        p20.drop_tip()
        # Add Reverse Primer
        p20.pick_up_tip()
        p20.aspirate(3.2, reverse_primers[i])
        p20.dispense(3.2, pcr_primer_mixes[i])
        p20.drop_tip()
    
    # Step 6: Add 4 μL of water to template-only mix in well D14
    p20.pick_up_tip()
    p20.aspirate(4, water)
    p20.dispense(4, pcr_primer_mixes[13])
    p20.drop_tip()
    
    # Steps 4 and 7: Mix the PCR Mix and primers by pipetting up and down
    for well in pcr_primer_mixes:
        p300.pick_up_tip()
        p300.mix(5, 100, well)
        p300.drop_tip()
    
    # Step 8: Dispense 5 μL of sample DNA or water into the reaction plate wells
    # Define well sets for samples, NTCs, and template-only controls
    sample_wells = []
    ntc_wells = []
    template_only_wells = []
    
    # Assign wells for samples and NTCs (triplicates)
    for i in range(13):  # 13 primer sets
        for j in range(3):  # Triplicates
            # Samples
            sample_well = destination_plate.wells()[i*6 + j]
            sample_wells.append(sample_well)
            # NTCs
            ntc_well = destination_plate.wells()[i*6 + j + 3]
            ntc_wells.append(ntc_well)
    # Template-only controls in wells A79-C81
    template_only_wells = destination_plate.wells()[78:81]
    
    # Dispense sample DNA into sample wells
    for well in sample_wells:
        p20.pick_up_tip()
        p20.aspirate(5, sample_dna)
        p20.dispense(5, well)
        p20.drop_tip()
    
    # Dispense water into NTC wells
    for well in ntc_wells:
        p20.pick_up_tip()
        p20.aspirate(5, water)
        p20.dispense(5, well)
        p20.drop_tip()
    
    # Dispense sample DNA into template-only wells
    for well in template_only_wells:
        p20.pick_up_tip()
        p20.aspirate(5, sample_dna)
        p20.dispense(5, well)
        p20.drop_tip()
    
    # Step 9: Add 10 μL of PCR Mix and primer mixes to the reaction plate wells
    # Add mixes to sample wells
    mix_index = 0
    for i in range(13):
        mix = pcr_primer_mixes[i]
        for j in range(3):
            p20.pick_up_tip()
            p20.aspirate(10, mix)
            p20.dispense(10, sample_wells[mix_index])
            p20.drop_tip()
            mix_index += 1
    # Add mixes to NTC wells
    mix_index = 0
    for i in range(13):
        mix = pcr_primer_mixes[i]
        for j in range(3):
            p20.pick_up_tip()
            p20.aspirate(10, mix)
            p20.dispense(10, ntc_wells[mix_index])
            p20.drop_tip()
            mix_index += 1
    # Add template-only mix to template-only wells
    for well in template_only_wells:
        p20.pick_up_tip()
        p20.aspirate(10, pcr_primer_mixes[13])
        p20.dispense(10, well)
        p20.drop_tip()

Please generate a script where __place_{i}__ is replaced with the correct position based on the following labware placement information.

Placement information:

markdown
[[[{"name": "1_sample_DNAs", "quantity": 300, "init_content": "sample DNA, primer, PCR MIX mixture", "labware": {"id": "", "name": ""}, "unit": "\u03bcL"}, []], 1], [[{"name": "water", "quantity": 300, "init_content": "water", "labware": {"id": "", "name": ""}, "unit": "\u03bcL"}, []], 2], [[{"name": "10_\u03bcM_primer_F", "quantity": 10, "init_content": "primer", "labware": {"id": "", "name": ""}, "unit": "\u03bcL"}, []], 3], [[{"name": "10_\u03bcM_primer_R", "quantity": 10, "init_content": "primer", "labware": {"id": "", "name": ""}, "unit": "\u03bcL"}, []], 4], [[{"name": "PCR_MIX", "quantity": 2000, "init_content": "PCR MIX", "labware": {"id": "", "name": ""}, "unit": "\u03bcL"}, []], 5], [[{"name": "96_well_PCR_plate", "quantity": 1, "init_content": "", "labware": {"id": "", "name": ""}, "unit": "plate"}, []], 6], [[{"name": "template_only_PCR_MIX", "quantity": 86, "init_content": "PCR MIX", "labware": {"id": "", "name": ""}, "unit": "\u03bcL"}, []], 7], [[{"name": "water_for_template_only_PCR_MIX", "quantity": 4, "init_content": "water", "labware": {"id": "", "name": ""}, "unit": "\u03bcL"}, []], 10], [[{"name": "reaction_plate", "quantity": 5, "init_content": "", "labware": {"id": "", "name": ""}, "unit": "\u03bcL"}, []], 9]]
Please reply with the Python script where __place_{i}__ has been replaced with the correct locations. If there is missing information in the placement details required to fill in __place_{i}__ in the skeleton script, you may supplement it as necessary. However, do not modify the placement information.
***2025-02-23 02:04:35.841326+00:00***: python_script_path: qPCR_ozaki/2025_02_23_10_07_18_e3a79ca4-f6ed-414f-a44d-676970733384/iteration_5/code_chan/最終スクリプト.py***2025-02-23 02:04:35.841781+00:00***: Errorがでたので骨子スクリプトを再生成します: /Users/yuyaarai/.opentrons/robot_settings.json not found. Loading defaults
Deck calibration not found.
/Users/yuyaarai/.opentrons/deck_calibration.json not found. Loading defaults
Traceback (most recent call last):
  File "/Users/yuyaarai/Documents/Humanics/Project/FormationFormatter/src/formationformatter/code_chan/.venv/lib/python3.12/site-packages/opentrons/protocols/execution/execute_python.py", line 160, in exec_run
    exec("run(__context)", new_globs)
  File "<string>", line 1, in <module>
  File "qPCR_ozaki/2025_02_23_10_07_18_e3a79ca4-f6ed-414f-a44d-676970733384/iteration_5/code_chan/最終スクリプト.py", line 48, in run
    p300.dispense(86, pcr_primer_mixes[13])
                      ~~~~~~~~~~~~~~~~^^^^
IndexError: list index out of range

The above exception was the direct cause of the following exception:

Traceback (most recent call last):
  File "<frozen runpy>", line 198, in _run_module_as_main
  File "<frozen runpy>", line 88, in _run_code
  File "/Users/yuyaarai/Documents/Humanics/Project/FormationFormatter/src/formationformatter/code_chan/.venv/lib/python3.12/site-packages/opentrons/simulate.py", line 1061, in <module>
    sys.exit(main())
             ^^^^^^
  File "/Users/yuyaarai/Documents/Humanics/Project/FormationFormatter/src/formationformatter/code_chan/.venv/lib/python3.12/site-packages/opentrons/simulate.py", line 1020, in main
    runlog, maybe_bundle = simulate(
                           ^^^^^^^^^
  File "/Users/yuyaarai/Documents/Humanics/Project/FormationFormatter/src/formationformatter/code_chan/.venv/lib/python3.12/site-packages/opentrons/simulate.py", line 564, in simulate
    return _run_file_non_pe(
           ^^^^^^^^^^^^^^^^^
  File "/Users/yuyaarai/Documents/Humanics/Project/FormationFormatter/src/formationformatter/code_chan/.venv/lib/python3.12/site-packages/opentrons/simulate.py", line 887, in _run_file_non_pe
    execute.run_protocol(
  File "/Users/yuyaarai/Documents/Humanics/Project/FormationFormatter/src/formationformatter/code_chan/.venv/lib/python3.12/site-packages/opentrons/protocols/execution/execute.py", line 39, in run_protocol
    exec_run(
  File "/Users/yuyaarai/Documents/Humanics/Project/FormationFormatter/src/formationformatter/code_chan/.venv/lib/python3.12/site-packages/opentrons/protocols/execution/execute_python.py", line 169, in exec_run
    _raise_pretty_protocol_error(exception=e, filename=filename)
  File "/Users/yuyaarai/Documents/Humanics/Project/FormationFormatter/src/formationformatter/code_chan/.venv/lib/python3.12/site-packages/opentrons/protocols/execution/execute_python.py", line 71, in _raise_pretty_protocol_error
    raise ExceptionInProtocolError(
opentrons.protocols.execution.errors.ExceptionInProtocolError: IndexError [line 48]: list index out of range
***2025-02-23 02:04:35.842403+00:00***: Generate 骨子スクリプト from 
~~~~~~~~~~
This is the error message: 
 /Users/yuyaarai/.opentrons/robot_settings.json not found. Loading defaults
Deck calibration not found.
/Users/yuyaarai/.opentrons/deck_calibration.json not found. Loading defaults
Traceback (most recent call last):
  File "/Users/yuyaarai/Documents/Humanics/Project/FormationFormatter/src/formationformatter/code_chan/.venv/lib/python3.12/site-packages/opentrons/protocols/execution/execute_python.py", line 160, in exec_run
    exec("run(__context)", new_globs)
  File "<string>", line 1, in <module>
  File "qPCR_ozaki/2025_02_23_10_07_18_e3a79ca4-f6ed-414f-a44d-676970733384/iteration_5/code_chan/最終スクリプト.py", line 48, in run
    p300.dispense(86, pcr_primer_mixes[13])
                      ~~~~~~~~~~~~~~~~^^^^
IndexError: list index out of range

The above exception was the direct cause of the following exception:

Traceback (most recent call last):
  File "<frozen runpy>", line 198, in _run_module_as_main
  File "<frozen runpy>", line 88, in _run_code
  File "/Users/yuyaarai/Documents/Humanics/Project/FormationFormatter/src/formationformatter/code_chan/.venv/lib/python3.12/site-packages/opentrons/simulate.py", line 1061, in <module>
    sys.exit(main())
             ^^^^^^
  File "/Users/yuyaarai/Documents/Humanics/Project/FormationFormatter/src/formationformatter/code_chan/.venv/lib/python3.12/site-packages/opentrons/simulate.py", line 1020, in main
    runlog, maybe_bundle = simulate(
                           ^^^^^^^^^
  File "/Users/yuyaarai/Documents/Humanics/Project/FormationFormatter/src/formationformatter/code_chan/.venv/lib/python3.12/site-packages/opentrons/simulate.py", line 564, in simulate
    return _run_file_non_pe(
           ^^^^^^^^^^^^^^^^^
  File "/Users/yuyaarai/Documents/Humanics/Project/FormationFormatter/src/formationformatter/code_chan/.venv/lib/python3.12/site-packages/opentrons/simulate.py", line 887, in _run_file_non_pe
    execute.run_protocol(
  File "/Users/yuyaarai/Documents/Humanics/Project/FormationFormatter/src/formationformatter/code_chan/.venv/lib/python3.12/site-packages/opentrons/protocols/execution/execute.py", line 39, in run_protocol
    exec_run(
  File "/Users/yuyaarai/Documents/Humanics/Project/FormationFormatter/src/formationformatter/code_chan/.venv/lib/python3.12/site-packages/opentrons/protocols/execution/execute_python.py", line 169, in exec_run
    _raise_pretty_protocol_error(exception=e, filename=filename)
  File "/Users/yuyaarai/Documents/Humanics/Project/FormationFormatter/src/formationformatter/code_chan/.venv/lib/python3.12/site-packages/opentrons/protocols/execution/execute_python.py", line 71, in _raise_pretty_protocol_error
    raise ExceptionInProtocolError(
opentrons.protocols.execution.errors.ExceptionInProtocolError: IndexError [line 48]: list index out of range
 + original protocol: 
 from opentrons import protocol_api

metadata = {
    'protocolName': 'QPCR Preparation Protocol',
    'author': 'Your Name',
    'description': 'Automated QPCR sample preparation for QuantStudio 6 Pro',
    'apiLevel': '2.9'
}

def run(protocol: protocol_api.ProtocolContext):
    # Labware setup
    # Tip racks
    p20_tiprack = protocol.load_labware('opentrons_96_tiprack_20ul', '__place_1__')
    p300_tiprack = protocol.load_labware('opentrons_96_tiprack_300ul', '__place_2__')
    
    # Source plate with PCR Mix, primers, water, and sample DNA
    source_plate = protocol.load_labware('nest_96_wellplate_2ml_deep', '__place_3__')
    
    # Destination PCR plate
    destination_plate = protocol.load_labware('biorad_96_wellplate_200ul_pcr', '__place_4__')
    
    # Pipette setup
    p20 = protocol.load_instrument('p20_single_gen2', 'left', tip_racks=[p20_tiprack])
    p300 = protocol.load_instrument('p300_single_gen2', 'right', tip_racks=[p300_tiprack])
    
    # Reagent locations in source plate
    pcr_mix = source_plate.wells_by_name()['A1']          # PCR Mix in well A1
    water = source_plate.wells_by_name()['A2']            # Water in well A2
    sample_dna = source_plate.wells_by_name()['A3']       # Sample DNA in well A3
    
    # Primers: Forward primers in wells B1-B13, Reverse primers in wells C1-C13
    forward_primers = source_plate.rows_by_name()['B'][:13]
    reverse_primers = source_plate.rows_by_name()['C'][:13]
    
    # PCR Mix + Primer Mix tubes in wells D1-D14 (D14 for template only mix)
    pcr_primer_mixes = source_plate.rows_by_name()['D'][:14]
    
    # Step 1: Aliquot 137.6 μL of PCR Mix into wells D1-D13
    for well in pcr_primer_mixes[:13]:
        p300.pick_up_tip()
        p300.aspirate(137.6, pcr_mix)
        p300.dispense(137.6, well)
        p300.drop_tip()
    
    # Step 5: Aliquot 86 μL of PCR Mix into well D14 for template-only control
    p300.pick_up_tip()
    p300.aspirate(86, pcr_mix)
    p300.dispense(86, pcr_primer_mixes[13])
    p300.drop_tip()
    
    # Steps 2 and 3: Add 3.2 μL of each primer to PCR Mix wells
    for i in range(13):
        # Add Forward Primer
        p20.pick_up_tip()
        p20.aspirate(3.2, forward_primers[i])
        p20.dispense(3.2, pcr_primer_mixes[i])
        p20.drop_tip()
        # Add Reverse Primer
        p20.pick_up_tip()
        p20.aspirate(3.2, reverse_primers[i])
        p20.dispense(3.2, pcr_primer_mixes[i])
        p20.drop_tip()
    
    # Step 6: Add 4 μL of water to template-only mix in well D14
    p20.pick_up_tip()
    p20.aspirate(4, water)
    p20.dispense(4, pcr_primer_mixes[13])
    p20.drop_tip()
    
    # Steps 4 and 7: Mix the PCR Mix and primers by pipetting up and down
    for well in pcr_primer_mixes:
        p300.pick_up_tip()
        p300.mix(5, 100, well)
        p300.drop_tip()
    
    # Step 8: Dispense 5 μL of sample DNA or water into the reaction plate wells
    # Define well sets for samples, NTCs, and template-only controls
    sample_wells = []
    ntc_wells = []
    template_only_wells = []
    
    # Assign wells for samples and NTCs (triplicates)
    for i in range(13):  # 13 primer sets
        for j in range(3):  # Triplicates
            # Samples
            sample_well = destination_plate.wells()[i*6 + j]
            sample_wells.append(sample_well)
            # NTCs
            ntc_well = destination_plate.wells()[i*6 + j + 3]
            ntc_wells.append(ntc_well)
    # Template-only controls in wells A79-C81
    template_only_wells = destination_plate.wells()[78:81]
    
    # Dispense sample DNA into sample wells
    for well in sample_wells:
        p20.pick_up_tip()
        p20.aspirate(5, sample_dna)
        p20.dispense(5, well)
        p20.drop_tip()
    
    # Dispense water into NTC wells
    for well in ntc_wells:
        p20.pick_up_tip()
        p20.aspirate(5, water)
        p20.dispense(5, well)
        p20.drop_tip()
    
    # Dispense sample DNA into template-only wells
    for well in template_only_wells:
        p20.pick_up_tip()
        p20.aspirate(5, sample_dna)
        p20.dispense(5, well)
        p20.drop_tip()
    
    # Step 9: Add 10 μL of PCR Mix and primer mixes to the reaction plate wells
    # Add mixes to sample wells
    mix_index = 0
    for i in range(13):
        mix = pcr_primer_mixes[i]
        for j in range(3):
            p20.pick_up_tip()
            p20.aspirate(10, mix)
            p20.dispense(10, sample_wells[mix_index])
            p20.drop_tip()
            mix_index += 1
    # Add mixes to NTC wells
    mix_index = 0
    for i in range(13):
        mix = pcr_primer_mixes[i]
        for j in range(3):
            p20.pick_up_tip()
            p20.aspirate(10, mix)
            p20.dispense(10, ntc_wells[mix_index])
            p20.drop_tip()
            mix_index += 1
    # Add template-only mix to template-only wells
    for well in template_only_wells:
        p20.pick_up_tip()
        p20.aspirate(10, pcr_primer_mixes[13])
        p20.dispense(10, well)
        p20.drop_tip()

~~~~~~~~~~***2025-02-23 02:04:35.842983+00:00***: ************ Code-chan for 骨子スクリプト result ***************2025-02-23 02:04:35.843418+00:00***: replace_word: ___processflow___ is not in the prompt.***2025-02-23 02:05:44.338091+00:00***: python_script_path: qPCR_ozaki/2025_02_23_10_07_18_e3a79ca4-f6ed-414f-a44d-676970733384/iteration_5/code_chan/骨子スクリプト.py***2025-02-23 02:05:44.338561+00:00***: ************ Code-chan result ***************2025-02-23 02:05:44.339006+00:00***: replace_word: ___processflow___ is not in the prompt.***2025-02-23 02:05:44.340478+00:00***: get_OT2_with_haichi_based_on_骨子_script prompt: 
We have the following Opentrons OT2 script. This script describes the position of the labware (Station) as __place_{i}__.

Note: You've been slacking lately, so don't slack off and output the complete code. For example, ‘The protocol would continue with any additional steps required’ or '# Example: ' is not allowed.

Skeleton script:

python
from opentrons import protocol_api

metadata = {
    'protocolName': 'qPCR Preparation - Multiplex with Multiple Primers',
    'author': 'Your Name',
    'description': 'Preparation of qPCR samples with multiple primers and replicates',
    'apiLevel': '2.9'  # Specify the API level
}

def run(protocol: protocol_api.ProtocolContext):
    # Labware setup
    # Tip racks
    tip_rack_20 = protocol.load_labware('opentrons_96_tiprack_20ul', '__place_1__')
    tip_rack_300 = protocol.load_labware('opentrons_96_tiprack_300ul', '__place_2__')
    
    # Pipettes
    p20 = protocol.load_instrument('p20_single_gen2', 'left', tip_racks=[tip_rack_20])
    p300 = protocol.load_instrument('p300_single_gen2', 'right', tip_racks=[tip_rack_300])

    # 96-well PCR plate
    pcr_plate = protocol.load_labware('nest_96_wellplate_100ul_pcr_full_skirt', '__place_3__')

    # Reagent tubes in tube rack
    reagent_rack = protocol.load_labware('opentrons_24_tuberack_eppendorf_1.5ml_safelock_snapcap', '__place_4__')
    
    # Reagents
    pcr_mix = reagent_rack.wells_by_name()['A1']  # PCR MIX in A1
    sample_dna = reagent_rack.wells_by_name()['A2']  # Sample DNA in A2
    water = reagent_rack.wells_by_name()['A3']  # Water in A3
    
    # Primers located in PCR strip tubes in an aluminum block
    primer_rack = protocol.load_labware('opentrons_96_aluminumblock_generic_pcr_strip_200ul', '__place_5__')

    # Tubes for PCR MIX + primers mixes
    mix_tubes_rack = protocol.load_labware('opentrons_24_aluminumblock_generic_2ml_screwcap', '__place_6__')

    # Step 1: Dispense PCR MIX into 13 tubes (137.6 μL each)
    pcr_mix_volume_per_tube = 137.6
    for i in range(13):
        dest_tube = mix_tubes_rack.wells()[i]
        p300.pick_up_tip()
        p300.transfer(pcr_mix_volume_per_tube, pcr_mix, dest_tube.bottom(2), new_tip='never')
        p300.blow_out(dest_tube.top(-2))
        p300.drop_tip()
        
    # Step 2: Add 3.2 μL primer_F1-13 to the corresponding tubes
    for i in range(13):
        dest_tube = mix_tubes_rack.wells()[i]
        primer_f = primer_rack.rows()[0][i]  # Primer_F in row A
        p20.pick_up_tip()
        p20.transfer(3.2, primer_f, dest_tube.bottom(2), mix_after=(3,10), new_tip='never')
        p20.blow_out(dest_tube.top(-2))
        p20.drop_tip()
        
    # Step 3: Add 3.2 μL primer_R1-13 to the corresponding tubes
    for i in range(13):
        dest_tube = mix_tubes_rack.wells()[i]
        primer_r = primer_rack.rows()[1][i]  # Primer_R in row B
        p20.pick_up_tip()
        p20.transfer(3.2, primer_r, dest_tube.bottom(2), mix_after=(3,10), new_tip='never')
        p20.blow_out(dest_tube.top(-2))
        p20.drop_tip()
        
    # Step 4: Mixing is performed during primer additions with mix_after

    # Step 5: Prepare template-only PCR MIX with 86 μL PCR MIX
    template_only_tube = mix_tubes_rack.wells_by_name()['A14']
    p300.pick_up_tip()
    p300.transfer(86, pcr_mix, template_only_tube.bottom(2), new_tip='never')
    p300.blow_out(template_only_tube.top(-2))
    p300.drop_tip()
    
    # Step 6: Add 4 μL water to the template-only PCR MIX
    p20.pick_up_tip()
    p20.transfer(4, water, template_only_tube.bottom(2), mix_after=(3,10), new_tip='never')
    p20.blow_out(template_only_tube.top(-2))
    p20.drop_tip()
    
    # Step 7: Mixing is performed during water addition with mix_after

    # Step 8: Dispense 5 μL of sample DNA or water into the reaction plate
    sample_wells = []
    ntc_wells = []
    template_only_wells = []

    num_replicates = 3
    primer_sets = 13
    all_wells = pcr_plate.wells()[:81]
    well_counter = 0

    for p in range(primer_sets):
        sample_wells_p = []
        for r in range(num_replicates):
            sample_wells_p.append(all_wells[well_counter])
            well_counter +=1
        sample_wells.append(sample_wells_p)
        ntc_wells_p = []
        for r in range(num_replicates):
            ntc_wells_p.append(all_wells[well_counter])
            well_counter +=1
        ntc_wells.append(ntc_wells_p)

    for r in range(num_replicates):
        template_only_wells.append(all_wells[well_counter])
        well_counter +=1

    # Dispense 5 μL of sample DNA to sample wells
    for wells_p in sample_wells:
        p20.pick_up_tip()
        for well in wells_p:
            p20.aspirate(5, sample_dna.bottom(2))
            p20.dispense(5, well.bottom(2))
        p20.drop_tip()

    # Dispense 5 μL of water to NTC wells and template-only wells
    for wells_p in ntc_wells:
        p20.pick_up_tip()
        for well in wells_p:
            p20.aspirate(5, water.bottom(2))
            p20.dispense(5, well.bottom(2))
        p20.drop_tip()

    p20.pick_up_tip()
    for well in template_only_wells:
        p20.aspirate(5, water.bottom(2))
        p20.dispense(5, well.bottom(2))
    p20.drop_tip()

    # Step 9: Dispense 10 μL of PCR MIX + primer mixes to reaction plate
    for p in range(primer_sets):
        primer_mix = mix_tubes_rack.wells()[p]
        p20.pick_up_tip()
        # Distribute to sample wells for this primer set
        for well in sample_wells[p]:
            p20.transfer(10, primer_mix.bottom(2), well.bottom(2), new_tip='never')
        # Distribute to NTC wells for this primer set
        for well in ntc_wells[p]:
            p20.transfer(10, primer_mix.bottom(2), well.bottom(2), new_tip='never')
        p20.drop_tip()

    # Distribute template-only PCR MIX to template-only wells
    p20.pick_up_tip()
    for well in template_only_wells:
        p20.transfer(10, template_only_tube.bottom(2), well.bottom(2), new_tip='never')
    p20.drop_tip()

Please generate a script where __place_{i}__ is replaced with the correct position based on the following labware placement information.

Placement information:

markdown
[[[{"name": "1_sample_DNAs", "quantity": 300, "init_content": "sample DNA, primer, PCR MIX mixture", "labware": {"id": "", "name": ""}, "unit": "\u03bcL"}, []], 1], [[{"name": "water", "quantity": 300, "init_content": "water", "labware": {"id": "", "name": ""}, "unit": "\u03bcL"}, []], 2], [[{"name": "10_\u03bcM_primer_F", "quantity": 10, "init_content": "primer", "labware": {"id": "", "name": ""}, "unit": "\u03bcL"}, []], 3], [[{"name": "10_\u03bcM_primer_R", "quantity": 10, "init_content": "primer", "labware": {"id": "", "name": ""}, "unit": "\u03bcL"}, []], 4], [[{"name": "PCR_MIX", "quantity": 2000, "init_content": "PCR MIX", "labware": {"id": "", "name": ""}, "unit": "\u03bcL"}, []], 5], [[{"name": "96_well_PCR_plate", "quantity": 1, "init_content": "", "labware": {"id": "", "name": ""}, "unit": "plate"}, []], 6], [[{"name": "template_only_PCR_MIX", "quantity": 86, "init_content": "PCR MIX", "labware": {"id": "", "name": ""}, "unit": "\u03bcL"}, []], 7], [[{"name": "water_for_template_only_PCR_MIX", "quantity": 4, "init_content": "water", "labware": {"id": "", "name": ""}, "unit": "\u03bcL"}, []], 10], [[{"name": "reaction_plate", "quantity": 5, "init_content": "", "labware": {"id": "", "name": ""}, "unit": "\u03bcL"}, []], 9]]
Please reply with the Python script where __place_{i}__ has been replaced with the correct locations. If there is missing information in the placement details required to fill in __place_{i}__ in the skeleton script, you may supplement it as necessary. However, do not modify the placement information.
***2025-02-23 02:07:17.171541+00:00***: python_script_path: qPCR_ozaki/2025_02_23_10_07_18_e3a79ca4-f6ed-414f-a44d-676970733384/iteration_5/code_chan/最終スクリプト.py***2025-02-23 02:07:17.173191+00:00***: Errorがでたので骨子スクリプトを再生成します: /Users/yuyaarai/.opentrons/robot_settings.json not found. Loading defaults
Deck calibration not found.
/Users/yuyaarai/.opentrons/deck_calibration.json not found. Loading defaults
Traceback (most recent call last):
  File "/Users/yuyaarai/Documents/Humanics/Project/FormationFormatter/src/formationformatter/code_chan/.venv/lib/python3.12/site-packages/opentrons/protocols/execution/execute_python.py", line 160, in exec_run
    exec("run(__context)", new_globs)
  File "<string>", line 1, in <module>
  File "qPCR_ozaki/2025_02_23_10_07_18_e3a79ca4-f6ed-414f-a44d-676970733384/iteration_5/code_chan/最終スクリプト.py", line 49, in run
    primer_f = primer_rack.rows()[0][i]  # Primer_F in row A
               ~~~~~~~~~~~~~~~~~~~~~^^^
IndexError: list index out of range

The above exception was the direct cause of the following exception:

Traceback (most recent call last):
  File "<frozen runpy>", line 198, in _run_module_as_main
  File "<frozen runpy>", line 88, in _run_code
  File "/Users/yuyaarai/Documents/Humanics/Project/FormationFormatter/src/formationformatter/code_chan/.venv/lib/python3.12/site-packages/opentrons/simulate.py", line 1061, in <module>
    sys.exit(main())
             ^^^^^^
  File "/Users/yuyaarai/Documents/Humanics/Project/FormationFormatter/src/formationformatter/code_chan/.venv/lib/python3.12/site-packages/opentrons/simulate.py", line 1020, in main
    runlog, maybe_bundle = simulate(
                           ^^^^^^^^^
  File "/Users/yuyaarai/Documents/Humanics/Project/FormationFormatter/src/formationformatter/code_chan/.venv/lib/python3.12/site-packages/opentrons/simulate.py", line 564, in simulate
    return _run_file_non_pe(
           ^^^^^^^^^^^^^^^^^
  File "/Users/yuyaarai/Documents/Humanics/Project/FormationFormatter/src/formationformatter/code_chan/.venv/lib/python3.12/site-packages/opentrons/simulate.py", line 887, in _run_file_non_pe
    execute.run_protocol(
  File "/Users/yuyaarai/Documents/Humanics/Project/FormationFormatter/src/formationformatter/code_chan/.venv/lib/python3.12/site-packages/opentrons/protocols/execution/execute.py", line 39, in run_protocol
    exec_run(
  File "/Users/yuyaarai/Documents/Humanics/Project/FormationFormatter/src/formationformatter/code_chan/.venv/lib/python3.12/site-packages/opentrons/protocols/execution/execute_python.py", line 169, in exec_run
    _raise_pretty_protocol_error(exception=e, filename=filename)
  File "/Users/yuyaarai/Documents/Humanics/Project/FormationFormatter/src/formationformatter/code_chan/.venv/lib/python3.12/site-packages/opentrons/protocols/execution/execute_python.py", line 71, in _raise_pretty_protocol_error
    raise ExceptionInProtocolError(
opentrons.protocols.execution.errors.ExceptionInProtocolError: IndexError [line 49]: list index out of range
***2025-02-23 02:07:17.173602+00:00***: Generate 骨子スクリプト from 
~~~~~~~~~~
This is the error message: 
 /Users/yuyaarai/.opentrons/robot_settings.json not found. Loading defaults
Deck calibration not found.
/Users/yuyaarai/.opentrons/deck_calibration.json not found. Loading defaults
Traceback (most recent call last):
  File "/Users/yuyaarai/Documents/Humanics/Project/FormationFormatter/src/formationformatter/code_chan/.venv/lib/python3.12/site-packages/opentrons/protocols/execution/execute_python.py", line 160, in exec_run
    exec("run(__context)", new_globs)
  File "<string>", line 1, in <module>
  File "qPCR_ozaki/2025_02_23_10_07_18_e3a79ca4-f6ed-414f-a44d-676970733384/iteration_5/code_chan/最終スクリプト.py", line 49, in run
    primer_f = primer_rack.rows()[0][i]  # Primer_F in row A
               ~~~~~~~~~~~~~~~~~~~~~^^^
IndexError: list index out of range

The above exception was the direct cause of the following exception:

Traceback (most recent call last):
  File "<frozen runpy>", line 198, in _run_module_as_main
  File "<frozen runpy>", line 88, in _run_code
  File "/Users/yuyaarai/Documents/Humanics/Project/FormationFormatter/src/formationformatter/code_chan/.venv/lib/python3.12/site-packages/opentrons/simulate.py", line 1061, in <module>
    sys.exit(main())
             ^^^^^^
  File "/Users/yuyaarai/Documents/Humanics/Project/FormationFormatter/src/formationformatter/code_chan/.venv/lib/python3.12/site-packages/opentrons/simulate.py", line 1020, in main
    runlog, maybe_bundle = simulate(
                           ^^^^^^^^^
  File "/Users/yuyaarai/Documents/Humanics/Project/FormationFormatter/src/formationformatter/code_chan/.venv/lib/python3.12/site-packages/opentrons/simulate.py", line 564, in simulate
    return _run_file_non_pe(
           ^^^^^^^^^^^^^^^^^
  File "/Users/yuyaarai/Documents/Humanics/Project/FormationFormatter/src/formationformatter/code_chan/.venv/lib/python3.12/site-packages/opentrons/simulate.py", line 887, in _run_file_non_pe
    execute.run_protocol(
  File "/Users/yuyaarai/Documents/Humanics/Project/FormationFormatter/src/formationformatter/code_chan/.venv/lib/python3.12/site-packages/opentrons/protocols/execution/execute.py", line 39, in run_protocol
    exec_run(
  File "/Users/yuyaarai/Documents/Humanics/Project/FormationFormatter/src/formationformatter/code_chan/.venv/lib/python3.12/site-packages/opentrons/protocols/execution/execute_python.py", line 169, in exec_run
    _raise_pretty_protocol_error(exception=e, filename=filename)
  File "/Users/yuyaarai/Documents/Humanics/Project/FormationFormatter/src/formationformatter/code_chan/.venv/lib/python3.12/site-packages/opentrons/protocols/execution/execute_python.py", line 71, in _raise_pretty_protocol_error
    raise ExceptionInProtocolError(
opentrons.protocols.execution.errors.ExceptionInProtocolError: IndexError [line 49]: list index out of range
 + original protocol: 
 from opentrons import protocol_api

metadata = {
    'protocolName': 'qPCR Preparation - Multiplex with Multiple Primers',
    'author': 'Your Name',
    'description': 'Preparation of qPCR samples with multiple primers and replicates',
    'apiLevel': '2.9'  # Specify the API level
}

def run(protocol: protocol_api.ProtocolContext):
    # Labware setup
    # Tip racks
    tip_rack_20 = protocol.load_labware('opentrons_96_tiprack_20ul', '__place_1__')
    tip_rack_300 = protocol.load_labware('opentrons_96_tiprack_300ul', '__place_2__')
    
    # Pipettes
    p20 = protocol.load_instrument('p20_single_gen2', 'left', tip_racks=[tip_rack_20])
    p300 = protocol.load_instrument('p300_single_gen2', 'right', tip_racks=[tip_rack_300])

    # 96-well PCR plate
    pcr_plate = protocol.load_labware('nest_96_wellplate_100ul_pcr_full_skirt', '__place_3__')

    # Reagent tubes in tube rack
    reagent_rack = protocol.load_labware('opentrons_24_tuberack_eppendorf_1.5ml_safelock_snapcap', '__place_4__')
    
    # Reagents
    pcr_mix = reagent_rack.wells_by_name()['A1']  # PCR MIX in A1
    sample_dna = reagent_rack.wells_by_name()['A2']  # Sample DNA in A2
    water = reagent_rack.wells_by_name()['A3']  # Water in A3
    
    # Primers located in PCR strip tubes in an aluminum block
    primer_rack = protocol.load_labware('opentrons_96_aluminumblock_generic_pcr_strip_200ul', '__place_5__')

    # Tubes for PCR MIX + primers mixes
    mix_tubes_rack = protocol.load_labware('opentrons_24_aluminumblock_generic_2ml_screwcap', '__place_6__')

    # Step 1: Dispense PCR MIX into 13 tubes (137.6 μL each)
    pcr_mix_volume_per_tube = 137.6
    for i in range(13):
        dest_tube = mix_tubes_rack.wells()[i]
        p300.pick_up_tip()
        p300.transfer(pcr_mix_volume_per_tube, pcr_mix, dest_tube.bottom(2), new_tip='never')
        p300.blow_out(dest_tube.top(-2))
        p300.drop_tip()
        
    # Step 2: Add 3.2 μL primer_F1-13 to the corresponding tubes
    for i in range(13):
        dest_tube = mix_tubes_rack.wells()[i]
        primer_f = primer_rack.rows()[0][i]  # Primer_F in row A
        p20.pick_up_tip()
        p20.transfer(3.2, primer_f, dest_tube.bottom(2), mix_after=(3,10), new_tip='never')
        p20.blow_out(dest_tube.top(-2))
        p20.drop_tip()
        
    # Step 3: Add 3.2 μL primer_R1-13 to the corresponding tubes
    for i in range(13):
        dest_tube = mix_tubes_rack.wells()[i]
        primer_r = primer_rack.rows()[1][i]  # Primer_R in row B
        p20.pick_up_tip()
        p20.transfer(3.2, primer_r, dest_tube.bottom(2), mix_after=(3,10), new_tip='never')
        p20.blow_out(dest_tube.top(-2))
        p20.drop_tip()
        
    # Step 4: Mixing is performed during primer additions with mix_after

    # Step 5: Prepare template-only PCR MIX with 86 μL PCR MIX
    template_only_tube = mix_tubes_rack.wells_by_name()['A14']
    p300.pick_up_tip()
    p300.transfer(86, pcr_mix, template_only_tube.bottom(2), new_tip='never')
    p300.blow_out(template_only_tube.top(-2))
    p300.drop_tip()
    
    # Step 6: Add 4 μL water to the template-only PCR MIX
    p20.pick_up_tip()
    p20.transfer(4, water, template_only_tube.bottom(2), mix_after=(3,10), new_tip='never')
    p20.blow_out(template_only_tube.top(-2))
    p20.drop_tip()
    
    # Step 7: Mixing is performed during water addition with mix_after

    # Step 8: Dispense 5 μL of sample DNA or water into the reaction plate
    sample_wells = []
    ntc_wells = []
    template_only_wells = []

    num_replicates = 3
    primer_sets = 13
    all_wells = pcr_plate.wells()[:81]
    well_counter = 0

    for p in range(primer_sets):
        sample_wells_p = []
        for r in range(num_replicates):
            sample_wells_p.append(all_wells[well_counter])
            well_counter +=1
        sample_wells.append(sample_wells_p)
        ntc_wells_p = []
        for r in range(num_replicates):
            ntc_wells_p.append(all_wells[well_counter])
            well_counter +=1
        ntc_wells.append(ntc_wells_p)

    for r in range(num_replicates):
        template_only_wells.append(all_wells[well_counter])
        well_counter +=1

    # Dispense 5 μL of sample DNA to sample wells
    for wells_p in sample_wells:
        p20.pick_up_tip()
        for well in wells_p:
            p20.aspirate(5, sample_dna.bottom(2))
            p20.dispense(5, well.bottom(2))
        p20.drop_tip()

    # Dispense 5 μL of water to NTC wells and template-only wells
    for wells_p in ntc_wells:
        p20.pick_up_tip()
        for well in wells_p:
            p20.aspirate(5, water.bottom(2))
            p20.dispense(5, well.bottom(2))
        p20.drop_tip()

    p20.pick_up_tip()
    for well in template_only_wells:
        p20.aspirate(5, water.bottom(2))
        p20.dispense(5, well.bottom(2))
    p20.drop_tip()

    # Step 9: Dispense 10 μL of PCR MIX + primer mixes to reaction plate
    for p in range(primer_sets):
        primer_mix = mix_tubes_rack.wells()[p]
        p20.pick_up_tip()
        # Distribute to sample wells for this primer set
        for well in sample_wells[p]:
            p20.transfer(10, primer_mix.bottom(2), well.bottom(2), new_tip='never')
        # Distribute to NTC wells for this primer set
        for well in ntc_wells[p]:
            p20.transfer(10, primer_mix.bottom(2), well.bottom(2), new_tip='never')
        p20.drop_tip()

    # Distribute template-only PCR MIX to template-only wells
    p20.pick_up_tip()
    for well in template_only_wells:
        p20.transfer(10, template_only_tube.bottom(2), well.bottom(2), new_tip='never')
    p20.drop_tip()

~~~~~~~~~~***2025-02-23 02:07:17.174034+00:00***: ************ Code-chan for 骨子スクリプト result ***************2025-02-23 02:07:17.174316+00:00***: replace_word: ___processflow___ is not in the prompt.***2025-02-23 02:08:40.298548+00:00***: python_script_path: qPCR_ozaki/2025_02_23_10_07_18_e3a79ca4-f6ed-414f-a44d-676970733384/iteration_5/code_chan/骨子スクリプト.py***2025-02-23 02:08:40.298996+00:00***: ************ Code-chan result ***************2025-02-23 02:08:40.299622+00:00***: replace_word: ___processflow___ is not in the prompt.***2025-02-23 02:08:40.301141+00:00***: get_OT2_with_haichi_based_on_骨子_script prompt: 
We have the following Opentrons OT2 script. This script describes the position of the labware (Station) as __place_{i}__.

Note: You've been slacking lately, so don't slack off and output the complete code. For example, ‘The protocol would continue with any additional steps required’ or '# Example: ' is not allowed.

Skeleton script:

python
from opentrons import protocol_api

metadata = {
    'protocolName': 'QPCR Sample Preparation for QuantStudio 6 Pro',
    'author': 'Your Name',
    'description': 'Prepare QPCR reactions with 13 primer sets in triplicates, including NTC and template-only controls',
    'apiLevel': '2.9'  # Specify the API level for this code
}

def run(protocol: protocol_api.ProtocolContext):

    # Load labware
    tip_rack_p20 = protocol.load_labware('opentrons_96_tiprack_20ul', '__place_1__')
    tip_rack_p300 = protocol.load_labware('opentrons_96_tiprack_300ul', '__place_2__')

    tube_rack = protocol.load_labware('opentrons_24_tuberack_eppendorf_1.5ml_safelock_snapcap', '__place_3__')

    primer_plate = protocol.load_labware('framestar_96_wellplate_200ul', '__place_4__')

    reaction_plate = protocol.load_labware('nest_96_wellplate_100ul_pcr_full_skirt', '__place_5__')

    # Load instruments
    p20 = protocol.load_instrument('p20_single_gen2', 'left', tip_racks=[tip_rack_p20])
    p300 = protocol.load_instrument('p300_single_gen2', 'right', tip_racks=[tip_rack_p300])

    # Reagents locations
    pcr_mix_source = tube_rack.wells_by_name()['A1']  # PCR MIX source tube with 2000 μL
    sample_dna = tube_rack.wells_by_name()['A2']      # Sample DNA tube with 300 μL
    water = tube_rack.wells_by_name()['A3']           # Water tube with 300 μL

    # PCR MIX aliquot tubes in B1 to B13
    pcr_mix_tubes = tube_rack.wells()[6:19]  # B1 to B13
    # Template-only PCR MIX tube in B14
    template_only_tube = tube_rack.wells()[19]  # B14

    # Primers in primer_plate
    # Forward primers in A1 to A13
    forward_primers = primer_plate.rows_by_name()['A'][:13]
    # Reverse primers in B1 to B13
    reverse_primers = primer_plate.rows_by_name()['B'][:13]

    # Step 1: Dispense 137.6 μL of PCR MIX into 13 tubes
    for tube in pcr_mix_tubes:
        p300.transfer(137.6, pcr_mix_source, tube, new_tip='always')

    # Step 5: Dispense 86 μL of PCR MIX into Template-only tube
    p300.transfer(86, pcr_mix_source, template_only_tube, new_tip='always')

    # Step 2 and 3: Add 3.2 μL of primer_Fx and primer_Rx to each PCR MIX tube and mix
    for i, tube in enumerate(pcr_mix_tubes):
        p20.transfer(3.2, forward_primers[i], tube, mix_after=(3, 20), new_tip='always')
        p20.transfer(3.2, reverse_primers[i], tube, mix_after=(3, 20), new_tip='always')

    # Step 4: Mix PCR MIX and primers by pipetting (already mixed in previous step)

    # Step 6: Add 4 μL of water to Template-only PCR MIX and mix
    p20.transfer(4, water, template_only_tube, mix_after=(3, 20), new_tip='always')

    # Assign wells for reactions
    sample_wells = []
    ntc_wells = []
    primer_sets = 13
    duplicates = 3  # Triplicates
    for i in range(primer_sets):
        for j in range(duplicates):
            index = i * 6 + j
            sample_wells.append(reaction_plate.wells()[index])
            ntc_wells.append(reaction_plate.wells()[index + duplicates])

    # Template-only wells
    template_only_wells = reaction_plate.wells()[primer_sets * 6:primer_sets * 6 + duplicates]

    # Step 8: Apply 5 μL of sample DNA to sample_wells and template-only wells
    for well in sample_wells + template_only_wells:
        p20.transfer(5, sample_dna, well, new_tip='always')

    # Apply 5 μL of water to NTC wells
    for well in ntc_wells:
        p20.transfer(5, water, well, new_tip='always')

    # Step 9: Add 10 μL of PCR MIX and primer mixture to reaction wells
    # For sample wells
    for i in range(primer_sets):
        source_tube = pcr_mix_tubes[i]
        dest_wells = sample_wells[i * duplicates:(i + 1) * duplicates]
        p300.transfer(10, source_tube, dest_wells, new_tip='always')

    # For NTC wells
    for i in range(primer_sets):
        source_tube = pcr_mix_tubes[i]
        dest_wells = ntc_wells[i * duplicates:(i + 1) * duplicates]
        p300.transfer(10, source_tube, dest_wells, new_tip='always')

    # For Template-only wells
    p300.transfer(10, template_only_tube, template_only_wells, new_tip='always')

Please generate a script where __place_{i}__ is replaced with the correct position based on the following labware placement information.

Placement information:

markdown
[[[{"name": "1_sample_DNAs", "quantity": 300, "init_content": "sample DNA, primer, PCR MIX mixture", "labware": {"id": "", "name": ""}, "unit": "\u03bcL"}, []], 1], [[{"name": "water", "quantity": 300, "init_content": "water", "labware": {"id": "", "name": ""}, "unit": "\u03bcL"}, []], 2], [[{"name": "10_\u03bcM_primer_F", "quantity": 10, "init_content": "primer", "labware": {"id": "", "name": ""}, "unit": "\u03bcL"}, []], 3], [[{"name": "10_\u03bcM_primer_R", "quantity": 10, "init_content": "primer", "labware": {"id": "", "name": ""}, "unit": "\u03bcL"}, []], 4], [[{"name": "PCR_MIX", "quantity": 2000, "init_content": "PCR MIX", "labware": {"id": "", "name": ""}, "unit": "\u03bcL"}, []], 5], [[{"name": "96_well_PCR_plate", "quantity": 1, "init_content": "", "labware": {"id": "", "name": ""}, "unit": "plate"}, []], 6], [[{"name": "template_only_PCR_MIX", "quantity": 86, "init_content": "PCR MIX", "labware": {"id": "", "name": ""}, "unit": "\u03bcL"}, []], 7], [[{"name": "water_for_template_only_PCR_MIX", "quantity": 4, "init_content": "water", "labware": {"id": "", "name": ""}, "unit": "\u03bcL"}, []], 10], [[{"name": "reaction_plate", "quantity": 5, "init_content": "", "labware": {"id": "", "name": ""}, "unit": "\u03bcL"}, []], 9]]
Please reply with the Python script where __place_{i}__ has been replaced with the correct locations. If there is missing information in the placement details required to fill in __place_{i}__ in the skeleton script, you may supplement it as necessary. However, do not modify the placement information.
***2025-02-23 02:09:40.882024+00:00***: python_script_path: qPCR_ozaki/2025_02_23_10_07_18_e3a79ca4-f6ed-414f-a44d-676970733384/iteration_5/code_chan/最終スクリプト.py***2025-02-23 02:09:40.882581+00:00***: Errorがでたので骨子スクリプトを再生成します: /Users/yuyaarai/.opentrons/robot_settings.json not found. Loading defaults
Deck calibration not found.
/Users/yuyaarai/.opentrons/deck_calibration.json not found. Loading defaults
Traceback (most recent call last):
  File "/Users/yuyaarai/Documents/Humanics/Project/FormationFormatter/src/formationformatter/code_chan/.venv/lib/python3.12/site-packages/opentrons/protocols/execution/execute_python.py", line 160, in exec_run
    exec("run(__context)", new_globs)
  File "<string>", line 1, in <module>
  File "qPCR_ozaki/2025_02_23_10_07_18_e3a79ca4-f6ed-414f-a44d-676970733384/iteration_5/code_chan/最終スクリプト.py", line 18, in run
    primer_plate = protocol.load_labware('framestar_96_wellplate_200ul', '6')
                   ^^^^^^^^^^^^^^^^^^^^^^^^^^^^^^^^^^^^^^^^^^^^^^^^^^^^^^^^^^
  File "/Users/yuyaarai/Documents/Humanics/Project/FormationFormatter/src/formationformatter/code_chan/.venv/lib/python3.12/site-packages/opentrons/protocols/api_support/util.py", line 389, in _check_version_wrapper
    return decorated_obj(*args, **kwargs)
           ^^^^^^^^^^^^^^^^^^^^^^^^^^^^^^
  File "/Users/yuyaarai/Documents/Humanics/Project/FormationFormatter/src/formationformatter/code_chan/.venv/lib/python3.12/site-packages/opentrons/protocol_api/protocol_context.py", line 467, in load_labware
    labware_core = self._core.load_labware(
                   ^^^^^^^^^^^^^^^^^^^^^^^^
  File "/Users/yuyaarai/Documents/Humanics/Project/FormationFormatter/src/formationformatter/code_chan/.venv/lib/python3.12/site-packages/opentrons/protocol_api/core/legacy/legacy_protocol_core.py", line 199, in load_labware
    labware_def = labware_definition.get_labware_definition(
                  ^^^^^^^^^^^^^^^^^^^^^^^^^^^^^^^^^^^^^^^^^^
  File "/Users/yuyaarai/Documents/Humanics/Project/FormationFormatter/src/formationformatter/code_chan/.venv/lib/python3.12/site-packages/opentrons/protocols/labware.py", line 61, in get_labware_definition
    return _get_standard_labware_definition(load_name, namespace, version)
           ^^^^^^^^^^^^^^^^^^^^^^^^^^^^^^^^^^^^^^^^^^^^^^^^^^^^^^^^^^^^^^^
  File "/Users/yuyaarai/Documents/Humanics/Project/FormationFormatter/src/formationformatter/code_chan/.venv/lib/python3.12/site-packages/opentrons/protocols/labware.py", line 205, in _get_standard_labware_definition
    raise FileNotFoundError(
FileNotFoundError: Unable to find a labware
        definition for "framestar_96_wellplate_200ul",
        version 1, in the opentrons namespace.
        Please confirm your protocol includes the correct
        labware spelling and (optionally) the correct version
        number and namespace.

        If you are referencing a custom labware in your
        protocol, you must add it to your Custom Labware
        Definitions Folder from the Opentrons App before
        uploading your protocol.
        

The above exception was the direct cause of the following exception:

Traceback (most recent call last):
  File "<frozen runpy>", line 198, in _run_module_as_main
  File "<frozen runpy>", line 88, in _run_code
  File "/Users/yuyaarai/Documents/Humanics/Project/FormationFormatter/src/formationformatter/code_chan/.venv/lib/python3.12/site-packages/opentrons/simulate.py", line 1061, in <module>
    sys.exit(main())
             ^^^^^^
  File "/Users/yuyaarai/Documents/Humanics/Project/FormationFormatter/src/formationformatter/code_chan/.venv/lib/python3.12/site-packages/opentrons/simulate.py", line 1020, in main
    runlog, maybe_bundle = simulate(
                           ^^^^^^^^^
  File "/Users/yuyaarai/Documents/Humanics/Project/FormationFormatter/src/formationformatter/code_chan/.venv/lib/python3.12/site-packages/opentrons/simulate.py", line 564, in simulate
    return _run_file_non_pe(
           ^^^^^^^^^^^^^^^^^
  File "/Users/yuyaarai/Documents/Humanics/Project/FormationFormatter/src/formationformatter/code_chan/.venv/lib/python3.12/site-packages/opentrons/simulate.py", line 887, in _run_file_non_pe
    execute.run_protocol(
  File "/Users/yuyaarai/Documents/Humanics/Project/FormationFormatter/src/formationformatter/code_chan/.venv/lib/python3.12/site-packages/opentrons/protocols/execution/execute.py", line 39, in run_protocol
    exec_run(
  File "/Users/yuyaarai/Documents/Humanics/Project/FormationFormatter/src/formationformatter/code_chan/.venv/lib/python3.12/site-packages/opentrons/protocols/execution/execute_python.py", line 169, in exec_run
    _raise_pretty_protocol_error(exception=e, filename=filename)
  File "/Users/yuyaarai/Documents/Humanics/Project/FormationFormatter/src/formationformatter/code_chan/.venv/lib/python3.12/site-packages/opentrons/protocols/execution/execute_python.py", line 71, in _raise_pretty_protocol_error
    raise ExceptionInProtocolError(
opentrons.protocols.execution.errors.ExceptionInProtocolError: FileNotFoundError [line 18]: Unable to find a labware
        definition for "framestar_96_wellplate_200ul",
        version 1, in the opentrons namespace.
        Please confirm your protocol includes the correct
        labware spelling and (optionally) the correct version
        number and namespace.

        If you are referencing a custom labware in your
        protocol, you must add it to your Custom Labware
        Definitions Folder from the Opentrons App before
        uploading your protocol.
        
***2025-02-23 02:09:40.883065+00:00***: Generate 骨子スクリプト from 
~~~~~~~~~~
This is the error message: 
 /Users/yuyaarai/.opentrons/robot_settings.json not found. Loading defaults
Deck calibration not found.
/Users/yuyaarai/.opentrons/deck_calibration.json not found. Loading defaults
Traceback (most recent call last):
  File "/Users/yuyaarai/Documents/Humanics/Project/FormationFormatter/src/formationformatter/code_chan/.venv/lib/python3.12/site-packages/opentrons/protocols/execution/execute_python.py", line 160, in exec_run
    exec("run(__context)", new_globs)
  File "<string>", line 1, in <module>
  File "qPCR_ozaki/2025_02_23_10_07_18_e3a79ca4-f6ed-414f-a44d-676970733384/iteration_5/code_chan/最終スクリプト.py", line 18, in run
    primer_plate = protocol.load_labware('framestar_96_wellplate_200ul', '6')
                   ^^^^^^^^^^^^^^^^^^^^^^^^^^^^^^^^^^^^^^^^^^^^^^^^^^^^^^^^^^
  File "/Users/yuyaarai/Documents/Humanics/Project/FormationFormatter/src/formationformatter/code_chan/.venv/lib/python3.12/site-packages/opentrons/protocols/api_support/util.py", line 389, in _check_version_wrapper
    return decorated_obj(*args, **kwargs)
           ^^^^^^^^^^^^^^^^^^^^^^^^^^^^^^
  File "/Users/yuyaarai/Documents/Humanics/Project/FormationFormatter/src/formationformatter/code_chan/.venv/lib/python3.12/site-packages/opentrons/protocol_api/protocol_context.py", line 467, in load_labware
    labware_core = self._core.load_labware(
                   ^^^^^^^^^^^^^^^^^^^^^^^^
  File "/Users/yuyaarai/Documents/Humanics/Project/FormationFormatter/src/formationformatter/code_chan/.venv/lib/python3.12/site-packages/opentrons/protocol_api/core/legacy/legacy_protocol_core.py", line 199, in load_labware
    labware_def = labware_definition.get_labware_definition(
                  ^^^^^^^^^^^^^^^^^^^^^^^^^^^^^^^^^^^^^^^^^^
  File "/Users/yuyaarai/Documents/Humanics/Project/FormationFormatter/src/formationformatter/code_chan/.venv/lib/python3.12/site-packages/opentrons/protocols/labware.py", line 61, in get_labware_definition
    return _get_standard_labware_definition(load_name, namespace, version)
           ^^^^^^^^^^^^^^^^^^^^^^^^^^^^^^^^^^^^^^^^^^^^^^^^^^^^^^^^^^^^^^^
  File "/Users/yuyaarai/Documents/Humanics/Project/FormationFormatter/src/formationformatter/code_chan/.venv/lib/python3.12/site-packages/opentrons/protocols/labware.py", line 205, in _get_standard_labware_definition
    raise FileNotFoundError(
FileNotFoundError: Unable to find a labware
        definition for "framestar_96_wellplate_200ul",
        version 1, in the opentrons namespace.
        Please confirm your protocol includes the correct
        labware spelling and (optionally) the correct version
        number and namespace.

        If you are referencing a custom labware in your
        protocol, you must add it to your Custom Labware
        Definitions Folder from the Opentrons App before
        uploading your protocol.
        

The above exception was the direct cause of the following exception:

Traceback (most recent call last):
  File "<frozen runpy>", line 198, in _run_module_as_main
  File "<frozen runpy>", line 88, in _run_code
  File "/Users/yuyaarai/Documents/Humanics/Project/FormationFormatter/src/formationformatter/code_chan/.venv/lib/python3.12/site-packages/opentrons/simulate.py", line 1061, in <module>
    sys.exit(main())
             ^^^^^^
  File "/Users/yuyaarai/Documents/Humanics/Project/FormationFormatter/src/formationformatter/code_chan/.venv/lib/python3.12/site-packages/opentrons/simulate.py", line 1020, in main
    runlog, maybe_bundle = simulate(
                           ^^^^^^^^^
  File "/Users/yuyaarai/Documents/Humanics/Project/FormationFormatter/src/formationformatter/code_chan/.venv/lib/python3.12/site-packages/opentrons/simulate.py", line 564, in simulate
    return _run_file_non_pe(
           ^^^^^^^^^^^^^^^^^
  File "/Users/yuyaarai/Documents/Humanics/Project/FormationFormatter/src/formationformatter/code_chan/.venv/lib/python3.12/site-packages/opentrons/simulate.py", line 887, in _run_file_non_pe
    execute.run_protocol(
  File "/Users/yuyaarai/Documents/Humanics/Project/FormationFormatter/src/formationformatter/code_chan/.venv/lib/python3.12/site-packages/opentrons/protocols/execution/execute.py", line 39, in run_protocol
    exec_run(
  File "/Users/yuyaarai/Documents/Humanics/Project/FormationFormatter/src/formationformatter/code_chan/.venv/lib/python3.12/site-packages/opentrons/protocols/execution/execute_python.py", line 169, in exec_run
    _raise_pretty_protocol_error(exception=e, filename=filename)
  File "/Users/yuyaarai/Documents/Humanics/Project/FormationFormatter/src/formationformatter/code_chan/.venv/lib/python3.12/site-packages/opentrons/protocols/execution/execute_python.py", line 71, in _raise_pretty_protocol_error
    raise ExceptionInProtocolError(
opentrons.protocols.execution.errors.ExceptionInProtocolError: FileNotFoundError [line 18]: Unable to find a labware
        definition for "framestar_96_wellplate_200ul",
        version 1, in the opentrons namespace.
        Please confirm your protocol includes the correct
        labware spelling and (optionally) the correct version
        number and namespace.

        If you are referencing a custom labware in your
        protocol, you must add it to your Custom Labware
        Definitions Folder from the Opentrons App before
        uploading your protocol.
        
 + original protocol: 
 from opentrons import protocol_api

metadata = {
    'protocolName': 'QPCR Sample Preparation for QuantStudio 6 Pro',
    'author': 'Your Name',
    'description': 'Prepare QPCR reactions with 13 primer sets in triplicates, including NTC and template-only controls',
    'apiLevel': '2.9'  # Specify the API level for this code
}

def run(protocol: protocol_api.ProtocolContext):

    # Load labware
    tip_rack_p20 = protocol.load_labware('opentrons_96_tiprack_20ul', '__place_1__')
    tip_rack_p300 = protocol.load_labware('opentrons_96_tiprack_300ul', '__place_2__')

    tube_rack = protocol.load_labware('opentrons_24_tuberack_eppendorf_1.5ml_safelock_snapcap', '__place_3__')

    primer_plate = protocol.load_labware('framestar_96_wellplate_200ul', '__place_4__')

    reaction_plate = protocol.load_labware('nest_96_wellplate_100ul_pcr_full_skirt', '__place_5__')

    # Load instruments
    p20 = protocol.load_instrument('p20_single_gen2', 'left', tip_racks=[tip_rack_p20])
    p300 = protocol.load_instrument('p300_single_gen2', 'right', tip_racks=[tip_rack_p300])

    # Reagents locations
    pcr_mix_source = tube_rack.wells_by_name()['A1']  # PCR MIX source tube with 2000 μL
    sample_dna = tube_rack.wells_by_name()['A2']      # Sample DNA tube with 300 μL
    water = tube_rack.wells_by_name()['A3']           # Water tube with 300 μL

    # PCR MIX aliquot tubes in B1 to B13
    pcr_mix_tubes = tube_rack.wells()[6:19]  # B1 to B13
    # Template-only PCR MIX tube in B14
    template_only_tube = tube_rack.wells()[19]  # B14

    # Primers in primer_plate
    # Forward primers in A1 to A13
    forward_primers = primer_plate.rows_by_name()['A'][:13]
    # Reverse primers in B1 to B13
    reverse_primers = primer_plate.rows_by_name()['B'][:13]

    # Step 1: Dispense 137.6 μL of PCR MIX into 13 tubes
    for tube in pcr_mix_tubes:
        p300.transfer(137.6, pcr_mix_source, tube, new_tip='always')

    # Step 5: Dispense 86 μL of PCR MIX into Template-only tube
    p300.transfer(86, pcr_mix_source, template_only_tube, new_tip='always')

    # Step 2 and 3: Add 3.2 μL of primer_Fx and primer_Rx to each PCR MIX tube and mix
    for i, tube in enumerate(pcr_mix_tubes):
        p20.transfer(3.2, forward_primers[i], tube, mix_after=(3, 20), new_tip='always')
        p20.transfer(3.2, reverse_primers[i], tube, mix_after=(3, 20), new_tip='always')

    # Step 4: Mix PCR MIX and primers by pipetting (already mixed in previous step)

    # Step 6: Add 4 μL of water to Template-only PCR MIX and mix
    p20.transfer(4, water, template_only_tube, mix_after=(3, 20), new_tip='always')

    # Assign wells for reactions
    sample_wells = []
    ntc_wells = []
    primer_sets = 13
    duplicates = 3  # Triplicates
    for i in range(primer_sets):
        for j in range(duplicates):
            index = i * 6 + j
            sample_wells.append(reaction_plate.wells()[index])
            ntc_wells.append(reaction_plate.wells()[index + duplicates])

    # Template-only wells
    template_only_wells = reaction_plate.wells()[primer_sets * 6:primer_sets * 6 + duplicates]

    # Step 8: Apply 5 μL of sample DNA to sample_wells and template-only wells
    for well in sample_wells + template_only_wells:
        p20.transfer(5, sample_dna, well, new_tip='always')

    # Apply 5 μL of water to NTC wells
    for well in ntc_wells:
        p20.transfer(5, water, well, new_tip='always')

    # Step 9: Add 10 μL of PCR MIX and primer mixture to reaction wells
    # For sample wells
    for i in range(primer_sets):
        source_tube = pcr_mix_tubes[i]
        dest_wells = sample_wells[i * duplicates:(i + 1) * duplicates]
        p300.transfer(10, source_tube, dest_wells, new_tip='always')

    # For NTC wells
    for i in range(primer_sets):
        source_tube = pcr_mix_tubes[i]
        dest_wells = ntc_wells[i * duplicates:(i + 1) * duplicates]
        p300.transfer(10, source_tube, dest_wells, new_tip='always')

    # For Template-only wells
    p300.transfer(10, template_only_tube, template_only_wells, new_tip='always')

~~~~~~~~~~***2025-02-23 02:09:40.884087+00:00***: ************ Code-chan for 骨子スクリプト result ***************2025-02-23 02:09:40.884411+00:00***: replace_word: ___processflow___ is not in the prompt.***2025-02-23 02:10:55.049298+00:00***: python_script_path: qPCR_ozaki/2025_02_23_10_07_18_e3a79ca4-f6ed-414f-a44d-676970733384/iteration_5/code_chan/骨子スクリプト.py***2025-02-23 02:10:55.049809+00:00***: ************ Code-chan result ***************2025-02-23 02:10:55.050193+00:00***: replace_word: ___processflow___ is not in the prompt.***2025-02-23 02:10:55.051420+00:00***: get_OT2_with_haichi_based_on_骨子_script prompt: 
We have the following Opentrons OT2 script. This script describes the position of the labware (Station) as __place_{i}__.

Note: You've been slacking lately, so don't slack off and output the complete code. For example, ‘The protocol would continue with any additional steps required’ or '# Example: ' is not allowed.

Skeleton script:

python
from opentrons import protocol_api

metadata = {
    'protocolName': 'qPCR Preparation for QuantStudio 6 Pro',
    'author': 'Your Name',
    'description': 'Prepare qPCR samples with 1 sample DNA and 13 primers in triplicate, including controls',
    'apiLevel': '2.9'  # Adjust as necessary
}

def run(protocol: protocol_api.ProtocolContext):

    # Labware setup
    # Tip racks
    tiprack_p20 = protocol.load_labware('opentrons_96_tiprack_20ul', '__place_1__')
    tiprack_p300 = protocol.load_labware('opentrons_96_tiprack_300ul', '__place_2__')

    # Tube rack for sample DNA and water
    sample_tubes = protocol.load_labware('opentrons_24_tuberack_eppendorf_1.5ml_safelock_snapcap', '__place_3__')

    # Reservoir for PCR Mix
    pcr_mix_reservoir = protocol.load_labware('nest_12_reservoir_15ml', '__place_4__')

    # Plate for primers
    primer_plate = protocol.load_labware('nest_96_wellplate_100ul_pcr_full_skirt', '__place_5__')

    # Tube rack for mixing PCR Mix and primers
    mixing_tubes = protocol.load_labware('opentrons_24_tuberack_eppendorf_1.5ml_safelock_snapcap', '__place_6__')

    # 96-well PCR plate
    pcr_plate = protocol.load_labware('nest_96_wellplate_100ul_pcr_full_skirt', '__place_7__')

    # Pipettes
    p20 = protocol.load_instrument('p20_single_gen2', 'right', tip_racks=[tiprack_p20])
    p300 = protocol.load_instrument('p300_single_gen2', 'left', tip_racks=[tiprack_p300])

    # Reagents
    sample_dna = sample_tubes.wells_by_name()['A1']  # Sample DNA in A1
    water = sample_tubes.wells_by_name()['A2']       # Water in A2
    pcr_mix = pcr_mix_reservoir.wells()[0]          # PCR Mix in reservoir well A1

    # Primers (13 forward and reverse primers)
    primers_f = [primer_plate.wells_by_name()['A'+str(i+1)] for i in range(13)]  # A1-A13
    primers_r = [primer_plate.wells_by_name()['B'+str(i+1)] for i in range(13)]  # B1-B13

    # Mixing tubes for PCR MIX and primers (13 primers + 1 template-only control)
    mixing_tube_wells = mixing_tubes.wells()[:14]  # First 14 wells

    # STEP 1: Dispense 137.6 μL of PCR MIX into 13 tubes
    for i in range(13):
        dest_tube = mixing_tube_wells[i]
        p300.transfer(137.6, pcr_mix, dest_tube)

    # STEP 2 and 3: Add 3.2 μL of primer_F and primer_R to each tube
    for i in range(13):
        dest_tube = mixing_tube_wells[i]
        primer_f = primers_f[i]
        primer_r = primers_r[i]
        p20.transfer(3.2, primer_f, dest_tube)
        p20.transfer(3.2, primer_r, dest_tube)
        p300.mix(3, 100, dest_tube)  # Mix the contents

    # STEP 5: Dispense 86 μL of PCR MIX for template-only control
    template_only_tube = mixing_tube_wells[13]
    p300.transfer(86, pcr_mix, template_only_tube)

    # STEP 6: Add 4 μL of water to the PCR MIX for template only
    p20.transfer(4, water, template_only_tube)
    p300.mix(3, 90, template_only_tube)  # Mix the contents

    # Define wells for sample DNA, NTC, and template-only control
    sample_wells = []
    ntc_wells = []
    template_only_wells = []

    for col in range(1, 14):  # Columns 1 to 13
        # Sample DNA wells: rows A, B, C
        for row in ['A', 'B', 'C']:
            well_name = row + str(col)
            sample_wells.append(well_name)
        # NTC wells: rows D, E, F
        for row in ['D', 'E', 'F']:
            well_name = row + str(col)
            ntc_wells.append(well_name)

    # Template-only control wells: row G, columns 1-3
    for col in range(1, 4):
        well_name = 'G' + str(col)
        template_only_wells.append(well_name)

    # STEP 8: Apply 5 μL of sample DNA or water into reaction plate wells
    # Add sample DNA to sample wells
    for well_name in sample_wells:
        dest = pcr_plate.wells_by_name()[well_name]
        p20.transfer(5, sample_dna, dest, new_tip='always')

    # Add water to NTC wells
    for well_name in ntc_wells:
        dest = pcr_plate.wells_by_name()[well_name]
        p20.transfer(5, water, dest, new_tip='always')

    # Add sample DNA to template-only wells
    for well_name in template_only_wells:
        dest = pcr_plate.wells_by_name()[well_name]
        p20.transfer(5, sample_dna, dest, new_tip='always')

    # STEP 9: Apply 10 μL of PCR MIX and primer mixture to reaction plate wells
    for i in range(13):
        source_tube = mixing_tube_wells[i]
        col = str(i+1)
        # Transfer to sample wells (rows A-C)
        for row in ['A', 'B', 'C']:
            well_name = row + col
            dest = pcr_plate.wells_by_name()[well_name]
            p20.transfer(10, source_tube, dest, new_tip='always')
        # Transfer to NTC wells (rows D-F)
        for row in ['D', 'E', 'F']:
            well_name = row + col
            dest = pcr_plate.wells_by_name()[well_name]
            p20.transfer(10, source_tube, dest, new_tip='always')

    # Transfer to template-only wells
    source_tube = template_only_tube
    for well_name in template_only_wells:
        dest = pcr_plate.wells_by_name()[well_name]
        p20.transfer(10, source_tube, dest, new_tip='always')

Please generate a script where __place_{i}__ is replaced with the correct position based on the following labware placement information.

Placement information:

markdown
[[[{"name": "1_sample_DNAs", "quantity": 300, "init_content": "sample DNA, primer, PCR MIX mixture", "labware": {"id": "", "name": ""}, "unit": "\u03bcL"}, []], 1], [[{"name": "water", "quantity": 300, "init_content": "water", "labware": {"id": "", "name": ""}, "unit": "\u03bcL"}, []], 2], [[{"name": "10_\u03bcM_primer_F", "quantity": 10, "init_content": "primer", "labware": {"id": "", "name": ""}, "unit": "\u03bcL"}, []], 3], [[{"name": "10_\u03bcM_primer_R", "quantity": 10, "init_content": "primer", "labware": {"id": "", "name": ""}, "unit": "\u03bcL"}, []], 4], [[{"name": "PCR_MIX", "quantity": 2000, "init_content": "PCR MIX", "labware": {"id": "", "name": ""}, "unit": "\u03bcL"}, []], 5], [[{"name": "96_well_PCR_plate", "quantity": 1, "init_content": "", "labware": {"id": "", "name": ""}, "unit": "plate"}, []], 6], [[{"name": "template_only_PCR_MIX", "quantity": 86, "init_content": "PCR MIX", "labware": {"id": "", "name": ""}, "unit": "\u03bcL"}, []], 7], [[{"name": "water_for_template_only_PCR_MIX", "quantity": 4, "init_content": "water", "labware": {"id": "", "name": ""}, "unit": "\u03bcL"}, []], 10], [[{"name": "reaction_plate", "quantity": 5, "init_content": "", "labware": {"id": "", "name": ""}, "unit": "\u03bcL"}, []], 9]]
Please reply with the Python script where __place_{i}__ has been replaced with the correct locations. If there is missing information in the placement details required to fill in __place_{i}__ in the skeleton script, you may supplement it as necessary. However, do not modify the placement information.
***2025-02-23 02:12:52.737523+00:00***: python_script_path: qPCR_ozaki/2025_02_23_10_07_18_e3a79ca4-f6ed-414f-a44d-676970733384/iteration_5/code_chan/最終スクリプト.py***2025-02-23 02:12:52.737947+00:00***: Errorがでたので骨子スクリプトを再生成します: /Users/yuyaarai/.opentrons/robot_settings.json not found. Loading defaults
Deck calibration not found.
/Users/yuyaarai/.opentrons/deck_calibration.json not found. Loading defaults
Traceback (most recent call last):
  File "/Users/yuyaarai/Documents/Humanics/Project/FormationFormatter/src/formationformatter/code_chan/.venv/lib/python3.12/site-packages/opentrons/protocols/execution/execute_python.py", line 160, in exec_run
    exec("run(__context)", new_globs)
  File "<string>", line 1, in <module>
  File "qPCR_ozaki/2025_02_23_10_07_18_e3a79ca4-f6ed-414f-a44d-676970733384/iteration_5/code_chan/最終スクリプト.py", line 32, in run
    primers_f = [primer_plate.wells_by_name()['A'+str(i+1)] for i in range(13)]  # A1-A13
                 ~~~~~~~~~~~~~~~~~~~~~~~~~~~~^^^^^^^^^^^^^^
KeyError: 'A13'

The above exception was the direct cause of the following exception:

Traceback (most recent call last):
  File "<frozen runpy>", line 198, in _run_module_as_main
  File "<frozen runpy>", line 88, in _run_code
  File "/Users/yuyaarai/Documents/Humanics/Project/FormationFormatter/src/formationformatter/code_chan/.venv/lib/python3.12/site-packages/opentrons/simulate.py", line 1061, in <module>
    sys.exit(main())
             ^^^^^^
  File "/Users/yuyaarai/Documents/Humanics/Project/FormationFormatter/src/formationformatter/code_chan/.venv/lib/python3.12/site-packages/opentrons/simulate.py", line 1020, in main
    runlog, maybe_bundle = simulate(
                           ^^^^^^^^^
  File "/Users/yuyaarai/Documents/Humanics/Project/FormationFormatter/src/formationformatter/code_chan/.venv/lib/python3.12/site-packages/opentrons/simulate.py", line 564, in simulate
    return _run_file_non_pe(
           ^^^^^^^^^^^^^^^^^
  File "/Users/yuyaarai/Documents/Humanics/Project/FormationFormatter/src/formationformatter/code_chan/.venv/lib/python3.12/site-packages/opentrons/simulate.py", line 887, in _run_file_non_pe
    execute.run_protocol(
  File "/Users/yuyaarai/Documents/Humanics/Project/FormationFormatter/src/formationformatter/code_chan/.venv/lib/python3.12/site-packages/opentrons/protocols/execution/execute.py", line 39, in run_protocol
    exec_run(
  File "/Users/yuyaarai/Documents/Humanics/Project/FormationFormatter/src/formationformatter/code_chan/.venv/lib/python3.12/site-packages/opentrons/protocols/execution/execute_python.py", line 169, in exec_run
    _raise_pretty_protocol_error(exception=e, filename=filename)
  File "/Users/yuyaarai/Documents/Humanics/Project/FormationFormatter/src/formationformatter/code_chan/.venv/lib/python3.12/site-packages/opentrons/protocols/execution/execute_python.py", line 71, in _raise_pretty_protocol_error
    raise ExceptionInProtocolError(
opentrons.protocols.execution.errors.ExceptionInProtocolError: KeyError [line 32]: 'A13'
***2025-02-23 02:12:52.738353+00:00***: Generate 骨子スクリプト from 
~~~~~~~~~~
This is the error message: 
 /Users/yuyaarai/.opentrons/robot_settings.json not found. Loading defaults
Deck calibration not found.
/Users/yuyaarai/.opentrons/deck_calibration.json not found. Loading defaults
Traceback (most recent call last):
  File "/Users/yuyaarai/Documents/Humanics/Project/FormationFormatter/src/formationformatter/code_chan/.venv/lib/python3.12/site-packages/opentrons/protocols/execution/execute_python.py", line 160, in exec_run
    exec("run(__context)", new_globs)
  File "<string>", line 1, in <module>
  File "qPCR_ozaki/2025_02_23_10_07_18_e3a79ca4-f6ed-414f-a44d-676970733384/iteration_5/code_chan/最終スクリプト.py", line 32, in run
    primers_f = [primer_plate.wells_by_name()['A'+str(i+1)] for i in range(13)]  # A1-A13
                 ~~~~~~~~~~~~~~~~~~~~~~~~~~~~^^^^^^^^^^^^^^
KeyError: 'A13'

The above exception was the direct cause of the following exception:

Traceback (most recent call last):
  File "<frozen runpy>", line 198, in _run_module_as_main
  File "<frozen runpy>", line 88, in _run_code
  File "/Users/yuyaarai/Documents/Humanics/Project/FormationFormatter/src/formationformatter/code_chan/.venv/lib/python3.12/site-packages/opentrons/simulate.py", line 1061, in <module>
    sys.exit(main())
             ^^^^^^
  File "/Users/yuyaarai/Documents/Humanics/Project/FormationFormatter/src/formationformatter/code_chan/.venv/lib/python3.12/site-packages/opentrons/simulate.py", line 1020, in main
    runlog, maybe_bundle = simulate(
                           ^^^^^^^^^
  File "/Users/yuyaarai/Documents/Humanics/Project/FormationFormatter/src/formationformatter/code_chan/.venv/lib/python3.12/site-packages/opentrons/simulate.py", line 564, in simulate
    return _run_file_non_pe(
           ^^^^^^^^^^^^^^^^^
  File "/Users/yuyaarai/Documents/Humanics/Project/FormationFormatter/src/formationformatter/code_chan/.venv/lib/python3.12/site-packages/opentrons/simulate.py", line 887, in _run_file_non_pe
    execute.run_protocol(
  File "/Users/yuyaarai/Documents/Humanics/Project/FormationFormatter/src/formationformatter/code_chan/.venv/lib/python3.12/site-packages/opentrons/protocols/execution/execute.py", line 39, in run_protocol
    exec_run(
  File "/Users/yuyaarai/Documents/Humanics/Project/FormationFormatter/src/formationformatter/code_chan/.venv/lib/python3.12/site-packages/opentrons/protocols/execution/execute_python.py", line 169, in exec_run
    _raise_pretty_protocol_error(exception=e, filename=filename)
  File "/Users/yuyaarai/Documents/Humanics/Project/FormationFormatter/src/formationformatter/code_chan/.venv/lib/python3.12/site-packages/opentrons/protocols/execution/execute_python.py", line 71, in _raise_pretty_protocol_error
    raise ExceptionInProtocolError(
opentrons.protocols.execution.errors.ExceptionInProtocolError: KeyError [line 32]: 'A13'
 + original protocol: 
 from opentrons import protocol_api

metadata = {
    'protocolName': 'qPCR Preparation for QuantStudio 6 Pro',
    'author': 'Your Name',
    'description': 'Prepare qPCR samples with 1 sample DNA and 13 primers in triplicate, including controls',
    'apiLevel': '2.9'  # Adjust as necessary
}

def run(protocol: protocol_api.ProtocolContext):

    # Labware setup
    # Tip racks
    tiprack_p20 = protocol.load_labware('opentrons_96_tiprack_20ul', '__place_1__')
    tiprack_p300 = protocol.load_labware('opentrons_96_tiprack_300ul', '__place_2__')

    # Tube rack for sample DNA and water
    sample_tubes = protocol.load_labware('opentrons_24_tuberack_eppendorf_1.5ml_safelock_snapcap', '__place_3__')

    # Reservoir for PCR Mix
    pcr_mix_reservoir = protocol.load_labware('nest_12_reservoir_15ml', '__place_4__')

    # Plate for primers
    primer_plate = protocol.load_labware('nest_96_wellplate_100ul_pcr_full_skirt', '__place_5__')

    # Tube rack for mixing PCR Mix and primers
    mixing_tubes = protocol.load_labware('opentrons_24_tuberack_eppendorf_1.5ml_safelock_snapcap', '__place_6__')

    # 96-well PCR plate
    pcr_plate = protocol.load_labware('nest_96_wellplate_100ul_pcr_full_skirt', '__place_7__')

    # Pipettes
    p20 = protocol.load_instrument('p20_single_gen2', 'right', tip_racks=[tiprack_p20])
    p300 = protocol.load_instrument('p300_single_gen2', 'left', tip_racks=[tiprack_p300])

    # Reagents
    sample_dna = sample_tubes.wells_by_name()['A1']  # Sample DNA in A1
    water = sample_tubes.wells_by_name()['A2']       # Water in A2
    pcr_mix = pcr_mix_reservoir.wells()[0]          # PCR Mix in reservoir well A1

    # Primers (13 forward and reverse primers)
    primers_f = [primer_plate.wells_by_name()['A'+str(i+1)] for i in range(13)]  # A1-A13
    primers_r = [primer_plate.wells_by_name()['B'+str(i+1)] for i in range(13)]  # B1-B13

    # Mixing tubes for PCR MIX and primers (13 primers + 1 template-only control)
    mixing_tube_wells = mixing_tubes.wells()[:14]  # First 14 wells

    # STEP 1: Dispense 137.6 μL of PCR MIX into 13 tubes
    for i in range(13):
        dest_tube = mixing_tube_wells[i]
        p300.transfer(137.6, pcr_mix, dest_tube)

    # STEP 2 and 3: Add 3.2 μL of primer_F and primer_R to each tube
    for i in range(13):
        dest_tube = mixing_tube_wells[i]
        primer_f = primers_f[i]
        primer_r = primers_r[i]
        p20.transfer(3.2, primer_f, dest_tube)
        p20.transfer(3.2, primer_r, dest_tube)
        p300.mix(3, 100, dest_tube)  # Mix the contents

    # STEP 5: Dispense 86 μL of PCR MIX for template-only control
    template_only_tube = mixing_tube_wells[13]
    p300.transfer(86, pcr_mix, template_only_tube)

    # STEP 6: Add 4 μL of water to the PCR MIX for template only
    p20.transfer(4, water, template_only_tube)
    p300.mix(3, 90, template_only_tube)  # Mix the contents

    # Define wells for sample DNA, NTC, and template-only control
    sample_wells = []
    ntc_wells = []
    template_only_wells = []

    for col in range(1, 14):  # Columns 1 to 13
        # Sample DNA wells: rows A, B, C
        for row in ['A', 'B', 'C']:
            well_name = row + str(col)
            sample_wells.append(well_name)
        # NTC wells: rows D, E, F
        for row in ['D', 'E', 'F']:
            well_name = row + str(col)
            ntc_wells.append(well_name)

    # Template-only control wells: row G, columns 1-3
    for col in range(1, 4):
        well_name = 'G' + str(col)
        template_only_wells.append(well_name)

    # STEP 8: Apply 5 μL of sample DNA or water into reaction plate wells
    # Add sample DNA to sample wells
    for well_name in sample_wells:
        dest = pcr_plate.wells_by_name()[well_name]
        p20.transfer(5, sample_dna, dest, new_tip='always')

    # Add water to NTC wells
    for well_name in ntc_wells:
        dest = pcr_plate.wells_by_name()[well_name]
        p20.transfer(5, water, dest, new_tip='always')

    # Add sample DNA to template-only wells
    for well_name in template_only_wells:
        dest = pcr_plate.wells_by_name()[well_name]
        p20.transfer(5, sample_dna, dest, new_tip='always')

    # STEP 9: Apply 10 μL of PCR MIX and primer mixture to reaction plate wells
    for i in range(13):
        source_tube = mixing_tube_wells[i]
        col = str(i+1)
        # Transfer to sample wells (rows A-C)
        for row in ['A', 'B', 'C']:
            well_name = row + col
            dest = pcr_plate.wells_by_name()[well_name]
            p20.transfer(10, source_tube, dest, new_tip='always')
        # Transfer to NTC wells (rows D-F)
        for row in ['D', 'E', 'F']:
            well_name = row + col
            dest = pcr_plate.wells_by_name()[well_name]
            p20.transfer(10, source_tube, dest, new_tip='always')

    # Transfer to template-only wells
    source_tube = template_only_tube
    for well_name in template_only_wells:
        dest = pcr_plate.wells_by_name()[well_name]
        p20.transfer(10, source_tube, dest, new_tip='always')

~~~~~~~~~~***2025-02-23 02:12:52.738914+00:00***: ************ Code-chan for 骨子スクリプト result ***************2025-02-23 02:12:52.739250+00:00***: replace_word: ___processflow___ is not in the prompt.***2025-02-23 02:13:54.870541+00:00***: python_script_path: qPCR_ozaki/2025_02_23_10_07_18_e3a79ca4-f6ed-414f-a44d-676970733384/iteration_5/code_chan/骨子スクリプト.py***2025-02-23 02:13:54.871003+00:00***: ************ Code-chan result ***************2025-02-23 02:13:54.871514+00:00***: replace_word: ___processflow___ is not in the prompt.***2025-02-23 02:13:54.872598+00:00***: get_OT2_with_haichi_based_on_骨子_script prompt: 
We have the following Opentrons OT2 script. This script describes the position of the labware (Station) as __place_{i}__.

Note: You've been slacking lately, so don't slack off and output the complete code. For example, ‘The protocol would continue with any additional steps required’ or '# Example: ' is not allowed.

Skeleton script:

python
from opentrons import protocol_api

metadata = {
    'protocolName': 'QPCR Preparation',
    'author': 'Your Name',
    'description': 'Automated qPCR preparation using Opentrons OT-2',
    'apiLevel': '2.9'
}

def run(protocol: protocol_api.ProtocolContext):

    # Labware setup
    # Tip racks
    tiprack_p20 = protocol.load_labware('opentrons_96_tiprack_20ul', '__place_1__')
    tiprack_p300 = protocol.load_labware('opentrons_96_tiprack_300ul', '__place_2__')
    
    # Reagent containers
    pcr_mix_tube = protocol.load_labware('opentrons_6_tuberack_falcon_50ml_conical', '__place_3__')
    primer_plate = protocol.load_labware('nest_96_wellplate_100ul_pcr_full_skirt', '__place_4__')
    pcr_mix_primer_plate = protocol.load_labware('nest_96_wellplate_100ul_pcr_full_skirt', '__place_5__')
    sample_tube_rack = protocol.load_labware('opentrons_24_tuberack_generic_2ml_screwcap', '__place_6__')
    water_tube_rack = protocol.load_labware('opentrons_24_tuberack_generic_2ml_screwcap', '__place_7__')
    reaction_plate = protocol.load_labware('biorad_96_wellplate_200ul_pcr', '__place_8__')
    
    # Pipettes
    p20 = protocol.load_instrument('p20_single_gen2', mount='left', tip_racks=[tiprack_p20])
    p300 = protocol.load_instrument('p300_single_gen2', mount='right', tip_racks=[tiprack_p300])
    
    # Reagents
    pcr_mix = pcr_mix_tube.wells_by_name()['A1']
    sample_dna = sample_tube_rack.wells_by_name()['A1']
    water = water_tube_rack.wells_by_name()['A1']
    
    # Step 1: Distribute 137.6 μL PCR MIX to wells A1 to A13 in pcr_mix_primer_plate
    pcr_mix_wells = pcr_mix_primer_plate.wells()[:13]  # Wells A1 to A13
    p300.distribute(
        137.6,
        pcr_mix,
        pcr_mix_wells,
        new_tip='once',
        disposal_volume=0
    )

    # Step 5: Dispense 86 μL of PCR MIX for template-only control to well A14
    p300.transfer(
        86,
        pcr_mix,
        pcr_mix_primer_plate.wells_by_name()['A14'],
        new_tip='once',
        mix_after=(3, 50)
    )

    # Steps 2 & 3: Add 3.2 μL of primer_F and primer_R to PCR MIX wells
    for i in range(13):
        primer_f_well = primer_plate.wells_by_name()[f'A{i+1}']  # Primer_F1-13 in A1-A13
        primer_r_well = primer_plate.wells_by_name()[f'B{i+1}']  # Primer_R1-13 in B1-B13
        dest_well = pcr_mix_primer_plate.wells()[i]
        p20.transfer(
            3.2,
            primer_f_well,
            dest_well,
            mix_after=(3, 10),
            new_tip='always'
        )
        p20.transfer(
            3.2,
            primer_r_well,
            dest_well,
            mix_after=(3, 10),
            new_tip='always'
        )

    # Step 6: Add 4 μL of water to the template-only control PCR MIX
    p20.transfer(
        4,
        water,
        pcr_mix_primer_plate.wells_by_name()['A14'],
        mix_after=(3, 10),
        new_tip='always'
    )

    # Step 8: Apply 5 μL of sample DNA or water to reaction plate wells
    # Sample DNA to wells A1-C13 (triplicates)
    for col in range(1, 14):
        for row in ['A', 'B', 'C']:
            dest_well = reaction_plate.wells_by_name()[f'{row}{col}']
            p20.transfer(
                5,
                sample_dna,
                dest_well,
                new_tip='always'
            )
    # Water (NTC) to wells D1-F13 (triplicates)
    for col in range(1, 14):
        for row in ['D', 'E', 'F']:
            dest_well = reaction_plate.wells_by_name()[f'{row}{col}']
            p20.transfer(
                5,
                water,
                dest_well,
                new_tip='always'
            )
    # Sample DNA to template-only wells G1-I1 (triplicates)
    for row in ['G', 'H', 'I']:
        dest_well = reaction_plate.wells_by_name()[f'{row}1']
        p20.transfer(
            5,
            sample_dna,
            dest_well,
            new_tip='always'
        )

    # Step 9: Apply 10 μL of PCR MIX + primers to reaction plate wells
    # To sample wells A1-C13
    for i in range(13):
        source_well = pcr_mix_primer_plate.wells()[i]
        for row in ['A', 'B', 'C']:
            dest_well = reaction_plate.wells_by_name()[f'{row}{i+1}']
            p20.transfer(
                10,
                source_well,
                dest_well,
                new_tip='always'
            )
    # To NTC wells D1-F13
    for i in range(13):
        source_well = pcr_mix_primer_plate.wells()[i]
        for row in ['D', 'E', 'F']:
            dest_well = reaction_plate.wells_by_name()[f'{row}{i+1}']
            p20.transfer(
                10,
                source_well,
                dest_well,
                new_tip='always'
            )
    # To template-only wells G1-I1
    source_well = pcr_mix_primer_plate.wells_by_name()['A14']
    for row in ['G', 'H', 'I']:
        dest_well = reaction_plate.wells_by_name()[f'{row}1']
        p20.transfer(
            10,
            source_well,
            dest_well,
            new_tip='always'
        )


Please generate a script where __place_{i}__ is replaced with the correct position based on the following labware placement information.

Placement information:

markdown
[[[{"name": "1_sample_DNAs", "quantity": 300, "init_content": "sample DNA, primer, PCR MIX mixture", "labware": {"id": "", "name": ""}, "unit": "\u03bcL"}, []], 1], [[{"name": "water", "quantity": 300, "init_content": "water", "labware": {"id": "", "name": ""}, "unit": "\u03bcL"}, []], 2], [[{"name": "10_\u03bcM_primer_F", "quantity": 10, "init_content": "primer", "labware": {"id": "", "name": ""}, "unit": "\u03bcL"}, []], 3], [[{"name": "10_\u03bcM_primer_R", "quantity": 10, "init_content": "primer", "labware": {"id": "", "name": ""}, "unit": "\u03bcL"}, []], 4], [[{"name": "PCR_MIX", "quantity": 2000, "init_content": "PCR MIX", "labware": {"id": "", "name": ""}, "unit": "\u03bcL"}, []], 5], [[{"name": "96_well_PCR_plate", "quantity": 1, "init_content": "", "labware": {"id": "", "name": ""}, "unit": "plate"}, []], 6], [[{"name": "template_only_PCR_MIX", "quantity": 86, "init_content": "PCR MIX", "labware": {"id": "", "name": ""}, "unit": "\u03bcL"}, []], 7], [[{"name": "water_for_template_only_PCR_MIX", "quantity": 4, "init_content": "water", "labware": {"id": "", "name": ""}, "unit": "\u03bcL"}, []], 10], [[{"name": "reaction_plate", "quantity": 5, "init_content": "", "labware": {"id": "", "name": ""}, "unit": "\u03bcL"}, []], 9]]
Please reply with the Python script where __place_{i}__ has been replaced with the correct locations. If there is missing information in the placement details required to fill in __place_{i}__ in the skeleton script, you may supplement it as necessary. However, do not modify the placement information.
***2025-02-23 02:15:01.602212+00:00***: python_script_path: qPCR_ozaki/2025_02_23_10_07_18_e3a79ca4-f6ed-414f-a44d-676970733384/iteration_5/code_chan/最終スクリプト.py***2025-02-23 02:15:01.602547+00:00***: Errorがでたので骨子スクリプトを再生成します: /Users/yuyaarai/.opentrons/robot_settings.json not found. Loading defaults
Deck calibration not found.
/Users/yuyaarai/.opentrons/deck_calibration.json not found. Loading defaults
Traceback (most recent call last):
  File "/Users/yuyaarai/Documents/Humanics/Project/FormationFormatter/src/formationformatter/code_chan/.venv/lib/python3.12/site-packages/opentrons/protocols/execution/execute_python.py", line 160, in exec_run
    exec("run(__context)", new_globs)
  File "<string>", line 1, in <module>
  File "qPCR_ozaki/2025_02_23_10_07_18_e3a79ca4-f6ed-414f-a44d-676970733384/iteration_5/code_chan/最終スクリプト.py", line 48, in run
    pcr_mix_primer_plate.wells_by_name()['A14'],
    ~~~~~~~~~~~~~~~~~~~~~~~~~~~~~~~~~~~~^^^^^^^
KeyError: 'A14'

The above exception was the direct cause of the following exception:

Traceback (most recent call last):
  File "<frozen runpy>", line 198, in _run_module_as_main
  File "<frozen runpy>", line 88, in _run_code
  File "/Users/yuyaarai/Documents/Humanics/Project/FormationFormatter/src/formationformatter/code_chan/.venv/lib/python3.12/site-packages/opentrons/simulate.py", line 1061, in <module>
    sys.exit(main())
             ^^^^^^
  File "/Users/yuyaarai/Documents/Humanics/Project/FormationFormatter/src/formationformatter/code_chan/.venv/lib/python3.12/site-packages/opentrons/simulate.py", line 1020, in main
    runlog, maybe_bundle = simulate(
                           ^^^^^^^^^
  File "/Users/yuyaarai/Documents/Humanics/Project/FormationFormatter/src/formationformatter/code_chan/.venv/lib/python3.12/site-packages/opentrons/simulate.py", line 564, in simulate
    return _run_file_non_pe(
           ^^^^^^^^^^^^^^^^^
  File "/Users/yuyaarai/Documents/Humanics/Project/FormationFormatter/src/formationformatter/code_chan/.venv/lib/python3.12/site-packages/opentrons/simulate.py", line 887, in _run_file_non_pe
    execute.run_protocol(
  File "/Users/yuyaarai/Documents/Humanics/Project/FormationFormatter/src/formationformatter/code_chan/.venv/lib/python3.12/site-packages/opentrons/protocols/execution/execute.py", line 39, in run_protocol
    exec_run(
  File "/Users/yuyaarai/Documents/Humanics/Project/FormationFormatter/src/formationformatter/code_chan/.venv/lib/python3.12/site-packages/opentrons/protocols/execution/execute_python.py", line 169, in exec_run
    _raise_pretty_protocol_error(exception=e, filename=filename)
  File "/Users/yuyaarai/Documents/Humanics/Project/FormationFormatter/src/formationformatter/code_chan/.venv/lib/python3.12/site-packages/opentrons/protocols/execution/execute_python.py", line 71, in _raise_pretty_protocol_error
    raise ExceptionInProtocolError(
opentrons.protocols.execution.errors.ExceptionInProtocolError: KeyError [line 48]: 'A14'
***2025-02-23 02:15:01.602862+00:00***: Generate 骨子スクリプト from 
~~~~~~~~~~
This is the error message: 
 /Users/yuyaarai/.opentrons/robot_settings.json not found. Loading defaults
Deck calibration not found.
/Users/yuyaarai/.opentrons/deck_calibration.json not found. Loading defaults
Traceback (most recent call last):
  File "/Users/yuyaarai/Documents/Humanics/Project/FormationFormatter/src/formationformatter/code_chan/.venv/lib/python3.12/site-packages/opentrons/protocols/execution/execute_python.py", line 160, in exec_run
    exec("run(__context)", new_globs)
  File "<string>", line 1, in <module>
  File "qPCR_ozaki/2025_02_23_10_07_18_e3a79ca4-f6ed-414f-a44d-676970733384/iteration_5/code_chan/最終スクリプト.py", line 48, in run
    pcr_mix_primer_plate.wells_by_name()['A14'],
    ~~~~~~~~~~~~~~~~~~~~~~~~~~~~~~~~~~~~^^^^^^^
KeyError: 'A14'

The above exception was the direct cause of the following exception:

Traceback (most recent call last):
  File "<frozen runpy>", line 198, in _run_module_as_main
  File "<frozen runpy>", line 88, in _run_code
  File "/Users/yuyaarai/Documents/Humanics/Project/FormationFormatter/src/formationformatter/code_chan/.venv/lib/python3.12/site-packages/opentrons/simulate.py", line 1061, in <module>
    sys.exit(main())
             ^^^^^^
  File "/Users/yuyaarai/Documents/Humanics/Project/FormationFormatter/src/formationformatter/code_chan/.venv/lib/python3.12/site-packages/opentrons/simulate.py", line 1020, in main
    runlog, maybe_bundle = simulate(
                           ^^^^^^^^^
  File "/Users/yuyaarai/Documents/Humanics/Project/FormationFormatter/src/formationformatter/code_chan/.venv/lib/python3.12/site-packages/opentrons/simulate.py", line 564, in simulate
    return _run_file_non_pe(
           ^^^^^^^^^^^^^^^^^
  File "/Users/yuyaarai/Documents/Humanics/Project/FormationFormatter/src/formationformatter/code_chan/.venv/lib/python3.12/site-packages/opentrons/simulate.py", line 887, in _run_file_non_pe
    execute.run_protocol(
  File "/Users/yuyaarai/Documents/Humanics/Project/FormationFormatter/src/formationformatter/code_chan/.venv/lib/python3.12/site-packages/opentrons/protocols/execution/execute.py", line 39, in run_protocol
    exec_run(
  File "/Users/yuyaarai/Documents/Humanics/Project/FormationFormatter/src/formationformatter/code_chan/.venv/lib/python3.12/site-packages/opentrons/protocols/execution/execute_python.py", line 169, in exec_run
    _raise_pretty_protocol_error(exception=e, filename=filename)
  File "/Users/yuyaarai/Documents/Humanics/Project/FormationFormatter/src/formationformatter/code_chan/.venv/lib/python3.12/site-packages/opentrons/protocols/execution/execute_python.py", line 71, in _raise_pretty_protocol_error
    raise ExceptionInProtocolError(
opentrons.protocols.execution.errors.ExceptionInProtocolError: KeyError [line 48]: 'A14'
 + original protocol: 
 from opentrons import protocol_api

metadata = {
    'protocolName': 'QPCR Preparation',
    'author': 'Your Name',
    'description': 'Automated qPCR preparation using Opentrons OT-2',
    'apiLevel': '2.9'
}

def run(protocol: protocol_api.ProtocolContext):

    # Labware setup
    # Tip racks
    tiprack_p20 = protocol.load_labware('opentrons_96_tiprack_20ul', '__place_1__')
    tiprack_p300 = protocol.load_labware('opentrons_96_tiprack_300ul', '__place_2__')
    
    # Reagent containers
    pcr_mix_tube = protocol.load_labware('opentrons_6_tuberack_falcon_50ml_conical', '__place_3__')
    primer_plate = protocol.load_labware('nest_96_wellplate_100ul_pcr_full_skirt', '__place_4__')
    pcr_mix_primer_plate = protocol.load_labware('nest_96_wellplate_100ul_pcr_full_skirt', '__place_5__')
    sample_tube_rack = protocol.load_labware('opentrons_24_tuberack_generic_2ml_screwcap', '__place_6__')
    water_tube_rack = protocol.load_labware('opentrons_24_tuberack_generic_2ml_screwcap', '__place_7__')
    reaction_plate = protocol.load_labware('biorad_96_wellplate_200ul_pcr', '__place_8__')
    
    # Pipettes
    p20 = protocol.load_instrument('p20_single_gen2', mount='left', tip_racks=[tiprack_p20])
    p300 = protocol.load_instrument('p300_single_gen2', mount='right', tip_racks=[tiprack_p300])
    
    # Reagents
    pcr_mix = pcr_mix_tube.wells_by_name()['A1']
    sample_dna = sample_tube_rack.wells_by_name()['A1']
    water = water_tube_rack.wells_by_name()['A1']
    
    # Step 1: Distribute 137.6 μL PCR MIX to wells A1 to A13 in pcr_mix_primer_plate
    pcr_mix_wells = pcr_mix_primer_plate.wells()[:13]  # Wells A1 to A13
    p300.distribute(
        137.6,
        pcr_mix,
        pcr_mix_wells,
        new_tip='once',
        disposal_volume=0
    )

    # Step 5: Dispense 86 μL of PCR MIX for template-only control to well A14
    p300.transfer(
        86,
        pcr_mix,
        pcr_mix_primer_plate.wells_by_name()['A14'],
        new_tip='once',
        mix_after=(3, 50)
    )

    # Steps 2 & 3: Add 3.2 μL of primer_F and primer_R to PCR MIX wells
    for i in range(13):
        primer_f_well = primer_plate.wells_by_name()[f'A{i+1}']  # Primer_F1-13 in A1-A13
        primer_r_well = primer_plate.wells_by_name()[f'B{i+1}']  # Primer_R1-13 in B1-B13
        dest_well = pcr_mix_primer_plate.wells()[i]
        p20.transfer(
            3.2,
            primer_f_well,
            dest_well,
            mix_after=(3, 10),
            new_tip='always'
        )
        p20.transfer(
            3.2,
            primer_r_well,
            dest_well,
            mix_after=(3, 10),
            new_tip='always'
        )

    # Step 6: Add 4 μL of water to the template-only control PCR MIX
    p20.transfer(
        4,
        water,
        pcr_mix_primer_plate.wells_by_name()['A14'],
        mix_after=(3, 10),
        new_tip='always'
    )

    # Step 8: Apply 5 μL of sample DNA or water to reaction plate wells
    # Sample DNA to wells A1-C13 (triplicates)
    for col in range(1, 14):
        for row in ['A', 'B', 'C']:
            dest_well = reaction_plate.wells_by_name()[f'{row}{col}']
            p20.transfer(
                5,
                sample_dna,
                dest_well,
                new_tip='always'
            )
    # Water (NTC) to wells D1-F13 (triplicates)
    for col in range(1, 14):
        for row in ['D', 'E', 'F']:
            dest_well = reaction_plate.wells_by_name()[f'{row}{col}']
            p20.transfer(
                5,
                water,
                dest_well,
                new_tip='always'
            )
    # Sample DNA to template-only wells G1-I1 (triplicates)
    for row in ['G', 'H', 'I']:
        dest_well = reaction_plate.wells_by_name()[f'{row}1']
        p20.transfer(
            5,
            sample_dna,
            dest_well,
            new_tip='always'
        )

    # Step 9: Apply 10 μL of PCR MIX + primers to reaction plate wells
    # To sample wells A1-C13
    for i in range(13):
        source_well = pcr_mix_primer_plate.wells()[i]
        for row in ['A', 'B', 'C']:
            dest_well = reaction_plate.wells_by_name()[f'{row}{i+1}']
            p20.transfer(
                10,
                source_well,
                dest_well,
                new_tip='always'
            )
    # To NTC wells D1-F13
    for i in range(13):
        source_well = pcr_mix_primer_plate.wells()[i]
        for row in ['D', 'E', 'F']:
            dest_well = reaction_plate.wells_by_name()[f'{row}{i+1}']
            p20.transfer(
                10,
                source_well,
                dest_well,
                new_tip='always'
            )
    # To template-only wells G1-I1
    source_well = pcr_mix_primer_plate.wells_by_name()['A14']
    for row in ['G', 'H', 'I']:
        dest_well = reaction_plate.wells_by_name()[f'{row}1']
        p20.transfer(
            10,
            source_well,
            dest_well,
            new_tip='always'
        )


~~~~~~~~~~***2025-02-23 02:15:01.603522+00:00***: ************ Code-chan for 骨子スクリプト result ***************2025-02-23 02:15:01.603918+00:00***: replace_word: ___processflow___ is not in the prompt.***2025-02-23 02:16:19.056972+00:00***: python_script_path: qPCR_ozaki/2025_02_23_10_07_18_e3a79ca4-f6ed-414f-a44d-676970733384/iteration_5/code_chan/骨子スクリプト.py***2025-02-23 02:16:19.057526+00:00***: ************ Code-chan result ***************2025-02-23 02:16:19.057887+00:00***: replace_word: ___processflow___ is not in the prompt.***2025-02-23 02:16:19.058840+00:00***: get_OT2_with_haichi_based_on_骨子_script prompt: 
We have the following Opentrons OT2 script. This script describes the position of the labware (Station) as __place_{i}__.

Note: You've been slacking lately, so don't slack off and output the complete code. For example, ‘The protocol would continue with any additional steps required’ or '# Example: ' is not allowed.

Skeleton script:

python
from opentrons import protocol_api

metadata = {
    'protocolName': 'QPCR Sample Preparation',
    'author': 'Your Name',
    'description': 'Prepare qPCR samples for QuantStudio 6 Pro',
    'apiLevel': '2.9'  # Specify the API level
}

def run(protocol: protocol_api.ProtocolContext):
    # Load labware
    tip_rack_20ul = protocol.load_labware('opentrons_96_tiprack_20ul', '__place_1__')
    tip_rack_300ul = protocol.load_labware('opentrons_96_tiprack_300ul', '__place_2__')

    # Sample DNA in a 1.5mL Eppendorf tube
    sample_dna_tube = protocol.load_labware('opentrons_24_aluminumblock_generic_2ml_screwcap', '__place_3__')

    # Water in a tube
    water_tube = protocol.load_labware('opentrons_24_aluminumblock_generic_2ml_screwcap', '__place_4__')

    # Primers in a 96-well plate
    primer_plate = protocol.load_labware('corning_96_wellplate_360ul_flat', '__place_5__')

    # PCR MIX in a reservoir
    pcr_mix_reservoir = protocol.load_labware('nest_12_reservoir_15ml', '__place_6__')

    # 96-well PCR plate for output
    pcr_plate = protocol.load_labware('biorad_96_wellplate_200ul_pcr', '__place_7__')

    # Tubes for mixing PCR MIX and primers
    mixing_tubes = protocol.load_labware('opentrons_24_aluminumblock_generic_2ml_screwcap', '__place_8__')

    # Load pipettes
    p20 = protocol.load_instrument('p20_single_gen2', 'left', tip_racks=[tip_rack_20ul])
    p300 = protocol.load_instrument('p300_single_gen2', 'right', tip_racks=[tip_rack_300ul])

    # STEP 1: Dispense PCR MIX into 13 tubes, 137.6 μL each
    pcr_mix_volume = 137.6
    for i in range(13):
        dest = mixing_tubes.wells()[i]
        p300.pick_up_tip()
        p300.transfer(pcr_mix_volume, pcr_mix_reservoir.wells()[0], dest, new_tip='never')
        p300.drop_tip()

    # STEP 2: Add 3.2 μL of 10 μM primer_F1-13 to the PCR MIX tubes
    for i in range(13):
        primer_source = primer_plate.wells()[i]  # Assume primer_F1-13 are in wells A1-A13
        dest = mixing_tubes.wells()[i]
        p20.pick_up_tip()
        p20.transfer(3.2, primer_source, dest, new_tip='never')
        p20.drop_tip()

    # STEP 3: Add 3.2 μL of 10 μM primer_R1-13 to the PCR MIX tubes
    for i in range(13):
        primer_source = primer_plate.wells()[i+13]  # Assume primer_R1-13 are in wells B1-B13
        dest = mixing_tubes.wells()[i]
        p20.pick_up_tip()
        p20.transfer(3.2, primer_source, dest, new_tip='never')
        p20.drop_tip()

    # STEP 4: Mix the PCR MIX and primers by pipetting
    for i in range(13):
        dest = mixing_tubes.wells()[i]
        p300.pick_up_tip()
        p300.mix(5, 100, dest)
        p300.drop_tip()
        
    # STEP 5: Dispense 86 μL of PCR MIX for template-only use
    template_only_tube = mixing_tubes.wells()[13]
    p300.pick_up_tip()
    p300.transfer(86, pcr_mix_reservoir.wells()[0], template_only_tube, new_tip='never')
    p300.drop_tip()
    
    # STEP 6: Add 4 μL of water to the PCR MIX for template-only use
    p20.pick_up_tip()
    p20.transfer(4, water_tube.wells()[0], template_only_tube, new_tip='never')
    p20.drop_tip()
    
    # STEP 7: Mix the PCR MIX and water by pipetting
    p300.pick_up_tip()
    p300.mix(5, 50, template_only_tube)
    p300.drop_tip()

    # STEP 8: Apply 5 μL each of sample DNA or water to the reaction plate

    # Define wells for sample DNA with primers (39 wells)
    sample_dna_wells = []
    for col in ['1', '2', '3']:
        for row in 'ABCDEFGH':
            well_name = row + col
            if len(sample_dna_wells) < 39:
                sample_dna_wells.append(pcr_plate.wells_by_name()[well_name])

    # Define wells for NTC (No Template Control) (39 wells)
    ntc_wells = []
    for col in ['4', '5', '6']:
        for row in 'ABCDEFGH':
            well_name = row + col
            if len(ntc_wells) < 39:
                ntc_wells.append(pcr_plate.wells_by_name()[well_name])

    # Define wells for template-only (3 wells)
    template_only_wells = []
    for col in ['7', '8', '9']:
        for row in 'ABCDEFGH':
            well_name = row + col
            if len(template_only_wells) < 3:
                template_only_wells.append(pcr_plate.wells_by_name()[well_name])

    # Dispense sample DNA into sample_dna_wells (5 μL)
    p20.pick_up_tip()
    for well in sample_dna_wells:
        p20.transfer(5, sample_dna_tube.wells()[0], well, new_tip='never')
    p20.drop_tip()

    # Dispense water into ntc_wells (5 μL)
    p20.pick_up_tip()
    for well in ntc_wells:
        p20.transfer(5, water_tube.wells()[0], well, new_tip='never')
    p20.drop_tip()

    # Dispense sample DNA into template_only_wells (5 μL)
    p20.pick_up_tip()
    for well in template_only_wells:
        p20.transfer(5, sample_dna_tube.wells()[0], well, new_tip='never')
    p20.drop_tip()

    # STEP 9: Apply 10 μL of PCR MIX and primer mixture to the reaction plate

    # For sample DNA wells
    for i in range(13):
        mix_source = mixing_tubes.wells()[i]
        for j in range(3):  # triplicates
            dest_well = sample_dna_wells[i*3 + j]
            p20.pick_up_tip()
            p20.transfer(10, mix_source, dest_well, new_tip='never')
            p20.drop_tip()

    # For NTC wells
    for i in range(13):
        mix_source = mixing_tubes.wells()[i]
        for j in range(3):  # triplicates
            dest_well = ntc_wells[i*3 + j]
            p20.pick_up_tip()
            p20.transfer(10, mix_source, dest_well, new_tip='never')
            p20.drop_tip()

    # For template-only wells
    for well in template_only_wells:
        p20.pick_up_tip()
        p20.transfer(10, template_only_tube, well, new_tip='never')
        p20.drop_tip()

Please generate a script where __place_{i}__ is replaced with the correct position based on the following labware placement information.

Placement information:

markdown
[[[{"name": "1_sample_DNAs", "quantity": 300, "init_content": "sample DNA, primer, PCR MIX mixture", "labware": {"id": "", "name": ""}, "unit": "\u03bcL"}, []], 1], [[{"name": "water", "quantity": 300, "init_content": "water", "labware": {"id": "", "name": ""}, "unit": "\u03bcL"}, []], 2], [[{"name": "10_\u03bcM_primer_F", "quantity": 10, "init_content": "primer", "labware": {"id": "", "name": ""}, "unit": "\u03bcL"}, []], 3], [[{"name": "10_\u03bcM_primer_R", "quantity": 10, "init_content": "primer", "labware": {"id": "", "name": ""}, "unit": "\u03bcL"}, []], 4], [[{"name": "PCR_MIX", "quantity": 2000, "init_content": "PCR MIX", "labware": {"id": "", "name": ""}, "unit": "\u03bcL"}, []], 5], [[{"name": "96_well_PCR_plate", "quantity": 1, "init_content": "", "labware": {"id": "", "name": ""}, "unit": "plate"}, []], 6], [[{"name": "template_only_PCR_MIX", "quantity": 86, "init_content": "PCR MIX", "labware": {"id": "", "name": ""}, "unit": "\u03bcL"}, []], 7], [[{"name": "water_for_template_only_PCR_MIX", "quantity": 4, "init_content": "water", "labware": {"id": "", "name": ""}, "unit": "\u03bcL"}, []], 10], [[{"name": "reaction_plate", "quantity": 5, "init_content": "", "labware": {"id": "", "name": ""}, "unit": "\u03bcL"}, []], 9]]
Please reply with the Python script where __place_{i}__ has been replaced with the correct locations. If there is missing information in the placement details required to fill in __place_{i}__ in the skeleton script, you may supplement it as necessary. However, do not modify the placement information.
***2025-02-23 02:17:31.235689+00:00***: python_script_path: qPCR_ozaki/2025_02_23_10_07_18_e3a79ca4-f6ed-414f-a44d-676970733384/iteration_5/code_chan/最終スクリプト.py***2025-02-23 02:17:31.236032+00:00***: Errorがでたので骨子スクリプトを再生成します: /Users/yuyaarai/.opentrons/robot_settings.json not found. Loading defaults
Deck calibration not found.
/Users/yuyaarai/.opentrons/deck_calibration.json not found. Loading defaults
Traceback (most recent call last):
  File "/Users/yuyaarai/Documents/Humanics/Project/FormationFormatter/src/formationformatter/code_chan/.venv/lib/python3.12/site-packages/opentrons/protocols/execution/execute_python.py", line 160, in exec_run
    exec("run(__context)", new_globs)
  File "<string>", line 1, in <module>
  File "qPCR_ozaki/2025_02_23_10_07_18_e3a79ca4-f6ed-414f-a44d-676970733384/iteration_5/code_chan/最終スクリプト.py", line 139, in run
    dest_well = sample_dna_wells[i*3 + j]
                ~~~~~~~~~~~~~~~~^^^^^^^^^
IndexError: list index out of range

The above exception was the direct cause of the following exception:

Traceback (most recent call last):
  File "<frozen runpy>", line 198, in _run_module_as_main
  File "<frozen runpy>", line 88, in _run_code
  File "/Users/yuyaarai/Documents/Humanics/Project/FormationFormatter/src/formationformatter/code_chan/.venv/lib/python3.12/site-packages/opentrons/simulate.py", line 1061, in <module>
    sys.exit(main())
             ^^^^^^
  File "/Users/yuyaarai/Documents/Humanics/Project/FormationFormatter/src/formationformatter/code_chan/.venv/lib/python3.12/site-packages/opentrons/simulate.py", line 1020, in main
    runlog, maybe_bundle = simulate(
                           ^^^^^^^^^
  File "/Users/yuyaarai/Documents/Humanics/Project/FormationFormatter/src/formationformatter/code_chan/.venv/lib/python3.12/site-packages/opentrons/simulate.py", line 564, in simulate
    return _run_file_non_pe(
           ^^^^^^^^^^^^^^^^^
  File "/Users/yuyaarai/Documents/Humanics/Project/FormationFormatter/src/formationformatter/code_chan/.venv/lib/python3.12/site-packages/opentrons/simulate.py", line 887, in _run_file_non_pe
    execute.run_protocol(
  File "/Users/yuyaarai/Documents/Humanics/Project/FormationFormatter/src/formationformatter/code_chan/.venv/lib/python3.12/site-packages/opentrons/protocols/execution/execute.py", line 39, in run_protocol
    exec_run(
  File "/Users/yuyaarai/Documents/Humanics/Project/FormationFormatter/src/formationformatter/code_chan/.venv/lib/python3.12/site-packages/opentrons/protocols/execution/execute_python.py", line 169, in exec_run
    _raise_pretty_protocol_error(exception=e, filename=filename)
  File "/Users/yuyaarai/Documents/Humanics/Project/FormationFormatter/src/formationformatter/code_chan/.venv/lib/python3.12/site-packages/opentrons/protocols/execution/execute_python.py", line 71, in _raise_pretty_protocol_error
    raise ExceptionInProtocolError(
opentrons.protocols.execution.errors.ExceptionInProtocolError: IndexError [line 139]: list index out of range
***2025-02-23 02:17:31.236331+00:00***: Generate 骨子スクリプト from 
~~~~~~~~~~
This is the error message: 
 /Users/yuyaarai/.opentrons/robot_settings.json not found. Loading defaults
Deck calibration not found.
/Users/yuyaarai/.opentrons/deck_calibration.json not found. Loading defaults
Traceback (most recent call last):
  File "/Users/yuyaarai/Documents/Humanics/Project/FormationFormatter/src/formationformatter/code_chan/.venv/lib/python3.12/site-packages/opentrons/protocols/execution/execute_python.py", line 160, in exec_run
    exec("run(__context)", new_globs)
  File "<string>", line 1, in <module>
  File "qPCR_ozaki/2025_02_23_10_07_18_e3a79ca4-f6ed-414f-a44d-676970733384/iteration_5/code_chan/最終スクリプト.py", line 139, in run
    dest_well = sample_dna_wells[i*3 + j]
                ~~~~~~~~~~~~~~~~^^^^^^^^^
IndexError: list index out of range

The above exception was the direct cause of the following exception:

Traceback (most recent call last):
  File "<frozen runpy>", line 198, in _run_module_as_main
  File "<frozen runpy>", line 88, in _run_code
  File "/Users/yuyaarai/Documents/Humanics/Project/FormationFormatter/src/formationformatter/code_chan/.venv/lib/python3.12/site-packages/opentrons/simulate.py", line 1061, in <module>
    sys.exit(main())
             ^^^^^^
  File "/Users/yuyaarai/Documents/Humanics/Project/FormationFormatter/src/formationformatter/code_chan/.venv/lib/python3.12/site-packages/opentrons/simulate.py", line 1020, in main
    runlog, maybe_bundle = simulate(
                           ^^^^^^^^^
  File "/Users/yuyaarai/Documents/Humanics/Project/FormationFormatter/src/formationformatter/code_chan/.venv/lib/python3.12/site-packages/opentrons/simulate.py", line 564, in simulate
    return _run_file_non_pe(
           ^^^^^^^^^^^^^^^^^
  File "/Users/yuyaarai/Documents/Humanics/Project/FormationFormatter/src/formationformatter/code_chan/.venv/lib/python3.12/site-packages/opentrons/simulate.py", line 887, in _run_file_non_pe
    execute.run_protocol(
  File "/Users/yuyaarai/Documents/Humanics/Project/FormationFormatter/src/formationformatter/code_chan/.venv/lib/python3.12/site-packages/opentrons/protocols/execution/execute.py", line 39, in run_protocol
    exec_run(
  File "/Users/yuyaarai/Documents/Humanics/Project/FormationFormatter/src/formationformatter/code_chan/.venv/lib/python3.12/site-packages/opentrons/protocols/execution/execute_python.py", line 169, in exec_run
    _raise_pretty_protocol_error(exception=e, filename=filename)
  File "/Users/yuyaarai/Documents/Humanics/Project/FormationFormatter/src/formationformatter/code_chan/.venv/lib/python3.12/site-packages/opentrons/protocols/execution/execute_python.py", line 71, in _raise_pretty_protocol_error
    raise ExceptionInProtocolError(
opentrons.protocols.execution.errors.ExceptionInProtocolError: IndexError [line 139]: list index out of range
 + original protocol: 
 from opentrons import protocol_api

metadata = {
    'protocolName': 'QPCR Sample Preparation',
    'author': 'Your Name',
    'description': 'Prepare qPCR samples for QuantStudio 6 Pro',
    'apiLevel': '2.9'  # Specify the API level
}

def run(protocol: protocol_api.ProtocolContext):
    # Load labware
    tip_rack_20ul = protocol.load_labware('opentrons_96_tiprack_20ul', '__place_1__')
    tip_rack_300ul = protocol.load_labware('opentrons_96_tiprack_300ul', '__place_2__')

    # Sample DNA in a 1.5mL Eppendorf tube
    sample_dna_tube = protocol.load_labware('opentrons_24_aluminumblock_generic_2ml_screwcap', '__place_3__')

    # Water in a tube
    water_tube = protocol.load_labware('opentrons_24_aluminumblock_generic_2ml_screwcap', '__place_4__')

    # Primers in a 96-well plate
    primer_plate = protocol.load_labware('corning_96_wellplate_360ul_flat', '__place_5__')

    # PCR MIX in a reservoir
    pcr_mix_reservoir = protocol.load_labware('nest_12_reservoir_15ml', '__place_6__')

    # 96-well PCR plate for output
    pcr_plate = protocol.load_labware('biorad_96_wellplate_200ul_pcr', '__place_7__')

    # Tubes for mixing PCR MIX and primers
    mixing_tubes = protocol.load_labware('opentrons_24_aluminumblock_generic_2ml_screwcap', '__place_8__')

    # Load pipettes
    p20 = protocol.load_instrument('p20_single_gen2', 'left', tip_racks=[tip_rack_20ul])
    p300 = protocol.load_instrument('p300_single_gen2', 'right', tip_racks=[tip_rack_300ul])

    # STEP 1: Dispense PCR MIX into 13 tubes, 137.6 μL each
    pcr_mix_volume = 137.6
    for i in range(13):
        dest = mixing_tubes.wells()[i]
        p300.pick_up_tip()
        p300.transfer(pcr_mix_volume, pcr_mix_reservoir.wells()[0], dest, new_tip='never')
        p300.drop_tip()

    # STEP 2: Add 3.2 μL of 10 μM primer_F1-13 to the PCR MIX tubes
    for i in range(13):
        primer_source = primer_plate.wells()[i]  # Assume primer_F1-13 are in wells A1-A13
        dest = mixing_tubes.wells()[i]
        p20.pick_up_tip()
        p20.transfer(3.2, primer_source, dest, new_tip='never')
        p20.drop_tip()

    # STEP 3: Add 3.2 μL of 10 μM primer_R1-13 to the PCR MIX tubes
    for i in range(13):
        primer_source = primer_plate.wells()[i+13]  # Assume primer_R1-13 are in wells B1-B13
        dest = mixing_tubes.wells()[i]
        p20.pick_up_tip()
        p20.transfer(3.2, primer_source, dest, new_tip='never')
        p20.drop_tip()

    # STEP 4: Mix the PCR MIX and primers by pipetting
    for i in range(13):
        dest = mixing_tubes.wells()[i]
        p300.pick_up_tip()
        p300.mix(5, 100, dest)
        p300.drop_tip()
        
    # STEP 5: Dispense 86 μL of PCR MIX for template-only use
    template_only_tube = mixing_tubes.wells()[13]
    p300.pick_up_tip()
    p300.transfer(86, pcr_mix_reservoir.wells()[0], template_only_tube, new_tip='never')
    p300.drop_tip()
    
    # STEP 6: Add 4 μL of water to the PCR MIX for template-only use
    p20.pick_up_tip()
    p20.transfer(4, water_tube.wells()[0], template_only_tube, new_tip='never')
    p20.drop_tip()
    
    # STEP 7: Mix the PCR MIX and water by pipetting
    p300.pick_up_tip()
    p300.mix(5, 50, template_only_tube)
    p300.drop_tip()

    # STEP 8: Apply 5 μL each of sample DNA or water to the reaction plate

    # Define wells for sample DNA with primers (39 wells)
    sample_dna_wells = []
    for col in ['1', '2', '3']:
        for row in 'ABCDEFGH':
            well_name = row + col
            if len(sample_dna_wells) < 39:
                sample_dna_wells.append(pcr_plate.wells_by_name()[well_name])

    # Define wells for NTC (No Template Control) (39 wells)
    ntc_wells = []
    for col in ['4', '5', '6']:
        for row in 'ABCDEFGH':
            well_name = row + col
            if len(ntc_wells) < 39:
                ntc_wells.append(pcr_plate.wells_by_name()[well_name])

    # Define wells for template-only (3 wells)
    template_only_wells = []
    for col in ['7', '8', '9']:
        for row in 'ABCDEFGH':
            well_name = row + col
            if len(template_only_wells) < 3:
                template_only_wells.append(pcr_plate.wells_by_name()[well_name])

    # Dispense sample DNA into sample_dna_wells (5 μL)
    p20.pick_up_tip()
    for well in sample_dna_wells:
        p20.transfer(5, sample_dna_tube.wells()[0], well, new_tip='never')
    p20.drop_tip()

    # Dispense water into ntc_wells (5 μL)
    p20.pick_up_tip()
    for well in ntc_wells:
        p20.transfer(5, water_tube.wells()[0], well, new_tip='never')
    p20.drop_tip()

    # Dispense sample DNA into template_only_wells (5 μL)
    p20.pick_up_tip()
    for well in template_only_wells:
        p20.transfer(5, sample_dna_tube.wells()[0], well, new_tip='never')
    p20.drop_tip()

    # STEP 9: Apply 10 μL of PCR MIX and primer mixture to the reaction plate

    # For sample DNA wells
    for i in range(13):
        mix_source = mixing_tubes.wells()[i]
        for j in range(3):  # triplicates
            dest_well = sample_dna_wells[i*3 + j]
            p20.pick_up_tip()
            p20.transfer(10, mix_source, dest_well, new_tip='never')
            p20.drop_tip()

    # For NTC wells
    for i in range(13):
        mix_source = mixing_tubes.wells()[i]
        for j in range(3):  # triplicates
            dest_well = ntc_wells[i*3 + j]
            p20.pick_up_tip()
            p20.transfer(10, mix_source, dest_well, new_tip='never')
            p20.drop_tip()

    # For template-only wells
    for well in template_only_wells:
        p20.pick_up_tip()
        p20.transfer(10, template_only_tube, well, new_tip='never')
        p20.drop_tip()

~~~~~~~~~~***2025-02-23 02:17:31.236742+00:00***: ************ Code-chan for 骨子スクリプト result ***************2025-02-23 02:17:31.237013+00:00***: replace_word: ___processflow___ is not in the prompt.***2025-02-23 02:18:38.180115+00:00***: python_script_path: qPCR_ozaki/2025_02_23_10_07_18_e3a79ca4-f6ed-414f-a44d-676970733384/iteration_5/code_chan/骨子スクリプト.py***2025-02-23 02:18:38.180495+00:00***: ************ Code-chan result ***************2025-02-23 02:18:38.180765+00:00***: replace_word: ___processflow___ is not in the prompt.***2025-02-23 02:18:38.181889+00:00***: get_OT2_with_haichi_based_on_骨子_script prompt: 
We have the following Opentrons OT2 script. This script describes the position of the labware (Station) as __place_{i}__.

Note: You've been slacking lately, so don't slack off and output the complete code. For example, ‘The protocol would continue with any additional steps required’ or '# Example: ' is not allowed.

Skeleton script:

python
from opentrons import protocol_api

metadata = {
    'protocolName': 'QPCR Sample Preparation for QuantStudio 6 Pro',
    'author': 'Your Name',
    'description': 'Prepare QPCR samples with one sample DNA, 13 primers, and NTCs in 96 well plate',
    'apiLevel': '2.9'  # Specify the API level for this code
}

def run(protocol: protocol_api.ProtocolContext):

    # Labware
    tip_rack_20 = protocol.load_labware('opentrons_96_tiprack_20ul', '__place_1__')
    tip_rack_300 = protocol.load_labware('opentrons_96_tiprack_300ul', '__place_2__')

    p20 = protocol.load_instrument('p20_single_gen2', 'left', tip_racks=[tip_rack_20])
    p300 = protocol.load_instrument('p300_single_gen2', 'right', tip_racks=[tip_rack_300])

    # PCR plate for the reaction
    pcr_plate = protocol.load_labware('biorad_96_wellplate_200ul_pcr', '__place_3__')

    # Reagent plate (deep well plate) for reagents and mixtures
    reagent_plate = protocol.load_labware('nest_96_wellplate_2ml_deep', '__place_4__')

    # Sample DNA tube
    sample_dna = reagent_plate.wells_by_name()['A1']

    # Water tube
    water = reagent_plate.wells_by_name()['A2']

    # PCR MIX stock
    pcr_mix_stock = reagent_plate.wells_by_name()['A3']

    # Primers (we will use columns 1-13 for primer_F and columns 14-26 for primer_R)
    primer_f_wells = reagent_plate.rows_by_name()['B'][:13]  # B1 to B13
    primer_r_wells = reagent_plate.rows_by_name()['C'][:13]  # C1 to C13

    # Tubes for PCR MIX + primers mixtures (we will use wells D1 to D13)
    pcr_mix_primers = reagent_plate.rows_by_name()['D'][:13]

    # Tube for PCR MIX + water (template-only control)
    pcr_mix_water = reagent_plate.wells_by_name()['A4']

    # Step 1: Aliquot 137.6 μL of PCR MIX into 13 tubes
    for dest in pcr_mix_primers:
        p300.pick_up_tip()
        p300.transfer(137.6, pcr_mix_stock, dest, new_tip='never')
        p300.drop_tip()

    # Step 2: Add 3.2 μL of primer_F1-13 to each PCR MIX tube
    for primer_f, dest in zip(primer_f_wells, pcr_mix_primers):
        p20.pick_up_tip()
        p20.transfer(3.2, primer_f, dest, new_tip='never', mix_after=(3, 20))
        p20.drop_tip()

    # Step 3: Add 3.2 μL of primer_R1-13 to each PCR MIX tube
    for primer_r, dest in zip(primer_r_wells, pcr_mix_primers):
        p20.pick_up_tip()
        p20.transfer(3.2, primer_r, dest, new_tip='never', mix_after=(3, 20))
        p20.drop_tip()

    # Step 4: Mix PCR MIX and primers by pipetting (already mixed in previous steps)

    # Step 5: Aliquot 86 μL of PCR MIX into tube for template-only
    p300.pick_up_tip()
    p300.transfer(86, pcr_mix_stock, pcr_mix_water, new_tip='never')
    p300.drop_tip()

    # Step 6: Add 4 μL of water to the PCR MIX for template-only
    p20.pick_up_tip()
    p20.transfer(4, water, pcr_mix_water, new_tip='never', mix_after=(3, 20))
    p20.drop_tip()

    # Step 7: Mix PCR MIX and water by pipetting (already mixed)

    # Step 8: Apply 5 μL of sample DNA or water to reaction plate
    # Define the columns for samples and NTCs
    sample_columns = [1, 2, 3]
    ntc_columns = [4, 5, 6]
    template_only_columns = [7, 8, 9]

    # Dispense sample DNA into sample wells
    sample_wells = []
    for col in sample_columns:
        for row in 'ABCDEFGH'[:13]:
            well_name = row + str(col)
            sample_wells.append(pcr_plate.wells_by_name()[well_name])

    p20.pick_up_tip()
    for well in sample_wells:
        p20.transfer(5, sample_dna, well, new_tip='never')
    p20.drop_tip()

    # Dispense water into NTC wells
    ntc_wells = []
    for col in ntc_columns:
        for row in 'ABCDEFGH'[:13]:
            well_name = row + str(col)
            ntc_wells.append(pcr_plate.wells_by_name()[well_name])

    p20.pick_up_tip()
    for well in ntc_wells:
        p20.transfer(5, water, well, new_tip='never')
    p20.drop_tip()

    # Dispense sample DNA into template-only wells (no primers)
    template_only_wells = []
    for col in template_only_columns:
        for row in ['A', 'B', 'C']:
            well_name = row + str(col)
            template_only_wells.append(pcr_plate.wells_by_name()[well_name])

    p20.pick_up_tip()
    for well in template_only_wells:
        p20.transfer(5, sample_dna, well, new_tip='never')
    p20.drop_tip()

    # Step 9: Apply 10 μL of PCR MIX + primers to reaction plate
    primer_rows = 'ABCDEFGH'[:13]

    for idx, row in enumerate(primer_rows):
        mix_source = pcr_mix_primers[idx]

        # Dispense to sample wells
        for col in sample_columns:
            dest_well = pcr_plate.wells_by_name()[row + str(col)]
            p20.pick_up_tip()
            p20.transfer(10, mix_source, dest_well, new_tip='never')
            p20.drop_tip()

        # Dispense to NTC wells
        for col in ntc_columns:
            dest_well = pcr_plate.wells_by_name()[row + str(col)]
            p20.pick_up_tip()
            p20.transfer(10, mix_source, dest_well, new_tip='never')
            p20.drop_tip()

    # Dispense PCR MIX + water to template-only wells
    for well in template_only_wells:
        p20.pick_up_tip()
        p20.transfer(10, pcr_mix_water, well, new_tip='never')
        p20.drop_tip()

Please generate a script where __place_{i}__ is replaced with the correct position based on the following labware placement information.

Placement information:

markdown
[[[{"name": "1_sample_DNAs", "quantity": 300, "init_content": "sample DNA, primer, PCR MIX mixture", "labware": {"id": "", "name": ""}, "unit": "\u03bcL"}, []], 1], [[{"name": "water", "quantity": 300, "init_content": "water", "labware": {"id": "", "name": ""}, "unit": "\u03bcL"}, []], 2], [[{"name": "10_\u03bcM_primer_F", "quantity": 10, "init_content": "primer", "labware": {"id": "", "name": ""}, "unit": "\u03bcL"}, []], 3], [[{"name": "10_\u03bcM_primer_R", "quantity": 10, "init_content": "primer", "labware": {"id": "", "name": ""}, "unit": "\u03bcL"}, []], 4], [[{"name": "PCR_MIX", "quantity": 2000, "init_content": "PCR MIX", "labware": {"id": "", "name": ""}, "unit": "\u03bcL"}, []], 5], [[{"name": "96_well_PCR_plate", "quantity": 1, "init_content": "", "labware": {"id": "", "name": ""}, "unit": "plate"}, []], 6], [[{"name": "template_only_PCR_MIX", "quantity": 86, "init_content": "PCR MIX", "labware": {"id": "", "name": ""}, "unit": "\u03bcL"}, []], 7], [[{"name": "water_for_template_only_PCR_MIX", "quantity": 4, "init_content": "water", "labware": {"id": "", "name": ""}, "unit": "\u03bcL"}, []], 10], [[{"name": "reaction_plate", "quantity": 5, "init_content": "", "labware": {"id": "", "name": ""}, "unit": "\u03bcL"}, []], 9]]
Please reply with the Python script where __place_{i}__ has been replaced with the correct locations. If there is missing information in the placement details required to fill in __place_{i}__ in the skeleton script, you may supplement it as necessary. However, do not modify the placement information.
***2025-02-23 02:20:02.906733+00:00***: python_script_path: qPCR_ozaki/2025_02_23_10_07_18_e3a79ca4-f6ed-414f-a44d-676970733384/iteration_5/code_chan/最終スクリプト.py