***2025-02-25 08:10:51.412678+00:00***: os.path.join(BASE_DIR, f'{id}')='qPCR_ozaki_modified2025-02-25/2025_02_25_16_21_33_5175e2ab-47c2-4b0d-bd60-f75ea2357e0e/iteration_6'***2025-02-25 08:10:51.413011+00:00***: *********************** 2025_02_25_16_21_33_5175e2ab-47c2-4b0d-bd60-f75ea2357e0e/iteration_6 *****************************2025-02-25 08:10:51.413246+00:00***: *********************************************************2025-02-25 08:10:58.201898+00:00***: obj-chan preprocess result:

{
  "labware": [
    {
      "name": "PCR_MIX_tube",
      "quantity": 13,
      "unit": "tube",
      "init_content": "",
      "labware": {
        "id": 1,
        "name": "tube"
      }
    },
    {
      "name": "10uM_primer_F_tube",
      "quantity": 13,
      "unit": "tube",
      "init_content": "",
      "labware": {
        "id": 1,
        "name": "tube"
      }
    },
    {
      "name": "10uM_primer_R_tube",
      "quantity": 13,
      "unit": "tube",
      "init_content": "",
      "labware": {
        "id": 1,
        "name": "tube"
      }
    },
    {
      "name": "PCR_MIX_PCR_plate",
      "quantity": 1,
      "unit": "plate",
      "init_content": "",
      "labware": {
        "id": 2,
        "name": "96_well_PCR_plate"
      }
    },
    {
      "name": "sample_DNAs_tube",
      "quantity": 1,
      "unit": "tube",
      "init_content": "sample",
      "labware": {
        "id": 1,
        "name": "tube"
      }
    },
    {
      "name": "water_tube",
      "quantity": 1,
      "unit": "tube",
      "init_content": "water",
      "labware": {
        "id": 1,
        "name": "tube"
      }
    },
    {
      "name": "template_only_PCR_MIX_tube",
      "quantity": 1,
      "unit": "tube",
      "init_content": "",
      "labware": {
        "id": 1,
        "name": "tube"
      }
    },
    {
      "name": "template_only_water_tube",
      "quantity": 1,
      "unit": "tube",
      "init_content": "water",
      "labware": {
        "id": 1,
        "name": "tube"
      }
    },
    {
      "name": "reaction_plate",
      "quantity": 1,
      "unit": "plate",
      "init_content": "",
      "labware": {
        "id": 3,
        "name": "reaction_plate"
      }
    }
  ]
}
***2025-02-25 08:10:58.204010+00:00***: obj-chan postprocess result:

{
  "labware": [
    {
      "name": "PCR_MIX_tube",
      "quantity": 13,
      "unit": "tube",
      "init_content": "",
      "labware": {
        "id": 1,
        "name": "tube"
      }
    },
    {
      "name": "10uM_primer_F_tube",
      "quantity": 13,
      "unit": "tube",
      "init_content": "",
      "labware": {
        "id": 1,
        "name": "tube"
      }
    },
    {
      "name": "10uM_primer_R_tube",
      "quantity": 13,
      "unit": "tube",
      "init_content": "",
      "labware": {
        "id": 1,
        "name": "tube"
      }
    },
    {
      "name": "PCR_MIX_PCR_plate",
      "quantity": 1,
      "unit": "plate",
      "init_content": "",
      "labware": {
        "id": 2,
        "name": "96_well_PCR_plate"
      }
    },
    {
      "name": "sample_DNAs_tube",
      "quantity": 1,
      "unit": "tube",
      "init_content": "sample",
      "labware": {
        "id": 1,
        "name": "tube"
      }
    },
    {
      "name": "water_tube",
      "quantity": 1,
      "unit": "tube",
      "init_content": "water",
      "labware": {
        "id": 1,
        "name": "tube"
      }
    },
    {
      "name": "template_only_PCR_MIX_tube",
      "quantity": 1,
      "unit": "tube",
      "init_content": "",
      "labware": {
        "id": 1,
        "name": "tube"
      }
    },
    {
      "name": "template_only_water_tube",
      "quantity": 1,
      "unit": "tube",
      "init_content": "water",
      "labware": {
        "id": 1,
        "name": "tube"
      }
    },
    {
      "name": "reaction_plate",
      "quantity": 1,
      "unit": "plate",
      "init_content": "",
      "labware": {
        "id": 3,
        "name": "reaction_plate"
      }
    }
  ]
}
***2025-02-25 08:10:58.205025+00:00***: 

Process Flow ******************
QPCR
QuantStudio 6 Proで測定するサンプルprepを行う
1サンプルあってそれぞれ13プライマー x duplicate(3)で試験するイメージ
NTCは13プライマー x duplicate(3)用意する
その他、PrimerなしのTemplateのみを1 x duplicate(3)用意する


Input：試薬類の容器はチューブまたはプレート
1 sample DNAs			300 μL
water					300 μL
10 μM primer_F			各10 μL
10 μM primer_R			各10 μL
PCR MIX				2000 μL
96 well PCR  plate			1 plate
その他液体混合に必要なチューブまたはプレートなど
output
sample DNA, primer, PCR MIXの混合溶液が入った96 well PCR plate x 1
procedure
1. PCR MIXを137.6 μLずつ13個に分注する
2. PCR MIXが入ったチューブに10 μM primer_F1-13を3.2 μL添加する
3. PCR MIXが入ったチューブに10 μM primer_R1-13を3.2 μL添加する
4. PCR MIXとprimerをピペッティングで混合する
5. templateのみ用のPCR MIXを86 μL分注する
6. templateのみ用のPCR MIXにwaterを4 μL添加する
7. templateのみ用のPCR MIXとwaterをピペッティングで混合する
8. サンプル DNAまたはwater をreaction plateに5 μLずつアプライする
下記plate mapの列を埋めていくイメージ
9. PCR MIXとprimerの混合溶液を10 μLずつreaction plateにアプライする
下記plate mapの行を埋めていくイメージ
plate map
81 well使用する
S_n = sample_n
今回はヒト標準cDNA1つ
NTC = no template control：水＝ネガティブコントロール（全primerについて置く）
P_m = primer set_m：forward primerとreverse primerのセット
今回は13種類
Templateのみも置く
OT-2のピペット
20 μLと300 μL 

Note: 
10 μMprimer_Fと10 μM primer_Rを 1つのCorning 96 Well Plate 360 µL Flatを用いて同じウェルプレート上に準備する
1 sample DNAsやwaterなど、同じ容器で保存できるものはまとめた名称をつけたプレートでできるだけまとめて用意する。
PCRMixは15 mLに準備せよ


Constraints ******************
Constraints(allowed_objects=[Object(name='Unknown', quantity=0, init_content='Unknown', labware={'name': '96 well plate'}, unit='unitless'), Object(name='Unknown', quantity=0, init_content='Unknown', labware={'name': '1.5 mL tube'}, unit='unitless'), Object(name='Unknown', quantity=0, init_content='Unknown', labware={'name': '15 mL tube'}, unit='unitless')])

Extracted Object List******************
[Object(name='PCR_MIX_tube', quantity=13, init_content='', labware={'id': 1, 'name': 'tube'}, unit='tube'), Object(name='10uM_primer_F_tube', quantity=13, init_content='', labware={'id': 1, 'name': 'tube'}, unit='tube'), Object(name='10uM_primer_R_tube', quantity=13, init_content='', labware={'id': 1, 'name': 'tube'}, unit='tube'), Object(name='PCR_MIX_PCR_plate', quantity=1, init_content='', labware={'id': 2, 'name': '96_well_PCR_plate'}, unit='plate'), Object(name='sample_DNAs_tube', quantity=1, init_content='sample', labware={'id': 1, 'name': 'tube'}, unit='tube'), Object(name='water_tube', quantity=1, init_content='water', labware={'id': 1, 'name': 'tube'}, unit='tube'), Object(name='template_only_PCR_MIX_tube', quantity=1, init_content='', labware={'id': 1, 'name': 'tube'}, unit='tube'), Object(name='template_only_water_tube', quantity=1, init_content='water', labware={'id': 1, 'name': 'tube'}, unit='tube'), Object(name='reaction_plate', quantity=1, init_content='', labware={'id': 3, 'name': 'reaction_plate'}, unit='plate')]***2025-02-25 08:10:58.206005+00:00***: ************ Obj-chan result ***************2025-02-25 08:10:58.207603+00:00***: object_list: [Object(name='PCR_MIX_tube', quantity=13, init_content='', labware={'id': 1, 'name': 'tube'}, unit='tube'), Object(name='10uM_primer_F_tube', quantity=13, init_content='', labware={'id': 1, 'name': 'tube'}, unit='tube'), Object(name='10uM_primer_R_tube', quantity=13, init_content='', labware={'id': 1, 'name': 'tube'}, unit='tube'), Object(name='PCR_MIX_PCR_plate', quantity=1, init_content='', labware={'id': 2, 'name': '96_well_PCR_plate'}, unit='plate'), Object(name='sample_DNAs_tube', quantity=1, init_content='sample', labware={'id': 1, 'name': 'tube'}, unit='tube'), Object(name='water_tube', quantity=1, init_content='water', labware={'id': 1, 'name': 'tube'}, unit='tube'), Object(name='template_only_PCR_MIX_tube', quantity=1, init_content='', labware={'id': 1, 'name': 'tube'}, unit='tube'), Object(name='template_only_water_tube', quantity=1, init_content='water', labware={'id': 1, 'name': 'tube'}, unit='tube'), Object(name='reaction_plate', quantity=1, init_content='', labware={'id': 3, 'name': 'reaction_plate'}, unit='plate')]***2025-02-25 08:10:58.216246+00:00***: object_list_num: 9***2025-02-25 08:10:58.217690+00:00***: all_num: 32***2025-02-25 08:10:58.218159+00:00***: ************ haichi-kun result ***************2025-02-25 08:10:58.218863+00:00***: all_results[:10]=[[((Object(name='PCR_MIX_tube', quantity=13, init_content='', labware={'id': 1, 'name': 'tube'}, unit='tube'), []), 1), ((Object(name='10uM_primer_F_tube', quantity=13, init_content='', labware={'id': 1, 'name': 'tube'}, unit='tube'), []), 2), ((Object(name='10uM_primer_R_tube', quantity=13, init_content='', labware={'id': 1, 'name': 'tube'}, unit='tube'), []), 3), ((Object(name='PCR_MIX_PCR_plate', quantity=1, init_content='', labware={'id': 2, 'name': '96_well_PCR_plate'}, unit='plate'), []), 4), ((Object(name='sample_DNAs_tube', quantity=1, init_content='sample', labware={'id': 1, 'name': 'tube'}, unit='tube'), []), 5), ((Object(name='water_tube', quantity=1, init_content='water', labware={'id': 1, 'name': 'tube'}, unit='tube'), []), 6), ((Object(name='template_only_PCR_MIX_tube', quantity=1, init_content='', labware={'id': 1, 'name': 'tube'}, unit='tube'), []), 7), ((Object(name='template_only_water_tube', quantity=1, init_content='water', labware={'id': 1, 'name': 'tube'}, unit='tube'), []), 8), ((Object(name='reaction_plate', quantity=1, init_content='', labware={'id': 3, 'name': 'reaction_plate'}, unit='plate'), []), 9)], [((Object(name='PCR_MIX_tube', quantity=13, init_content='', labware={'id': 1, 'name': 'tube'}, unit='tube'), []), 1), ((Object(name='10uM_primer_F_tube', quantity=13, init_content='', labware={'id': 1, 'name': 'tube'}, unit='tube'), []), 2), ((Object(name='10uM_primer_R_tube', quantity=13, init_content='', labware={'id': 1, 'name': 'tube'}, unit='tube'), []), 3), ((Object(name='PCR_MIX_PCR_plate', quantity=1, init_content='', labware={'id': 2, 'name': '96_well_PCR_plate'}, unit='plate'), []), 4), ((Object(name='sample_DNAs_tube', quantity=1, init_content='sample', labware={'id': 1, 'name': 'tube'}, unit='tube'), []), 5), ((Object(name='water_tube', quantity=1, init_content='water', labware={'id': 1, 'name': 'tube'}, unit='tube'), []), 6), ((Object(name='template_only_PCR_MIX_tube', quantity=1, init_content='', labware={'id': 1, 'name': 'tube'}, unit='tube'), []), 7), ((Object(name='template_only_water_tube', quantity=1, init_content='water', labware={'id': 1, 'name': 'tube'}, unit='tube'), []), 8), ((Object(name='reaction_plate', quantity=1, init_content='', labware={'id': 3, 'name': 'reaction_plate'}, unit='plate'), []), 10)], [((Object(name='PCR_MIX_tube', quantity=13, init_content='', labware={'id': 1, 'name': 'tube'}, unit='tube'), []), 1), ((Object(name='10uM_primer_F_tube', quantity=13, init_content='', labware={'id': 1, 'name': 'tube'}, unit='tube'), []), 2), ((Object(name='10uM_primer_R_tube', quantity=13, init_content='', labware={'id': 1, 'name': 'tube'}, unit='tube'), []), 3), ((Object(name='PCR_MIX_PCR_plate', quantity=1, init_content='', labware={'id': 2, 'name': '96_well_PCR_plate'}, unit='plate'), []), 4), ((Object(name='sample_DNAs_tube', quantity=1, init_content='sample', labware={'id': 1, 'name': 'tube'}, unit='tube'), []), 5), ((Object(name='water_tube', quantity=1, init_content='water', labware={'id': 1, 'name': 'tube'}, unit='tube'), []), 6), ((Object(name='template_only_PCR_MIX_tube', quantity=1, init_content='', labware={'id': 1, 'name': 'tube'}, unit='tube'), []), 7), ((Object(name='template_only_water_tube', quantity=1, init_content='water', labware={'id': 1, 'name': 'tube'}, unit='tube'), []), 8), ((Object(name='reaction_plate', quantity=1, init_content='', labware={'id': 3, 'name': 'reaction_plate'}, unit='plate'), []), 11)], [((Object(name='PCR_MIX_tube', quantity=13, init_content='', labware={'id': 1, 'name': 'tube'}, unit='tube'), []), 1), ((Object(name='10uM_primer_F_tube', quantity=13, init_content='', labware={'id': 1, 'name': 'tube'}, unit='tube'), []), 2), ((Object(name='10uM_primer_R_tube', quantity=13, init_content='', labware={'id': 1, 'name': 'tube'}, unit='tube'), []), 3), ((Object(name='PCR_MIX_PCR_plate', quantity=1, init_content='', labware={'id': 2, 'name': '96_well_PCR_plate'}, unit='plate'), []), 4), ((Object(name='sample_DNAs_tube', quantity=1, init_content='sample', labware={'id': 1, 'name': 'tube'}, unit='tube'), []), 5), ((Object(name='water_tube', quantity=1, init_content='water', labware={'id': 1, 'name': 'tube'}, unit='tube'), []), 6), ((Object(name='template_only_PCR_MIX_tube', quantity=1, init_content='', labware={'id': 1, 'name': 'tube'}, unit='tube'), []), 7), ((Object(name='template_only_water_tube', quantity=1, init_content='water', labware={'id': 1, 'name': 'tube'}, unit='tube'), []), 8), ((Object(name='reaction_plate', quantity=1, init_content='', labware={'id': 3, 'name': 'reaction_plate'}, unit='plate'), []), 12)], [((Object(name='PCR_MIX_tube', quantity=13, init_content='', labware={'id': 1, 'name': 'tube'}, unit='tube'), []), 1), ((Object(name='10uM_primer_F_tube', quantity=13, init_content='', labware={'id': 1, 'name': 'tube'}, unit='tube'), []), 2), ((Object(name='10uM_primer_R_tube', quantity=13, init_content='', labware={'id': 1, 'name': 'tube'}, unit='tube'), []), 3), ((Object(name='PCR_MIX_PCR_plate', quantity=1, init_content='', labware={'id': 2, 'name': '96_well_PCR_plate'}, unit='plate'), []), 4), ((Object(name='sample_DNAs_tube', quantity=1, init_content='sample', labware={'id': 1, 'name': 'tube'}, unit='tube'), []), 5), ((Object(name='water_tube', quantity=1, init_content='water', labware={'id': 1, 'name': 'tube'}, unit='tube'), []), 6), ((Object(name='template_only_PCR_MIX_tube', quantity=1, init_content='', labware={'id': 1, 'name': 'tube'}, unit='tube'), []), 7), ((Object(name='template_only_water_tube', quantity=1, init_content='water', labware={'id': 1, 'name': 'tube'}, unit='tube'), []), 9), ((Object(name='reaction_plate', quantity=1, init_content='', labware={'id': 3, 'name': 'reaction_plate'}, unit='plate'), []), 8)], [((Object(name='PCR_MIX_tube', quantity=13, init_content='', labware={'id': 1, 'name': 'tube'}, unit='tube'), []), 1), ((Object(name='10uM_primer_F_tube', quantity=13, init_content='', labware={'id': 1, 'name': 'tube'}, unit='tube'), []), 2), ((Object(name='10uM_primer_R_tube', quantity=13, init_content='', labware={'id': 1, 'name': 'tube'}, unit='tube'), []), 3), ((Object(name='PCR_MIX_PCR_plate', quantity=1, init_content='', labware={'id': 2, 'name': '96_well_PCR_plate'}, unit='plate'), []), 4), ((Object(name='sample_DNAs_tube', quantity=1, init_content='sample', labware={'id': 1, 'name': 'tube'}, unit='tube'), []), 5), ((Object(name='water_tube', quantity=1, init_content='water', labware={'id': 1, 'name': 'tube'}, unit='tube'), []), 6), ((Object(name='template_only_PCR_MIX_tube', quantity=1, init_content='', labware={'id': 1, 'name': 'tube'}, unit='tube'), []), 7), ((Object(name='template_only_water_tube', quantity=1, init_content='water', labware={'id': 1, 'name': 'tube'}, unit='tube'), []), 9), ((Object(name='reaction_plate', quantity=1, init_content='', labware={'id': 3, 'name': 'reaction_plate'}, unit='plate'), []), 10)], [((Object(name='PCR_MIX_tube', quantity=13, init_content='', labware={'id': 1, 'name': 'tube'}, unit='tube'), []), 1), ((Object(name='10uM_primer_F_tube', quantity=13, init_content='', labware={'id': 1, 'name': 'tube'}, unit='tube'), []), 2), ((Object(name='10uM_primer_R_tube', quantity=13, init_content='', labware={'id': 1, 'name': 'tube'}, unit='tube'), []), 3), ((Object(name='PCR_MIX_PCR_plate', quantity=1, init_content='', labware={'id': 2, 'name': '96_well_PCR_plate'}, unit='plate'), []), 4), ((Object(name='sample_DNAs_tube', quantity=1, init_content='sample', labware={'id': 1, 'name': 'tube'}, unit='tube'), []), 5), ((Object(name='water_tube', quantity=1, init_content='water', labware={'id': 1, 'name': 'tube'}, unit='tube'), []), 6), ((Object(name='template_only_PCR_MIX_tube', quantity=1, init_content='', labware={'id': 1, 'name': 'tube'}, unit='tube'), []), 7), ((Object(name='template_only_water_tube', quantity=1, init_content='water', labware={'id': 1, 'name': 'tube'}, unit='tube'), []), 9), ((Object(name='reaction_plate', quantity=1, init_content='', labware={'id': 3, 'name': 'reaction_plate'}, unit='plate'), []), 11)], [((Object(name='PCR_MIX_tube', quantity=13, init_content='', labware={'id': 1, 'name': 'tube'}, unit='tube'), []), 1), ((Object(name='10uM_primer_F_tube', quantity=13, init_content='', labware={'id': 1, 'name': 'tube'}, unit='tube'), []), 2), ((Object(name='10uM_primer_R_tube', quantity=13, init_content='', labware={'id': 1, 'name': 'tube'}, unit='tube'), []), 3), ((Object(name='PCR_MIX_PCR_plate', quantity=1, init_content='', labware={'id': 2, 'name': '96_well_PCR_plate'}, unit='plate'), []), 4), ((Object(name='sample_DNAs_tube', quantity=1, init_content='sample', labware={'id': 1, 'name': 'tube'}, unit='tube'), []), 5), ((Object(name='water_tube', quantity=1, init_content='water', labware={'id': 1, 'name': 'tube'}, unit='tube'), []), 6), ((Object(name='template_only_PCR_MIX_tube', quantity=1, init_content='', labware={'id': 1, 'name': 'tube'}, unit='tube'), []), 7), ((Object(name='template_only_water_tube', quantity=1, init_content='water', labware={'id': 1, 'name': 'tube'}, unit='tube'), []), 9), ((Object(name='reaction_plate', quantity=1, init_content='', labware={'id': 3, 'name': 'reaction_plate'}, unit='plate'), []), 12)], [((Object(name='PCR_MIX_tube', quantity=13, init_content='', labware={'id': 1, 'name': 'tube'}, unit='tube'), []), 1), ((Object(name='10uM_primer_F_tube', quantity=13, init_content='', labware={'id': 1, 'name': 'tube'}, unit='tube'), []), 2), ((Object(name='10uM_primer_R_tube', quantity=13, init_content='', labware={'id': 1, 'name': 'tube'}, unit='tube'), []), 3), ((Object(name='PCR_MIX_PCR_plate', quantity=1, init_content='', labware={'id': 2, 'name': '96_well_PCR_plate'}, unit='plate'), []), 4), ((Object(name='sample_DNAs_tube', quantity=1, init_content='sample', labware={'id': 1, 'name': 'tube'}, unit='tube'), []), 5), ((Object(name='water_tube', quantity=1, init_content='water', labware={'id': 1, 'name': 'tube'}, unit='tube'), []), 6), ((Object(name='template_only_PCR_MIX_tube', quantity=1, init_content='', labware={'id': 1, 'name': 'tube'}, unit='tube'), []), 7), ((Object(name='template_only_water_tube', quantity=1, init_content='water', labware={'id': 1, 'name': 'tube'}, unit='tube'), []), 10), ((Object(name='reaction_plate', quantity=1, init_content='', labware={'id': 3, 'name': 'reaction_plate'}, unit='plate'), []), 8)], [((Object(name='PCR_MIX_tube', quantity=13, init_content='', labware={'id': 1, 'name': 'tube'}, unit='tube'), []), 1), ((Object(name='10uM_primer_F_tube', quantity=13, init_content='', labware={'id': 1, 'name': 'tube'}, unit='tube'), []), 2), ((Object(name='10uM_primer_R_tube', quantity=13, init_content='', labware={'id': 1, 'name': 'tube'}, unit='tube'), []), 3), ((Object(name='PCR_MIX_PCR_plate', quantity=1, init_content='', labware={'id': 2, 'name': '96_well_PCR_plate'}, unit='plate'), []), 4), ((Object(name='sample_DNAs_tube', quantity=1, init_content='sample', labware={'id': 1, 'name': 'tube'}, unit='tube'), []), 5), ((Object(name='water_tube', quantity=1, init_content='water', labware={'id': 1, 'name': 'tube'}, unit='tube'), []), 6), ((Object(name='template_only_PCR_MIX_tube', quantity=1, init_content='', labware={'id': 1, 'name': 'tube'}, unit='tube'), []), 7), ((Object(name='template_only_water_tube', quantity=1, init_content='water', labware={'id': 1, 'name': 'tube'}, unit='tube'), []), 10), ((Object(name='reaction_plate', quantity=1, init_content='', labware={'id': 3, 'name': 'reaction_plate'}, unit='plate'), []), 9)]]***2025-02-25 08:10:58.221059+00:00***: ************ Check-chan result ***************2025-02-25 08:10:58.221482+00:00***: object_list: [(Object(name='PCR_MIX_tube', quantity=13, init_content='', labware={'id': 1, 'name': 'tube'}, unit='tube'), []), (Object(name='10uM_primer_F_tube', quantity=13, init_content='', labware={'id': 1, 'name': 'tube'}, unit='tube'), []), (Object(name='10uM_primer_R_tube', quantity=13, init_content='', labware={'id': 1, 'name': 'tube'}, unit='tube'), []), (Object(name='PCR_MIX_PCR_plate', quantity=1, init_content='', labware={'id': 2, 'name': '96_well_PCR_plate'}, unit='plate'), []), (Object(name='sample_DNAs_tube', quantity=1, init_content='sample', labware={'id': 1, 'name': 'tube'}, unit='tube'), []), (Object(name='water_tube', quantity=1, init_content='water', labware={'id': 1, 'name': 'tube'}, unit='tube'), []), (Object(name='template_only_PCR_MIX_tube', quantity=1, init_content='', labware={'id': 1, 'name': 'tube'}, unit='tube'), []), (Object(name='template_only_water_tube', quantity=1, init_content='water', labware={'id': 1, 'name': 'tube'}, unit='tube'), []), (Object(name='reaction_plate', quantity=1, init_content='', labware={'id': 3, 'name': 'reaction_plate'}, unit='plate'), [])]***2025-02-25 08:10:58.222260+00:00***: haichi: [((Object(name='PCR_MIX_tube', quantity=13, init_content='', labware={'id': 1, 'name': 'tube'}, unit='tube'), []), 1), ((Object(name='10uM_primer_F_tube', quantity=13, init_content='', labware={'id': 1, 'name': 'tube'}, unit='tube'), []), 2), ((Object(name='10uM_primer_R_tube', quantity=13, init_content='', labware={'id': 1, 'name': 'tube'}, unit='tube'), []), 3), ((Object(name='PCR_MIX_PCR_plate', quantity=1, init_content='', labware={'id': 2, 'name': '96_well_PCR_plate'}, unit='plate'), []), 4), ((Object(name='sample_DNAs_tube', quantity=1, init_content='sample', labware={'id': 1, 'name': 'tube'}, unit='tube'), []), 5), ((Object(name='water_tube', quantity=1, init_content='water', labware={'id': 1, 'name': 'tube'}, unit='tube'), []), 6), ((Object(name='template_only_PCR_MIX_tube', quantity=1, init_content='', labware={'id': 1, 'name': 'tube'}, unit='tube'), []), 7), ((Object(name='template_only_water_tube', quantity=1, init_content='water', labware={'id': 1, 'name': 'tube'}, unit='tube'), []), 8), ((Object(name='reaction_plate', quantity=1, init_content='', labware={'id': 3, 'name': 'reaction_plate'}, unit='plate'), []), 9)]***2025-02-25 08:10:58.222720+00:00***: object: ((Object(name='PCR_MIX_tube', quantity=13, init_content='', labware={'id': 1, 'name': 'tube'}, unit='tube'), []), 1)***2025-02-25 08:10:58.223648+00:00***: place: 1***2025-02-25 08:10:58.224125+00:00***: object: ((Object(name='10uM_primer_F_tube', quantity=13, init_content='', labware={'id': 1, 'name': 'tube'}, unit='tube'), []), 2)***2025-02-25 08:10:58.224489+00:00***: place: 2***2025-02-25 08:10:58.224838+00:00***: object: ((Object(name='10uM_primer_R_tube', quantity=13, init_content='', labware={'id': 1, 'name': 'tube'}, unit='tube'), []), 3)***2025-02-25 08:10:58.225172+00:00***: place: 3***2025-02-25 08:10:58.225486+00:00***: object: ((Object(name='PCR_MIX_PCR_plate', quantity=1, init_content='', labware={'id': 2, 'name': '96_well_PCR_plate'}, unit='plate'), []), 4)***2025-02-25 08:10:58.225770+00:00***: place: 4***2025-02-25 08:10:58.226054+00:00***: object: ((Object(name='sample_DNAs_tube', quantity=1, init_content='sample', labware={'id': 1, 'name': 'tube'}, unit='tube'), []), 5)***2025-02-25 08:10:58.226386+00:00***: place: 5***2025-02-25 08:10:58.226784+00:00***: object: ((Object(name='water_tube', quantity=1, init_content='water', labware={'id': 1, 'name': 'tube'}, unit='tube'), []), 6)***2025-02-25 08:10:58.227207+00:00***: place: 6***2025-02-25 08:10:58.228679+00:00***: object: ((Object(name='template_only_PCR_MIX_tube', quantity=1, init_content='', labware={'id': 1, 'name': 'tube'}, unit='tube'), []), 7)***2025-02-25 08:10:58.229215+00:00***: place: 7***2025-02-25 08:10:58.229573+00:00***: object: ((Object(name='template_only_water_tube', quantity=1, init_content='water', labware={'id': 1, 'name': 'tube'}, unit='tube'), []), 8)***2025-02-25 08:10:58.229979+00:00***: place: 8***2025-02-25 08:10:58.230439+00:00***: object: ((Object(name='reaction_plate', quantity=1, init_content='', labware={'id': 3, 'name': 'reaction_plate'}, unit='plate'), []), 9)***2025-02-25 08:10:58.230851+00:00***: place: 9***2025-02-25 08:10:58.231162+00:00***: ***Station info*** from***2025-02-25 08:10:58.231466+00:00***: ||||
|----|----|----|
|void|void|void|
|template_only_PCR_MIX_tube:template_only_PCR_MIX_tube|template_only_water_tube:template_only_water_tube|reaction_plate:reaction_plate|
|PCR_MIX_PCR_plate:PCR_MIX_PCR_plate|sample_DNAs_tube:sample_DNAs_tube|water_tube:water_tube|
|PCR_MIX_tube:PCR_MIX_tube|10uM_primer_F_tube:10uM_primer_F_tube|10uM_primer_R_tube:10uM_primer_R_tube|
***2025-02-25 08:10:58.231738+00:00***: ***Station info*** to***2025-02-25 08:10:58.232472+00:00***: relative_restriction: test_case/relative_restriction_init_content/ng_position1.json***2025-02-25 08:10:58.233098+00:00***: []***2025-02-25 08:10:58.234224+00:00***: ************ Check-chan result ***************2025-02-25 08:10:58.234690+00:00***: object_list: [(Object(name='PCR_MIX_tube', quantity=13, init_content='', labware={'id': 1, 'name': 'tube'}, unit='tube'), []), (Object(name='10uM_primer_F_tube', quantity=13, init_content='', labware={'id': 1, 'name': 'tube'}, unit='tube'), []), (Object(name='10uM_primer_R_tube', quantity=13, init_content='', labware={'id': 1, 'name': 'tube'}, unit='tube'), []), (Object(name='PCR_MIX_PCR_plate', quantity=1, init_content='', labware={'id': 2, 'name': '96_well_PCR_plate'}, unit='plate'), []), (Object(name='sample_DNAs_tube', quantity=1, init_content='sample', labware={'id': 1, 'name': 'tube'}, unit='tube'), []), (Object(name='water_tube', quantity=1, init_content='water', labware={'id': 1, 'name': 'tube'}, unit='tube'), []), (Object(name='template_only_PCR_MIX_tube', quantity=1, init_content='', labware={'id': 1, 'name': 'tube'}, unit='tube'), []), (Object(name='template_only_water_tube', quantity=1, init_content='water', labware={'id': 1, 'name': 'tube'}, unit='tube'), []), (Object(name='reaction_plate', quantity=1, init_content='', labware={'id': 3, 'name': 'reaction_plate'}, unit='plate'), [])]***2025-02-25 08:10:58.235014+00:00***: haichi: [((Object(name='PCR_MIX_tube', quantity=13, init_content='', labware={'id': 1, 'name': 'tube'}, unit='tube'), []), 1), ((Object(name='10uM_primer_F_tube', quantity=13, init_content='', labware={'id': 1, 'name': 'tube'}, unit='tube'), []), 2), ((Object(name='10uM_primer_R_tube', quantity=13, init_content='', labware={'id': 1, 'name': 'tube'}, unit='tube'), []), 3), ((Object(name='PCR_MIX_PCR_plate', quantity=1, init_content='', labware={'id': 2, 'name': '96_well_PCR_plate'}, unit='plate'), []), 4), ((Object(name='sample_DNAs_tube', quantity=1, init_content='sample', labware={'id': 1, 'name': 'tube'}, unit='tube'), []), 5), ((Object(name='water_tube', quantity=1, init_content='water', labware={'id': 1, 'name': 'tube'}, unit='tube'), []), 6), ((Object(name='template_only_PCR_MIX_tube', quantity=1, init_content='', labware={'id': 1, 'name': 'tube'}, unit='tube'), []), 7), ((Object(name='template_only_water_tube', quantity=1, init_content='water', labware={'id': 1, 'name': 'tube'}, unit='tube'), []), 8), ((Object(name='reaction_plate', quantity=1, init_content='', labware={'id': 3, 'name': 'reaction_plate'}, unit='plate'), []), 10)]***2025-02-25 08:10:58.235287+00:00***: object: ((Object(name='PCR_MIX_tube', quantity=13, init_content='', labware={'id': 1, 'name': 'tube'}, unit='tube'), []), 1)***2025-02-25 08:10:58.235518+00:00***: place: 1***2025-02-25 08:10:58.235763+00:00***: object: ((Object(name='10uM_primer_F_tube', quantity=13, init_content='', labware={'id': 1, 'name': 'tube'}, unit='tube'), []), 2)***2025-02-25 08:10:58.235999+00:00***: place: 2***2025-02-25 08:10:58.236234+00:00***: object: ((Object(name='10uM_primer_R_tube', quantity=13, init_content='', labware={'id': 1, 'name': 'tube'}, unit='tube'), []), 3)***2025-02-25 08:10:58.236458+00:00***: place: 3***2025-02-25 08:10:58.236748+00:00***: object: ((Object(name='PCR_MIX_PCR_plate', quantity=1, init_content='', labware={'id': 2, 'name': '96_well_PCR_plate'}, unit='plate'), []), 4)***2025-02-25 08:10:58.236993+00:00***: place: 4***2025-02-25 08:10:58.237506+00:00***: object: ((Object(name='sample_DNAs_tube', quantity=1, init_content='sample', labware={'id': 1, 'name': 'tube'}, unit='tube'), []), 5)***2025-02-25 08:10:58.237721+00:00***: place: 5***2025-02-25 08:10:58.237972+00:00***: object: ((Object(name='water_tube', quantity=1, init_content='water', labware={'id': 1, 'name': 'tube'}, unit='tube'), []), 6)***2025-02-25 08:10:58.238348+00:00***: place: 6***2025-02-25 08:10:58.238569+00:00***: object: ((Object(name='template_only_PCR_MIX_tube', quantity=1, init_content='', labware={'id': 1, 'name': 'tube'}, unit='tube'), []), 7)***2025-02-25 08:10:58.239225+00:00***: place: 7***2025-02-25 08:10:58.239667+00:00***: object: ((Object(name='template_only_water_tube', quantity=1, init_content='water', labware={'id': 1, 'name': 'tube'}, unit='tube'), []), 8)***2025-02-25 08:10:58.240016+00:00***: place: 8***2025-02-25 08:10:58.240291+00:00***: object: ((Object(name='reaction_plate', quantity=1, init_content='', labware={'id': 3, 'name': 'reaction_plate'}, unit='plate'), []), 10)***2025-02-25 08:10:58.240552+00:00***: place: 10***2025-02-25 08:10:58.240781+00:00***: ***Station info*** from***2025-02-25 08:10:58.241039+00:00***: ||||
|----|----|----|
|reaction_plate:reaction_plate|void|void|
|template_only_PCR_MIX_tube:template_only_PCR_MIX_tube|template_only_water_tube:template_only_water_tube|void|
|PCR_MIX_PCR_plate:PCR_MIX_PCR_plate|sample_DNAs_tube:sample_DNAs_tube|water_tube:water_tube|
|PCR_MIX_tube:PCR_MIX_tube|10uM_primer_F_tube:10uM_primer_F_tube|10uM_primer_R_tube:10uM_primer_R_tube|
***2025-02-25 08:10:58.241522+00:00***: ***Station info*** to***2025-02-25 08:10:58.241836+00:00***: relative_restriction: test_case/relative_restriction_init_content/ng_position1.json***2025-02-25 08:10:58.242589+00:00***: []***2025-02-25 08:10:58.245313+00:00***: ************ Check-chan result ***************2025-02-25 08:10:58.245758+00:00***: object_list: [(Object(name='PCR_MIX_tube', quantity=13, init_content='', labware={'id': 1, 'name': 'tube'}, unit='tube'), []), (Object(name='10uM_primer_F_tube', quantity=13, init_content='', labware={'id': 1, 'name': 'tube'}, unit='tube'), []), (Object(name='10uM_primer_R_tube', quantity=13, init_content='', labware={'id': 1, 'name': 'tube'}, unit='tube'), []), (Object(name='PCR_MIX_PCR_plate', quantity=1, init_content='', labware={'id': 2, 'name': '96_well_PCR_plate'}, unit='plate'), []), (Object(name='sample_DNAs_tube', quantity=1, init_content='sample', labware={'id': 1, 'name': 'tube'}, unit='tube'), []), (Object(name='water_tube', quantity=1, init_content='water', labware={'id': 1, 'name': 'tube'}, unit='tube'), []), (Object(name='template_only_PCR_MIX_tube', quantity=1, init_content='', labware={'id': 1, 'name': 'tube'}, unit='tube'), []), (Object(name='template_only_water_tube', quantity=1, init_content='water', labware={'id': 1, 'name': 'tube'}, unit='tube'), []), (Object(name='reaction_plate', quantity=1, init_content='', labware={'id': 3, 'name': 'reaction_plate'}, unit='plate'), [])]***2025-02-25 08:10:58.246270+00:00***: haichi: [((Object(name='PCR_MIX_tube', quantity=13, init_content='', labware={'id': 1, 'name': 'tube'}, unit='tube'), []), 1), ((Object(name='10uM_primer_F_tube', quantity=13, init_content='', labware={'id': 1, 'name': 'tube'}, unit='tube'), []), 2), ((Object(name='10uM_primer_R_tube', quantity=13, init_content='', labware={'id': 1, 'name': 'tube'}, unit='tube'), []), 3), ((Object(name='PCR_MIX_PCR_plate', quantity=1, init_content='', labware={'id': 2, 'name': '96_well_PCR_plate'}, unit='plate'), []), 4), ((Object(name='sample_DNAs_tube', quantity=1, init_content='sample', labware={'id': 1, 'name': 'tube'}, unit='tube'), []), 5), ((Object(name='water_tube', quantity=1, init_content='water', labware={'id': 1, 'name': 'tube'}, unit='tube'), []), 6), ((Object(name='template_only_PCR_MIX_tube', quantity=1, init_content='', labware={'id': 1, 'name': 'tube'}, unit='tube'), []), 7), ((Object(name='template_only_water_tube', quantity=1, init_content='water', labware={'id': 1, 'name': 'tube'}, unit='tube'), []), 8), ((Object(name='reaction_plate', quantity=1, init_content='', labware={'id': 3, 'name': 'reaction_plate'}, unit='plate'), []), 11)]***2025-02-25 08:10:58.246632+00:00***: object: ((Object(name='PCR_MIX_tube', quantity=13, init_content='', labware={'id': 1, 'name': 'tube'}, unit='tube'), []), 1)***2025-02-25 08:10:58.246884+00:00***: place: 1***2025-02-25 08:10:58.247117+00:00***: object: ((Object(name='10uM_primer_F_tube', quantity=13, init_content='', labware={'id': 1, 'name': 'tube'}, unit='tube'), []), 2)***2025-02-25 08:10:58.247302+00:00***: place: 2***2025-02-25 08:10:58.247498+00:00***: object: ((Object(name='10uM_primer_R_tube', quantity=13, init_content='', labware={'id': 1, 'name': 'tube'}, unit='tube'), []), 3)***2025-02-25 08:10:58.247673+00:00***: place: 3***2025-02-25 08:10:58.247849+00:00***: object: ((Object(name='PCR_MIX_PCR_plate', quantity=1, init_content='', labware={'id': 2, 'name': '96_well_PCR_plate'}, unit='plate'), []), 4)***2025-02-25 08:10:58.248082+00:00***: place: 4***2025-02-25 08:10:58.248318+00:00***: object: ((Object(name='sample_DNAs_tube', quantity=1, init_content='sample', labware={'id': 1, 'name': 'tube'}, unit='tube'), []), 5)***2025-02-25 08:10:58.248531+00:00***: place: 5***2025-02-25 08:10:58.248784+00:00***: object: ((Object(name='water_tube', quantity=1, init_content='water', labware={'id': 1, 'name': 'tube'}, unit='tube'), []), 6)***2025-02-25 08:10:58.249378+00:00***: place: 6***2025-02-25 08:10:58.249631+00:00***: object: ((Object(name='template_only_PCR_MIX_tube', quantity=1, init_content='', labware={'id': 1, 'name': 'tube'}, unit='tube'), []), 7)***2025-02-25 08:10:58.249978+00:00***: place: 7***2025-02-25 08:10:58.250681+00:00***: object: ((Object(name='template_only_water_tube', quantity=1, init_content='water', labware={'id': 1, 'name': 'tube'}, unit='tube'), []), 8)***2025-02-25 08:10:58.251020+00:00***: place: 8***2025-02-25 08:10:58.251356+00:00***: object: ((Object(name='reaction_plate', quantity=1, init_content='', labware={'id': 3, 'name': 'reaction_plate'}, unit='plate'), []), 11)***2025-02-25 08:10:58.251649+00:00***: place: 11***2025-02-25 08:10:58.251985+00:00***: ***Station info*** from***2025-02-25 08:10:58.252340+00:00***: ||||
|----|----|----|
|void|reaction_plate:reaction_plate|void|
|template_only_PCR_MIX_tube:template_only_PCR_MIX_tube|template_only_water_tube:template_only_water_tube|void|
|PCR_MIX_PCR_plate:PCR_MIX_PCR_plate|sample_DNAs_tube:sample_DNAs_tube|water_tube:water_tube|
|PCR_MIX_tube:PCR_MIX_tube|10uM_primer_F_tube:10uM_primer_F_tube|10uM_primer_R_tube:10uM_primer_R_tube|
***2025-02-25 08:10:58.252613+00:00***: ***Station info*** to***2025-02-25 08:10:58.252923+00:00***: relative_restriction: test_case/relative_restriction_init_content/ng_position1.json***2025-02-25 08:10:58.253410+00:00***: []***2025-02-25 08:10:58.254430+00:00***: ************ Check-chan result ***************2025-02-25 08:10:58.254714+00:00***: object_list: [(Object(name='PCR_MIX_tube', quantity=13, init_content='', labware={'id': 1, 'name': 'tube'}, unit='tube'), []), (Object(name='10uM_primer_F_tube', quantity=13, init_content='', labware={'id': 1, 'name': 'tube'}, unit='tube'), []), (Object(name='10uM_primer_R_tube', quantity=13, init_content='', labware={'id': 1, 'name': 'tube'}, unit='tube'), []), (Object(name='PCR_MIX_PCR_plate', quantity=1, init_content='', labware={'id': 2, 'name': '96_well_PCR_plate'}, unit='plate'), []), (Object(name='sample_DNAs_tube', quantity=1, init_content='sample', labware={'id': 1, 'name': 'tube'}, unit='tube'), []), (Object(name='water_tube', quantity=1, init_content='water', labware={'id': 1, 'name': 'tube'}, unit='tube'), []), (Object(name='template_only_PCR_MIX_tube', quantity=1, init_content='', labware={'id': 1, 'name': 'tube'}, unit='tube'), []), (Object(name='template_only_water_tube', quantity=1, init_content='water', labware={'id': 1, 'name': 'tube'}, unit='tube'), []), (Object(name='reaction_plate', quantity=1, init_content='', labware={'id': 3, 'name': 'reaction_plate'}, unit='plate'), [])]***2025-02-25 08:10:58.255066+00:00***: haichi: [((Object(name='PCR_MIX_tube', quantity=13, init_content='', labware={'id': 1, 'name': 'tube'}, unit='tube'), []), 1), ((Object(name='10uM_primer_F_tube', quantity=13, init_content='', labware={'id': 1, 'name': 'tube'}, unit='tube'), []), 2), ((Object(name='10uM_primer_R_tube', quantity=13, init_content='', labware={'id': 1, 'name': 'tube'}, unit='tube'), []), 3), ((Object(name='PCR_MIX_PCR_plate', quantity=1, init_content='', labware={'id': 2, 'name': '96_well_PCR_plate'}, unit='plate'), []), 4), ((Object(name='sample_DNAs_tube', quantity=1, init_content='sample', labware={'id': 1, 'name': 'tube'}, unit='tube'), []), 5), ((Object(name='water_tube', quantity=1, init_content='water', labware={'id': 1, 'name': 'tube'}, unit='tube'), []), 6), ((Object(name='template_only_PCR_MIX_tube', quantity=1, init_content='', labware={'id': 1, 'name': 'tube'}, unit='tube'), []), 7), ((Object(name='template_only_water_tube', quantity=1, init_content='water', labware={'id': 1, 'name': 'tube'}, unit='tube'), []), 8), ((Object(name='reaction_plate', quantity=1, init_content='', labware={'id': 3, 'name': 'reaction_plate'}, unit='plate'), []), 12)]***2025-02-25 08:10:58.255333+00:00***: object: ((Object(name='PCR_MIX_tube', quantity=13, init_content='', labware={'id': 1, 'name': 'tube'}, unit='tube'), []), 1)***2025-02-25 08:10:58.255566+00:00***: place: 1***2025-02-25 08:10:58.255920+00:00***: object: ((Object(name='10uM_primer_F_tube', quantity=13, init_content='', labware={'id': 1, 'name': 'tube'}, unit='tube'), []), 2)***2025-02-25 08:10:58.256880+00:00***: place: 2***2025-02-25 08:10:58.257323+00:00***: object: ((Object(name='10uM_primer_R_tube', quantity=13, init_content='', labware={'id': 1, 'name': 'tube'}, unit='tube'), []), 3)***2025-02-25 08:10:58.257587+00:00***: place: 3***2025-02-25 08:10:58.257855+00:00***: object: ((Object(name='PCR_MIX_PCR_plate', quantity=1, init_content='', labware={'id': 2, 'name': '96_well_PCR_plate'}, unit='plate'), []), 4)***2025-02-25 08:10:58.258143+00:00***: place: 4***2025-02-25 08:10:58.258386+00:00***: object: ((Object(name='sample_DNAs_tube', quantity=1, init_content='sample', labware={'id': 1, 'name': 'tube'}, unit='tube'), []), 5)***2025-02-25 08:10:58.258694+00:00***: place: 5***2025-02-25 08:10:58.258977+00:00***: object: ((Object(name='water_tube', quantity=1, init_content='water', labware={'id': 1, 'name': 'tube'}, unit='tube'), []), 6)***2025-02-25 08:10:58.259217+00:00***: place: 6***2025-02-25 08:10:58.259488+00:00***: object: ((Object(name='template_only_PCR_MIX_tube', quantity=1, init_content='', labware={'id': 1, 'name': 'tube'}, unit='tube'), []), 7)***2025-02-25 08:10:58.259730+00:00***: place: 7***2025-02-25 08:10:58.260006+00:00***: object: ((Object(name='template_only_water_tube', quantity=1, init_content='water', labware={'id': 1, 'name': 'tube'}, unit='tube'), []), 8)***2025-02-25 08:10:58.260256+00:00***: place: 8***2025-02-25 08:10:58.260532+00:00***: object: ((Object(name='reaction_plate', quantity=1, init_content='', labware={'id': 3, 'name': 'reaction_plate'}, unit='plate'), []), 12)***2025-02-25 08:10:58.260769+00:00***: place: 12***2025-02-25 08:10:58.261090+00:00***: ***Station info*** from***2025-02-25 08:10:58.261500+00:00***: ||||
|----|----|----|
|void|void|reaction_plate:reaction_plate|
|template_only_PCR_MIX_tube:template_only_PCR_MIX_tube|template_only_water_tube:template_only_water_tube|void|
|PCR_MIX_PCR_plate:PCR_MIX_PCR_plate|sample_DNAs_tube:sample_DNAs_tube|water_tube:water_tube|
|PCR_MIX_tube:PCR_MIX_tube|10uM_primer_F_tube:10uM_primer_F_tube|10uM_primer_R_tube:10uM_primer_R_tube|
***2025-02-25 08:10:58.261744+00:00***: ***Station info*** to***2025-02-25 08:10:58.262047+00:00***: relative_restriction: test_case/relative_restriction_init_content/ng_position1.json***2025-02-25 08:10:58.262577+00:00***: []***2025-02-25 08:10:58.263567+00:00***: ************ Check-chan result ***************2025-02-25 08:10:58.263853+00:00***: object_list: [(Object(name='PCR_MIX_tube', quantity=13, init_content='', labware={'id': 1, 'name': 'tube'}, unit='tube'), []), (Object(name='10uM_primer_F_tube', quantity=13, init_content='', labware={'id': 1, 'name': 'tube'}, unit='tube'), []), (Object(name='10uM_primer_R_tube', quantity=13, init_content='', labware={'id': 1, 'name': 'tube'}, unit='tube'), []), (Object(name='PCR_MIX_PCR_plate', quantity=1, init_content='', labware={'id': 2, 'name': '96_well_PCR_plate'}, unit='plate'), []), (Object(name='sample_DNAs_tube', quantity=1, init_content='sample', labware={'id': 1, 'name': 'tube'}, unit='tube'), []), (Object(name='water_tube', quantity=1, init_content='water', labware={'id': 1, 'name': 'tube'}, unit='tube'), []), (Object(name='template_only_PCR_MIX_tube', quantity=1, init_content='', labware={'id': 1, 'name': 'tube'}, unit='tube'), []), (Object(name='template_only_water_tube', quantity=1, init_content='water', labware={'id': 1, 'name': 'tube'}, unit='tube'), []), (Object(name='reaction_plate', quantity=1, init_content='', labware={'id': 3, 'name': 'reaction_plate'}, unit='plate'), [])]***2025-02-25 08:10:58.264167+00:00***: haichi: [((Object(name='PCR_MIX_tube', quantity=13, init_content='', labware={'id': 1, 'name': 'tube'}, unit='tube'), []), 1), ((Object(name='10uM_primer_F_tube', quantity=13, init_content='', labware={'id': 1, 'name': 'tube'}, unit='tube'), []), 2), ((Object(name='10uM_primer_R_tube', quantity=13, init_content='', labware={'id': 1, 'name': 'tube'}, unit='tube'), []), 3), ((Object(name='PCR_MIX_PCR_plate', quantity=1, init_content='', labware={'id': 2, 'name': '96_well_PCR_plate'}, unit='plate'), []), 4), ((Object(name='sample_DNAs_tube', quantity=1, init_content='sample', labware={'id': 1, 'name': 'tube'}, unit='tube'), []), 5), ((Object(name='water_tube', quantity=1, init_content='water', labware={'id': 1, 'name': 'tube'}, unit='tube'), []), 6), ((Object(name='template_only_PCR_MIX_tube', quantity=1, init_content='', labware={'id': 1, 'name': 'tube'}, unit='tube'), []), 7), ((Object(name='template_only_water_tube', quantity=1, init_content='water', labware={'id': 1, 'name': 'tube'}, unit='tube'), []), 9), ((Object(name='reaction_plate', quantity=1, init_content='', labware={'id': 3, 'name': 'reaction_plate'}, unit='plate'), []), 8)]***2025-02-25 08:10:58.264436+00:00***: object: ((Object(name='PCR_MIX_tube', quantity=13, init_content='', labware={'id': 1, 'name': 'tube'}, unit='tube'), []), 1)***2025-02-25 08:10:58.264661+00:00***: place: 1***2025-02-25 08:10:58.264888+00:00***: object: ((Object(name='10uM_primer_F_tube', quantity=13, init_content='', labware={'id': 1, 'name': 'tube'}, unit='tube'), []), 2)***2025-02-25 08:10:58.265149+00:00***: place: 2***2025-02-25 08:10:58.265587+00:00***: object: ((Object(name='10uM_primer_R_tube', quantity=13, init_content='', labware={'id': 1, 'name': 'tube'}, unit='tube'), []), 3)***2025-02-25 08:10:58.265898+00:00***: place: 3***2025-02-25 08:10:58.266134+00:00***: object: ((Object(name='PCR_MIX_PCR_plate', quantity=1, init_content='', labware={'id': 2, 'name': '96_well_PCR_plate'}, unit='plate'), []), 4)***2025-02-25 08:10:58.266355+00:00***: place: 4***2025-02-25 08:10:58.266581+00:00***: object: ((Object(name='sample_DNAs_tube', quantity=1, init_content='sample', labware={'id': 1, 'name': 'tube'}, unit='tube'), []), 5)***2025-02-25 08:10:58.266791+00:00***: place: 5***2025-02-25 08:10:58.267014+00:00***: object: ((Object(name='water_tube', quantity=1, init_content='water', labware={'id': 1, 'name': 'tube'}, unit='tube'), []), 6)***2025-02-25 08:10:58.267432+00:00***: place: 6***2025-02-25 08:10:58.267752+00:00***: object: ((Object(name='template_only_PCR_MIX_tube', quantity=1, init_content='', labware={'id': 1, 'name': 'tube'}, unit='tube'), []), 7)***2025-02-25 08:10:58.268471+00:00***: place: 7***2025-02-25 08:10:58.268678+00:00***: object: ((Object(name='template_only_water_tube', quantity=1, init_content='water', labware={'id': 1, 'name': 'tube'}, unit='tube'), []), 9)***2025-02-25 08:10:58.268923+00:00***: place: 9***2025-02-25 08:10:58.269530+00:00***: object: ((Object(name='reaction_plate', quantity=1, init_content='', labware={'id': 3, 'name': 'reaction_plate'}, unit='plate'), []), 8)***2025-02-25 08:10:58.269859+00:00***: place: 8***2025-02-25 08:10:58.270064+00:00***: ***Station info*** from***2025-02-25 08:10:58.270270+00:00***: ||||
|----|----|----|
|void|void|void|
|template_only_PCR_MIX_tube:template_only_PCR_MIX_tube|reaction_plate:reaction_plate|template_only_water_tube:template_only_water_tube|
|PCR_MIX_PCR_plate:PCR_MIX_PCR_plate|sample_DNAs_tube:sample_DNAs_tube|water_tube:water_tube|
|PCR_MIX_tube:PCR_MIX_tube|10uM_primer_F_tube:10uM_primer_F_tube|10uM_primer_R_tube:10uM_primer_R_tube|
***2025-02-25 08:10:58.270467+00:00***: ***Station info*** to***2025-02-25 08:10:58.270689+00:00***: relative_restriction: test_case/relative_restriction_init_content/ng_position1.json***2025-02-25 08:10:58.271047+00:00***: []***2025-02-25 08:10:58.271860+00:00***: ************ Check-chan result ***************2025-02-25 08:10:58.272070+00:00***: object_list: [(Object(name='PCR_MIX_tube', quantity=13, init_content='', labware={'id': 1, 'name': 'tube'}, unit='tube'), []), (Object(name='10uM_primer_F_tube', quantity=13, init_content='', labware={'id': 1, 'name': 'tube'}, unit='tube'), []), (Object(name='10uM_primer_R_tube', quantity=13, init_content='', labware={'id': 1, 'name': 'tube'}, unit='tube'), []), (Object(name='PCR_MIX_PCR_plate', quantity=1, init_content='', labware={'id': 2, 'name': '96_well_PCR_plate'}, unit='plate'), []), (Object(name='sample_DNAs_tube', quantity=1, init_content='sample', labware={'id': 1, 'name': 'tube'}, unit='tube'), []), (Object(name='water_tube', quantity=1, init_content='water', labware={'id': 1, 'name': 'tube'}, unit='tube'), []), (Object(name='template_only_PCR_MIX_tube', quantity=1, init_content='', labware={'id': 1, 'name': 'tube'}, unit='tube'), []), (Object(name='template_only_water_tube', quantity=1, init_content='water', labware={'id': 1, 'name': 'tube'}, unit='tube'), []), (Object(name='reaction_plate', quantity=1, init_content='', labware={'id': 3, 'name': 'reaction_plate'}, unit='plate'), [])]***2025-02-25 08:10:58.272437+00:00***: haichi: [((Object(name='PCR_MIX_tube', quantity=13, init_content='', labware={'id': 1, 'name': 'tube'}, unit='tube'), []), 1), ((Object(name='10uM_primer_F_tube', quantity=13, init_content='', labware={'id': 1, 'name': 'tube'}, unit='tube'), []), 2), ((Object(name='10uM_primer_R_tube', quantity=13, init_content='', labware={'id': 1, 'name': 'tube'}, unit='tube'), []), 3), ((Object(name='PCR_MIX_PCR_plate', quantity=1, init_content='', labware={'id': 2, 'name': '96_well_PCR_plate'}, unit='plate'), []), 4), ((Object(name='sample_DNAs_tube', quantity=1, init_content='sample', labware={'id': 1, 'name': 'tube'}, unit='tube'), []), 5), ((Object(name='water_tube', quantity=1, init_content='water', labware={'id': 1, 'name': 'tube'}, unit='tube'), []), 6), ((Object(name='template_only_PCR_MIX_tube', quantity=1, init_content='', labware={'id': 1, 'name': 'tube'}, unit='tube'), []), 7), ((Object(name='template_only_water_tube', quantity=1, init_content='water', labware={'id': 1, 'name': 'tube'}, unit='tube'), []), 9), ((Object(name='reaction_plate', quantity=1, init_content='', labware={'id': 3, 'name': 'reaction_plate'}, unit='plate'), []), 10)]***2025-02-25 08:10:58.272675+00:00***: object: ((Object(name='PCR_MIX_tube', quantity=13, init_content='', labware={'id': 1, 'name': 'tube'}, unit='tube'), []), 1)***2025-02-25 08:10:58.272822+00:00***: place: 1***2025-02-25 08:10:58.272994+00:00***: object: ((Object(name='10uM_primer_F_tube', quantity=13, init_content='', labware={'id': 1, 'name': 'tube'}, unit='tube'), []), 2)***2025-02-25 08:10:58.273179+00:00***: place: 2***2025-02-25 08:10:58.273341+00:00***: object: ((Object(name='10uM_primer_R_tube', quantity=13, init_content='', labware={'id': 1, 'name': 'tube'}, unit='tube'), []), 3)***2025-02-25 08:10:58.273513+00:00***: place: 3***2025-02-25 08:10:58.273729+00:00***: object: ((Object(name='PCR_MIX_PCR_plate', quantity=1, init_content='', labware={'id': 2, 'name': '96_well_PCR_plate'}, unit='plate'), []), 4)***2025-02-25 08:10:58.273859+00:00***: place: 4***2025-02-25 08:10:58.274038+00:00***: object: ((Object(name='sample_DNAs_tube', quantity=1, init_content='sample', labware={'id': 1, 'name': 'tube'}, unit='tube'), []), 5)***2025-02-25 08:10:58.274182+00:00***: place: 5***2025-02-25 08:10:58.274324+00:00***: object: ((Object(name='water_tube', quantity=1, init_content='water', labware={'id': 1, 'name': 'tube'}, unit='tube'), []), 6)***2025-02-25 08:10:58.274456+00:00***: place: 6***2025-02-25 08:10:58.274600+00:00***: object: ((Object(name='template_only_PCR_MIX_tube', quantity=1, init_content='', labware={'id': 1, 'name': 'tube'}, unit='tube'), []), 7)***2025-02-25 08:10:58.274725+00:00***: place: 7***2025-02-25 08:10:58.274856+00:00***: object: ((Object(name='template_only_water_tube', quantity=1, init_content='water', labware={'id': 1, 'name': 'tube'}, unit='tube'), []), 9)***2025-02-25 08:10:58.274995+00:00***: place: 9***2025-02-25 08:10:58.275136+00:00***: object: ((Object(name='reaction_plate', quantity=1, init_content='', labware={'id': 3, 'name': 'reaction_plate'}, unit='plate'), []), 10)***2025-02-25 08:10:58.275259+00:00***: place: 10***2025-02-25 08:10:58.275377+00:00***: ***Station info*** from***2025-02-25 08:10:58.275496+00:00***: ||||
|----|----|----|
|reaction_plate:reaction_plate|void|void|
|template_only_PCR_MIX_tube:template_only_PCR_MIX_tube|void|template_only_water_tube:template_only_water_tube|
|PCR_MIX_PCR_plate:PCR_MIX_PCR_plate|sample_DNAs_tube:sample_DNAs_tube|water_tube:water_tube|
|PCR_MIX_tube:PCR_MIX_tube|10uM_primer_F_tube:10uM_primer_F_tube|10uM_primer_R_tube:10uM_primer_R_tube|
***2025-02-25 08:10:58.275614+00:00***: ***Station info*** to***2025-02-25 08:10:58.275786+00:00***: relative_restriction: test_case/relative_restriction_init_content/ng_position1.json***2025-02-25 08:10:58.276049+00:00***: []***2025-02-25 08:10:58.276533+00:00***: ************ Check-chan result ***************2025-02-25 08:10:58.276691+00:00***: object_list: [(Object(name='PCR_MIX_tube', quantity=13, init_content='', labware={'id': 1, 'name': 'tube'}, unit='tube'), []), (Object(name='10uM_primer_F_tube', quantity=13, init_content='', labware={'id': 1, 'name': 'tube'}, unit='tube'), []), (Object(name='10uM_primer_R_tube', quantity=13, init_content='', labware={'id': 1, 'name': 'tube'}, unit='tube'), []), (Object(name='PCR_MIX_PCR_plate', quantity=1, init_content='', labware={'id': 2, 'name': '96_well_PCR_plate'}, unit='plate'), []), (Object(name='sample_DNAs_tube', quantity=1, init_content='sample', labware={'id': 1, 'name': 'tube'}, unit='tube'), []), (Object(name='water_tube', quantity=1, init_content='water', labware={'id': 1, 'name': 'tube'}, unit='tube'), []), (Object(name='template_only_PCR_MIX_tube', quantity=1, init_content='', labware={'id': 1, 'name': 'tube'}, unit='tube'), []), (Object(name='template_only_water_tube', quantity=1, init_content='water', labware={'id': 1, 'name': 'tube'}, unit='tube'), []), (Object(name='reaction_plate', quantity=1, init_content='', labware={'id': 3, 'name': 'reaction_plate'}, unit='plate'), [])]***2025-02-25 08:10:58.276865+00:00***: haichi: [((Object(name='PCR_MIX_tube', quantity=13, init_content='', labware={'id': 1, 'name': 'tube'}, unit='tube'), []), 1), ((Object(name='10uM_primer_F_tube', quantity=13, init_content='', labware={'id': 1, 'name': 'tube'}, unit='tube'), []), 2), ((Object(name='10uM_primer_R_tube', quantity=13, init_content='', labware={'id': 1, 'name': 'tube'}, unit='tube'), []), 3), ((Object(name='PCR_MIX_PCR_plate', quantity=1, init_content='', labware={'id': 2, 'name': '96_well_PCR_plate'}, unit='plate'), []), 4), ((Object(name='sample_DNAs_tube', quantity=1, init_content='sample', labware={'id': 1, 'name': 'tube'}, unit='tube'), []), 5), ((Object(name='water_tube', quantity=1, init_content='water', labware={'id': 1, 'name': 'tube'}, unit='tube'), []), 6), ((Object(name='template_only_PCR_MIX_tube', quantity=1, init_content='', labware={'id': 1, 'name': 'tube'}, unit='tube'), []), 7), ((Object(name='template_only_water_tube', quantity=1, init_content='water', labware={'id': 1, 'name': 'tube'}, unit='tube'), []), 9), ((Object(name='reaction_plate', quantity=1, init_content='', labware={'id': 3, 'name': 'reaction_plate'}, unit='plate'), []), 11)]***2025-02-25 08:10:58.277043+00:00***: object: ((Object(name='PCR_MIX_tube', quantity=13, init_content='', labware={'id': 1, 'name': 'tube'}, unit='tube'), []), 1)***2025-02-25 08:10:58.277196+00:00***: place: 1***2025-02-25 08:10:58.277364+00:00***: object: ((Object(name='10uM_primer_F_tube', quantity=13, init_content='', labware={'id': 1, 'name': 'tube'}, unit='tube'), []), 2)***2025-02-25 08:10:58.277565+00:00***: place: 2***2025-02-25 08:10:58.277746+00:00***: object: ((Object(name='10uM_primer_R_tube', quantity=13, init_content='', labware={'id': 1, 'name': 'tube'}, unit='tube'), []), 3)***2025-02-25 08:10:58.277879+00:00***: place: 3***2025-02-25 08:10:58.278109+00:00***: object: ((Object(name='PCR_MIX_PCR_plate', quantity=1, init_content='', labware={'id': 2, 'name': '96_well_PCR_plate'}, unit='plate'), []), 4)***2025-02-25 08:10:58.278274+00:00***: place: 4***2025-02-25 08:10:58.278437+00:00***: object: ((Object(name='sample_DNAs_tube', quantity=1, init_content='sample', labware={'id': 1, 'name': 'tube'}, unit='tube'), []), 5)***2025-02-25 08:10:58.278574+00:00***: place: 5***2025-02-25 08:10:58.278730+00:00***: object: ((Object(name='water_tube', quantity=1, init_content='water', labware={'id': 1, 'name': 'tube'}, unit='tube'), []), 6)***2025-02-25 08:10:58.278857+00:00***: place: 6***2025-02-25 08:10:58.278982+00:00***: object: ((Object(name='template_only_PCR_MIX_tube', quantity=1, init_content='', labware={'id': 1, 'name': 'tube'}, unit='tube'), []), 7)***2025-02-25 08:10:58.279098+00:00***: place: 7***2025-02-25 08:10:58.279223+00:00***: object: ((Object(name='template_only_water_tube', quantity=1, init_content='water', labware={'id': 1, 'name': 'tube'}, unit='tube'), []), 9)***2025-02-25 08:10:58.279340+00:00***: place: 9***2025-02-25 08:10:58.279465+00:00***: object: ((Object(name='reaction_plate', quantity=1, init_content='', labware={'id': 3, 'name': 'reaction_plate'}, unit='plate'), []), 11)***2025-02-25 08:10:58.279583+00:00***: place: 11***2025-02-25 08:10:58.279706+00:00***: ***Station info*** from***2025-02-25 08:10:58.279826+00:00***: ||||
|----|----|----|
|void|reaction_plate:reaction_plate|void|
|template_only_PCR_MIX_tube:template_only_PCR_MIX_tube|void|template_only_water_tube:template_only_water_tube|
|PCR_MIX_PCR_plate:PCR_MIX_PCR_plate|sample_DNAs_tube:sample_DNAs_tube|water_tube:water_tube|
|PCR_MIX_tube:PCR_MIX_tube|10uM_primer_F_tube:10uM_primer_F_tube|10uM_primer_R_tube:10uM_primer_R_tube|
***2025-02-25 08:10:58.279953+00:00***: ***Station info*** to***2025-02-25 08:10:58.280089+00:00***: relative_restriction: test_case/relative_restriction_init_content/ng_position1.json***2025-02-25 08:10:58.280289+00:00***: []***2025-02-25 08:10:58.280755+00:00***: ************ Check-chan result ***************2025-02-25 08:10:58.280913+00:00***: object_list: [(Object(name='PCR_MIX_tube', quantity=13, init_content='', labware={'id': 1, 'name': 'tube'}, unit='tube'), []), (Object(name='10uM_primer_F_tube', quantity=13, init_content='', labware={'id': 1, 'name': 'tube'}, unit='tube'), []), (Object(name='10uM_primer_R_tube', quantity=13, init_content='', labware={'id': 1, 'name': 'tube'}, unit='tube'), []), (Object(name='PCR_MIX_PCR_plate', quantity=1, init_content='', labware={'id': 2, 'name': '96_well_PCR_plate'}, unit='plate'), []), (Object(name='sample_DNAs_tube', quantity=1, init_content='sample', labware={'id': 1, 'name': 'tube'}, unit='tube'), []), (Object(name='water_tube', quantity=1, init_content='water', labware={'id': 1, 'name': 'tube'}, unit='tube'), []), (Object(name='template_only_PCR_MIX_tube', quantity=1, init_content='', labware={'id': 1, 'name': 'tube'}, unit='tube'), []), (Object(name='template_only_water_tube', quantity=1, init_content='water', labware={'id': 1, 'name': 'tube'}, unit='tube'), []), (Object(name='reaction_plate', quantity=1, init_content='', labware={'id': 3, 'name': 'reaction_plate'}, unit='plate'), [])]***2025-02-25 08:10:58.281120+00:00***: haichi: [((Object(name='PCR_MIX_tube', quantity=13, init_content='', labware={'id': 1, 'name': 'tube'}, unit='tube'), []), 1), ((Object(name='10uM_primer_F_tube', quantity=13, init_content='', labware={'id': 1, 'name': 'tube'}, unit='tube'), []), 2), ((Object(name='10uM_primer_R_tube', quantity=13, init_content='', labware={'id': 1, 'name': 'tube'}, unit='tube'), []), 3), ((Object(name='PCR_MIX_PCR_plate', quantity=1, init_content='', labware={'id': 2, 'name': '96_well_PCR_plate'}, unit='plate'), []), 4), ((Object(name='sample_DNAs_tube', quantity=1, init_content='sample', labware={'id': 1, 'name': 'tube'}, unit='tube'), []), 5), ((Object(name='water_tube', quantity=1, init_content='water', labware={'id': 1, 'name': 'tube'}, unit='tube'), []), 6), ((Object(name='template_only_PCR_MIX_tube', quantity=1, init_content='', labware={'id': 1, 'name': 'tube'}, unit='tube'), []), 7), ((Object(name='template_only_water_tube', quantity=1, init_content='water', labware={'id': 1, 'name': 'tube'}, unit='tube'), []), 9), ((Object(name='reaction_plate', quantity=1, init_content='', labware={'id': 3, 'name': 'reaction_plate'}, unit='plate'), []), 12)]***2025-02-25 08:10:58.281270+00:00***: object: ((Object(name='PCR_MIX_tube', quantity=13, init_content='', labware={'id': 1, 'name': 'tube'}, unit='tube'), []), 1)***2025-02-25 08:10:58.281406+00:00***: place: 1***2025-02-25 08:10:58.281590+00:00***: object: ((Object(name='10uM_primer_F_tube', quantity=13, init_content='', labware={'id': 1, 'name': 'tube'}, unit='tube'), []), 2)***2025-02-25 08:10:58.281733+00:00***: place: 2***2025-02-25 08:10:58.281866+00:00***: object: ((Object(name='10uM_primer_R_tube', quantity=13, init_content='', labware={'id': 1, 'name': 'tube'}, unit='tube'), []), 3)***2025-02-25 08:10:58.281997+00:00***: place: 3***2025-02-25 08:10:58.282148+00:00***: object: ((Object(name='PCR_MIX_PCR_plate', quantity=1, init_content='', labware={'id': 2, 'name': '96_well_PCR_plate'}, unit='plate'), []), 4)***2025-02-25 08:10:58.282295+00:00***: place: 4***2025-02-25 08:10:58.282507+00:00***: object: ((Object(name='sample_DNAs_tube', quantity=1, init_content='sample', labware={'id': 1, 'name': 'tube'}, unit='tube'), []), 5)***2025-02-25 08:10:58.282686+00:00***: place: 5***2025-02-25 08:10:58.282836+00:00***: object: ((Object(name='water_tube', quantity=1, init_content='water', labware={'id': 1, 'name': 'tube'}, unit='tube'), []), 6)***2025-02-25 08:10:58.282964+00:00***: place: 6***2025-02-25 08:10:58.283141+00:00***: object: ((Object(name='template_only_PCR_MIX_tube', quantity=1, init_content='', labware={'id': 1, 'name': 'tube'}, unit='tube'), []), 7)***2025-02-25 08:10:58.283305+00:00***: place: 7***2025-02-25 08:10:58.283463+00:00***: object: ((Object(name='template_only_water_tube', quantity=1, init_content='water', labware={'id': 1, 'name': 'tube'}, unit='tube'), []), 9)***2025-02-25 08:10:58.283597+00:00***: place: 9***2025-02-25 08:10:58.283725+00:00***: object: ((Object(name='reaction_plate', quantity=1, init_content='', labware={'id': 3, 'name': 'reaction_plate'}, unit='plate'), []), 12)***2025-02-25 08:10:58.283832+00:00***: place: 12***2025-02-25 08:10:58.283949+00:00***: ***Station info*** from***2025-02-25 08:10:58.284068+00:00***: ||||
|----|----|----|
|void|void|reaction_plate:reaction_plate|
|template_only_PCR_MIX_tube:template_only_PCR_MIX_tube|void|template_only_water_tube:template_only_water_tube|
|PCR_MIX_PCR_plate:PCR_MIX_PCR_plate|sample_DNAs_tube:sample_DNAs_tube|water_tube:water_tube|
|PCR_MIX_tube:PCR_MIX_tube|10uM_primer_F_tube:10uM_primer_F_tube|10uM_primer_R_tube:10uM_primer_R_tube|
***2025-02-25 08:10:58.284187+00:00***: ***Station info*** to***2025-02-25 08:10:58.284310+00:00***: relative_restriction: test_case/relative_restriction_init_content/ng_position1.json***2025-02-25 08:10:58.284497+00:00***: []***2025-02-25 08:10:58.284985+00:00***: ************ Check-chan result ***************2025-02-25 08:10:58.285158+00:00***: object_list: [(Object(name='PCR_MIX_tube', quantity=13, init_content='', labware={'id': 1, 'name': 'tube'}, unit='tube'), []), (Object(name='10uM_primer_F_tube', quantity=13, init_content='', labware={'id': 1, 'name': 'tube'}, unit='tube'), []), (Object(name='10uM_primer_R_tube', quantity=13, init_content='', labware={'id': 1, 'name': 'tube'}, unit='tube'), []), (Object(name='PCR_MIX_PCR_plate', quantity=1, init_content='', labware={'id': 2, 'name': '96_well_PCR_plate'}, unit='plate'), []), (Object(name='sample_DNAs_tube', quantity=1, init_content='sample', labware={'id': 1, 'name': 'tube'}, unit='tube'), []), (Object(name='water_tube', quantity=1, init_content='water', labware={'id': 1, 'name': 'tube'}, unit='tube'), []), (Object(name='template_only_PCR_MIX_tube', quantity=1, init_content='', labware={'id': 1, 'name': 'tube'}, unit='tube'), []), (Object(name='template_only_water_tube', quantity=1, init_content='water', labware={'id': 1, 'name': 'tube'}, unit='tube'), []), (Object(name='reaction_plate', quantity=1, init_content='', labware={'id': 3, 'name': 'reaction_plate'}, unit='plate'), [])]***2025-02-25 08:10:58.285349+00:00***: haichi: [((Object(name='PCR_MIX_tube', quantity=13, init_content='', labware={'id': 1, 'name': 'tube'}, unit='tube'), []), 1), ((Object(name='10uM_primer_F_tube', quantity=13, init_content='', labware={'id': 1, 'name': 'tube'}, unit='tube'), []), 2), ((Object(name='10uM_primer_R_tube', quantity=13, init_content='', labware={'id': 1, 'name': 'tube'}, unit='tube'), []), 3), ((Object(name='PCR_MIX_PCR_plate', quantity=1, init_content='', labware={'id': 2, 'name': '96_well_PCR_plate'}, unit='plate'), []), 4), ((Object(name='sample_DNAs_tube', quantity=1, init_content='sample', labware={'id': 1, 'name': 'tube'}, unit='tube'), []), 5), ((Object(name='water_tube', quantity=1, init_content='water', labware={'id': 1, 'name': 'tube'}, unit='tube'), []), 6), ((Object(name='template_only_PCR_MIX_tube', quantity=1, init_content='', labware={'id': 1, 'name': 'tube'}, unit='tube'), []), 7), ((Object(name='template_only_water_tube', quantity=1, init_content='water', labware={'id': 1, 'name': 'tube'}, unit='tube'), []), 10), ((Object(name='reaction_plate', quantity=1, init_content='', labware={'id': 3, 'name': 'reaction_plate'}, unit='plate'), []), 8)]***2025-02-25 08:10:58.285531+00:00***: object: ((Object(name='PCR_MIX_tube', quantity=13, init_content='', labware={'id': 1, 'name': 'tube'}, unit='tube'), []), 1)***2025-02-25 08:10:58.285658+00:00***: place: 1***2025-02-25 08:10:58.285795+00:00***: object: ((Object(name='10uM_primer_F_tube', quantity=13, init_content='', labware={'id': 1, 'name': 'tube'}, unit='tube'), []), 2)***2025-02-25 08:10:58.285920+00:00***: place: 2***2025-02-25 08:10:58.286048+00:00***: object: ((Object(name='10uM_primer_R_tube', quantity=13, init_content='', labware={'id': 1, 'name': 'tube'}, unit='tube'), []), 3)***2025-02-25 08:10:58.286167+00:00***: place: 3***2025-02-25 08:10:58.286307+00:00***: object: ((Object(name='PCR_MIX_PCR_plate', quantity=1, init_content='', labware={'id': 2, 'name': '96_well_PCR_plate'}, unit='plate'), []), 4)***2025-02-25 08:10:58.286450+00:00***: place: 4***2025-02-25 08:10:58.286597+00:00***: object: ((Object(name='sample_DNAs_tube', quantity=1, init_content='sample', labware={'id': 1, 'name': 'tube'}, unit='tube'), []), 5)***2025-02-25 08:10:58.286731+00:00***: place: 5***2025-02-25 08:10:58.286888+00:00***: object: ((Object(name='water_tube', quantity=1, init_content='water', labware={'id': 1, 'name': 'tube'}, unit='tube'), []), 6)***2025-02-25 08:10:58.287048+00:00***: place: 6***2025-02-25 08:10:58.287280+00:00***: object: ((Object(name='template_only_PCR_MIX_tube', quantity=1, init_content='', labware={'id': 1, 'name': 'tube'}, unit='tube'), []), 7)***2025-02-25 08:10:58.287456+00:00***: place: 7***2025-02-25 08:10:58.287648+00:00***: object: ((Object(name='template_only_water_tube', quantity=1, init_content='water', labware={'id': 1, 'name': 'tube'}, unit='tube'), []), 10)***2025-02-25 08:10:58.287826+00:00***: place: 10***2025-02-25 08:10:58.287942+00:00***: object: ((Object(name='reaction_plate', quantity=1, init_content='', labware={'id': 3, 'name': 'reaction_plate'}, unit='plate'), []), 8)***2025-02-25 08:10:58.288042+00:00***: place: 8***2025-02-25 08:10:58.288186+00:00***: ***Station info*** from***2025-02-25 08:10:58.288305+00:00***: ||||
|----|----|----|
|template_only_water_tube:template_only_water_tube|void|void|
|template_only_PCR_MIX_tube:template_only_PCR_MIX_tube|reaction_plate:reaction_plate|void|
|PCR_MIX_PCR_plate:PCR_MIX_PCR_plate|sample_DNAs_tube:sample_DNAs_tube|water_tube:water_tube|
|PCR_MIX_tube:PCR_MIX_tube|10uM_primer_F_tube:10uM_primer_F_tube|10uM_primer_R_tube:10uM_primer_R_tube|
***2025-02-25 08:10:58.288410+00:00***: ***Station info*** to***2025-02-25 08:10:58.288532+00:00***: relative_restriction: test_case/relative_restriction_init_content/ng_position1.json***2025-02-25 08:10:58.288725+00:00***: []***2025-02-25 08:10:58.289161+00:00***: ************ Check-chan result ***************2025-02-25 08:10:58.289307+00:00***: object_list: [(Object(name='PCR_MIX_tube', quantity=13, init_content='', labware={'id': 1, 'name': 'tube'}, unit='tube'), []), (Object(name='10uM_primer_F_tube', quantity=13, init_content='', labware={'id': 1, 'name': 'tube'}, unit='tube'), []), (Object(name='10uM_primer_R_tube', quantity=13, init_content='', labware={'id': 1, 'name': 'tube'}, unit='tube'), []), (Object(name='PCR_MIX_PCR_plate', quantity=1, init_content='', labware={'id': 2, 'name': '96_well_PCR_plate'}, unit='plate'), []), (Object(name='sample_DNAs_tube', quantity=1, init_content='sample', labware={'id': 1, 'name': 'tube'}, unit='tube'), []), (Object(name='water_tube', quantity=1, init_content='water', labware={'id': 1, 'name': 'tube'}, unit='tube'), []), (Object(name='template_only_PCR_MIX_tube', quantity=1, init_content='', labware={'id': 1, 'name': 'tube'}, unit='tube'), []), (Object(name='template_only_water_tube', quantity=1, init_content='water', labware={'id': 1, 'name': 'tube'}, unit='tube'), []), (Object(name='reaction_plate', quantity=1, init_content='', labware={'id': 3, 'name': 'reaction_plate'}, unit='plate'), [])]***2025-02-25 08:10:58.289499+00:00***: haichi: [((Object(name='PCR_MIX_tube', quantity=13, init_content='', labware={'id': 1, 'name': 'tube'}, unit='tube'), []), 1), ((Object(name='10uM_primer_F_tube', quantity=13, init_content='', labware={'id': 1, 'name': 'tube'}, unit='tube'), []), 2), ((Object(name='10uM_primer_R_tube', quantity=13, init_content='', labware={'id': 1, 'name': 'tube'}, unit='tube'), []), 3), ((Object(name='PCR_MIX_PCR_plate', quantity=1, init_content='', labware={'id': 2, 'name': '96_well_PCR_plate'}, unit='plate'), []), 4), ((Object(name='sample_DNAs_tube', quantity=1, init_content='sample', labware={'id': 1, 'name': 'tube'}, unit='tube'), []), 5), ((Object(name='water_tube', quantity=1, init_content='water', labware={'id': 1, 'name': 'tube'}, unit='tube'), []), 6), ((Object(name='template_only_PCR_MIX_tube', quantity=1, init_content='', labware={'id': 1, 'name': 'tube'}, unit='tube'), []), 7), ((Object(name='template_only_water_tube', quantity=1, init_content='water', labware={'id': 1, 'name': 'tube'}, unit='tube'), []), 10), ((Object(name='reaction_plate', quantity=1, init_content='', labware={'id': 3, 'name': 'reaction_plate'}, unit='plate'), []), 9)]***2025-02-25 08:10:58.289662+00:00***: object: ((Object(name='PCR_MIX_tube', quantity=13, init_content='', labware={'id': 1, 'name': 'tube'}, unit='tube'), []), 1)***2025-02-25 08:10:58.289775+00:00***: place: 1***2025-02-25 08:10:58.289906+00:00***: object: ((Object(name='10uM_primer_F_tube', quantity=13, init_content='', labware={'id': 1, 'name': 'tube'}, unit='tube'), []), 2)***2025-02-25 08:10:58.290013+00:00***: place: 2***2025-02-25 08:10:58.290130+00:00***: object: ((Object(name='10uM_primer_R_tube', quantity=13, init_content='', labware={'id': 1, 'name': 'tube'}, unit='tube'), []), 3)***2025-02-25 08:10:58.290241+00:00***: place: 3***2025-02-25 08:10:58.290422+00:00***: object: ((Object(name='PCR_MIX_PCR_plate', quantity=1, init_content='', labware={'id': 2, 'name': '96_well_PCR_plate'}, unit='plate'), []), 4)***2025-02-25 08:10:58.290530+00:00***: place: 4***2025-02-25 08:10:58.290648+00:00***: object: ((Object(name='sample_DNAs_tube', quantity=1, init_content='sample', labware={'id': 1, 'name': 'tube'}, unit='tube'), []), 5)***2025-02-25 08:10:58.290758+00:00***: place: 5***2025-02-25 08:10:58.290867+00:00***: object: ((Object(name='water_tube', quantity=1, init_content='water', labware={'id': 1, 'name': 'tube'}, unit='tube'), []), 6)***2025-02-25 08:10:58.290972+00:00***: place: 6***2025-02-25 08:10:58.291088+00:00***: object: ((Object(name='template_only_PCR_MIX_tube', quantity=1, init_content='', labware={'id': 1, 'name': 'tube'}, unit='tube'), []), 7)***2025-02-25 08:10:58.291193+00:00***: place: 7***2025-02-25 08:10:58.291307+00:00***: object: ((Object(name='template_only_water_tube', quantity=1, init_content='water', labware={'id': 1, 'name': 'tube'}, unit='tube'), []), 10)***2025-02-25 08:10:58.291416+00:00***: place: 10***2025-02-25 08:10:58.291541+00:00***: object: ((Object(name='reaction_plate', quantity=1, init_content='', labware={'id': 3, 'name': 'reaction_plate'}, unit='plate'), []), 9)***2025-02-25 08:10:58.291664+00:00***: place: 9***2025-02-25 08:10:58.291790+00:00***: ***Station info*** from***2025-02-25 08:10:58.291909+00:00***: ||||
|----|----|----|
|template_only_water_tube:template_only_water_tube|void|void|
|template_only_PCR_MIX_tube:template_only_PCR_MIX_tube|void|reaction_plate:reaction_plate|
|PCR_MIX_PCR_plate:PCR_MIX_PCR_plate|sample_DNAs_tube:sample_DNAs_tube|water_tube:water_tube|
|PCR_MIX_tube:PCR_MIX_tube|10uM_primer_F_tube:10uM_primer_F_tube|10uM_primer_R_tube:10uM_primer_R_tube|
***2025-02-25 08:10:58.292018+00:00***: ***Station info*** to***2025-02-25 08:10:58.292160+00:00***: relative_restriction: test_case/relative_restriction_init_content/ng_position1.json***2025-02-25 08:10:58.292387+00:00***: []***2025-02-25 08:11:06.436406+00:00***: *********************************************************2025-02-25 08:11:06.437637+00:00***: save initial position of objects as txt file: qPCR_ozaki_modified2025-02-25/2025_02_25_16_21_33_5175e2ab-47c2-4b0d-bd60-f75ea2357e0e/iteration_6/representative_initial_position.txt***2025-02-25 08:11:06.438098+00:00***: *********************************************************2025-02-25 08:11:06.438585+00:00***: OK: [((Object(name='PCR_MIX_tube', quantity=13, init_content='', labware={'id': 1, 'name': 'tube'}, unit='tube'), []), 1), ((Object(name='10uM_primer_F_tube', quantity=13, init_content='', labware={'id': 1, 'name': 'tube'}, unit='tube'), []), 2), ((Object(name='10uM_primer_R_tube', quantity=13, init_content='', labware={'id': 1, 'name': 'tube'}, unit='tube'), []), 3), ((Object(name='PCR_MIX_PCR_plate', quantity=1, init_content='', labware={'id': 2, 'name': '96_well_PCR_plate'}, unit='plate'), []), 4), ((Object(name='sample_DNAs_tube', quantity=1, init_content='sample', labware={'id': 1, 'name': 'tube'}, unit='tube'), []), 5), ((Object(name='water_tube', quantity=1, init_content='water', labware={'id': 1, 'name': 'tube'}, unit='tube'), []), 6), ((Object(name='template_only_PCR_MIX_tube', quantity=1, init_content='', labware={'id': 1, 'name': 'tube'}, unit='tube'), []), 7), ((Object(name='template_only_water_tube', quantity=1, init_content='water', labware={'id': 1, 'name': 'tube'}, unit='tube'), []), 10), ((Object(name='reaction_plate', quantity=1, init_content='', labware={'id': 3, 'name': 'reaction_plate'}, unit='plate'), []), 9)]***2025-02-25 08:11:06.438972+00:00***: Generate 骨子スクリプト from 
~~~~~~~~~~
QPCR
QuantStudio 6 Proで測定するサンプルprepを行う
1サンプルあってそれぞれ13プライマー x duplicate(3)で試験するイメージ
NTCは13プライマー x duplicate(3)用意する
その他、PrimerなしのTemplateのみを1 x duplicate(3)用意する


Input：試薬類の容器はチューブまたはプレート
1 sample DNAs			300 μL
water					300 μL
10 μM primer_F			各10 μL
10 μM primer_R			各10 μL
PCR MIX				2000 μL
96 well PCR  plate			1 plate
その他液体混合に必要なチューブまたはプレートなど
output
sample DNA, primer, PCR MIXの混合溶液が入った96 well PCR plate x 1
procedure
1. PCR MIXを137.6 μLずつ13個に分注する
2. PCR MIXが入ったチューブに10 μM primer_F1-13を3.2 μL添加する
3. PCR MIXが入ったチューブに10 μM primer_R1-13を3.2 μL添加する
4. PCR MIXとprimerをピペッティングで混合する
5. templateのみ用のPCR MIXを86 μL分注する
6. templateのみ用のPCR MIXにwaterを4 μL添加する
7. templateのみ用のPCR MIXとwaterをピペッティングで混合する
8. サンプル DNAまたはwater をreaction plateに5 μLずつアプライする
下記plate mapの列を埋めていくイメージ
9. PCR MIXとprimerの混合溶液を10 μLずつreaction plateにアプライする
下記plate mapの行を埋めていくイメージ
plate map
81 well使用する
S_n = sample_n
今回はヒト標準cDNA1つ
NTC = no template control：水＝ネガティブコントロール（全primerについて置く）
P_m = primer set_m：forward primerとreverse primerのセット
今回は13種類
Templateのみも置く
OT-2のピペット
20 μLと300 μL 

Note: 
10 μMprimer_Fと10 μM primer_Rを 1つのCorning 96 Well Plate 360 µL Flatを用いて同じウェルプレート上に準備する
1 sample DNAsやwaterなど、同じ容器で保存できるものはまとめた名称をつけたプレートでできるだけまとめて用意する。
PCRMixは15 mLに準備せよ

~~~~~~~~~~***2025-02-25 08:11:06.439613+00:00***: ************ Code-chan for 骨子スクリプト result ***************2025-02-25 08:11:06.439961+00:00***: replace_word: ___processflow___ is not in the prompt.***2025-02-25 08:12:47.533959+00:00***: python_script_path: qPCR_ozaki_modified2025-02-25/2025_02_25_16_21_33_5175e2ab-47c2-4b0d-bd60-f75ea2357e0e/iteration_6/code_chan/骨子スクリプト.py***2025-02-25 08:12:47.534603+00:00***: ************ Code-chan result ***************2025-02-25 08:12:47.534900+00:00***: replace_word: ___processflow___ is not in the prompt.***2025-02-25 08:12:47.535793+00:00***: get_OT2_with_haichi_based_on_骨子_script prompt: 
We have the following Opentrons OT2 script. This script describes the position of the labware (Station) as __place_{i}__.

Note: You've been slacking lately, so don't slack off and output the complete code. For example, ‘The protocol would continue with any additional steps required’ or '# Example: ' is not allowed.

Skeleton script:

python
from opentrons import protocol_api

metadata = {
    'protocolName': 'QPCR Sample Preparation for QuantStudio 6 Pro',
    'author': 'Your Name',
    'description': 'Automated preparation of QPCR samples with primers and PCR mix, including sample DNA and controls',
    'apiLevel': '2.9'
}

def run(protocol: protocol_api.ProtocolContext):
    # Labware setup
    # Tip racks
    tip_rack_p300 = protocol.load_labware('opentrons_96_tiprack_300ul', '__place_1__')
    tip_rack_p20 = protocol.load_labware('opentrons_96_tiprack_20ul', '__place_2__')
    tip_rack_p20_2 = protocol.load_labware('opentrons_96_tiprack_20ul', '__place_3__')
    
    # Reagents and labware
    # PCR MIX in 15 mL tube in tube rack
    tube_rack_15ml = protocol.load_labware('opentrons_15_tuberack_falcon_15ml_conical', '__place_4__')
    pcr_mix_tube = tube_rack_15ml.wells_by_name()['A1']
    
    # Primers in 96-well plate
    primer_plate = protocol.load_labware('corning_96_wellplate_360ul_flat', '__place_5__')
    
    # Sample DNA and water in 1.5 mL tube rack
    tube_rack_1_5ml = protocol.load_labware('opentrons_24_tuberack_eppendorf_1.5ml_safelock_snapcap', '__place_6__')
    sample_dna = tube_rack_1_5ml.wells_by_name()['A1']
    water = tube_rack_1_5ml.wells_by_name()['B1']
    
    # Tubes for PCR MIX + primers
    mix_tubes_rack = protocol.load_labware('opentrons_24_tuberack_eppendorf_1.5ml_safelock_snapcap', '__place_7__')
    
    # Reaction 96-well PCR plate
    pcr_plate = protocol.load_labware('biorad_96_wellplate_200ul_pcr', '__place_8__')
    
    # Pipettes
    p300 = protocol.load_instrument('p300_single', 'right', tip_racks=[tip_rack_p300])
    p20 = protocol.load_instrument('p20_single_gen2', 'left', tip_racks=[tip_rack_p20, tip_rack_p20_2])
    
    # Protocol steps
    
    # Step 1: Dispense 137.6 μL of PCR MIX into 13 tubes
    for i in range(13):
        dest_tube = mix_tubes_rack.wells()[i]
        p300.pick_up_tip()
        p300.aspirate(137.6, pcr_mix_tube)
        p300.dispense(137.6, dest_tube)
        p300.mix(3, 100, dest_tube)
        p300.drop_tip()
        
    # Step 2 and 3: Add 3.2 μL of primer_F and primer_R to each tube
    for i in range(13):
        dest_tube = mix_tubes_rack.wells()[i]
        primer_f = primer_plate.wells()[i]           # Primer_F in wells A1 to A13
        primer_r = primer_plate.wells()[i + 13]      # Primer_R in wells B1 to B13
        
        p20.pick_up_tip()
        p20.aspirate(3.2, primer_f)
        p20.dispense(3.2, dest_tube)
        p20.drop_tip()
        
        p20.pick_up_tip()
        p20.aspirate(3.2, primer_r)
        p20.dispense(3.2, dest_tube)
        p20.drop_tip()
        
    # Step 4: Mix PCR MIX and primers by pipetting
    for i in range(13):
        dest_tube = mix_tubes_rack.wells()[i]
        p300.pick_up_tip()
        p300.mix(5, 100, dest_tube)
        p300.drop_tip()
        
    # Step 5: Dispense 86 μL of PCR MIX into tube for template-only
    template_only_tube = mix_tubes_rack.wells()[13]
    p300.pick_up_tip()
    p300.aspirate(86, pcr_mix_tube)
    p300.dispense(86, template_only_tube)
    p300.mix(3, 80, template_only_tube)
    p300.drop_tip()
    
    # Step 6: Add 4 μL of water to template-only PCR MIX
    p20.pick_up_tip()
    p20.aspirate(4, water)
    p20.dispense(4, template_only_tube)
    p20.mix(3, 20, template_only_tube)
    p20.drop_tip()
    
    # Step 8: Apply 5 μL of sample DNA or water to reaction plate
    # Define wells for sample, NTC, and template-only
    sample_wells = []
    ntc_wells = []
    template_only_wells = []
    
    # Sample wells (first 39 wells)
    for i in range(13):  # 13 primers
        for j in range(3):  # Triplicates
            well_index = i*3 + j
            sample_wells.append(pcr_plate.wells()[well_index])
    
    # NTC wells (next 39 wells)
    for i in range(13):
        for j in range(3):
            well_index = 39 + i*3 + j
            ntc_wells.append(pcr_plate.wells()[well_index])
    
    # Template-only wells (last 3 wells)
    for j in range(3):
        well_index = 78 + j
        template_only_wells.append(pcr_plate.wells()[well_index])
    
    # Dispense sample DNA into sample wells
    for well in sample_wells:
        p20.pick_up_tip()
        p20.aspirate(5, sample_dna)
        p20.dispense(5, well)
        p20.drop_tip()
        
    # Dispense water into NTC wells
    for well in ntc_wells:
        p20.pick_up_tip()
        p20.aspirate(5, water)
        p20.dispense(5, well)
        p20.drop_tip()
    
    # Dispense sample DNA into template-only wells
    for well in template_only_wells:
        p20.pick_up_tip()
        p20.aspirate(5, sample_dna)
        p20.dispense(5, well)
        p20.drop_tip()
        
    # Step 9: Apply 10 μL of PCR MIX + primer mixture to reaction plate
    # For sample wells and NTC wells
    for i in range(13):
        mix_tube = mix_tubes_rack.wells()[i]
        # Dispense into sample wells
        for j in range(3):
            well_index = i*3 + j
            well = pcr_plate.wells()[well_index]
            p20.pick_up_tip()
            p20.aspirate(10, mix_tube)
            p20.dispense(10, well)
            p20.mix(3, 15, well)
            p20.drop_tip()
        # Dispense into NTC wells
        for j in range(3):
            well_index = 39 + i*3 + j
            well = pcr_plate.wells()[well_index]
            p20.pick_up_tip()
            p20.aspirate(10, mix_tube)
            p20.dispense(10, well)
            p20.mix(3, 15, well)
            p20.drop_tip()
    # Dispense into template-only wells
    for well in template_only_wells:
        p20.pick_up_tip()
        p20.aspirate(10, template_only_tube)
        p20.dispense(10, well)
        p20.mix(3, 15, well)
        p20.drop_tip()

Please generate a script where __place_{i}__ is replaced with the correct position based on the following labware placement information.

Placement information:

markdown
[[[{"name": "PCR_MIX_tube", "quantity": 13, "init_content": "", "labware": {"id": 1, "name": "tube"}, "unit": "tube"}, []], 1], [[{"name": "10uM_primer_F_tube", "quantity": 13, "init_content": "", "labware": {"id": 1, "name": "tube"}, "unit": "tube"}, []], 2], [[{"name": "10uM_primer_R_tube", "quantity": 13, "init_content": "", "labware": {"id": 1, "name": "tube"}, "unit": "tube"}, []], 3], [[{"name": "PCR_MIX_PCR_plate", "quantity": 1, "init_content": "", "labware": {"id": 2, "name": "96_well_PCR_plate"}, "unit": "plate"}, []], 4], [[{"name": "sample_DNAs_tube", "quantity": 1, "init_content": "sample", "labware": {"id": 1, "name": "tube"}, "unit": "tube"}, []], 5], [[{"name": "water_tube", "quantity": 1, "init_content": "water", "labware": {"id": 1, "name": "tube"}, "unit": "tube"}, []], 6], [[{"name": "template_only_PCR_MIX_tube", "quantity": 1, "init_content": "", "labware": {"id": 1, "name": "tube"}, "unit": "tube"}, []], 7], [[{"name": "template_only_water_tube", "quantity": 1, "init_content": "water", "labware": {"id": 1, "name": "tube"}, "unit": "tube"}, []], 10], [[{"name": "reaction_plate", "quantity": 1, "init_content": "", "labware": {"id": 3, "name": "reaction_plate"}, "unit": "plate"}, []], 9]]
Please reply with the Python script where __place_{i}__ has been replaced with the correct locations. If there is missing information in the placement details required to fill in __place_{i}__ in the skeleton script, you may supplement it as necessary. However, do not modify the placement information.
***2025-02-25 08:14:59.882624+00:00***: python_script_path: qPCR_ozaki_modified2025-02-25/2025_02_25_16_21_33_5175e2ab-47c2-4b0d-bd60-f75ea2357e0e/iteration_6/code_chan/最終スクリプト.py***2025-02-25 08:14:59.882962+00:00***: Errorがでたので骨子スクリプトを再生成します: /Users/yuyaarai/.opentrons/robot_settings.json not found. Loading defaults
Deck calibration not found.
/Users/yuyaarai/.opentrons/deck_calibration.json not found. Loading defaults
Traceback (most recent call last):
  File "/Users/yuyaarai/Documents/Humanics/Project/FormationFormatter/src/formationformatter/code_chan/.venv/lib/python3.12/site-packages/opentrons/protocols/execution/execute_python.py", line 160, in exec_run
    exec("run(__context)", new_globs)
  File "<string>", line 1, in <module>
  File "qPCR_ozaki_modified2025-02-25/2025_02_25_16_21_33_5175e2ab-47c2-4b0d-bd60-f75ea2357e0e/iteration_6/code_chan/最終スクリプト.py", line 139, in run
    mix_tube = mix_tunes_rack.wells()[i]
               ^^^^^^^^^^^^^^
NameError: name 'mix_tunes_rack' is not defined. Did you mean: 'mix_tubes_rack'?

The above exception was the direct cause of the following exception:

Traceback (most recent call last):
  File "<frozen runpy>", line 198, in _run_module_as_main
  File "<frozen runpy>", line 88, in _run_code
  File "/Users/yuyaarai/Documents/Humanics/Project/FormationFormatter/src/formationformatter/code_chan/.venv/lib/python3.12/site-packages/opentrons/simulate.py", line 1061, in <module>
    sys.exit(main())
             ^^^^^^
  File "/Users/yuyaarai/Documents/Humanics/Project/FormationFormatter/src/formationformatter/code_chan/.venv/lib/python3.12/site-packages/opentrons/simulate.py", line 1020, in main
    runlog, maybe_bundle = simulate(
                           ^^^^^^^^^
  File "/Users/yuyaarai/Documents/Humanics/Project/FormationFormatter/src/formationformatter/code_chan/.venv/lib/python3.12/site-packages/opentrons/simulate.py", line 564, in simulate
    return _run_file_non_pe(
           ^^^^^^^^^^^^^^^^^
  File "/Users/yuyaarai/Documents/Humanics/Project/FormationFormatter/src/formationformatter/code_chan/.venv/lib/python3.12/site-packages/opentrons/simulate.py", line 887, in _run_file_non_pe
    execute.run_protocol(
  File "/Users/yuyaarai/Documents/Humanics/Project/FormationFormatter/src/formationformatter/code_chan/.venv/lib/python3.12/site-packages/opentrons/protocols/execution/execute.py", line 39, in run_protocol
    exec_run(
  File "/Users/yuyaarai/Documents/Humanics/Project/FormationFormatter/src/formationformatter/code_chan/.venv/lib/python3.12/site-packages/opentrons/protocols/execution/execute_python.py", line 169, in exec_run
    _raise_pretty_protocol_error(exception=e, filename=filename)
  File "/Users/yuyaarai/Documents/Humanics/Project/FormationFormatter/src/formationformatter/code_chan/.venv/lib/python3.12/site-packages/opentrons/protocols/execution/execute_python.py", line 71, in _raise_pretty_protocol_error
    raise ExceptionInProtocolError(
opentrons.protocols.execution.errors.ExceptionInProtocolError: NameError [line 139]: name 'mix_tunes_rack' is not defined
***2025-02-25 08:14:59.883250+00:00***: Generate 骨子スクリプト from 
~~~~~~~~~~
This is the error message: 
 /Users/yuyaarai/.opentrons/robot_settings.json not found. Loading defaults
Deck calibration not found.
/Users/yuyaarai/.opentrons/deck_calibration.json not found. Loading defaults
Traceback (most recent call last):
  File "/Users/yuyaarai/Documents/Humanics/Project/FormationFormatter/src/formationformatter/code_chan/.venv/lib/python3.12/site-packages/opentrons/protocols/execution/execute_python.py", line 160, in exec_run
    exec("run(__context)", new_globs)
  File "<string>", line 1, in <module>
  File "qPCR_ozaki_modified2025-02-25/2025_02_25_16_21_33_5175e2ab-47c2-4b0d-bd60-f75ea2357e0e/iteration_6/code_chan/最終スクリプト.py", line 139, in run
    mix_tube = mix_tunes_rack.wells()[i]
               ^^^^^^^^^^^^^^
NameError: name 'mix_tunes_rack' is not defined. Did you mean: 'mix_tubes_rack'?

The above exception was the direct cause of the following exception:

Traceback (most recent call last):
  File "<frozen runpy>", line 198, in _run_module_as_main
  File "<frozen runpy>", line 88, in _run_code
  File "/Users/yuyaarai/Documents/Humanics/Project/FormationFormatter/src/formationformatter/code_chan/.venv/lib/python3.12/site-packages/opentrons/simulate.py", line 1061, in <module>
    sys.exit(main())
             ^^^^^^
  File "/Users/yuyaarai/Documents/Humanics/Project/FormationFormatter/src/formationformatter/code_chan/.venv/lib/python3.12/site-packages/opentrons/simulate.py", line 1020, in main
    runlog, maybe_bundle = simulate(
                           ^^^^^^^^^
  File "/Users/yuyaarai/Documents/Humanics/Project/FormationFormatter/src/formationformatter/code_chan/.venv/lib/python3.12/site-packages/opentrons/simulate.py", line 564, in simulate
    return _run_file_non_pe(
           ^^^^^^^^^^^^^^^^^
  File "/Users/yuyaarai/Documents/Humanics/Project/FormationFormatter/src/formationformatter/code_chan/.venv/lib/python3.12/site-packages/opentrons/simulate.py", line 887, in _run_file_non_pe
    execute.run_protocol(
  File "/Users/yuyaarai/Documents/Humanics/Project/FormationFormatter/src/formationformatter/code_chan/.venv/lib/python3.12/site-packages/opentrons/protocols/execution/execute.py", line 39, in run_protocol
    exec_run(
  File "/Users/yuyaarai/Documents/Humanics/Project/FormationFormatter/src/formationformatter/code_chan/.venv/lib/python3.12/site-packages/opentrons/protocols/execution/execute_python.py", line 169, in exec_run
    _raise_pretty_protocol_error(exception=e, filename=filename)
  File "/Users/yuyaarai/Documents/Humanics/Project/FormationFormatter/src/formationformatter/code_chan/.venv/lib/python3.12/site-packages/opentrons/protocols/execution/execute_python.py", line 71, in _raise_pretty_protocol_error
    raise ExceptionInProtocolError(
opentrons.protocols.execution.errors.ExceptionInProtocolError: NameError [line 139]: name 'mix_tunes_rack' is not defined
 + original protocol: 
 from opentrons import protocol_api

metadata = {
    'protocolName': 'QPCR Sample Preparation for QuantStudio 6 Pro',
    'author': 'Your Name',
    'description': 'Automated preparation of QPCR samples with primers and PCR mix, including sample DNA and controls',
    'apiLevel': '2.9'
}

def run(protocol: protocol_api.ProtocolContext):
    # Labware setup
    # Tip racks
    tip_rack_p300 = protocol.load_labware('opentrons_96_tiprack_300ul', '__place_1__')
    tip_rack_p20 = protocol.load_labware('opentrons_96_tiprack_20ul', '__place_2__')
    tip_rack_p20_2 = protocol.load_labware('opentrons_96_tiprack_20ul', '__place_3__')
    
    # Reagents and labware
    # PCR MIX in 15 mL tube in tube rack
    tube_rack_15ml = protocol.load_labware('opentrons_15_tuberack_falcon_15ml_conical', '__place_4__')
    pcr_mix_tube = tube_rack_15ml.wells_by_name()['A1']
    
    # Primers in 96-well plate
    primer_plate = protocol.load_labware('corning_96_wellplate_360ul_flat', '__place_5__')
    
    # Sample DNA and water in 1.5 mL tube rack
    tube_rack_1_5ml = protocol.load_labware('opentrons_24_tuberack_eppendorf_1.5ml_safelock_snapcap', '__place_6__')
    sample_dna = tube_rack_1_5ml.wells_by_name()['A1']
    water = tube_rack_1_5ml.wells_by_name()['B1']
    
    # Tubes for PCR MIX + primers
    mix_tubes_rack = protocol.load_labware('opentrons_24_tuberack_eppendorf_1.5ml_safelock_snapcap', '__place_7__')
    
    # Reaction 96-well PCR plate
    pcr_plate = protocol.load_labware('biorad_96_wellplate_200ul_pcr', '__place_8__')
    
    # Pipettes
    p300 = protocol.load_instrument('p300_single', 'right', tip_racks=[tip_rack_p300])
    p20 = protocol.load_instrument('p20_single_gen2', 'left', tip_racks=[tip_rack_p20, tip_rack_p20_2])
    
    # Protocol steps
    
    # Step 1: Dispense 137.6 μL of PCR MIX into 13 tubes
    for i in range(13):
        dest_tube = mix_tubes_rack.wells()[i]
        p300.pick_up_tip()
        p300.aspirate(137.6, pcr_mix_tube)
        p300.dispense(137.6, dest_tube)
        p300.mix(3, 100, dest_tube)
        p300.drop_tip()
        
    # Step 2 and 3: Add 3.2 μL of primer_F and primer_R to each tube
    for i in range(13):
        dest_tube = mix_tubes_rack.wells()[i]
        primer_f = primer_plate.wells()[i]           # Primer_F in wells A1 to A13
        primer_r = primer_plate.wells()[i + 13]      # Primer_R in wells B1 to B13
        
        p20.pick_up_tip()
        p20.aspirate(3.2, primer_f)
        p20.dispense(3.2, dest_tube)
        p20.drop_tip()
        
        p20.pick_up_tip()
        p20.aspirate(3.2, primer_r)
        p20.dispense(3.2, dest_tube)
        p20.drop_tip()
        
    # Step 4: Mix PCR MIX and primers by pipetting
    for i in range(13):
        dest_tube = mix_tubes_rack.wells()[i]
        p300.pick_up_tip()
        p300.mix(5, 100, dest_tube)
        p300.drop_tip()
        
    # Step 5: Dispense 86 μL of PCR MIX into tube for template-only
    template_only_tube = mix_tubes_rack.wells()[13]
    p300.pick_up_tip()
    p300.aspirate(86, pcr_mix_tube)
    p300.dispense(86, template_only_tube)
    p300.mix(3, 80, template_only_tube)
    p300.drop_tip()
    
    # Step 6: Add 4 μL of water to template-only PCR MIX
    p20.pick_up_tip()
    p20.aspirate(4, water)
    p20.dispense(4, template_only_tube)
    p20.mix(3, 20, template_only_tube)
    p20.drop_tip()
    
    # Step 8: Apply 5 μL of sample DNA or water to reaction plate
    # Define wells for sample, NTC, and template-only
    sample_wells = []
    ntc_wells = []
    template_only_wells = []
    
    # Sample wells (first 39 wells)
    for i in range(13):  # 13 primers
        for j in range(3):  # Triplicates
            well_index = i*3 + j
            sample_wells.append(pcr_plate.wells()[well_index])
    
    # NTC wells (next 39 wells)
    for i in range(13):
        for j in range(3):
            well_index = 39 + i*3 + j
            ntc_wells.append(pcr_plate.wells()[well_index])
    
    # Template-only wells (last 3 wells)
    for j in range(3):
        well_index = 78 + j
        template_only_wells.append(pcr_plate.wells()[well_index])
    
    # Dispense sample DNA into sample wells
    for well in sample_wells:
        p20.pick_up_tip()
        p20.aspirate(5, sample_dna)
        p20.dispense(5, well)
        p20.drop_tip()
        
    # Dispense water into NTC wells
    for well in ntc_wells:
        p20.pick_up_tip()
        p20.aspirate(5, water)
        p20.dispense(5, well)
        p20.drop_tip()
    
    # Dispense sample DNA into template-only wells
    for well in template_only_wells:
        p20.pick_up_tip()
        p20.aspirate(5, sample_dna)
        p20.dispense(5, well)
        p20.drop_tip()
        
    # Step 9: Apply 10 μL of PCR MIX + primer mixture to reaction plate
    # For sample wells and NTC wells
    for i in range(13):
        mix_tube = mix_tubes_rack.wells()[i]
        # Dispense into sample wells
        for j in range(3):
            well_index = i*3 + j
            well = pcr_plate.wells()[well_index]
            p20.pick_up_tip()
            p20.aspirate(10, mix_tube)
            p20.dispense(10, well)
            p20.mix(3, 15, well)
            p20.drop_tip()
        # Dispense into NTC wells
        for j in range(3):
            well_index = 39 + i*3 + j
            well = pcr_plate.wells()[well_index]
            p20.pick_up_tip()
            p20.aspirate(10, mix_tube)
            p20.dispense(10, well)
            p20.mix(3, 15, well)
            p20.drop_tip()
    # Dispense into template-only wells
    for well in template_only_wells:
        p20.pick_up_tip()
        p20.aspirate(10, template_only_tube)
        p20.dispense(10, well)
        p20.mix(3, 15, well)
        p20.drop_tip()

~~~~~~~~~~***2025-02-25 08:14:59.883601+00:00***: ************ Code-chan for 骨子スクリプト result ***************2025-02-25 08:14:59.883953+00:00***: replace_word: ___processflow___ is not in the prompt.***2025-02-25 08:16:17.446157+00:00***: python_script_path: qPCR_ozaki_modified2025-02-25/2025_02_25_16_21_33_5175e2ab-47c2-4b0d-bd60-f75ea2357e0e/iteration_6/code_chan/骨子スクリプト.py***2025-02-25 08:16:17.446499+00:00***: ************ Code-chan result ***************2025-02-25 08:16:17.446653+00:00***: replace_word: ___processflow___ is not in the prompt.***2025-02-25 08:16:17.447080+00:00***: get_OT2_with_haichi_based_on_骨子_script prompt: 
We have the following Opentrons OT2 script. This script describes the position of the labware (Station) as __place_{i}__.

Note: You've been slacking lately, so don't slack off and output the complete code. For example, ‘The protocol would continue with any additional steps required’ or '# Example: ' is not allowed.

Skeleton script:

python
from opentrons import protocol_api

metadata = {
    'protocolName': 'QPCR Sample Preparation for QuantStudio 6 Pro',
    'author': 'Your Name',
    'description': 'Prepare qPCR reactions with sample DNA, primers, and PCR mix',
    'apiLevel': '2.9'
}

def run(protocol: protocol_api.ProtocolContext):

    # Labware setup

    # Tip racks
    tip_rack_20 = protocol.load_labware('opentrons_96_tiprack_20ul', '__place_1__')
    tip_rack_300 = protocol.load_labware('opentrons_96_tiprack_300ul', '__place_2__')

    # Reagent reservoirs and plates
    pcr_mix_tube = protocol.load_labware('opentrons_15_tuberack_falcon_15ml_conical', '__place_3__')
    primer_plate = protocol.load_labware('corning_96_wellplate_360ul_flat', '__place_4__')
    sample_plate = protocol.load_labware('corning_96_wellplate_360ul_flat', '__place_5__')

    # PCR plate for reactions
    pcr_plate = protocol.load_labware('biorad_96_wellplate_200ul_pcr', '__place_6__')

    # Pipettes
    p20 = protocol.load_instrument('p20_single_gen2', 'left', tip_racks=[tip_rack_20])
    p300 = protocol.load_instrument('p300_single_gen2', 'right', tip_racks=[tip_rack_300])

    # Reagents and samples setup
    # PCR Mix in 15 mL tube
    pcr_mix = pcr_mix_tube.wells_by_name()['A1']

    # Water in sample plate well A1
    water = sample_plate.wells_by_name()['A1']

    # Sample DNA in sample plate well A2
    sample_dna = sample_plate.wells_by_name()['A2']

    # Primers in primer plate
    # Primer_F in rows A1-A13, Primer_R in rows B1-B13
    primers_F = [primer_plate.wells_by_name()[f'A{i+1}'] for i in range(13)]
    primers_R = [primer_plate.wells_by_name()[f'B{i+1}'] for i in range(13)]

    # PCR Mix + Primer mixtures will be prepared in wells C1-C13 of primer plate
    pcr_mix_primers = [primer_plate.wells_by_name()[f'C{i+1}'] for i in range(13)]

    # PCR Mix + water mixture for template only control in well D1
    pcr_mix_water = primer_plate.wells_by_name()['D1']

    # Step 1: Dispense 137.6 μL of PCR MIX into 13 wells (C1-C13) for primers
    for dest in pcr_mix_primers:
        p300.pick_up_tip()
        p300.transfer(137.6, pcr_mix, dest, new_tip='never')
        p300.drop_tip()

    # Step 2: Add 3.2 μL of primer_F1-13 to PCR MIX wells C1-C13
    for source, dest in zip(primers_F, pcr_mix_primers):
        p20.pick_up_tip()
        p20.transfer(3.2, source, dest, mix_after=(3, 20), new_tip='never')
        p20.drop_tip()

    # Step 3: Add 3.2 μL of primer_R1-13 to PCR MIX wells C1-C13
    for source, dest in zip(primers_R, pcr_mix_primers):
        p20.pick_up_tip()
        p20.transfer(3.2, source, dest, mix_after=(3, 20), new_tip='never')
        p20.drop_tip()

    # Step 5: Dispense 86 μL of PCR MIX into well D1 for template only control
    p300.pick_up_tip()
    p300.transfer(86, pcr_mix, pcr_mix_water, new_tip='never')
    p300.drop_tip()

    # Step 6: Add 4 μL of water to PCR MIX in D1
    p20.pick_up_tip()
    p20.transfer(4, water, pcr_mix_water, mix_after=(3, 20), new_tip='never')
    p20.drop_tip()

    # Prepare destination wells in PCR plate
    # For sample DNA wells (with primers)
    sample_wells = []
    for i in range(13):  # 13 primers
        for rep in range(3):  # 3 duplicates
            index = i*6 + rep
            sample_wells.append(pcr_plate.wells()[index])

    # For NTC wells (with primers)
    ntc_wells = []
    for i in range(13):  # 13 primers
        for rep in range(3):  # 3 duplicates
            index = i*6 + 3 + rep
            ntc_wells.append(pcr_plate.wells()[index])

    # For template only wells (no primers)
    template_only_wells = [pcr_plate.wells()[78], pcr_plate.wells()[79], pcr_plate.wells()[80]]

    # Step 8: Add 5 μL of sample DNA or water to PCR plate wells
    # Add sample DNA to sample wells
    for well in sample_wells:
        p20.pick_up_tip()
        p20.transfer(5, sample_dna, well, new_tip='never')
        p20.drop_tip()

    # Add water to NTC wells
    for well in ntc_wells:
        p20.pick_up_tip()
        p20.transfer(5, water, well, new_tip='never')
        p20.drop_tip()

    # Add sample DNA to template only wells
    for well in template_only_wells:
        p20.pick_up_tip()
        p20.transfer(5, sample_dna, well, new_tip='never')
        p20.drop_tip()

    # Step 9: Add 10 μL of PCR MIX and primer mixture to PCR plate wells
    # For sample wells
    for i, primer_mix in enumerate(pcr_mix_primers):
        for rep in range(3):
            dest_well = sample_wells[i*3 + rep]
            p20.pick_up_tip()
            p20.transfer(10, primer_mix, dest_well, new_tip='never')
            p20.drop_tip()

    # For NTC wells
    for i, primer_mix in enumerate(pcr_mix_primers):
        for rep in range(3):
            dest_well = ntc_wells[i*3 + rep]
            p20.pick_up_tip()
            p20.transfer(10, primer_mix, dest_well, new_tip='never')
            p20.drop_tip()

    # For template only wells, add 10 μL of PCR MIX + water mixture
    for well in template_only_wells:
        p20.pick_up_tip()
        p20.transfer(10, pcr_mix_water, well, new_tip='never')
        p20.drop_tip()

Please generate a script where __place_{i}__ is replaced with the correct position based on the following labware placement information.

Placement information:

markdown
[[[{"name": "PCR_MIX_tube", "quantity": 13, "init_content": "", "labware": {"id": 1, "name": "tube"}, "unit": "tube"}, []], 1], [[{"name": "10uM_primer_F_tube", "quantity": 13, "init_content": "", "labware": {"id": 1, "name": "tube"}, "unit": "tube"}, []], 2], [[{"name": "10uM_primer_R_tube", "quantity": 13, "init_content": "", "labware": {"id": 1, "name": "tube"}, "unit": "tube"}, []], 3], [[{"name": "PCR_MIX_PCR_plate", "quantity": 1, "init_content": "", "labware": {"id": 2, "name": "96_well_PCR_plate"}, "unit": "plate"}, []], 4], [[{"name": "sample_DNAs_tube", "quantity": 1, "init_content": "sample", "labware": {"id": 1, "name": "tube"}, "unit": "tube"}, []], 5], [[{"name": "water_tube", "quantity": 1, "init_content": "water", "labware": {"id": 1, "name": "tube"}, "unit": "tube"}, []], 6], [[{"name": "template_only_PCR_MIX_tube", "quantity": 1, "init_content": "", "labware": {"id": 1, "name": "tube"}, "unit": "tube"}, []], 7], [[{"name": "template_only_water_tube", "quantity": 1, "init_content": "water", "labware": {"id": 1, "name": "tube"}, "unit": "tube"}, []], 10], [[{"name": "reaction_plate", "quantity": 1, "init_content": "", "labware": {"id": 3, "name": "reaction_plate"}, "unit": "plate"}, []], 9]]
Please reply with the Python script where __place_{i}__ has been replaced with the correct locations. If there is missing information in the placement details required to fill in __place_{i}__ in the skeleton script, you may supplement it as necessary. However, do not modify the placement information.
***2025-02-25 08:18:34.218676+00:00***: python_script_path: qPCR_ozaki_modified2025-02-25/2025_02_25_16_21_33_5175e2ab-47c2-4b0d-bd60-f75ea2357e0e/iteration_6/code_chan/最終スクリプト.py***2025-02-25 08:18:34.219125+00:00***: Errorがでたので骨子スクリプトを再生成します: /Users/yuyaarai/.opentrons/robot_settings.json not found. Loading defaults
Deck calibration not found.
/Users/yuyaarai/.opentrons/deck_calibration.json not found. Loading defaults
Traceback (most recent call last):
  File "/Users/yuyaarai/Documents/Humanics/Project/FormationFormatter/src/formationformatter/code_chan/.venv/lib/python3.12/site-packages/opentrons/protocols/execution/execute_python.py", line 160, in exec_run
    exec("run(__context)", new_globs)
  File "<string>", line 1, in <module>
  File "qPCR_ozaki_modified2025-02-25/2025_02_25_16_21_33_5175e2ab-47c2-4b0d-bd60-f75ea2357e0e/iteration_6/code_chan/最終スクリプト.py", line 51, in run
    primers_F = [primer_F_tubes_rack.wells_by_name()[f'A{i+1}'] for i in range(13)]
                 ~~~~~~~~~~~~~~~~~~~~~~~~~~~~~~~~~~~^^^^^^^^^^^
KeyError: 'A7'

The above exception was the direct cause of the following exception:

Traceback (most recent call last):
  File "<frozen runpy>", line 198, in _run_module_as_main
  File "<frozen runpy>", line 88, in _run_code
  File "/Users/yuyaarai/Documents/Humanics/Project/FormationFormatter/src/formationformatter/code_chan/.venv/lib/python3.12/site-packages/opentrons/simulate.py", line 1061, in <module>
    sys.exit(main())
             ^^^^^^
  File "/Users/yuyaarai/Documents/Humanics/Project/FormationFormatter/src/formationformatter/code_chan/.venv/lib/python3.12/site-packages/opentrons/simulate.py", line 1020, in main
    runlog, maybe_bundle = simulate(
                           ^^^^^^^^^
  File "/Users/yuyaarai/Documents/Humanics/Project/FormationFormatter/src/formationformatter/code_chan/.venv/lib/python3.12/site-packages/opentrons/simulate.py", line 564, in simulate
    return _run_file_non_pe(
           ^^^^^^^^^^^^^^^^^
  File "/Users/yuyaarai/Documents/Humanics/Project/FormationFormatter/src/formationformatter/code_chan/.venv/lib/python3.12/site-packages/opentrons/simulate.py", line 887, in _run_file_non_pe
    execute.run_protocol(
  File "/Users/yuyaarai/Documents/Humanics/Project/FormationFormatter/src/formationformatter/code_chan/.venv/lib/python3.12/site-packages/opentrons/protocols/execution/execute.py", line 39, in run_protocol
    exec_run(
  File "/Users/yuyaarai/Documents/Humanics/Project/FormationFormatter/src/formationformatter/code_chan/.venv/lib/python3.12/site-packages/opentrons/protocols/execution/execute_python.py", line 169, in exec_run
    _raise_pretty_protocol_error(exception=e, filename=filename)
  File "/Users/yuyaarai/Documents/Humanics/Project/FormationFormatter/src/formationformatter/code_chan/.venv/lib/python3.12/site-packages/opentrons/protocols/execution/execute_python.py", line 71, in _raise_pretty_protocol_error
    raise ExceptionInProtocolError(
opentrons.protocols.execution.errors.ExceptionInProtocolError: KeyError [line 51]: 'A7'
***2025-02-25 08:18:34.219609+00:00***: Generate 骨子スクリプト from 
~~~~~~~~~~
This is the error message: 
 /Users/yuyaarai/.opentrons/robot_settings.json not found. Loading defaults
Deck calibration not found.
/Users/yuyaarai/.opentrons/deck_calibration.json not found. Loading defaults
Traceback (most recent call last):
  File "/Users/yuyaarai/Documents/Humanics/Project/FormationFormatter/src/formationformatter/code_chan/.venv/lib/python3.12/site-packages/opentrons/protocols/execution/execute_python.py", line 160, in exec_run
    exec("run(__context)", new_globs)
  File "<string>", line 1, in <module>
  File "qPCR_ozaki_modified2025-02-25/2025_02_25_16_21_33_5175e2ab-47c2-4b0d-bd60-f75ea2357e0e/iteration_6/code_chan/最終スクリプト.py", line 51, in run
    primers_F = [primer_F_tubes_rack.wells_by_name()[f'A{i+1}'] for i in range(13)]
                 ~~~~~~~~~~~~~~~~~~~~~~~~~~~~~~~~~~~^^^^^^^^^^^
KeyError: 'A7'

The above exception was the direct cause of the following exception:

Traceback (most recent call last):
  File "<frozen runpy>", line 198, in _run_module_as_main
  File "<frozen runpy>", line 88, in _run_code
  File "/Users/yuyaarai/Documents/Humanics/Project/FormationFormatter/src/formationformatter/code_chan/.venv/lib/python3.12/site-packages/opentrons/simulate.py", line 1061, in <module>
    sys.exit(main())
             ^^^^^^
  File "/Users/yuyaarai/Documents/Humanics/Project/FormationFormatter/src/formationformatter/code_chan/.venv/lib/python3.12/site-packages/opentrons/simulate.py", line 1020, in main
    runlog, maybe_bundle = simulate(
                           ^^^^^^^^^
  File "/Users/yuyaarai/Documents/Humanics/Project/FormationFormatter/src/formationformatter/code_chan/.venv/lib/python3.12/site-packages/opentrons/simulate.py", line 564, in simulate
    return _run_file_non_pe(
           ^^^^^^^^^^^^^^^^^
  File "/Users/yuyaarai/Documents/Humanics/Project/FormationFormatter/src/formationformatter/code_chan/.venv/lib/python3.12/site-packages/opentrons/simulate.py", line 887, in _run_file_non_pe
    execute.run_protocol(
  File "/Users/yuyaarai/Documents/Humanics/Project/FormationFormatter/src/formationformatter/code_chan/.venv/lib/python3.12/site-packages/opentrons/protocols/execution/execute.py", line 39, in run_protocol
    exec_run(
  File "/Users/yuyaarai/Documents/Humanics/Project/FormationFormatter/src/formationformatter/code_chan/.venv/lib/python3.12/site-packages/opentrons/protocols/execution/execute_python.py", line 169, in exec_run
    _raise_pretty_protocol_error(exception=e, filename=filename)
  File "/Users/yuyaarai/Documents/Humanics/Project/FormationFormatter/src/formationformatter/code_chan/.venv/lib/python3.12/site-packages/opentrons/protocols/execution/execute_python.py", line 71, in _raise_pretty_protocol_error
    raise ExceptionInProtocolError(
opentrons.protocols.execution.errors.ExceptionInProtocolError: KeyError [line 51]: 'A7'
 + original protocol: 
 from opentrons import protocol_api

metadata = {
    'protocolName': 'QPCR Sample Preparation for QuantStudio 6 Pro',
    'author': 'Your Name',
    'description': 'Prepare qPCR reactions with sample DNA, primers, and PCR mix',
    'apiLevel': '2.9'
}

def run(protocol: protocol_api.ProtocolContext):

    # Labware setup

    # Tip racks
    tip_rack_20 = protocol.load_labware('opentrons_96_tiprack_20ul', '__place_1__')
    tip_rack_300 = protocol.load_labware('opentrons_96_tiprack_300ul', '__place_2__')

    # Reagent reservoirs and plates
    pcr_mix_tube = protocol.load_labware('opentrons_15_tuberack_falcon_15ml_conical', '__place_3__')
    primer_plate = protocol.load_labware('corning_96_wellplate_360ul_flat', '__place_4__')
    sample_plate = protocol.load_labware('corning_96_wellplate_360ul_flat', '__place_5__')

    # PCR plate for reactions
    pcr_plate = protocol.load_labware('biorad_96_wellplate_200ul_pcr', '__place_6__')

    # Pipettes
    p20 = protocol.load_instrument('p20_single_gen2', 'left', tip_racks=[tip_rack_20])
    p300 = protocol.load_instrument('p300_single_gen2', 'right', tip_racks=[tip_rack_300])

    # Reagents and samples setup
    # PCR Mix in 15 mL tube
    pcr_mix = pcr_mix_tube.wells_by_name()['A1']

    # Water in sample plate well A1
    water = sample_plate.wells_by_name()['A1']

    # Sample DNA in sample plate well A2
    sample_dna = sample_plate.wells_by_name()['A2']

    # Primers in primer plate
    # Primer_F in rows A1-A13, Primer_R in rows B1-B13
    primers_F = [primer_plate.wells_by_name()[f'A{i+1}'] for i in range(13)]
    primers_R = [primer_plate.wells_by_name()[f'B{i+1}'] for i in range(13)]

    # PCR Mix + Primer mixtures will be prepared in wells C1-C13 of primer plate
    pcr_mix_primers = [primer_plate.wells_by_name()[f'C{i+1}'] for i in range(13)]

    # PCR Mix + water mixture for template only control in well D1
    pcr_mix_water = primer_plate.wells_by_name()['D1']

    # Step 1: Dispense 137.6 μL of PCR MIX into 13 wells (C1-C13) for primers
    for dest in pcr_mix_primers:
        p300.pick_up_tip()
        p300.transfer(137.6, pcr_mix, dest, new_tip='never')
        p300.drop_tip()

    # Step 2: Add 3.2 μL of primer_F1-13 to PCR MIX wells C1-C13
    for source, dest in zip(primers_F, pcr_mix_primers):
        p20.pick_up_tip()
        p20.transfer(3.2, source, dest, mix_after=(3, 20), new_tip='never')
        p20.drop_tip()

    # Step 3: Add 3.2 μL of primer_R1-13 to PCR MIX wells C1-C13
    for source, dest in zip(primers_R, pcr_mix_primers):
        p20.pick_up_tip()
        p20.transfer(3.2, source, dest, mix_after=(3, 20), new_tip='never')
        p20.drop_tip()

    # Step 5: Dispense 86 μL of PCR MIX into well D1 for template only control
    p300.pick_up_tip()
    p300.transfer(86, pcr_mix, pcr_mix_water, new_tip='never')
    p300.drop_tip()

    # Step 6: Add 4 μL of water to PCR MIX in D1
    p20.pick_up_tip()
    p20.transfer(4, water, pcr_mix_water, mix_after=(3, 20), new_tip='never')
    p20.drop_tip()

    # Prepare destination wells in PCR plate
    # For sample DNA wells (with primers)
    sample_wells = []
    for i in range(13):  # 13 primers
        for rep in range(3):  # 3 duplicates
            index = i*6 + rep
            sample_wells.append(pcr_plate.wells()[index])

    # For NTC wells (with primers)
    ntc_wells = []
    for i in range(13):  # 13 primers
        for rep in range(3):  # 3 duplicates
            index = i*6 + 3 + rep
            ntc_wells.append(pcr_plate.wells()[index])

    # For template only wells (no primers)
    template_only_wells = [pcr_plate.wells()[78], pcr_plate.wells()[79], pcr_plate.wells()[80]]

    # Step 8: Add 5 μL of sample DNA or water to PCR plate wells
    # Add sample DNA to sample wells
    for well in sample_wells:
        p20.pick_up_tip()
        p20.transfer(5, sample_dna, well, new_tip='never')
        p20.drop_tip()

    # Add water to NTC wells
    for well in ntc_wells:
        p20.pick_up_tip()
        p20.transfer(5, water, well, new_tip='never')
        p20.drop_tip()

    # Add sample DNA to template only wells
    for well in template_only_wells:
        p20.pick_up_tip()
        p20.transfer(5, sample_dna, well, new_tip='never')
        p20.drop_tip()

    # Step 9: Add 10 μL of PCR MIX and primer mixture to PCR plate wells
    # For sample wells
    for i, primer_mix in enumerate(pcr_mix_primers):
        for rep in range(3):
            dest_well = sample_wells[i*3 + rep]
            p20.pick_up_tip()
            p20.transfer(10, primer_mix, dest_well, new_tip='never')
            p20.drop_tip()

    # For NTC wells
    for i, primer_mix in enumerate(pcr_mix_primers):
        for rep in range(3):
            dest_well = ntc_wells[i*3 + rep]
            p20.pick_up_tip()
            p20.transfer(10, primer_mix, dest_well, new_tip='never')
            p20.drop_tip()

    # For template only wells, add 10 μL of PCR MIX + water mixture
    for well in template_only_wells:
        p20.pick_up_tip()
        p20.transfer(10, pcr_mix_water, well, new_tip='never')
        p20.drop_tip()

~~~~~~~~~~***2025-02-25 08:18:34.219905+00:00***: ************ Code-chan for 骨子スクリプト result ***************2025-02-25 08:18:34.220129+00:00***: replace_word: ___processflow___ is not in the prompt.***2025-02-25 08:21:43.537918+00:00***: python_script_path: qPCR_ozaki_modified2025-02-25/2025_02_25_16_21_33_5175e2ab-47c2-4b0d-bd60-f75ea2357e0e/iteration_6/code_chan/骨子スクリプト.py***2025-02-25 08:21:43.538934+00:00***: ************ Code-chan result ***************2025-02-25 08:21:43.539308+00:00***: replace_word: ___processflow___ is not in the prompt.***2025-02-25 08:21:43.540618+00:00***: get_OT2_with_haichi_based_on_骨子_script prompt: 
We have the following Opentrons OT2 script. This script describes the position of the labware (Station) as __place_{i}__.

Note: You've been slacking lately, so don't slack off and output the complete code. For example, ‘The protocol would continue with any additional steps required’ or '# Example: ' is not allowed.

Skeleton script:

python
from opentrons import protocol_api

metadata = {
    'protocolName': 'QPCR Sample Preparation for QuantStudio 6 Pro',
    'author': 'Assistant',
    'description': 'Prepare samples for QPCR with 1 sample, 13 primers, in triplicate, including NTC and template-only controls.',
    'apiLevel': '2.9'
}

def run(protocol: protocol_api.ProtocolContext):
    # Labware setup
    p20_tip_rack = protocol.load_labware('opentrons_96_tiprack_20ul', '__place_5__')
    p300_tip_rack = protocol.load_labware('opentrons_96_tiprack_300ul', '__place_6__')
    
    # PCR MIX tube in a tube rack
    tube_rack_15ml = protocol.load_labware('opentrons_15_tuberack_falcon_15ml_conical', '__place_1__')
    
    # Primer plate
    primer_plate = protocol.load_labware('corning_96_wellplate_360ul_flat', '__place_2__')
    
    # Sample DNA and water plate
    dna_water_plate = protocol.load_labware('corning_96_wellplate_360ul_flat', '__place_3__')
    
    # 96-well PCR plate for reactions
    pcr_plate = protocol.load_labware('biorad_96_wellplate_200ul_pcr', '__place_4__')
    
    # Plate for mixing PCR MIX and primers
    mixing_plate = protocol.load_labware('corning_96_wellplate_360ul_flat', '__place_7__')
    
    # Pipettes
    p20 = protocol.load_instrument('p20_single_gen2', 'left', tip_racks=[p20_tip_rack])
    p300 = protocol.load_instrument('p300_single_gen2', 'right', tip_racks=[p300_tip_rack])

    # Step 1: Dispense 137.6 μL of PCR MIX into 13 wells (for 13 primer sets)
    pcr_mix_source = tube_rack_15ml.wells_by_name()['A1']  # PCR MIX in tube A1
    pcr_mix_wells = mixing_plate.wells()[:13]  # First 13 wells for PCR MIX + primers

    for dest in pcr_mix_wells:
        p300.transfer(137.6, pcr_mix_source, dest, new_tip='always')

    # Step 2 & 3: Add 3.2 μL of primer_F and 3.2 μL of primer_R to each PCR MIX well
    for i, dest in enumerate(pcr_mix_wells):
        primer_f_source = primer_plate.wells()[i]  # Primer_F wells (e.g., A1 to A13)
        primer_r_source = primer_plate.wells()[i+13]  # Primer_R wells (e.g., A14 to A26)
        p20.transfer(3.2, primer_f_source, dest, mix_after=(3, 10), new_tip='always')
        p20.transfer(3.2, primer_r_source, dest, mix_after=(3, 10), new_tip='always')
    
    # Step 5: Dispense 86 μL of PCR MIX for template-only into one well
    template_only_well = mixing_plate.wells()[13]  # Next well for template-only
    p300.transfer(86, pcr_mix_source, template_only_well, new_tip='always')
    
    # Step 6: Add 4 μL water to the PCR MIX for template-only
    water_source = dna_water_plate.wells_by_name()['A2']  # Water in well A2
    p20.transfer(4, water_source, template_only_well, mix_after=(3, 10), new_tip='always')
    
    # Step 8: Apply 5 μL of sample DNA or water to the reaction plate wells
    sample_wells = []
    ntc_wells = []
    template_only_wells = []
    
    # Sample DNA wells
    # Primer sets 1-8 (rows A-H), columns 1-3
    for primer_set in range(8):  # Primer sets 1-8
        row = chr(65 + primer_set)  # Rows A-H
        for col in range(1, 4):  # Replicates 1-3 in columns 1-3
            well_name = '{}{}'.format(row, col)
            sample_wells.append(pcr_plate.wells_by_name()[well_name])
    # Primer sets 9-13 (rows A-E), columns 4-6
    for primer_set in range(5):  # Primer sets 9-13
        row = chr(65 + primer_set)  # Rows A-E
        for col in range(4, 7):  # Replicates 1-3 in columns 4-6
            well_name = '{}{}'.format(row, col)
            sample_wells.append(pcr_plate.wells_by_name()[well_name])
    
    # NTC wells
    # Primer sets 1-8 (rows A-H), columns 7-9
    for primer_set in range(8):  # Primer sets 1-8
        row = chr(65 + primer_set)  # Rows A-H
        for col in range(7, 10):  # Replicates 1-3 in columns 7-9
            well_name = '{}{}'.format(row, col)
            ntc_wells.append(pcr_plate.wells_by_name()[well_name])
    # Primer sets 9-13 (rows A-E), columns 10-12
    for primer_set in range(5):  # Primer sets 9-13
        row = chr(65 + primer_set)  # Rows A-E
        for col in range(10, 13):  # Replicates 1-3 in columns 10-12
            well_name = '{}{}'.format(row, col)
            ntc_wells.append(pcr_plate.wells_by_name()[well_name])
    
    # Template-only wells (columns 12, rows F-H)
    for row in ['F', 'G', 'H']:
        well_name = '{}{}'.format(row, 12)
        template_only_wells.append(pcr_plate.wells_by_name()[well_name])
    
    # Distribute sample DNA to sample wells
    sample_dna_source = dna_water_plate.wells_by_name()['A1']  # Sample DNA in well A1
    p20.transfer(5, sample_dna_source, sample_wells, new_tip='always')
    
    # Distribute water to NTC wells
    p20.transfer(5, water_source, ntc_wells, new_tip='always')
    
    # Distribute sample DNA to template-only wells
    p20.transfer(5, sample_dna_source, template_only_wells, new_tip='always')
    
    # Step 9: Apply 10 μL of PCR MIX and primer mixture to each well
    # Distribute PCR MIX + primer mixture to sample wells
    primer_mix_wells = mixing_plate.wells()[:13]  # PCR MIX + primers in wells A1-A13
    sample_well_index = 0
    for primer_set in range(13):
        for replicate in range(3):  # 3 replicates
            p20.transfer(10, primer_mix_wells[primer_set], sample_wells[sample_well_index], new_tip='always')
            sample_well_index += 1
    # Distribute PCR MIX + primer mixture to NTC wells
    ntc_well_index = 0
    for primer_set in range(13):
        for replicate in range(3):
            p20.transfer(10, primer_mix_wells[primer_set], ntc_wells[ntc_well_index], new_tip='always')
            ntc_well_index += 1
    # Distribute PCR MIX with water to template-only wells
    for dest in template_only_wells:
        p20.transfer(10, template_only_well, dest, new_tip='always')

Please generate a script where __place_{i}__ is replaced with the correct position based on the following labware placement information.

Placement information:

markdown
[[[{"name": "PCR_MIX_tube", "quantity": 13, "init_content": "", "labware": {"id": 1, "name": "tube"}, "unit": "tube"}, []], 1], [[{"name": "10uM_primer_F_tube", "quantity": 13, "init_content": "", "labware": {"id": 1, "name": "tube"}, "unit": "tube"}, []], 2], [[{"name": "10uM_primer_R_tube", "quantity": 13, "init_content": "", "labware": {"id": 1, "name": "tube"}, "unit": "tube"}, []], 3], [[{"name": "PCR_MIX_PCR_plate", "quantity": 1, "init_content": "", "labware": {"id": 2, "name": "96_well_PCR_plate"}, "unit": "plate"}, []], 4], [[{"name": "sample_DNAs_tube", "quantity": 1, "init_content": "sample", "labware": {"id": 1, "name": "tube"}, "unit": "tube"}, []], 5], [[{"name": "water_tube", "quantity": 1, "init_content": "water", "labware": {"id": 1, "name": "tube"}, "unit": "tube"}, []], 6], [[{"name": "template_only_PCR_MIX_tube", "quantity": 1, "init_content": "", "labware": {"id": 1, "name": "tube"}, "unit": "tube"}, []], 7], [[{"name": "template_only_water_tube", "quantity": 1, "init_content": "water", "labware": {"id": 1, "name": "tube"}, "unit": "tube"}, []], 10], [[{"name": "reaction_plate", "quantity": 1, "init_content": "", "labware": {"id": 3, "name": "reaction_plate"}, "unit": "plate"}, []], 9]]
Please reply with the Python script where __place_{i}__ has been replaced with the correct locations. If there is missing information in the placement details required to fill in __place_{i}__ in the skeleton script, you may supplement it as necessary. However, do not modify the placement information.
***2025-02-25 08:24:57.000574+00:00***: python_script_path: qPCR_ozaki_modified2025-02-25/2025_02_25_16_21_33_5175e2ab-47c2-4b0d-bd60-f75ea2357e0e/iteration_6/code_chan/最終スクリプト.py***2025-02-25 08:24:57.001155+00:00***: Errorがでたので骨子スクリプトを再生成します: /Users/yuyaarai/.opentrons/robot_settings.json not found. Loading defaults
Deck calibration not found.
/Users/yuyaarai/.opentrons/deck_calibration.json not found. Loading defaults
Traceback (most recent call last):
  File "/Users/yuyaarai/Documents/Humanics/Project/FormationFormatter/src/formationformatter/code_chan/.venv/lib/python3.12/site-packages/opentrons/protocols/execution/execute_python.py", line 160, in exec_run
    exec("run(__context)", new_globs)
  File "<string>", line 1, in <module>
  File "qPCR_ozaki_modified2025-02-25/2025_02_25_16_21_33_5175e2ab-47c2-4b0d-bd60-f75ea2357e0e/iteration_6/code_chan/最終スクリプト.py", line 43, in run
    p300.transfer(137.6, pcr_mix_source, dest, new_tip='always')
  File "/Users/yuyaarai/Documents/Humanics/Project/FormationFormatter/src/formationformatter/code_chan/.venv/lib/python3.12/site-packages/opentrons/legacy_commands/publisher.py", line 95, in _decorated
    return func(*args, **kwargs)
           ^^^^^^^^^^^^^^^^^^^^^
  File "/Users/yuyaarai/Documents/Humanics/Project/FormationFormatter/src/formationformatter/code_chan/.venv/lib/python3.12/site-packages/opentrons/protocols/api_support/util.py", line 389, in _check_version_wrapper
    return decorated_obj(*args, **kwargs)
           ^^^^^^^^^^^^^^^^^^^^^^^^^^^^^^
  File "/Users/yuyaarai/Documents/Humanics/Project/FormationFormatter/src/formationformatter/code_chan/.venv/lib/python3.12/site-packages/opentrons/protocol_api/instrument_context.py", line 1488, in transfer
    self._execute_transfer(plan)
  File "/Users/yuyaarai/Documents/Humanics/Project/FormationFormatter/src/formationformatter/code_chan/.venv/lib/python3.12/site-packages/opentrons/protocol_api/instrument_context.py", line 1493, in _execute_transfer
    getattr(self, cmd["method"])(*cmd["args"], **cmd["kwargs"])
  File "/Users/yuyaarai/Documents/Humanics/Project/FormationFormatter/src/formationformatter/code_chan/.venv/lib/python3.12/site-packages/opentrons/protocols/api_support/util.py", line 389, in _check_version_wrapper
    return decorated_obj(*args, **kwargs)
           ^^^^^^^^^^^^^^^^^^^^^^^^^^^^^^
  File "/Users/yuyaarai/Documents/Humanics/Project/FormationFormatter/src/formationformatter/code_chan/.venv/lib/python3.12/site-packages/opentrons/protocol_api/instrument_context.py", line 1172, in drop_tip
    self._core.drop_tip(
  File "/Users/yuyaarai/Documents/Humanics/Project/FormationFormatter/src/formationformatter/code_chan/.venv/lib/python3.12/site-packages/opentrons/protocol_api/core/legacy/legacy_instrument_core.py", line 274, in drop_tip
    labware_core.is_tip_rack()
AssertionError: Expected tip drop target to be a tip rack.

The above exception was the direct cause of the following exception:

Traceback (most recent call last):
  File "<frozen runpy>", line 198, in _run_module_as_main
  File "<frozen runpy>", line 88, in _run_code
  File "/Users/yuyaarai/Documents/Humanics/Project/FormationFormatter/src/formationformatter/code_chan/.venv/lib/python3.12/site-packages/opentrons/simulate.py", line 1061, in <module>
    sys.exit(main())
             ^^^^^^
  File "/Users/yuyaarai/Documents/Humanics/Project/FormationFormatter/src/formationformatter/code_chan/.venv/lib/python3.12/site-packages/opentrons/simulate.py", line 1020, in main
    runlog, maybe_bundle = simulate(
                           ^^^^^^^^^
  File "/Users/yuyaarai/Documents/Humanics/Project/FormationFormatter/src/formationformatter/code_chan/.venv/lib/python3.12/site-packages/opentrons/simulate.py", line 564, in simulate
    return _run_file_non_pe(
           ^^^^^^^^^^^^^^^^^
  File "/Users/yuyaarai/Documents/Humanics/Project/FormationFormatter/src/formationformatter/code_chan/.venv/lib/python3.12/site-packages/opentrons/simulate.py", line 887, in _run_file_non_pe
    execute.run_protocol(
  File "/Users/yuyaarai/Documents/Humanics/Project/FormationFormatter/src/formationformatter/code_chan/.venv/lib/python3.12/site-packages/opentrons/protocols/execution/execute.py", line 39, in run_protocol
    exec_run(
  File "/Users/yuyaarai/Documents/Humanics/Project/FormationFormatter/src/formationformatter/code_chan/.venv/lib/python3.12/site-packages/opentrons/protocols/execution/execute_python.py", line 169, in exec_run
    _raise_pretty_protocol_error(exception=e, filename=filename)
  File "/Users/yuyaarai/Documents/Humanics/Project/FormationFormatter/src/formationformatter/code_chan/.venv/lib/python3.12/site-packages/opentrons/protocols/execution/execute_python.py", line 71, in _raise_pretty_protocol_error
    raise ExceptionInProtocolError(
opentrons.protocols.execution.errors.ExceptionInProtocolError: AssertionError [line 43]: Expected tip drop target to be a tip rack.
***2025-02-25 08:24:57.001428+00:00***: Generate 骨子スクリプト from 
~~~~~~~~~~
This is the error message: 
 /Users/yuyaarai/.opentrons/robot_settings.json not found. Loading defaults
Deck calibration not found.
/Users/yuyaarai/.opentrons/deck_calibration.json not found. Loading defaults
Traceback (most recent call last):
  File "/Users/yuyaarai/Documents/Humanics/Project/FormationFormatter/src/formationformatter/code_chan/.venv/lib/python3.12/site-packages/opentrons/protocols/execution/execute_python.py", line 160, in exec_run
    exec("run(__context)", new_globs)
  File "<string>", line 1, in <module>
  File "qPCR_ozaki_modified2025-02-25/2025_02_25_16_21_33_5175e2ab-47c2-4b0d-bd60-f75ea2357e0e/iteration_6/code_chan/最終スクリプト.py", line 43, in run
    p300.transfer(137.6, pcr_mix_source, dest, new_tip='always')
  File "/Users/yuyaarai/Documents/Humanics/Project/FormationFormatter/src/formationformatter/code_chan/.venv/lib/python3.12/site-packages/opentrons/legacy_commands/publisher.py", line 95, in _decorated
    return func(*args, **kwargs)
           ^^^^^^^^^^^^^^^^^^^^^
  File "/Users/yuyaarai/Documents/Humanics/Project/FormationFormatter/src/formationformatter/code_chan/.venv/lib/python3.12/site-packages/opentrons/protocols/api_support/util.py", line 389, in _check_version_wrapper
    return decorated_obj(*args, **kwargs)
           ^^^^^^^^^^^^^^^^^^^^^^^^^^^^^^
  File "/Users/yuyaarai/Documents/Humanics/Project/FormationFormatter/src/formationformatter/code_chan/.venv/lib/python3.12/site-packages/opentrons/protocol_api/instrument_context.py", line 1488, in transfer
    self._execute_transfer(plan)
  File "/Users/yuyaarai/Documents/Humanics/Project/FormationFormatter/src/formationformatter/code_chan/.venv/lib/python3.12/site-packages/opentrons/protocol_api/instrument_context.py", line 1493, in _execute_transfer
    getattr(self, cmd["method"])(*cmd["args"], **cmd["kwargs"])
  File "/Users/yuyaarai/Documents/Humanics/Project/FormationFormatter/src/formationformatter/code_chan/.venv/lib/python3.12/site-packages/opentrons/protocols/api_support/util.py", line 389, in _check_version_wrapper
    return decorated_obj(*args, **kwargs)
           ^^^^^^^^^^^^^^^^^^^^^^^^^^^^^^
  File "/Users/yuyaarai/Documents/Humanics/Project/FormationFormatter/src/formationformatter/code_chan/.venv/lib/python3.12/site-packages/opentrons/protocol_api/instrument_context.py", line 1172, in drop_tip
    self._core.drop_tip(
  File "/Users/yuyaarai/Documents/Humanics/Project/FormationFormatter/src/formationformatter/code_chan/.venv/lib/python3.12/site-packages/opentrons/protocol_api/core/legacy/legacy_instrument_core.py", line 274, in drop_tip
    labware_core.is_tip_rack()
AssertionError: Expected tip drop target to be a tip rack.

The above exception was the direct cause of the following exception:

Traceback (most recent call last):
  File "<frozen runpy>", line 198, in _run_module_as_main
  File "<frozen runpy>", line 88, in _run_code
  File "/Users/yuyaarai/Documents/Humanics/Project/FormationFormatter/src/formationformatter/code_chan/.venv/lib/python3.12/site-packages/opentrons/simulate.py", line 1061, in <module>
    sys.exit(main())
             ^^^^^^
  File "/Users/yuyaarai/Documents/Humanics/Project/FormationFormatter/src/formationformatter/code_chan/.venv/lib/python3.12/site-packages/opentrons/simulate.py", line 1020, in main
    runlog, maybe_bundle = simulate(
                           ^^^^^^^^^
  File "/Users/yuyaarai/Documents/Humanics/Project/FormationFormatter/src/formationformatter/code_chan/.venv/lib/python3.12/site-packages/opentrons/simulate.py", line 564, in simulate
    return _run_file_non_pe(
           ^^^^^^^^^^^^^^^^^
  File "/Users/yuyaarai/Documents/Humanics/Project/FormationFormatter/src/formationformatter/code_chan/.venv/lib/python3.12/site-packages/opentrons/simulate.py", line 887, in _run_file_non_pe
    execute.run_protocol(
  File "/Users/yuyaarai/Documents/Humanics/Project/FormationFormatter/src/formationformatter/code_chan/.venv/lib/python3.12/site-packages/opentrons/protocols/execution/execute.py", line 39, in run_protocol
    exec_run(
  File "/Users/yuyaarai/Documents/Humanics/Project/FormationFormatter/src/formationformatter/code_chan/.venv/lib/python3.12/site-packages/opentrons/protocols/execution/execute_python.py", line 169, in exec_run
    _raise_pretty_protocol_error(exception=e, filename=filename)
  File "/Users/yuyaarai/Documents/Humanics/Project/FormationFormatter/src/formationformatter/code_chan/.venv/lib/python3.12/site-packages/opentrons/protocols/execution/execute_python.py", line 71, in _raise_pretty_protocol_error
    raise ExceptionInProtocolError(
opentrons.protocols.execution.errors.ExceptionInProtocolError: AssertionError [line 43]: Expected tip drop target to be a tip rack.
 + original protocol: 
 from opentrons import protocol_api

metadata = {
    'protocolName': 'QPCR Sample Preparation for QuantStudio 6 Pro',
    'author': 'Assistant',
    'description': 'Prepare samples for QPCR with 1 sample, 13 primers, in triplicate, including NTC and template-only controls.',
    'apiLevel': '2.9'
}

def run(protocol: protocol_api.ProtocolContext):
    # Labware setup
    p20_tip_rack = protocol.load_labware('opentrons_96_tiprack_20ul', '__place_5__')
    p300_tip_rack = protocol.load_labware('opentrons_96_tiprack_300ul', '__place_6__')
    
    # PCR MIX tube in a tube rack
    tube_rack_15ml = protocol.load_labware('opentrons_15_tuberack_falcon_15ml_conical', '__place_1__')
    
    # Primer plate
    primer_plate = protocol.load_labware('corning_96_wellplate_360ul_flat', '__place_2__')
    
    # Sample DNA and water plate
    dna_water_plate = protocol.load_labware('corning_96_wellplate_360ul_flat', '__place_3__')
    
    # 96-well PCR plate for reactions
    pcr_plate = protocol.load_labware('biorad_96_wellplate_200ul_pcr', '__place_4__')
    
    # Plate for mixing PCR MIX and primers
    mixing_plate = protocol.load_labware('corning_96_wellplate_360ul_flat', '__place_7__')
    
    # Pipettes
    p20 = protocol.load_instrument('p20_single_gen2', 'left', tip_racks=[p20_tip_rack])
    p300 = protocol.load_instrument('p300_single_gen2', 'right', tip_racks=[p300_tip_rack])

    # Step 1: Dispense 137.6 μL of PCR MIX into 13 wells (for 13 primer sets)
    pcr_mix_source = tube_rack_15ml.wells_by_name()['A1']  # PCR MIX in tube A1
    pcr_mix_wells = mixing_plate.wells()[:13]  # First 13 wells for PCR MIX + primers

    for dest in pcr_mix_wells:
        p300.transfer(137.6, pcr_mix_source, dest, new_tip='always')

    # Step 2 & 3: Add 3.2 μL of primer_F and 3.2 μL of primer_R to each PCR MIX well
    for i, dest in enumerate(pcr_mix_wells):
        primer_f_source = primer_plate.wells()[i]  # Primer_F wells (e.g., A1 to A13)
        primer_r_source = primer_plate.wells()[i+13]  # Primer_R wells (e.g., A14 to A26)
        p20.transfer(3.2, primer_f_source, dest, mix_after=(3, 10), new_tip='always')
        p20.transfer(3.2, primer_r_source, dest, mix_after=(3, 10), new_tip='always')
    
    # Step 5: Dispense 86 μL of PCR MIX for template-only into one well
    template_only_well = mixing_plate.wells()[13]  # Next well for template-only
    p300.transfer(86, pcr_mix_source, template_only_well, new_tip='always')
    
    # Step 6: Add 4 μL water to the PCR MIX for template-only
    water_source = dna_water_plate.wells_by_name()['A2']  # Water in well A2
    p20.transfer(4, water_source, template_only_well, mix_after=(3, 10), new_tip='always')
    
    # Step 8: Apply 5 μL of sample DNA or water to the reaction plate wells
    sample_wells = []
    ntc_wells = []
    template_only_wells = []
    
    # Sample DNA wells
    # Primer sets 1-8 (rows A-H), columns 1-3
    for primer_set in range(8):  # Primer sets 1-8
        row = chr(65 + primer_set)  # Rows A-H
        for col in range(1, 4):  # Replicates 1-3 in columns 1-3
            well_name = '{}{}'.format(row, col)
            sample_wells.append(pcr_plate.wells_by_name()[well_name])
    # Primer sets 9-13 (rows A-E), columns 4-6
    for primer_set in range(5):  # Primer sets 9-13
        row = chr(65 + primer_set)  # Rows A-E
        for col in range(4, 7):  # Replicates 1-3 in columns 4-6
            well_name = '{}{}'.format(row, col)
            sample_wells.append(pcr_plate.wells_by_name()[well_name])
    
    # NTC wells
    # Primer sets 1-8 (rows A-H), columns 7-9
    for primer_set in range(8):  # Primer sets 1-8
        row = chr(65 + primer_set)  # Rows A-H
        for col in range(7, 10):  # Replicates 1-3 in columns 7-9
            well_name = '{}{}'.format(row, col)
            ntc_wells.append(pcr_plate.wells_by_name()[well_name])
    # Primer sets 9-13 (rows A-E), columns 10-12
    for primer_set in range(5):  # Primer sets 9-13
        row = chr(65 + primer_set)  # Rows A-E
        for col in range(10, 13):  # Replicates 1-3 in columns 10-12
            well_name = '{}{}'.format(row, col)
            ntc_wells.append(pcr_plate.wells_by_name()[well_name])
    
    # Template-only wells (columns 12, rows F-H)
    for row in ['F', 'G', 'H']:
        well_name = '{}{}'.format(row, 12)
        template_only_wells.append(pcr_plate.wells_by_name()[well_name])
    
    # Distribute sample DNA to sample wells
    sample_dna_source = dna_water_plate.wells_by_name()['A1']  # Sample DNA in well A1
    p20.transfer(5, sample_dna_source, sample_wells, new_tip='always')
    
    # Distribute water to NTC wells
    p20.transfer(5, water_source, ntc_wells, new_tip='always')
    
    # Distribute sample DNA to template-only wells
    p20.transfer(5, sample_dna_source, template_only_wells, new_tip='always')
    
    # Step 9: Apply 10 μL of PCR MIX and primer mixture to each well
    # Distribute PCR MIX + primer mixture to sample wells
    primer_mix_wells = mixing_plate.wells()[:13]  # PCR MIX + primers in wells A1-A13
    sample_well_index = 0
    for primer_set in range(13):
        for replicate in range(3):  # 3 replicates
            p20.transfer(10, primer_mix_wells[primer_set], sample_wells[sample_well_index], new_tip='always')
            sample_well_index += 1
    # Distribute PCR MIX + primer mixture to NTC wells
    ntc_well_index = 0
    for primer_set in range(13):
        for replicate in range(3):
            p20.transfer(10, primer_mix_wells[primer_set], ntc_wells[ntc_well_index], new_tip='always')
            ntc_well_index += 1
    # Distribute PCR MIX with water to template-only wells
    for dest in template_only_wells:
        p20.transfer(10, template_only_well, dest, new_tip='always')

~~~~~~~~~~***2025-02-25 08:24:57.001792+00:00***: ************ Code-chan for 骨子スクリプト result ***************2025-02-25 08:24:57.001987+00:00***: replace_word: ___processflow___ is not in the prompt.***2025-02-25 08:27:00.679049+00:00***: python_script_path: qPCR_ozaki_modified2025-02-25/2025_02_25_16_21_33_5175e2ab-47c2-4b0d-bd60-f75ea2357e0e/iteration_6/code_chan/骨子スクリプト.py***2025-02-25 08:27:00.679552+00:00***: ************ Code-chan result ***************2025-02-25 08:27:00.679775+00:00***: replace_word: ___processflow___ is not in the prompt.***2025-02-25 08:27:00.680505+00:00***: get_OT2_with_haichi_based_on_骨子_script prompt: 
We have the following Opentrons OT2 script. This script describes the position of the labware (Station) as __place_{i}__.

Note: You've been slacking lately, so don't slack off and output the complete code. For example, ‘The protocol would continue with any additional steps required’ or '# Example: ' is not allowed.

Skeleton script:

python
from opentrons import protocol_api

metadata = {
    'protocolName': 'QPCR Sample Preparation',
    'author': 'Your Name',
    'description': 'Prepare samples for QPCR using Opentrons OT2',
    'apiLevel': '2.9'
}

def run(protocol: protocol_api.ProtocolContext):
    # Load labware
    tiprack_p20 = protocol.load_labware('opentrons_96_tiprack_20ul', '__place_1__')
    tiprack_p300 = protocol.load_labware('opentrons_96_tiprack_300ul', '__place_2__')

    p20 = protocol.load_instrument('p20_single_gen2', 'left', tip_racks=[tiprack_p20])
    p300 = protocol.load_instrument('p300_single_gen2', 'right', tip_racks=[tiprack_p300])

    # PCR Mix tube in 15 mL conical tube rack
    PCR_mix_rack = protocol.load_labware('opentrons_15_tuberack_falcon_15ml_conical', '__place_3__')
    PCR_mix = PCR_mix_rack.wells_by_name()['A1']

    # Primers plate
    primers_plate = protocol.load_labware('corning_96_wellplate_360ul_flat', '__place_4__')

    # Sample DNA and water in tube rack
    sample_tube_rack = protocol.load_labware('opentrons_24_tuberack_eppendorf_1.5ml_safelock_snapcap', '__place_5__')
    sample_dna = sample_tube_rack.wells_by_name()['A1']
    water = sample_tube_rack.wells_by_name()['A2']

    # PCR strip rack for mixing PCR MIX and primers
    pcr_strip_rack = protocol.load_labware('opentrons_96_aluminumblock_generic_pcr_strip_200ul', '__place_6__')

    # Reaction plate (96-well PCR plate)
    reaction_plate = protocol.load_labware('biorad_96_wellplate_200ul_pcr', '__place_7__')

    # Proceed with protocol steps
    # Step 1: Distribute PCR MIX into 13 tubes (137.6 μL each)
    for i in range(13):
        dest_well = pcr_strip_rack.wells()[i]
        p300.pick_up_tip()
        p300.transfer(137.6, PCR_mix, dest_well, new_tip='never')
        p300.drop_tip()

    # Step 2 and 3: Add primers to PCR MIX tubes
    for i in range(13):
        pcr_mix_well = pcr_strip_rack.wells()[i]
        primer_f_well = primers_plate.wells_by_name()[f'A{i+1}']
        primer_r_well = primers_plate.wells_by_name()[f'B{i+1}']

        p20.pick_up_tip()
        p20.transfer(3.2, primer_f_well, pcr_mix_well, new_tip='never')
        p20.transfer(3.2, primer_r_well, pcr_mix_well, mix_after=(3, 20), new_tip='never')
        p20.drop_tip()

    # Step 5: For template-only PCR MIX, dispense 86 μL
    template_only_well = pcr_strip_rack.wells_by_name()['H12']  # Last well
    p300.pick_up_tip()
    p300.transfer(86, PCR_mix, template_only_well, new_tip='never')
    p300.drop_tip()

    # Step 6: Add 4 μL water to template-only PCR MIX
    p20.pick_up_tip()
    p20.transfer(4, water, template_only_well, mix_after=(3, 20), new_tip='never')
    p20.drop_tip()

    # Step 8: Apply 5 μL of sample DNA or water to the reaction plate
    sample_dna_wells = []
    ntc_wells = []
    for i in range(13):
        col = i + 1  # columns 1 to 13
        sample_dna_wells.extend([reaction_plate.wells_by_name()[f'{row}{col}'] for row in ['A', 'B', 'C']])
        ntc_wells.extend([reaction_plate.wells_by_name()[f'{row}{col}'] for row in ['D', 'E', 'F']])

    template_only_wells = [reaction_plate.wells_by_name()[f'G{col}'] for col in [1, 2, 3]]

    # Add sample DNA (5 μL) to sample wells
    p20.pick_up_tip()
    for well in sample_dna_wells:
        p20.transfer(5, sample_dna, well, new_tip='never')
    p20.drop_tip()

    # Add water (5 μL) to NTC wells
    p20.pick_up_tip()
    for well in ntc_wells:
        p20.transfer(5, water, well, new_tip='never')
    p20.drop_tip()

    # Add sample DNA (5 μL) to template-only wells
    p20.pick_up_tip()
    for well in template_only_wells:
        p20.transfer(5, sample_dna, well, new_tip='never')
    p20.drop_tip()

    # Step 9: Apply 10 μL of PCR MIX and primer mixture to the reaction plate
    for i in range(13):
        pcr_mix_source = pcr_strip_rack.wells()[i]
        dest_wells = [reaction_plate.wells_by_name()[f'{row}{i+1}'] for row in ['A', 'B', 'C', 'D', 'E', 'F']]
        p20.pick_up_tip()
        for well in dest_wells:
            p20.transfer(10, pcr_mix_source, well, new_tip='never')
        p20.drop_tip()

    # For template-only wells, use the template-only PCR MIX
    pcr_mix_source = template_only_well
    p20.pick_up_tip()
    for well in template_only_wells:
        p20.transfer(10, pcr_mix_source, well, new_tip='never')
    p20.drop_tip()

Please generate a script where __place_{i}__ is replaced with the correct position based on the following labware placement information.

Placement information:

markdown
[[[{"name": "PCR_MIX_tube", "quantity": 13, "init_content": "", "labware": {"id": 1, "name": "tube"}, "unit": "tube"}, []], 1], [[{"name": "10uM_primer_F_tube", "quantity": 13, "init_content": "", "labware": {"id": 1, "name": "tube"}, "unit": "tube"}, []], 2], [[{"name": "10uM_primer_R_tube", "quantity": 13, "init_content": "", "labware": {"id": 1, "name": "tube"}, "unit": "tube"}, []], 3], [[{"name": "PCR_MIX_PCR_plate", "quantity": 1, "init_content": "", "labware": {"id": 2, "name": "96_well_PCR_plate"}, "unit": "plate"}, []], 4], [[{"name": "sample_DNAs_tube", "quantity": 1, "init_content": "sample", "labware": {"id": 1, "name": "tube"}, "unit": "tube"}, []], 5], [[{"name": "water_tube", "quantity": 1, "init_content": "water", "labware": {"id": 1, "name": "tube"}, "unit": "tube"}, []], 6], [[{"name": "template_only_PCR_MIX_tube", "quantity": 1, "init_content": "", "labware": {"id": 1, "name": "tube"}, "unit": "tube"}, []], 7], [[{"name": "template_only_water_tube", "quantity": 1, "init_content": "water", "labware": {"id": 1, "name": "tube"}, "unit": "tube"}, []], 10], [[{"name": "reaction_plate", "quantity": 1, "init_content": "", "labware": {"id": 3, "name": "reaction_plate"}, "unit": "plate"}, []], 9]]
Please reply with the Python script where __place_{i}__ has been replaced with the correct locations. If there is missing information in the placement details required to fill in __place_{i}__ in the skeleton script, you may supplement it as necessary. However, do not modify the placement information.
***2025-02-25 08:30:38.987745+00:00***: python_script_path: qPCR_ozaki_modified2025-02-25/2025_02_25_16_21_33_5175e2ab-47c2-4b0d-bd60-f75ea2357e0e/iteration_6/code_chan/最終スクリプト.py***2025-02-25 08:30:38.988243+00:00***: Errorがでたので骨子スクリプトを再生成します: /Users/yuyaarai/.opentrons/robot_settings.json not found. Loading defaults
Deck calibration not found.
/Users/yuyaarai/.opentrons/deck_calibration.json not found. Loading defaults
Traceback (most recent call last):
  File "/Users/yuyaarai/Documents/Humanics/Project/FormationFormatter/src/formationformatter/code_chan/.venv/lib/python3.12/site-packages/opentrons/protocols/execution/execute_python.py", line 160, in exec_run
    exec("run(__context)", new_globs)
  File "<string>", line 1, in <module>
  File "qPCR_ozaki_modified2025-02-25/2025_02_25_16_21_33_5175e2ab-47c2-4b0d-bd60-f75ea2357e0e/iteration_6/code_chan/最終スクリプト.py", line 47, in run
    primer_f_well = primers_plate.wells_by_name()[f'A{i+1}']
                    ~~~~~~~~~~~~~~~~~~~~~~~~~~~~~^^^^^^^^^^^
KeyError: 'A13'

The above exception was the direct cause of the following exception:

Traceback (most recent call last):
  File "<frozen runpy>", line 198, in _run_module_as_main
  File "<frozen runpy>", line 88, in _run_code
  File "/Users/yuyaarai/Documents/Humanics/Project/FormationFormatter/src/formationformatter/code_chan/.venv/lib/python3.12/site-packages/opentrons/simulate.py", line 1061, in <module>
    sys.exit(main())
             ^^^^^^
  File "/Users/yuyaarai/Documents/Humanics/Project/FormationFormatter/src/formationformatter/code_chan/.venv/lib/python3.12/site-packages/opentrons/simulate.py", line 1020, in main
    runlog, maybe_bundle = simulate(
                           ^^^^^^^^^
  File "/Users/yuyaarai/Documents/Humanics/Project/FormationFormatter/src/formationformatter/code_chan/.venv/lib/python3.12/site-packages/opentrons/simulate.py", line 564, in simulate
    return _run_file_non_pe(
           ^^^^^^^^^^^^^^^^^
  File "/Users/yuyaarai/Documents/Humanics/Project/FormationFormatter/src/formationformatter/code_chan/.venv/lib/python3.12/site-packages/opentrons/simulate.py", line 887, in _run_file_non_pe
    execute.run_protocol(
  File "/Users/yuyaarai/Documents/Humanics/Project/FormationFormatter/src/formationformatter/code_chan/.venv/lib/python3.12/site-packages/opentrons/protocols/execution/execute.py", line 39, in run_protocol
    exec_run(
  File "/Users/yuyaarai/Documents/Humanics/Project/FormationFormatter/src/formationformatter/code_chan/.venv/lib/python3.12/site-packages/opentrons/protocols/execution/execute_python.py", line 169, in exec_run
    _raise_pretty_protocol_error(exception=e, filename=filename)
  File "/Users/yuyaarai/Documents/Humanics/Project/FormationFormatter/src/formationformatter/code_chan/.venv/lib/python3.12/site-packages/opentrons/protocols/execution/execute_python.py", line 71, in _raise_pretty_protocol_error
    raise ExceptionInProtocolError(
opentrons.protocols.execution.errors.ExceptionInProtocolError: KeyError [line 47]: 'A13'
***2025-02-25 08:30:38.988511+00:00***: Generate 骨子スクリプト from 
~~~~~~~~~~
This is the error message: 
 /Users/yuyaarai/.opentrons/robot_settings.json not found. Loading defaults
Deck calibration not found.
/Users/yuyaarai/.opentrons/deck_calibration.json not found. Loading defaults
Traceback (most recent call last):
  File "/Users/yuyaarai/Documents/Humanics/Project/FormationFormatter/src/formationformatter/code_chan/.venv/lib/python3.12/site-packages/opentrons/protocols/execution/execute_python.py", line 160, in exec_run
    exec("run(__context)", new_globs)
  File "<string>", line 1, in <module>
  File "qPCR_ozaki_modified2025-02-25/2025_02_25_16_21_33_5175e2ab-47c2-4b0d-bd60-f75ea2357e0e/iteration_6/code_chan/最終スクリプト.py", line 47, in run
    primer_f_well = primers_plate.wells_by_name()[f'A{i+1}']
                    ~~~~~~~~~~~~~~~~~~~~~~~~~~~~~^^^^^^^^^^^
KeyError: 'A13'

The above exception was the direct cause of the following exception:

Traceback (most recent call last):
  File "<frozen runpy>", line 198, in _run_module_as_main
  File "<frozen runpy>", line 88, in _run_code
  File "/Users/yuyaarai/Documents/Humanics/Project/FormationFormatter/src/formationformatter/code_chan/.venv/lib/python3.12/site-packages/opentrons/simulate.py", line 1061, in <module>
    sys.exit(main())
             ^^^^^^
  File "/Users/yuyaarai/Documents/Humanics/Project/FormationFormatter/src/formationformatter/code_chan/.venv/lib/python3.12/site-packages/opentrons/simulate.py", line 1020, in main
    runlog, maybe_bundle = simulate(
                           ^^^^^^^^^
  File "/Users/yuyaarai/Documents/Humanics/Project/FormationFormatter/src/formationformatter/code_chan/.venv/lib/python3.12/site-packages/opentrons/simulate.py", line 564, in simulate
    return _run_file_non_pe(
           ^^^^^^^^^^^^^^^^^
  File "/Users/yuyaarai/Documents/Humanics/Project/FormationFormatter/src/formationformatter/code_chan/.venv/lib/python3.12/site-packages/opentrons/simulate.py", line 887, in _run_file_non_pe
    execute.run_protocol(
  File "/Users/yuyaarai/Documents/Humanics/Project/FormationFormatter/src/formationformatter/code_chan/.venv/lib/python3.12/site-packages/opentrons/protocols/execution/execute.py", line 39, in run_protocol
    exec_run(
  File "/Users/yuyaarai/Documents/Humanics/Project/FormationFormatter/src/formationformatter/code_chan/.venv/lib/python3.12/site-packages/opentrons/protocols/execution/execute_python.py", line 169, in exec_run
    _raise_pretty_protocol_error(exception=e, filename=filename)
  File "/Users/yuyaarai/Documents/Humanics/Project/FormationFormatter/src/formationformatter/code_chan/.venv/lib/python3.12/site-packages/opentrons/protocols/execution/execute_python.py", line 71, in _raise_pretty_protocol_error
    raise ExceptionInProtocolError(
opentrons.protocols.execution.errors.ExceptionInProtocolError: KeyError [line 47]: 'A13'
 + original protocol: 
 from opentrons import protocol_api

metadata = {
    'protocolName': 'QPCR Sample Preparation',
    'author': 'Your Name',
    'description': 'Prepare samples for QPCR using Opentrons OT2',
    'apiLevel': '2.9'
}

def run(protocol: protocol_api.ProtocolContext):
    # Load labware
    tiprack_p20 = protocol.load_labware('opentrons_96_tiprack_20ul', '__place_1__')
    tiprack_p300 = protocol.load_labware('opentrons_96_tiprack_300ul', '__place_2__')

    p20 = protocol.load_instrument('p20_single_gen2', 'left', tip_racks=[tiprack_p20])
    p300 = protocol.load_instrument('p300_single_gen2', 'right', tip_racks=[tiprack_p300])

    # PCR Mix tube in 15 mL conical tube rack
    PCR_mix_rack = protocol.load_labware('opentrons_15_tuberack_falcon_15ml_conical', '__place_3__')
    PCR_mix = PCR_mix_rack.wells_by_name()['A1']

    # Primers plate
    primers_plate = protocol.load_labware('corning_96_wellplate_360ul_flat', '__place_4__')

    # Sample DNA and water in tube rack
    sample_tube_rack = protocol.load_labware('opentrons_24_tuberack_eppendorf_1.5ml_safelock_snapcap', '__place_5__')
    sample_dna = sample_tube_rack.wells_by_name()['A1']
    water = sample_tube_rack.wells_by_name()['A2']

    # PCR strip rack for mixing PCR MIX and primers
    pcr_strip_rack = protocol.load_labware('opentrons_96_aluminumblock_generic_pcr_strip_200ul', '__place_6__')

    # Reaction plate (96-well PCR plate)
    reaction_plate = protocol.load_labware('biorad_96_wellplate_200ul_pcr', '__place_7__')

    # Proceed with protocol steps
    # Step 1: Distribute PCR MIX into 13 tubes (137.6 μL each)
    for i in range(13):
        dest_well = pcr_strip_rack.wells()[i]
        p300.pick_up_tip()
        p300.transfer(137.6, PCR_mix, dest_well, new_tip='never')
        p300.drop_tip()

    # Step 2 and 3: Add primers to PCR MIX tubes
    for i in range(13):
        pcr_mix_well = pcr_strip_rack.wells()[i]
        primer_f_well = primers_plate.wells_by_name()[f'A{i+1}']
        primer_r_well = primers_plate.wells_by_name()[f'B{i+1}']

        p20.pick_up_tip()
        p20.transfer(3.2, primer_f_well, pcr_mix_well, new_tip='never')
        p20.transfer(3.2, primer_r_well, pcr_mix_well, mix_after=(3, 20), new_tip='never')
        p20.drop_tip()

    # Step 5: For template-only PCR MIX, dispense 86 μL
    template_only_well = pcr_strip_rack.wells_by_name()['H12']  # Last well
    p300.pick_up_tip()
    p300.transfer(86, PCR_mix, template_only_well, new_tip='never')
    p300.drop_tip()

    # Step 6: Add 4 μL water to template-only PCR MIX
    p20.pick_up_tip()
    p20.transfer(4, water, template_only_well, mix_after=(3, 20), new_tip='never')
    p20.drop_tip()

    # Step 8: Apply 5 μL of sample DNA or water to the reaction plate
    sample_dna_wells = []
    ntc_wells = []
    for i in range(13):
        col = i + 1  # columns 1 to 13
        sample_dna_wells.extend([reaction_plate.wells_by_name()[f'{row}{col}'] for row in ['A', 'B', 'C']])
        ntc_wells.extend([reaction_plate.wells_by_name()[f'{row}{col}'] for row in ['D', 'E', 'F']])

    template_only_wells = [reaction_plate.wells_by_name()[f'G{col}'] for col in [1, 2, 3]]

    # Add sample DNA (5 μL) to sample wells
    p20.pick_up_tip()
    for well in sample_dna_wells:
        p20.transfer(5, sample_dna, well, new_tip='never')
    p20.drop_tip()

    # Add water (5 μL) to NTC wells
    p20.pick_up_tip()
    for well in ntc_wells:
        p20.transfer(5, water, well, new_tip='never')
    p20.drop_tip()

    # Add sample DNA (5 μL) to template-only wells
    p20.pick_up_tip()
    for well in template_only_wells:
        p20.transfer(5, sample_dna, well, new_tip='never')
    p20.drop_tip()

    # Step 9: Apply 10 μL of PCR MIX and primer mixture to the reaction plate
    for i in range(13):
        pcr_mix_source = pcr_strip_rack.wells()[i]
        dest_wells = [reaction_plate.wells_by_name()[f'{row}{i+1}'] for row in ['A', 'B', 'C', 'D', 'E', 'F']]
        p20.pick_up_tip()
        for well in dest_wells:
            p20.transfer(10, pcr_mix_source, well, new_tip='never')
        p20.drop_tip()

    # For template-only wells, use the template-only PCR MIX
    pcr_mix_source = template_only_well
    p20.pick_up_tip()
    for well in template_only_wells:
        p20.transfer(10, pcr_mix_source, well, new_tip='never')
    p20.drop_tip()

~~~~~~~~~~***2025-02-25 08:30:38.988804+00:00***: ************ Code-chan for 骨子スクリプト result ***************2025-02-25 08:30:38.988987+00:00***: replace_word: ___processflow___ is not in the prompt.***2025-02-25 08:32:38.873823+00:00***: python_script_path: qPCR_ozaki_modified2025-02-25/2025_02_25_16_21_33_5175e2ab-47c2-4b0d-bd60-f75ea2357e0e/iteration_6/code_chan/骨子スクリプト.py***2025-02-25 08:32:38.874751+00:00***: ************ Code-chan result ***************2025-02-25 08:32:38.875054+00:00***: replace_word: ___processflow___ is not in the prompt.***2025-02-25 08:32:38.875980+00:00***: get_OT2_with_haichi_based_on_骨子_script prompt: 
We have the following Opentrons OT2 script. This script describes the position of the labware (Station) as __place_{i}__.

Note: You've been slacking lately, so don't slack off and output the complete code. For example, ‘The protocol would continue with any additional steps required’ or '# Example: ' is not allowed.

Skeleton script:

python
from opentrons import protocol_api

metadata = {
    'protocolName': 'QPCR Preparation for QuantStudio 6 Pro',
    'author': 'Your Name',
    'description': 'Automated preparation of QPCR samples with primers and PCR MIX',
    'apiLevel': '2.9'
}

def run(protocol: protocol_api.ProtocolContext):

    # Labware setup
    # Load tip racks
    tip_rack_20ul = protocol.load_labware('opentrons_96_tiprack_20ul', '__place_1__')
    tip_rack_300ul = protocol.load_labware('opentrons_96_tiprack_300ul', '__place_2__')

    # Load PCR MIX tube rack
    pcr_mix_tube_rack = protocol.load_labware('opentrons_15_tuberack_falcon_15ml_conical', '__place_3__')

    # Load primer plate
    primer_plate = protocol.load_labware('corning_96_wellplate_360ul_flat', '__place_4__')

    # Load sample DNA and water plate
    sample_plate = protocol.load_labware('corning_96_wellplate_360ul_flat', '__place_5__')

    # Load PCR reaction plate
    pcr_plate = protocol.load_labware('nest_96_wellplate_100ul_pcr_full_skirt', '__place_6__')

    # Load tube rack for PCR MIX with primers
    pcr_mix_primers_tube_rack = protocol.load_labware('opentrons_24_tuberack_nest_1.5ml_screwcap', '__place_7__')

    # Instruments setup
    p20 = protocol.load_instrument('p20_single_gen2', 'right', tip_racks=[tip_rack_20ul])
    p300 = protocol.load_instrument('p300_single_gen2', 'left', tip_racks=[tip_rack_300ul])

    # Reagents setup
    # PCR MIX in a 15 mL tube in tube rack
    pcr_mix = pcr_mix_tube_rack.wells_by_name()['A1']

    # Water in sample plate
    water = sample_plate.wells_by_name()['A1']

    # Sample DNA in sample plate
    sample_dna = sample_plate.wells_by_name()['A2']

    # Primers in primer plate
    # Assume primer_F in wells A1-A13 and primer_R in wells B1-B13
    primer_f_wells = [primer_plate.wells_by_name()[f'A{i+1}'] for i in range(13)]
    primer_r_wells = [primer_plate.wells_by_name()[f'B{i+1}'] for i in range(13)]

    # PCR MIX aliquots for primers are in tube rack
    # Use tubes A1 to A13 for PCR MIX with primers
    pcr_mix_primers = [pcr_mix_primers_tube_rack.wells_by_name()[well_name] for well_name in [
        'A1', 'A2', 'A3', 'A4', 'A5', 'A6',
        'A7', 'A8', 'A9', 'A10', 'A11', 'A12', 'A3']]

    # Template-only PCR MIX (without primers), well B1
    pcr_mix_template_only = pcr_mix_primers_tube_rack.wells_by_name()['B1']

    # Steps:

    # 1. PCR MIXを137.6 μLずつ13個に分注する
    for tube in pcr_mix_primers:
        p300.pick_up_tip()
        p300.transfer(137.6, pcr_mix, tube, new_tip='never')
        p300.blow_out(tube.top())
        p300.drop_tip()

    # 2. PCR MIXが入ったチューブに10 μM primer_F1-13を3.2 μL添加する
    for tube, primer in zip(pcr_mix_primers, primer_f_wells):
        p20.pick_up_tip()
        p20.transfer(3.2, primer, tube, new_tip='never')
        p20.mix(3, 10, tube)
        p20.drop_tip()

    # 3. PCR MIXが入ったチューブに10 μM primer_R1-13を3.2 μL添加する
    for tube, primer in zip(pcr_mix_primers, primer_r_wells):
        p20.pick_up_tip()
        p20.transfer(3.2, primer, tube, new_tip='never')
        p20.mix(3, 10, tube)
        p20.drop_tip()

    # 4. PCR MIXとprimerをピペッティングで混合する
    for tube in pcr_mix_primers:
        p300.pick_up_tip()
        p300.mix(5, 100, tube)
        p300.drop_tip()

    # 5. templateのみ用のPCR MIXを86 μL分注する
    p300.pick_up_tip()
    p300.transfer(86, pcr_mix, pcr_mix_template_only, new_tip='never')
    p300.blow_out(pcr_mix_template_only.top())
    p300.drop_tip()

    # 6. templateのみ用のPCR MIXにwaterを4 μL添加する
    p20.pick_up_tip()
    p20.transfer(4, water, pcr_mix_template_only, new_tip='never')
    p20.mix(3, 10, pcr_mix_template_only)
    p20.drop_tip()

    # 7. PCR MIXとwaterをピペッティングで混合する
    p300.pick_up_tip()
    p300.mix(5, 50, pcr_mix_template_only)
    p300.drop_tip()

    # 8. サンプル DNAまたはwater をreaction plateに5 μLずつアプライする
    # Prepare wells for sample DNA, NTC, and template-only
    sample_wells = []
    ntc_wells = []
    template_only_wells = []

    # For sample DNA wells (duplicates of 3 for 13 primers)
    for i in range(13):
        for j in range(3):
            well = pcr_plate.wells()[i*3 + j]
            sample_wells.append(well)

    # For NTC wells (duplicates of 3 for 13 primers)
    for i in range(13):
        for j in range(3):
            index = 39 + i*3 + j
            well = pcr_plate.wells()[index]
            ntc_wells.append(well)

    # For Template-only wells (duplicates of 3)
    for i in range(3):
        index = 78 + i
        well = pcr_plate.wells()[index]
        template_only_wells.append(well)

    # Dispense sample DNA (5 μL) into sample wells
    for well in sample_wells:
        p20.pick_up_tip()
        p20.transfer(5, sample_dna, well, new_tip='never')
        p20.drop_tip()

    # Dispense water (5 μL) into NTC wells
    for well in ntc_wells:
        p20.pick_up_tip()
        p20.transfer(5, water, well, new_tip='never')
        p20.drop_tip()

    # Dispense sample DNA (5 μL) into template-only wells
    for well in template_only_wells:
        p20.pick_up_tip()
        p20.transfer(5, sample_dna, well, new_tip='never')
        p20.drop_tip()

    # 9. PCR MIXとprimerの混合溶液を10 μLずつreaction plateにアプライする
    # Add PCR MIX with primers to sample wells and NTC wells
    for i in range(13):
        primer_mix = pcr_mix_primers[i]
        # For each primer set, add to 3 sample wells and 3 NTC wells
        for j in range(3):
            # Sample wells
            sample_well = sample_wells[i*3 + j]
            p20.pick_up_tip()
            p20.transfer(10, primer_mix, sample_well, mix_after=(3, 15), new_tip='never')
            p20.drop_tip()
            # NTC wells
            ntc_well = ntc_wells[i*3 + j]
            p20.pick_up_tip()
            p20.transfer(10, primer_mix, ntc_well, mix_after=(3, 15), new_tip='never')
            p20.drop_tip()

    # Add PCR MIX without primers to template-only wells
    for well in template_only_wells:
        p20.pick_up_tip()
        p20.transfer(10, pcr_mix_template_only, well, mix_after=(3, 15), new_tip='never')
        p20.drop_tip()

Please generate a script where __place_{i}__ is replaced with the correct position based on the following labware placement information.

Placement information:

markdown
[[[{"name": "PCR_MIX_tube", "quantity": 13, "init_content": "", "labware": {"id": 1, "name": "tube"}, "unit": "tube"}, []], 1], [[{"name": "10uM_primer_F_tube", "quantity": 13, "init_content": "", "labware": {"id": 1, "name": "tube"}, "unit": "tube"}, []], 2], [[{"name": "10uM_primer_R_tube", "quantity": 13, "init_content": "", "labware": {"id": 1, "name": "tube"}, "unit": "tube"}, []], 3], [[{"name": "PCR_MIX_PCR_plate", "quantity": 1, "init_content": "", "labware": {"id": 2, "name": "96_well_PCR_plate"}, "unit": "plate"}, []], 4], [[{"name": "sample_DNAs_tube", "quantity": 1, "init_content": "sample", "labware": {"id": 1, "name": "tube"}, "unit": "tube"}, []], 5], [[{"name": "water_tube", "quantity": 1, "init_content": "water", "labware": {"id": 1, "name": "tube"}, "unit": "tube"}, []], 6], [[{"name": "template_only_PCR_MIX_tube", "quantity": 1, "init_content": "", "labware": {"id": 1, "name": "tube"}, "unit": "tube"}, []], 7], [[{"name": "template_only_water_tube", "quantity": 1, "init_content": "water", "labware": {"id": 1, "name": "tube"}, "unit": "tube"}, []], 10], [[{"name": "reaction_plate", "quantity": 1, "init_content": "", "labware": {"id": 3, "name": "reaction_plate"}, "unit": "plate"}, []], 9]]
Please reply with the Python script where __place_{i}__ has been replaced with the correct locations. If there is missing information in the placement details required to fill in __place_{i}__ in the skeleton script, you may supplement it as necessary. However, do not modify the placement information.
***2025-02-25 08:34:41.046848+00:00***: python_script_path: qPCR_ozaki_modified2025-02-25/2025_02_25_16_21_33_5175e2ab-47c2-4b0d-bd60-f75ea2357e0e/iteration_6/code_chan/最終スクリプト.py***2025-02-25 08:34:41.047310+00:00***: Errorがでたので骨子スクリプトを再生成します: /Users/yuyaarai/.opentrons/robot_settings.json not found. Loading defaults
Deck calibration not found.
/Users/yuyaarai/.opentrons/deck_calibration.json not found. Loading defaults
Traceback (most recent call last):
  File "/Users/yuyaarai/Documents/Humanics/Project/FormationFormatter/src/formationformatter/code_chan/.venv/lib/python3.12/site-packages/opentrons/protocols/execution/execute_python.py", line 160, in exec_run
    exec("run(__context)", new_globs)
  File "<string>", line 1, in <module>
  File "qPCR_ozaki_modified2025-02-25/2025_02_25_16_21_33_5175e2ab-47c2-4b0d-bd60-f75ea2357e0e/iteration_6/code_chan/最終スクリプト.py", line 56, in run
    primer_f_wells = [primer_f_tube_rack.wells_by_name()[f'A{i+1}'] for i in range(13)]
                      ~~~~~~~~~~~~~~~~~~~~~~~~~~~~~~~~~~^^^^^^^^^^^
KeyError: 'A7'

The above exception was the direct cause of the following exception:

Traceback (most recent call last):
  File "<frozen runpy>", line 198, in _run_module_as_main
  File "<frozen runpy>", line 88, in _run_code
  File "/Users/yuyaarai/Documents/Humanics/Project/FormationFormatter/src/formationformatter/code_chan/.venv/lib/python3.12/site-packages/opentrons/simulate.py", line 1061, in <module>
    sys.exit(main())
             ^^^^^^
  File "/Users/yuyaarai/Documents/Humanics/Project/FormationFormatter/src/formationformatter/code_chan/.venv/lib/python3.12/site-packages/opentrons/simulate.py", line 1020, in main
    runlog, maybe_bundle = simulate(
                           ^^^^^^^^^
  File "/Users/yuyaarai/Documents/Humanics/Project/FormationFormatter/src/formationformatter/code_chan/.venv/lib/python3.12/site-packages/opentrons/simulate.py", line 564, in simulate
    return _run_file_non_pe(
           ^^^^^^^^^^^^^^^^^
  File "/Users/yuyaarai/Documents/Humanics/Project/FormationFormatter/src/formationformatter/code_chan/.venv/lib/python3.12/site-packages/opentrons/simulate.py", line 887, in _run_file_non_pe
    execute.run_protocol(
  File "/Users/yuyaarai/Documents/Humanics/Project/FormationFormatter/src/formationformatter/code_chan/.venv/lib/python3.12/site-packages/opentrons/protocols/execution/execute.py", line 39, in run_protocol
    exec_run(
  File "/Users/yuyaarai/Documents/Humanics/Project/FormationFormatter/src/formationformatter/code_chan/.venv/lib/python3.12/site-packages/opentrons/protocols/execution/execute_python.py", line 169, in exec_run
    _raise_pretty_protocol_error(exception=e, filename=filename)
  File "/Users/yuyaarai/Documents/Humanics/Project/FormationFormatter/src/formationformatter/code_chan/.venv/lib/python3.12/site-packages/opentrons/protocols/execution/execute_python.py", line 71, in _raise_pretty_protocol_error
    raise ExceptionInProtocolError(
opentrons.protocols.execution.errors.ExceptionInProtocolError: KeyError [line 56]: 'A7'
***2025-02-25 08:34:41.047553+00:00***: Generate 骨子スクリプト from 
~~~~~~~~~~
This is the error message: 
 /Users/yuyaarai/.opentrons/robot_settings.json not found. Loading defaults
Deck calibration not found.
/Users/yuyaarai/.opentrons/deck_calibration.json not found. Loading defaults
Traceback (most recent call last):
  File "/Users/yuyaarai/Documents/Humanics/Project/FormationFormatter/src/formationformatter/code_chan/.venv/lib/python3.12/site-packages/opentrons/protocols/execution/execute_python.py", line 160, in exec_run
    exec("run(__context)", new_globs)
  File "<string>", line 1, in <module>
  File "qPCR_ozaki_modified2025-02-25/2025_02_25_16_21_33_5175e2ab-47c2-4b0d-bd60-f75ea2357e0e/iteration_6/code_chan/最終スクリプト.py", line 56, in run
    primer_f_wells = [primer_f_tube_rack.wells_by_name()[f'A{i+1}'] for i in range(13)]
                      ~~~~~~~~~~~~~~~~~~~~~~~~~~~~~~~~~~^^^^^^^^^^^
KeyError: 'A7'

The above exception was the direct cause of the following exception:

Traceback (most recent call last):
  File "<frozen runpy>", line 198, in _run_module_as_main
  File "<frozen runpy>", line 88, in _run_code
  File "/Users/yuyaarai/Documents/Humanics/Project/FormationFormatter/src/formationformatter/code_chan/.venv/lib/python3.12/site-packages/opentrons/simulate.py", line 1061, in <module>
    sys.exit(main())
             ^^^^^^
  File "/Users/yuyaarai/Documents/Humanics/Project/FormationFormatter/src/formationformatter/code_chan/.venv/lib/python3.12/site-packages/opentrons/simulate.py", line 1020, in main
    runlog, maybe_bundle = simulate(
                           ^^^^^^^^^
  File "/Users/yuyaarai/Documents/Humanics/Project/FormationFormatter/src/formationformatter/code_chan/.venv/lib/python3.12/site-packages/opentrons/simulate.py", line 564, in simulate
    return _run_file_non_pe(
           ^^^^^^^^^^^^^^^^^
  File "/Users/yuyaarai/Documents/Humanics/Project/FormationFormatter/src/formationformatter/code_chan/.venv/lib/python3.12/site-packages/opentrons/simulate.py", line 887, in _run_file_non_pe
    execute.run_protocol(
  File "/Users/yuyaarai/Documents/Humanics/Project/FormationFormatter/src/formationformatter/code_chan/.venv/lib/python3.12/site-packages/opentrons/protocols/execution/execute.py", line 39, in run_protocol
    exec_run(
  File "/Users/yuyaarai/Documents/Humanics/Project/FormationFormatter/src/formationformatter/code_chan/.venv/lib/python3.12/site-packages/opentrons/protocols/execution/execute_python.py", line 169, in exec_run
    _raise_pretty_protocol_error(exception=e, filename=filename)
  File "/Users/yuyaarai/Documents/Humanics/Project/FormationFormatter/src/formationformatter/code_chan/.venv/lib/python3.12/site-packages/opentrons/protocols/execution/execute_python.py", line 71, in _raise_pretty_protocol_error
    raise ExceptionInProtocolError(
opentrons.protocols.execution.errors.ExceptionInProtocolError: KeyError [line 56]: 'A7'
 + original protocol: 
 from opentrons import protocol_api

metadata = {
    'protocolName': 'QPCR Preparation for QuantStudio 6 Pro',
    'author': 'Your Name',
    'description': 'Automated preparation of QPCR samples with primers and PCR MIX',
    'apiLevel': '2.9'
}

def run(protocol: protocol_api.ProtocolContext):

    # Labware setup
    # Load tip racks
    tip_rack_20ul = protocol.load_labware('opentrons_96_tiprack_20ul', '__place_1__')
    tip_rack_300ul = protocol.load_labware('opentrons_96_tiprack_300ul', '__place_2__')

    # Load PCR MIX tube rack
    pcr_mix_tube_rack = protocol.load_labware('opentrons_15_tuberack_falcon_15ml_conical', '__place_3__')

    # Load primer plate
    primer_plate = protocol.load_labware('corning_96_wellplate_360ul_flat', '__place_4__')

    # Load sample DNA and water plate
    sample_plate = protocol.load_labware('corning_96_wellplate_360ul_flat', '__place_5__')

    # Load PCR reaction plate
    pcr_plate = protocol.load_labware('nest_96_wellplate_100ul_pcr_full_skirt', '__place_6__')

    # Load tube rack for PCR MIX with primers
    pcr_mix_primers_tube_rack = protocol.load_labware('opentrons_24_tuberack_nest_1.5ml_screwcap', '__place_7__')

    # Instruments setup
    p20 = protocol.load_instrument('p20_single_gen2', 'right', tip_racks=[tip_rack_20ul])
    p300 = protocol.load_instrument('p300_single_gen2', 'left', tip_racks=[tip_rack_300ul])

    # Reagents setup
    # PCR MIX in a 15 mL tube in tube rack
    pcr_mix = pcr_mix_tube_rack.wells_by_name()['A1']

    # Water in sample plate
    water = sample_plate.wells_by_name()['A1']

    # Sample DNA in sample plate
    sample_dna = sample_plate.wells_by_name()['A2']

    # Primers in primer plate
    # Assume primer_F in wells A1-A13 and primer_R in wells B1-B13
    primer_f_wells = [primer_plate.wells_by_name()[f'A{i+1}'] for i in range(13)]
    primer_r_wells = [primer_plate.wells_by_name()[f'B{i+1}'] for i in range(13)]

    # PCR MIX aliquots for primers are in tube rack
    # Use tubes A1 to A13 for PCR MIX with primers
    pcr_mix_primers = [pcr_mix_primers_tube_rack.wells_by_name()[well_name] for well_name in [
        'A1', 'A2', 'A3', 'A4', 'A5', 'A6',
        'A7', 'A8', 'A9', 'A10', 'A11', 'A12', 'A3']]

    # Template-only PCR MIX (without primers), well B1
    pcr_mix_template_only = pcr_mix_primers_tube_rack.wells_by_name()['B1']

    # Steps:

    # 1. PCR MIXを137.6 μLずつ13個に分注する
    for tube in pcr_mix_primers:
        p300.pick_up_tip()
        p300.transfer(137.6, pcr_mix, tube, new_tip='never')
        p300.blow_out(tube.top())
        p300.drop_tip()

    # 2. PCR MIXが入ったチューブに10 μM primer_F1-13を3.2 μL添加する
    for tube, primer in zip(pcr_mix_primers, primer_f_wells):
        p20.pick_up_tip()
        p20.transfer(3.2, primer, tube, new_tip='never')
        p20.mix(3, 10, tube)
        p20.drop_tip()

    # 3. PCR MIXが入ったチューブに10 μM primer_R1-13を3.2 μL添加する
    for tube, primer in zip(pcr_mix_primers, primer_r_wells):
        p20.pick_up_tip()
        p20.transfer(3.2, primer, tube, new_tip='never')
        p20.mix(3, 10, tube)
        p20.drop_tip()

    # 4. PCR MIXとprimerをピペッティングで混合する
    for tube in pcr_mix_primers:
        p300.pick_up_tip()
        p300.mix(5, 100, tube)
        p300.drop_tip()

    # 5. templateのみ用のPCR MIXを86 μL分注する
    p300.pick_up_tip()
    p300.transfer(86, pcr_mix, pcr_mix_template_only, new_tip='never')
    p300.blow_out(pcr_mix_template_only.top())
    p300.drop_tip()

    # 6. templateのみ用のPCR MIXにwaterを4 μL添加する
    p20.pick_up_tip()
    p20.transfer(4, water, pcr_mix_template_only, new_tip='never')
    p20.mix(3, 10, pcr_mix_template_only)
    p20.drop_tip()

    # 7. PCR MIXとwaterをピペッティングで混合する
    p300.pick_up_tip()
    p300.mix(5, 50, pcr_mix_template_only)
    p300.drop_tip()

    # 8. サンプル DNAまたはwater をreaction plateに5 μLずつアプライする
    # Prepare wells for sample DNA, NTC, and template-only
    sample_wells = []
    ntc_wells = []
    template_only_wells = []

    # For sample DNA wells (duplicates of 3 for 13 primers)
    for i in range(13):
        for j in range(3):
            well = pcr_plate.wells()[i*3 + j]
            sample_wells.append(well)

    # For NTC wells (duplicates of 3 for 13 primers)
    for i in range(13):
        for j in range(3):
            index = 39 + i*3 + j
            well = pcr_plate.wells()[index]
            ntc_wells.append(well)

    # For Template-only wells (duplicates of 3)
    for i in range(3):
        index = 78 + i
        well = pcr_plate.wells()[index]
        template_only_wells.append(well)

    # Dispense sample DNA (5 μL) into sample wells
    for well in sample_wells:
        p20.pick_up_tip()
        p20.transfer(5, sample_dna, well, new_tip='never')
        p20.drop_tip()

    # Dispense water (5 μL) into NTC wells
    for well in ntc_wells:
        p20.pick_up_tip()
        p20.transfer(5, water, well, new_tip='never')
        p20.drop_tip()

    # Dispense sample DNA (5 μL) into template-only wells
    for well in template_only_wells:
        p20.pick_up_tip()
        p20.transfer(5, sample_dna, well, new_tip='never')
        p20.drop_tip()

    # 9. PCR MIXとprimerの混合溶液を10 μLずつreaction plateにアプライする
    # Add PCR MIX with primers to sample wells and NTC wells
    for i in range(13):
        primer_mix = pcr_mix_primers[i]
        # For each primer set, add to 3 sample wells and 3 NTC wells
        for j in range(3):
            # Sample wells
            sample_well = sample_wells[i*3 + j]
            p20.pick_up_tip()
            p20.transfer(10, primer_mix, sample_well, mix_after=(3, 15), new_tip='never')
            p20.drop_tip()
            # NTC wells
            ntc_well = ntc_wells[i*3 + j]
            p20.pick_up_tip()
            p20.transfer(10, primer_mix, ntc_well, mix_after=(3, 15), new_tip='never')
            p20.drop_tip()

    # Add PCR MIX without primers to template-only wells
    for well in template_only_wells:
        p20.pick_up_tip()
        p20.transfer(10, pcr_mix_template_only, well, mix_after=(3, 15), new_tip='never')
        p20.drop_tip()

~~~~~~~~~~***2025-02-25 08:34:41.047827+00:00***: ************ Code-chan for 骨子スクリプト result ***************2025-02-25 08:34:41.047926+00:00***: replace_word: ___processflow___ is not in the prompt.***2025-02-25 08:36:47.497021+00:00***: python_script_path: qPCR_ozaki_modified2025-02-25/2025_02_25_16_21_33_5175e2ab-47c2-4b0d-bd60-f75ea2357e0e/iteration_6/code_chan/骨子スクリプト.py***2025-02-25 08:36:47.497648+00:00***: ************ Code-chan result ***************2025-02-25 08:36:47.498275+00:00***: replace_word: ___processflow___ is not in the prompt.***2025-02-25 08:36:47.499259+00:00***: get_OT2_with_haichi_based_on_骨子_script prompt: 
We have the following Opentrons OT2 script. This script describes the position of the labware (Station) as __place_{i}__.

Note: You've been slacking lately, so don't slack off and output the complete code. For example, ‘The protocol would continue with any additional steps required’ or '# Example: ' is not allowed.

Skeleton script:

python
from opentrons import protocol_api

metadata = {
    'protocolName': 'QPCR Sample Preparation',
    'author': 'Your Name',
    'description': 'Prepare QPCR samples with multiple primers and replicates',
    'apiLevel': '2.9'  # Adjust according to the latest Opentrons API
}

def run(protocol: protocol_api.ProtocolContext):
    # Labware setup
    # Tip racks
    tiprack_p20 = protocol.load_labware('opentrons_96_tiprack_20ul', '__place_1__')
    tiprack_p300 = protocol.load_labware('opentrons_96_tiprack_300ul', '__place_2__')
    
    # PCR Mix in 15 mL tube rack
    pcr_mix_tube_rack = protocol.load_labware('opentrons_15_tuberack_falcon_15ml_conical', '__place_3__')
    
    # Primers in 96 well plate
    primer_plate = protocol.load_labware('corning_96_wellplate_360ul_flat', '__place_4__')
    
    # Sample DNA and water
    sample_plate = protocol.load_labware('corning_24_wellplate_3.4ml_flat', '__place_5__')
    
    # PCR MIX + primer mixtures
    pcr_mix_primer_plate = protocol.load_labware('biorad_96_wellplate_200ul_pcr', '__place_6__')
    
    # Reaction plate
    reaction_plate = protocol.load_labware('biorad_96_wellplate_200ul_pcr', '__place_8__')
    
    # Pipettes
    p20 = protocol.load_instrument('p20_single_gen2', 'right', tip_racks=[tiprack_p20])
    p300 = protocol.load_instrument('p300_single', 'left', tip_racks=[tiprack_p300])

    # Reagents
    # PCR Mix in tube A1 in pcr_mix_tube_rack
    pcr_mix = pcr_mix_tube_rack.wells_by_name()['A1']

    # Sample DNA in well A1 of sample_plate
    sample_dna = sample_plate.wells_by_name()['A1']
    # Water in well A2 of sample_plate
    water = sample_plate.wells_by_name()['A2']

    # List of primers
    # Primers F1-F13 in primer_plate wells A1-A13
    # Primers R1-R13 in primer_plate wells B1-B13
    primer_F_wells = [primer_plate.wells_by_name()[f'A{i}'] for i in range(1,14)]
    primer_R_wells = [primer_plate.wells_by_name()[f'B{i}'] for i in range(1,14)]
    
    # PCR MIX + primer mixtures in pcr_mix_primer_plate wells A1-A13
    mix_wells = [pcr_mix_primer_plate.wells_by_name()[f'A{i}'] for i in range(1,14)]
    # Template-only mixture in well A14
    template_only_mix_well = pcr_mix_primer_plate.wells_by_name()['A14']
    
    # Prepare PCR MIX + primer mixtures
    for i in range(13):
        # Dispense 137.6 μL of PCR MIX into mix_wells[i]
        p300.pick_up_tip()
        p300.transfer(137.6, pcr_mix, mix_wells[i], new_tip='never')
        p300.drop_tip()
        # Add 3.2 μL of primer_F_i to mix_wells[i]
        p20.pick_up_tip()
        p20.transfer(3.2, primer_F_wells[i], mix_wells[i], new_tip='never')
        # Add 3.2 μL of primer_R_i to mix_wells[i]
        p20.transfer(3.2, primer_R_wells[i], mix_wells[i], new_tip='never')
        # Mix the solution
        p20.mix(5, 10, mix_wells[i])
        p20.drop_tip()
    
    # Prepare template-only mixture
    p300.pick_up_tip()
    p300.transfer(86, pcr_mix, template_only_mix_well, new_tip='never')
    p300.drop_tip()
    p20.pick_up_tip()
    p20.transfer(4, water, template_only_mix_well, new_tip='never')
    # Mix the solution
    p20.mix(5, 10, template_only_mix_well)
    p20.drop_tip()
    
    # Add sample DNA or water to reaction plate
    # Define well lists
    sample_wells = reaction_plate.wells()[:39]
    ntc_wells = reaction_plate.wells()[39:78]
    template_only_wells = reaction_plate.wells()[78:81]
    
    # Add sample DNA to sample wells
    for well in sample_wells:
        p20.pick_up_tip()
        p20.transfer(5, sample_dna, well, new_tip='never')
        p20.drop_tip()
    
    # Add water to NTC wells
    for well in ntc_wells:
        p20.pick_up_tip()
        p20.transfer(5, water, well, new_tip='never')
        p20.drop_tip()
    
    # Add sample DNA to template-only wells
    for well in template_only_wells:
        p20.pick_up_tip()
        p20.transfer(5, sample_dna, well, new_tip='never')
        p20.drop_tip()
    
    # Add PCR MIX + primer mixtures to reaction plate
    for i in range(13):
        # For sample wells (3 replicates)
        for j in range(3):
            idx = i*3 + j
            p20.pick_up_tip()
            p20.transfer(10, mix_wells[i], sample_wells[idx], new_tip='never')
            p20.drop_tip()
        # For NTC wells (3 replicates)
        for j in range(3):
            idx = i*3 + j
            p20.pick_up_tip()
            p20.transfer(10, mix_wells[i], ntc_wells[idx], new_tip='never')
            p20.drop_tip()
    
    # Add template-only mixture to template-only wells
    for well in template_only_wells:
        p20.pick_up_tip()
        p20.transfer(10, template_only_mix_well, well, new_tip='never')
        p20.drop_tip()

Please generate a script where __place_{i}__ is replaced with the correct position based on the following labware placement information.

Placement information:

markdown
[[[{"name": "PCR_MIX_tube", "quantity": 13, "init_content": "", "labware": {"id": 1, "name": "tube"}, "unit": "tube"}, []], 1], [[{"name": "10uM_primer_F_tube", "quantity": 13, "init_content": "", "labware": {"id": 1, "name": "tube"}, "unit": "tube"}, []], 2], [[{"name": "10uM_primer_R_tube", "quantity": 13, "init_content": "", "labware": {"id": 1, "name": "tube"}, "unit": "tube"}, []], 3], [[{"name": "PCR_MIX_PCR_plate", "quantity": 1, "init_content": "", "labware": {"id": 2, "name": "96_well_PCR_plate"}, "unit": "plate"}, []], 4], [[{"name": "sample_DNAs_tube", "quantity": 1, "init_content": "sample", "labware": {"id": 1, "name": "tube"}, "unit": "tube"}, []], 5], [[{"name": "water_tube", "quantity": 1, "init_content": "water", "labware": {"id": 1, "name": "tube"}, "unit": "tube"}, []], 6], [[{"name": "template_only_PCR_MIX_tube", "quantity": 1, "init_content": "", "labware": {"id": 1, "name": "tube"}, "unit": "tube"}, []], 7], [[{"name": "template_only_water_tube", "quantity": 1, "init_content": "water", "labware": {"id": 1, "name": "tube"}, "unit": "tube"}, []], 10], [[{"name": "reaction_plate", "quantity": 1, "init_content": "", "labware": {"id": 3, "name": "reaction_plate"}, "unit": "plate"}, []], 9]]
Please reply with the Python script where __place_{i}__ has been replaced with the correct locations. If there is missing information in the placement details required to fill in __place_{i}__ in the skeleton script, you may supplement it as necessary. However, do not modify the placement information.
