***2025-02-25 05:44:12.462286+00:00***: os.path.join(BASE_DIR, f'{id}')='qPCR_ozaki_modified2025-02-25/2025_02_25_13_35_10_f618e960-b55c-4093-b09d-640f770c6e9a/iteration_4'***2025-02-25 05:44:12.462671+00:00***: *********************** 2025_02_25_13_35_10_f618e960-b55c-4093-b09d-640f770c6e9a/iteration_4 *****************************2025-02-25 05:44:12.463041+00:00***: *********************************************************2025-02-25 05:44:17.931156+00:00***: obj-chan preprocess result:

{
  "labware": [
    {
      "name": "1.5 ml tube",
      "quantity": 1,
      "unit": "tube",
      "init_content": "sample DNA",
      "labware": {
        "id": 1,
        "name": "Unknown"
      }
    },
    {
      "name": "water tube",
      "quantity": 1,
      "unit": "tube",
      "init_content": "water",
      "labware": {
        "id": 2,
        "name": "Unknown"
      }
    },
    {
      "name": "10 μM primer_F",
      "quantity": 13,
      "unit": "tube",
      "init_content": "",
      "labware": {
        "id": 3,
        "name": "Unknown"
      }
    },
    {
      "name": "10 μM primer_R",
      "quantity": 13,
      "unit": "tube",
      "init_content": "",
      "labware": {
        "id": 4,
        "name": "Unknown"
      }
    },
    {
      "name": "PCR MIX",
      "quantity": 15,
      "unit": "ml",
      "init_content": "",
      "labware": {
        "id": 5,
        "name": "Unknown"
      }
    },
    {
      "name": "96 well PCR plate",
      "quantity": 1,
      "unit": "plate",
      "init_content": "",
      "labware": {
        "id": 6,
        "name": "Unknown"
      }
    },
    {
      "name": "empty tube",
      "quantity": 12,
      "unit": "tube",
      "init_content": "",
      "labware": {
        "id": 7,
        "name": "Unknown"
      }
    }
  ]
}
***2025-02-25 05:44:17.933174+00:00***: obj-chan postprocess result:

{
  "labware": [
    {
      "name": "1.5 ml tube",
      "quantity": 1,
      "unit": "tube",
      "init_content": "sample DNA",
      "labware": {
        "id": 1,
        "name": "Unknown"
      }
    },
    {
      "name": "water tube",
      "quantity": 1,
      "unit": "tube",
      "init_content": "water",
      "labware": {
        "id": 2,
        "name": "Unknown"
      }
    },
    {
      "name": "10 μM primer_F",
      "quantity": 13,
      "unit": "tube",
      "init_content": "",
      "labware": {
        "id": 3,
        "name": "Unknown"
      }
    },
    {
      "name": "10 μM primer_R",
      "quantity": 13,
      "unit": "tube",
      "init_content": "",
      "labware": {
        "id": 4,
        "name": "Unknown"
      }
    },
    {
      "name": "PCR MIX",
      "quantity": 15,
      "unit": "ml",
      "init_content": "",
      "labware": {
        "id": 5,
        "name": "Unknown"
      }
    },
    {
      "name": "96 well PCR plate",
      "quantity": 1,
      "unit": "plate",
      "init_content": "",
      "labware": {
        "id": 6,
        "name": "Unknown"
      }
    },
    {
      "name": "empty tube",
      "quantity": 12,
      "unit": "tube",
      "init_content": "",
      "labware": {
        "id": 7,
        "name": "Unknown"
      }
    }
  ]
}
***2025-02-25 05:44:17.934638+00:00***: 

Process Flow ******************
QPCR
QuantStudio 6 Proで測定するサンプルprepを行う
1サンプルあってそれぞれ13プライマー x duplicate(3)で試験するイメージ
NTCは13プライマー x duplicate(3)用意する
その他、PrimerなしのTemplateのみを1 x duplicate(3)用意する


Input：試薬類の容器はチューブまたはプレート
1 sample DNAs			300 μL
water					300 μL
10 μM primer_F			各10 μL
10 μM primer_R			各10 μL
PCR MIX				2000 μL
96 well PCR  plate			1 plate
その他液体混合に必要なチューブまたはプレートなど
output
sample DNA, primer, PCR MIXの混合溶液が入った96 well PCR plate x 1
procedure
1. PCR MIXを137.6 μLずつ13個に分注する
2. PCR MIXが入ったチューブに10 μM primer_F1-13を3.2 μL添加する
3. PCR MIXが入ったチューブに10 μM primer_R1-13を3.2 μL添加する
4. PCR MIXとprimerをピペッティングで混合する
5. templateのみ用のPCR MIXを86 μL分注する
6. templateのみ用のPCR MIXにwaterを4 μL添加する
7. templateのみ用のPCR MIXとwaterをピペッティングで混合する
8. サンプル DNAまたはwater をreaction plateに5 μLずつアプライする
下記plate mapの列を埋めていくイメージ
9. PCR MIXとprimerの混合溶液を10 μLずつreaction plateにアプライする
下記plate mapの行を埋めていくイメージ
plate map
81 well使用する
S_n = sample_n
今回はヒト標準cDNA1つ
NTC = no template control：水＝ネガティブコントロール（全primerについて置く）
P_m = primer set_m：forward primerとreverse primerのセット
今回は13種類
Templateのみも置く
OT-2のピペット
20 μLと300 μL 

Note: 
10 μMprimer_Fと10 μM primer_Rを 1つのCorning 96 Well Plate 360 µL Flatを用いて同じウェルプレート上に準備する
1 sample DNAsやwaterなど、同じ容器で保存できるものはまとめた名称をつけたプレートでできるだけまとめて用意する。
PCRMixは15 mLに準備せよ


Constraints ******************
Constraints(allowed_objects=[Object(name='Unknown', quantity=0, init_content='Unknown', labware={'name': '96 well plate'}, unit='unitless'), Object(name='Unknown', quantity=0, init_content='Unknown', labware={'name': '1.5 mL tube'}, unit='unitless'), Object(name='Unknown', quantity=0, init_content='Unknown', labware={'name': '15 mL tube'}, unit='unitless')])

Extracted Object List******************
[Object(name='1.5 ml tube', quantity=1, init_content='sample DNA', labware={'id': 1, 'name': 'Unknown'}, unit='tube'), Object(name='water tube', quantity=1, init_content='water', labware={'id': 2, 'name': 'Unknown'}, unit='tube'), Object(name='10 μM primer_F', quantity=13, init_content='', labware={'id': 3, 'name': 'Unknown'}, unit='tube'), Object(name='10 μM primer_R', quantity=13, init_content='', labware={'id': 4, 'name': 'Unknown'}, unit='tube'), Object(name='PCR MIX', quantity=15, init_content='', labware={'id': 5, 'name': 'Unknown'}, unit='ml'), Object(name='96 well PCR plate', quantity=1, init_content='', labware={'id': 6, 'name': 'Unknown'}, unit='plate'), Object(name='empty tube', quantity=12, init_content='', labware={'id': 7, 'name': 'Unknown'}, unit='tube')]***2025-02-25 05:44:17.935388+00:00***: ************ Obj-chan result ***************2025-02-25 05:44:17.935694+00:00***: object_list: [Object(name='1.5 ml tube', quantity=1, init_content='sample DNA', labware={'id': 1, 'name': 'Unknown'}, unit='tube'), Object(name='water tube', quantity=1, init_content='water', labware={'id': 2, 'name': 'Unknown'}, unit='tube'), Object(name='10 μM primer_F', quantity=13, init_content='', labware={'id': 3, 'name': 'Unknown'}, unit='tube'), Object(name='10 μM primer_R', quantity=13, init_content='', labware={'id': 4, 'name': 'Unknown'}, unit='tube'), Object(name='PCR MIX', quantity=15, init_content='', labware={'id': 5, 'name': 'Unknown'}, unit='ml'), Object(name='96 well PCR plate', quantity=1, init_content='', labware={'id': 6, 'name': 'Unknown'}, unit='plate'), Object(name='empty tube', quantity=12, init_content='', labware={'id': 7, 'name': 'Unknown'}, unit='tube')]***2025-02-25 05:44:17.936832+00:00***: object_list_num: 7***2025-02-25 05:44:17.938622+00:00***: all_num: 32***2025-02-25 05:44:17.939103+00:00***: ************ haichi-kun result ***************2025-02-25 05:44:17.939508+00:00***: all_results[:10]=[[((Object(name='1.5 ml tube', quantity=1, init_content='sample DNA', labware={'id': 1, 'name': 'Unknown'}, unit='tube'), []), 1), ((Object(name='water tube', quantity=1, init_content='water', labware={'id': 2, 'name': 'Unknown'}, unit='tube'), []), 2), ((Object(name='10 μM primer_F', quantity=13, init_content='', labware={'id': 3, 'name': 'Unknown'}, unit='tube'), []), 3), ((Object(name='10 μM primer_R', quantity=13, init_content='', labware={'id': 4, 'name': 'Unknown'}, unit='tube'), []), 4), ((Object(name='PCR MIX', quantity=15, init_content='', labware={'id': 5, 'name': 'Unknown'}, unit='ml'), []), 5), ((Object(name='96 well PCR plate', quantity=1, init_content='', labware={'id': 6, 'name': 'Unknown'}, unit='plate'), []), 6), ((Object(name='empty tube', quantity=12, init_content='', labware={'id': 7, 'name': 'Unknown'}, unit='tube'), []), 7)], [((Object(name='1.5 ml tube', quantity=1, init_content='sample DNA', labware={'id': 1, 'name': 'Unknown'}, unit='tube'), []), 1), ((Object(name='water tube', quantity=1, init_content='water', labware={'id': 2, 'name': 'Unknown'}, unit='tube'), []), 2), ((Object(name='10 μM primer_F', quantity=13, init_content='', labware={'id': 3, 'name': 'Unknown'}, unit='tube'), []), 3), ((Object(name='10 μM primer_R', quantity=13, init_content='', labware={'id': 4, 'name': 'Unknown'}, unit='tube'), []), 4), ((Object(name='PCR MIX', quantity=15, init_content='', labware={'id': 5, 'name': 'Unknown'}, unit='ml'), []), 5), ((Object(name='96 well PCR plate', quantity=1, init_content='', labware={'id': 6, 'name': 'Unknown'}, unit='plate'), []), 6), ((Object(name='empty tube', quantity=12, init_content='', labware={'id': 7, 'name': 'Unknown'}, unit='tube'), []), 8)], [((Object(name='1.5 ml tube', quantity=1, init_content='sample DNA', labware={'id': 1, 'name': 'Unknown'}, unit='tube'), []), 1), ((Object(name='water tube', quantity=1, init_content='water', labware={'id': 2, 'name': 'Unknown'}, unit='tube'), []), 2), ((Object(name='10 μM primer_F', quantity=13, init_content='', labware={'id': 3, 'name': 'Unknown'}, unit='tube'), []), 3), ((Object(name='10 μM primer_R', quantity=13, init_content='', labware={'id': 4, 'name': 'Unknown'}, unit='tube'), []), 4), ((Object(name='PCR MIX', quantity=15, init_content='', labware={'id': 5, 'name': 'Unknown'}, unit='ml'), []), 5), ((Object(name='96 well PCR plate', quantity=1, init_content='', labware={'id': 6, 'name': 'Unknown'}, unit='plate'), []), 6), ((Object(name='empty tube', quantity=12, init_content='', labware={'id': 7, 'name': 'Unknown'}, unit='tube'), []), 9)], [((Object(name='1.5 ml tube', quantity=1, init_content='sample DNA', labware={'id': 1, 'name': 'Unknown'}, unit='tube'), []), 1), ((Object(name='water tube', quantity=1, init_content='water', labware={'id': 2, 'name': 'Unknown'}, unit='tube'), []), 2), ((Object(name='10 μM primer_F', quantity=13, init_content='', labware={'id': 3, 'name': 'Unknown'}, unit='tube'), []), 3), ((Object(name='10 μM primer_R', quantity=13, init_content='', labware={'id': 4, 'name': 'Unknown'}, unit='tube'), []), 4), ((Object(name='PCR MIX', quantity=15, init_content='', labware={'id': 5, 'name': 'Unknown'}, unit='ml'), []), 5), ((Object(name='96 well PCR plate', quantity=1, init_content='', labware={'id': 6, 'name': 'Unknown'}, unit='plate'), []), 6), ((Object(name='empty tube', quantity=12, init_content='', labware={'id': 7, 'name': 'Unknown'}, unit='tube'), []), 10)], [((Object(name='1.5 ml tube', quantity=1, init_content='sample DNA', labware={'id': 1, 'name': 'Unknown'}, unit='tube'), []), 1), ((Object(name='water tube', quantity=1, init_content='water', labware={'id': 2, 'name': 'Unknown'}, unit='tube'), []), 2), ((Object(name='10 μM primer_F', quantity=13, init_content='', labware={'id': 3, 'name': 'Unknown'}, unit='tube'), []), 3), ((Object(name='10 μM primer_R', quantity=13, init_content='', labware={'id': 4, 'name': 'Unknown'}, unit='tube'), []), 4), ((Object(name='PCR MIX', quantity=15, init_content='', labware={'id': 5, 'name': 'Unknown'}, unit='ml'), []), 5), ((Object(name='96 well PCR plate', quantity=1, init_content='', labware={'id': 6, 'name': 'Unknown'}, unit='plate'), []), 6), ((Object(name='empty tube', quantity=12, init_content='', labware={'id': 7, 'name': 'Unknown'}, unit='tube'), []), 11)], [((Object(name='1.5 ml tube', quantity=1, init_content='sample DNA', labware={'id': 1, 'name': 'Unknown'}, unit='tube'), []), 1), ((Object(name='water tube', quantity=1, init_content='water', labware={'id': 2, 'name': 'Unknown'}, unit='tube'), []), 2), ((Object(name='10 μM primer_F', quantity=13, init_content='', labware={'id': 3, 'name': 'Unknown'}, unit='tube'), []), 3), ((Object(name='10 μM primer_R', quantity=13, init_content='', labware={'id': 4, 'name': 'Unknown'}, unit='tube'), []), 4), ((Object(name='PCR MIX', quantity=15, init_content='', labware={'id': 5, 'name': 'Unknown'}, unit='ml'), []), 5), ((Object(name='96 well PCR plate', quantity=1, init_content='', labware={'id': 6, 'name': 'Unknown'}, unit='plate'), []), 6), ((Object(name='empty tube', quantity=12, init_content='', labware={'id': 7, 'name': 'Unknown'}, unit='tube'), []), 12)], [((Object(name='1.5 ml tube', quantity=1, init_content='sample DNA', labware={'id': 1, 'name': 'Unknown'}, unit='tube'), []), 1), ((Object(name='water tube', quantity=1, init_content='water', labware={'id': 2, 'name': 'Unknown'}, unit='tube'), []), 2), ((Object(name='10 μM primer_F', quantity=13, init_content='', labware={'id': 3, 'name': 'Unknown'}, unit='tube'), []), 3), ((Object(name='10 μM primer_R', quantity=13, init_content='', labware={'id': 4, 'name': 'Unknown'}, unit='tube'), []), 4), ((Object(name='PCR MIX', quantity=15, init_content='', labware={'id': 5, 'name': 'Unknown'}, unit='ml'), []), 5), ((Object(name='96 well PCR plate', quantity=1, init_content='', labware={'id': 6, 'name': 'Unknown'}, unit='plate'), []), 7), ((Object(name='empty tube', quantity=12, init_content='', labware={'id': 7, 'name': 'Unknown'}, unit='tube'), []), 6)], [((Object(name='1.5 ml tube', quantity=1, init_content='sample DNA', labware={'id': 1, 'name': 'Unknown'}, unit='tube'), []), 1), ((Object(name='water tube', quantity=1, init_content='water', labware={'id': 2, 'name': 'Unknown'}, unit='tube'), []), 2), ((Object(name='10 μM primer_F', quantity=13, init_content='', labware={'id': 3, 'name': 'Unknown'}, unit='tube'), []), 3), ((Object(name='10 μM primer_R', quantity=13, init_content='', labware={'id': 4, 'name': 'Unknown'}, unit='tube'), []), 4), ((Object(name='PCR MIX', quantity=15, init_content='', labware={'id': 5, 'name': 'Unknown'}, unit='ml'), []), 5), ((Object(name='96 well PCR plate', quantity=1, init_content='', labware={'id': 6, 'name': 'Unknown'}, unit='plate'), []), 7), ((Object(name='empty tube', quantity=12, init_content='', labware={'id': 7, 'name': 'Unknown'}, unit='tube'), []), 8)], [((Object(name='1.5 ml tube', quantity=1, init_content='sample DNA', labware={'id': 1, 'name': 'Unknown'}, unit='tube'), []), 1), ((Object(name='water tube', quantity=1, init_content='water', labware={'id': 2, 'name': 'Unknown'}, unit='tube'), []), 2), ((Object(name='10 μM primer_F', quantity=13, init_content='', labware={'id': 3, 'name': 'Unknown'}, unit='tube'), []), 3), ((Object(name='10 μM primer_R', quantity=13, init_content='', labware={'id': 4, 'name': 'Unknown'}, unit='tube'), []), 4), ((Object(name='PCR MIX', quantity=15, init_content='', labware={'id': 5, 'name': 'Unknown'}, unit='ml'), []), 5), ((Object(name='96 well PCR plate', quantity=1, init_content='', labware={'id': 6, 'name': 'Unknown'}, unit='plate'), []), 7), ((Object(name='empty tube', quantity=12, init_content='', labware={'id': 7, 'name': 'Unknown'}, unit='tube'), []), 9)], [((Object(name='1.5 ml tube', quantity=1, init_content='sample DNA', labware={'id': 1, 'name': 'Unknown'}, unit='tube'), []), 1), ((Object(name='water tube', quantity=1, init_content='water', labware={'id': 2, 'name': 'Unknown'}, unit='tube'), []), 2), ((Object(name='10 μM primer_F', quantity=13, init_content='', labware={'id': 3, 'name': 'Unknown'}, unit='tube'), []), 3), ((Object(name='10 μM primer_R', quantity=13, init_content='', labware={'id': 4, 'name': 'Unknown'}, unit='tube'), []), 4), ((Object(name='PCR MIX', quantity=15, init_content='', labware={'id': 5, 'name': 'Unknown'}, unit='ml'), []), 5), ((Object(name='96 well PCR plate', quantity=1, init_content='', labware={'id': 6, 'name': 'Unknown'}, unit='plate'), []), 7), ((Object(name='empty tube', quantity=12, init_content='', labware={'id': 7, 'name': 'Unknown'}, unit='tube'), []), 10)]]***2025-02-25 05:44:17.941301+00:00***: ************ Check-chan result ***************2025-02-25 05:44:17.941615+00:00***: object_list: [(Object(name='1.5 ml tube', quantity=1, init_content='sample DNA', labware={'id': 1, 'name': 'Unknown'}, unit='tube'), []), (Object(name='water tube', quantity=1, init_content='water', labware={'id': 2, 'name': 'Unknown'}, unit='tube'), []), (Object(name='10 μM primer_F', quantity=13, init_content='', labware={'id': 3, 'name': 'Unknown'}, unit='tube'), []), (Object(name='10 μM primer_R', quantity=13, init_content='', labware={'id': 4, 'name': 'Unknown'}, unit='tube'), []), (Object(name='PCR MIX', quantity=15, init_content='', labware={'id': 5, 'name': 'Unknown'}, unit='ml'), []), (Object(name='96 well PCR plate', quantity=1, init_content='', labware={'id': 6, 'name': 'Unknown'}, unit='plate'), []), (Object(name='empty tube', quantity=12, init_content='', labware={'id': 7, 'name': 'Unknown'}, unit='tube'), [])]***2025-02-25 05:44:17.941883+00:00***: haichi: [((Object(name='1.5 ml tube', quantity=1, init_content='sample DNA', labware={'id': 1, 'name': 'Unknown'}, unit='tube'), []), 1), ((Object(name='water tube', quantity=1, init_content='water', labware={'id': 2, 'name': 'Unknown'}, unit='tube'), []), 2), ((Object(name='10 μM primer_F', quantity=13, init_content='', labware={'id': 3, 'name': 'Unknown'}, unit='tube'), []), 3), ((Object(name='10 μM primer_R', quantity=13, init_content='', labware={'id': 4, 'name': 'Unknown'}, unit='tube'), []), 4), ((Object(name='PCR MIX', quantity=15, init_content='', labware={'id': 5, 'name': 'Unknown'}, unit='ml'), []), 5), ((Object(name='96 well PCR plate', quantity=1, init_content='', labware={'id': 6, 'name': 'Unknown'}, unit='plate'), []), 6), ((Object(name='empty tube', quantity=12, init_content='', labware={'id': 7, 'name': 'Unknown'}, unit='tube'), []), 7)]***2025-02-25 05:44:17.942115+00:00***: object: ((Object(name='1.5 ml tube', quantity=1, init_content='sample DNA', labware={'id': 1, 'name': 'Unknown'}, unit='tube'), []), 1)***2025-02-25 05:44:17.942336+00:00***: place: 1***2025-02-25 05:44:17.942602+00:00***: object: ((Object(name='water tube', quantity=1, init_content='water', labware={'id': 2, 'name': 'Unknown'}, unit='tube'), []), 2)***2025-02-25 05:44:17.942810+00:00***: place: 2***2025-02-25 05:44:17.943169+00:00***: object: ((Object(name='10 μM primer_F', quantity=13, init_content='', labware={'id': 3, 'name': 'Unknown'}, unit='tube'), []), 3)***2025-02-25 05:44:17.943377+00:00***: place: 3***2025-02-25 05:44:17.943599+00:00***: object: ((Object(name='10 μM primer_R', quantity=13, init_content='', labware={'id': 4, 'name': 'Unknown'}, unit='tube'), []), 4)***2025-02-25 05:44:17.943873+00:00***: place: 4***2025-02-25 05:44:17.944108+00:00***: object: ((Object(name='PCR MIX', quantity=15, init_content='', labware={'id': 5, 'name': 'Unknown'}, unit='ml'), []), 5)***2025-02-25 05:44:17.944320+00:00***: place: 5***2025-02-25 05:44:17.944532+00:00***: object: ((Object(name='96 well PCR plate', quantity=1, init_content='', labware={'id': 6, 'name': 'Unknown'}, unit='plate'), []), 6)***2025-02-25 05:44:17.944763+00:00***: place: 6***2025-02-25 05:44:17.945022+00:00***: object: ((Object(name='empty tube', quantity=12, init_content='', labware={'id': 7, 'name': 'Unknown'}, unit='tube'), []), 7)***2025-02-25 05:44:17.945236+00:00***: place: 7***2025-02-25 05:44:17.945504+00:00***: ***Station info*** from***2025-02-25 05:44:17.945750+00:00***: ||||
|----|----|----|
|void|void|void|
|empty tube:empty tube|void|void|
|10 μM primer_R:10 μM primer_R|PCR MIX:PCR MIX|96 well PCR plate:96 well PCR plate|
|1.5 ml tube:1.5 ml tube|water tube:water tube|10 μM primer_F:10 μM primer_F|
***2025-02-25 05:44:17.945997+00:00***: ***Station info*** to***2025-02-25 05:44:17.946272+00:00***: relative_restriction: test_case/relative_restriction_init_content/ng_position1.json***2025-02-25 05:44:17.946844+00:00***: []***2025-02-25 05:44:17.947640+00:00***: ************ Check-chan result ***************2025-02-25 05:44:17.947907+00:00***: object_list: [(Object(name='1.5 ml tube', quantity=1, init_content='sample DNA', labware={'id': 1, 'name': 'Unknown'}, unit='tube'), []), (Object(name='water tube', quantity=1, init_content='water', labware={'id': 2, 'name': 'Unknown'}, unit='tube'), []), (Object(name='10 μM primer_F', quantity=13, init_content='', labware={'id': 3, 'name': 'Unknown'}, unit='tube'), []), (Object(name='10 μM primer_R', quantity=13, init_content='', labware={'id': 4, 'name': 'Unknown'}, unit='tube'), []), (Object(name='PCR MIX', quantity=15, init_content='', labware={'id': 5, 'name': 'Unknown'}, unit='ml'), []), (Object(name='96 well PCR plate', quantity=1, init_content='', labware={'id': 6, 'name': 'Unknown'}, unit='plate'), []), (Object(name='empty tube', quantity=12, init_content='', labware={'id': 7, 'name': 'Unknown'}, unit='tube'), [])]***2025-02-25 05:44:17.948219+00:00***: haichi: [((Object(name='1.5 ml tube', quantity=1, init_content='sample DNA', labware={'id': 1, 'name': 'Unknown'}, unit='tube'), []), 1), ((Object(name='water tube', quantity=1, init_content='water', labware={'id': 2, 'name': 'Unknown'}, unit='tube'), []), 2), ((Object(name='10 μM primer_F', quantity=13, init_content='', labware={'id': 3, 'name': 'Unknown'}, unit='tube'), []), 3), ((Object(name='10 μM primer_R', quantity=13, init_content='', labware={'id': 4, 'name': 'Unknown'}, unit='tube'), []), 4), ((Object(name='PCR MIX', quantity=15, init_content='', labware={'id': 5, 'name': 'Unknown'}, unit='ml'), []), 5), ((Object(name='96 well PCR plate', quantity=1, init_content='', labware={'id': 6, 'name': 'Unknown'}, unit='plate'), []), 6), ((Object(name='empty tube', quantity=12, init_content='', labware={'id': 7, 'name': 'Unknown'}, unit='tube'), []), 8)]***2025-02-25 05:44:17.948481+00:00***: object: ((Object(name='1.5 ml tube', quantity=1, init_content='sample DNA', labware={'id': 1, 'name': 'Unknown'}, unit='tube'), []), 1)***2025-02-25 05:44:17.948806+00:00***: place: 1***2025-02-25 05:44:17.949074+00:00***: object: ((Object(name='water tube', quantity=1, init_content='water', labware={'id': 2, 'name': 'Unknown'}, unit='tube'), []), 2)***2025-02-25 05:44:17.949327+00:00***: place: 2***2025-02-25 05:44:17.949585+00:00***: object: ((Object(name='10 μM primer_F', quantity=13, init_content='', labware={'id': 3, 'name': 'Unknown'}, unit='tube'), []), 3)***2025-02-25 05:44:17.949862+00:00***: place: 3***2025-02-25 05:44:17.950323+00:00***: object: ((Object(name='10 μM primer_R', quantity=13, init_content='', labware={'id': 4, 'name': 'Unknown'}, unit='tube'), []), 4)***2025-02-25 05:44:17.950565+00:00***: place: 4***2025-02-25 05:44:17.950820+00:00***: object: ((Object(name='PCR MIX', quantity=15, init_content='', labware={'id': 5, 'name': 'Unknown'}, unit='ml'), []), 5)***2025-02-25 05:44:17.951059+00:00***: place: 5***2025-02-25 05:44:17.951312+00:00***: object: ((Object(name='96 well PCR plate', quantity=1, init_content='', labware={'id': 6, 'name': 'Unknown'}, unit='plate'), []), 6)***2025-02-25 05:44:17.951557+00:00***: place: 6***2025-02-25 05:44:17.951806+00:00***: object: ((Object(name='empty tube', quantity=12, init_content='', labware={'id': 7, 'name': 'Unknown'}, unit='tube'), []), 8)***2025-02-25 05:44:17.952113+00:00***: place: 8***2025-02-25 05:44:17.952431+00:00***: ***Station info*** from***2025-02-25 05:44:17.952749+00:00***: ||||
|----|----|----|
|void|void|void|
|void|empty tube:empty tube|void|
|10 μM primer_R:10 μM primer_R|PCR MIX:PCR MIX|96 well PCR plate:96 well PCR plate|
|1.5 ml tube:1.5 ml tube|water tube:water tube|10 μM primer_F:10 μM primer_F|
***2025-02-25 05:44:17.953067+00:00***: ***Station info*** to***2025-02-25 05:44:17.953392+00:00***: relative_restriction: test_case/relative_restriction_init_content/ng_position1.json***2025-02-25 05:44:17.953908+00:00***: []***2025-02-25 05:44:17.954796+00:00***: ************ Check-chan result ***************2025-02-25 05:44:17.955108+00:00***: object_list: [(Object(name='1.5 ml tube', quantity=1, init_content='sample DNA', labware={'id': 1, 'name': 'Unknown'}, unit='tube'), []), (Object(name='water tube', quantity=1, init_content='water', labware={'id': 2, 'name': 'Unknown'}, unit='tube'), []), (Object(name='10 μM primer_F', quantity=13, init_content='', labware={'id': 3, 'name': 'Unknown'}, unit='tube'), []), (Object(name='10 μM primer_R', quantity=13, init_content='', labware={'id': 4, 'name': 'Unknown'}, unit='tube'), []), (Object(name='PCR MIX', quantity=15, init_content='', labware={'id': 5, 'name': 'Unknown'}, unit='ml'), []), (Object(name='96 well PCR plate', quantity=1, init_content='', labware={'id': 6, 'name': 'Unknown'}, unit='plate'), []), (Object(name='empty tube', quantity=12, init_content='', labware={'id': 7, 'name': 'Unknown'}, unit='tube'), [])]***2025-02-25 05:44:17.955487+00:00***: haichi: [((Object(name='1.5 ml tube', quantity=1, init_content='sample DNA', labware={'id': 1, 'name': 'Unknown'}, unit='tube'), []), 1), ((Object(name='water tube', quantity=1, init_content='water', labware={'id': 2, 'name': 'Unknown'}, unit='tube'), []), 2), ((Object(name='10 μM primer_F', quantity=13, init_content='', labware={'id': 3, 'name': 'Unknown'}, unit='tube'), []), 3), ((Object(name='10 μM primer_R', quantity=13, init_content='', labware={'id': 4, 'name': 'Unknown'}, unit='tube'), []), 4), ((Object(name='PCR MIX', quantity=15, init_content='', labware={'id': 5, 'name': 'Unknown'}, unit='ml'), []), 5), ((Object(name='96 well PCR plate', quantity=1, init_content='', labware={'id': 6, 'name': 'Unknown'}, unit='plate'), []), 6), ((Object(name='empty tube', quantity=12, init_content='', labware={'id': 7, 'name': 'Unknown'}, unit='tube'), []), 9)]***2025-02-25 05:44:17.955786+00:00***: object: ((Object(name='1.5 ml tube', quantity=1, init_content='sample DNA', labware={'id': 1, 'name': 'Unknown'}, unit='tube'), []), 1)***2025-02-25 05:44:17.956069+00:00***: place: 1***2025-02-25 05:44:17.956360+00:00***: object: ((Object(name='water tube', quantity=1, init_content='water', labware={'id': 2, 'name': 'Unknown'}, unit='tube'), []), 2)***2025-02-25 05:44:17.956649+00:00***: place: 2***2025-02-25 05:44:17.956939+00:00***: object: ((Object(name='10 μM primer_F', quantity=13, init_content='', labware={'id': 3, 'name': 'Unknown'}, unit='tube'), []), 3)***2025-02-25 05:44:17.957222+00:00***: place: 3***2025-02-25 05:44:17.957529+00:00***: object: ((Object(name='10 μM primer_R', quantity=13, init_content='', labware={'id': 4, 'name': 'Unknown'}, unit='tube'), []), 4)***2025-02-25 05:44:17.957820+00:00***: place: 4***2025-02-25 05:44:17.958120+00:00***: object: ((Object(name='PCR MIX', quantity=15, init_content='', labware={'id': 5, 'name': 'Unknown'}, unit='ml'), []), 5)***2025-02-25 05:44:17.958398+00:00***: place: 5***2025-02-25 05:44:17.958713+00:00***: object: ((Object(name='96 well PCR plate', quantity=1, init_content='', labware={'id': 6, 'name': 'Unknown'}, unit='plate'), []), 6)***2025-02-25 05:44:17.959045+00:00***: place: 6***2025-02-25 05:44:17.959329+00:00***: object: ((Object(name='empty tube', quantity=12, init_content='', labware={'id': 7, 'name': 'Unknown'}, unit='tube'), []), 9)***2025-02-25 05:44:17.959589+00:00***: place: 9***2025-02-25 05:44:17.959861+00:00***: ***Station info*** from***2025-02-25 05:44:17.960132+00:00***: ||||
|----|----|----|
|void|void|void|
|void|void|empty tube:empty tube|
|10 μM primer_R:10 μM primer_R|PCR MIX:PCR MIX|96 well PCR plate:96 well PCR plate|
|1.5 ml tube:1.5 ml tube|water tube:water tube|10 μM primer_F:10 μM primer_F|
***2025-02-25 05:44:17.960403+00:00***: ***Station info*** to***2025-02-25 05:44:17.960677+00:00***: relative_restriction: test_case/relative_restriction_init_content/ng_position1.json***2025-02-25 05:44:17.961240+00:00***: []***2025-02-25 05:44:17.962029+00:00***: ************ Check-chan result ***************2025-02-25 05:44:17.962386+00:00***: object_list: [(Object(name='1.5 ml tube', quantity=1, init_content='sample DNA', labware={'id': 1, 'name': 'Unknown'}, unit='tube'), []), (Object(name='water tube', quantity=1, init_content='water', labware={'id': 2, 'name': 'Unknown'}, unit='tube'), []), (Object(name='10 μM primer_F', quantity=13, init_content='', labware={'id': 3, 'name': 'Unknown'}, unit='tube'), []), (Object(name='10 μM primer_R', quantity=13, init_content='', labware={'id': 4, 'name': 'Unknown'}, unit='tube'), []), (Object(name='PCR MIX', quantity=15, init_content='', labware={'id': 5, 'name': 'Unknown'}, unit='ml'), []), (Object(name='96 well PCR plate', quantity=1, init_content='', labware={'id': 6, 'name': 'Unknown'}, unit='plate'), []), (Object(name='empty tube', quantity=12, init_content='', labware={'id': 7, 'name': 'Unknown'}, unit='tube'), [])]***2025-02-25 05:44:17.962704+00:00***: haichi: [((Object(name='1.5 ml tube', quantity=1, init_content='sample DNA', labware={'id': 1, 'name': 'Unknown'}, unit='tube'), []), 1), ((Object(name='water tube', quantity=1, init_content='water', labware={'id': 2, 'name': 'Unknown'}, unit='tube'), []), 2), ((Object(name='10 μM primer_F', quantity=13, init_content='', labware={'id': 3, 'name': 'Unknown'}, unit='tube'), []), 3), ((Object(name='10 μM primer_R', quantity=13, init_content='', labware={'id': 4, 'name': 'Unknown'}, unit='tube'), []), 4), ((Object(name='PCR MIX', quantity=15, init_content='', labware={'id': 5, 'name': 'Unknown'}, unit='ml'), []), 5), ((Object(name='96 well PCR plate', quantity=1, init_content='', labware={'id': 6, 'name': 'Unknown'}, unit='plate'), []), 6), ((Object(name='empty tube', quantity=12, init_content='', labware={'id': 7, 'name': 'Unknown'}, unit='tube'), []), 10)]***2025-02-25 05:44:17.963043+00:00***: object: ((Object(name='1.5 ml tube', quantity=1, init_content='sample DNA', labware={'id': 1, 'name': 'Unknown'}, unit='tube'), []), 1)***2025-02-25 05:44:17.963289+00:00***: place: 1***2025-02-25 05:44:17.963619+00:00***: object: ((Object(name='water tube', quantity=1, init_content='water', labware={'id': 2, 'name': 'Unknown'}, unit='tube'), []), 2)***2025-02-25 05:44:17.963898+00:00***: place: 2***2025-02-25 05:44:17.964175+00:00***: object: ((Object(name='10 μM primer_F', quantity=13, init_content='', labware={'id': 3, 'name': 'Unknown'}, unit='tube'), []), 3)***2025-02-25 05:44:17.964449+00:00***: place: 3***2025-02-25 05:44:17.964727+00:00***: object: ((Object(name='10 μM primer_R', quantity=13, init_content='', labware={'id': 4, 'name': 'Unknown'}, unit='tube'), []), 4)***2025-02-25 05:44:17.964981+00:00***: place: 4***2025-02-25 05:44:17.965246+00:00***: object: ((Object(name='PCR MIX', quantity=15, init_content='', labware={'id': 5, 'name': 'Unknown'}, unit='ml'), []), 5)***2025-02-25 05:44:17.965499+00:00***: place: 5***2025-02-25 05:44:17.965769+00:00***: object: ((Object(name='96 well PCR plate', quantity=1, init_content='', labware={'id': 6, 'name': 'Unknown'}, unit='plate'), []), 6)***2025-02-25 05:44:17.966134+00:00***: place: 6***2025-02-25 05:44:17.966393+00:00***: object: ((Object(name='empty tube', quantity=12, init_content='', labware={'id': 7, 'name': 'Unknown'}, unit='tube'), []), 10)***2025-02-25 05:44:17.966635+00:00***: place: 10***2025-02-25 05:44:17.966886+00:00***: ***Station info*** from***2025-02-25 05:44:17.967126+00:00***: ||||
|----|----|----|
|empty tube:empty tube|void|void|
|void|void|void|
|10 μM primer_R:10 μM primer_R|PCR MIX:PCR MIX|96 well PCR plate:96 well PCR plate|
|1.5 ml tube:1.5 ml tube|water tube:water tube|10 μM primer_F:10 μM primer_F|
***2025-02-25 05:44:17.967390+00:00***: ***Station info*** to***2025-02-25 05:44:17.967659+00:00***: relative_restriction: test_case/relative_restriction_init_content/ng_position1.json***2025-02-25 05:44:17.968062+00:00***: []***2025-02-25 05:44:17.969123+00:00***: ************ Check-chan result ***************2025-02-25 05:44:17.969434+00:00***: object_list: [(Object(name='1.5 ml tube', quantity=1, init_content='sample DNA', labware={'id': 1, 'name': 'Unknown'}, unit='tube'), []), (Object(name='water tube', quantity=1, init_content='water', labware={'id': 2, 'name': 'Unknown'}, unit='tube'), []), (Object(name='10 μM primer_F', quantity=13, init_content='', labware={'id': 3, 'name': 'Unknown'}, unit='tube'), []), (Object(name='10 μM primer_R', quantity=13, init_content='', labware={'id': 4, 'name': 'Unknown'}, unit='tube'), []), (Object(name='PCR MIX', quantity=15, init_content='', labware={'id': 5, 'name': 'Unknown'}, unit='ml'), []), (Object(name='96 well PCR plate', quantity=1, init_content='', labware={'id': 6, 'name': 'Unknown'}, unit='plate'), []), (Object(name='empty tube', quantity=12, init_content='', labware={'id': 7, 'name': 'Unknown'}, unit='tube'), [])]***2025-02-25 05:44:17.969765+00:00***: haichi: [((Object(name='1.5 ml tube', quantity=1, init_content='sample DNA', labware={'id': 1, 'name': 'Unknown'}, unit='tube'), []), 1), ((Object(name='water tube', quantity=1, init_content='water', labware={'id': 2, 'name': 'Unknown'}, unit='tube'), []), 2), ((Object(name='10 μM primer_F', quantity=13, init_content='', labware={'id': 3, 'name': 'Unknown'}, unit='tube'), []), 3), ((Object(name='10 μM primer_R', quantity=13, init_content='', labware={'id': 4, 'name': 'Unknown'}, unit='tube'), []), 4), ((Object(name='PCR MIX', quantity=15, init_content='', labware={'id': 5, 'name': 'Unknown'}, unit='ml'), []), 5), ((Object(name='96 well PCR plate', quantity=1, init_content='', labware={'id': 6, 'name': 'Unknown'}, unit='plate'), []), 6), ((Object(name='empty tube', quantity=12, init_content='', labware={'id': 7, 'name': 'Unknown'}, unit='tube'), []), 11)]***2025-02-25 05:44:17.970009+00:00***: object: ((Object(name='1.5 ml tube', quantity=1, init_content='sample DNA', labware={'id': 1, 'name': 'Unknown'}, unit='tube'), []), 1)***2025-02-25 05:44:17.970241+00:00***: place: 1***2025-02-25 05:44:17.970483+00:00***: object: ((Object(name='water tube', quantity=1, init_content='water', labware={'id': 2, 'name': 'Unknown'}, unit='tube'), []), 2)***2025-02-25 05:44:17.970828+00:00***: place: 2***2025-02-25 05:44:17.971064+00:00***: object: ((Object(name='10 μM primer_F', quantity=13, init_content='', labware={'id': 3, 'name': 'Unknown'}, unit='tube'), []), 3)***2025-02-25 05:44:17.971289+00:00***: place: 3***2025-02-25 05:44:17.971520+00:00***: object: ((Object(name='10 μM primer_R', quantity=13, init_content='', labware={'id': 4, 'name': 'Unknown'}, unit='tube'), []), 4)***2025-02-25 05:44:17.971746+00:00***: place: 4***2025-02-25 05:44:17.971980+00:00***: object: ((Object(name='PCR MIX', quantity=15, init_content='', labware={'id': 5, 'name': 'Unknown'}, unit='ml'), []), 5)***2025-02-25 05:44:17.972211+00:00***: place: 5***2025-02-25 05:44:17.972444+00:00***: object: ((Object(name='96 well PCR plate', quantity=1, init_content='', labware={'id': 6, 'name': 'Unknown'}, unit='plate'), []), 6)***2025-02-25 05:44:17.972687+00:00***: place: 6***2025-02-25 05:44:17.972928+00:00***: object: ((Object(name='empty tube', quantity=12, init_content='', labware={'id': 7, 'name': 'Unknown'}, unit='tube'), []), 11)***2025-02-25 05:44:17.973159+00:00***: place: 11***2025-02-25 05:44:17.973403+00:00***: ***Station info*** from***2025-02-25 05:44:17.973684+00:00***: ||||
|----|----|----|
|void|empty tube:empty tube|void|
|void|void|void|
|10 μM primer_R:10 μM primer_R|PCR MIX:PCR MIX|96 well PCR plate:96 well PCR plate|
|1.5 ml tube:1.5 ml tube|water tube:water tube|10 μM primer_F:10 μM primer_F|
***2025-02-25 05:44:17.973941+00:00***: ***Station info*** to***2025-02-25 05:44:17.974217+00:00***: relative_restriction: test_case/relative_restriction_init_content/ng_position1.json***2025-02-25 05:44:17.974618+00:00***: []***2025-02-25 05:44:17.975423+00:00***: ************ Check-chan result ***************2025-02-25 05:44:17.975691+00:00***: object_list: [(Object(name='1.5 ml tube', quantity=1, init_content='sample DNA', labware={'id': 1, 'name': 'Unknown'}, unit='tube'), []), (Object(name='water tube', quantity=1, init_content='water', labware={'id': 2, 'name': 'Unknown'}, unit='tube'), []), (Object(name='10 μM primer_F', quantity=13, init_content='', labware={'id': 3, 'name': 'Unknown'}, unit='tube'), []), (Object(name='10 μM primer_R', quantity=13, init_content='', labware={'id': 4, 'name': 'Unknown'}, unit='tube'), []), (Object(name='PCR MIX', quantity=15, init_content='', labware={'id': 5, 'name': 'Unknown'}, unit='ml'), []), (Object(name='96 well PCR plate', quantity=1, init_content='', labware={'id': 6, 'name': 'Unknown'}, unit='plate'), []), (Object(name='empty tube', quantity=12, init_content='', labware={'id': 7, 'name': 'Unknown'}, unit='tube'), [])]***2025-02-25 05:44:17.975990+00:00***: haichi: [((Object(name='1.5 ml tube', quantity=1, init_content='sample DNA', labware={'id': 1, 'name': 'Unknown'}, unit='tube'), []), 1), ((Object(name='water tube', quantity=1, init_content='water', labware={'id': 2, 'name': 'Unknown'}, unit='tube'), []), 2), ((Object(name='10 μM primer_F', quantity=13, init_content='', labware={'id': 3, 'name': 'Unknown'}, unit='tube'), []), 3), ((Object(name='10 μM primer_R', quantity=13, init_content='', labware={'id': 4, 'name': 'Unknown'}, unit='tube'), []), 4), ((Object(name='PCR MIX', quantity=15, init_content='', labware={'id': 5, 'name': 'Unknown'}, unit='ml'), []), 5), ((Object(name='96 well PCR plate', quantity=1, init_content='', labware={'id': 6, 'name': 'Unknown'}, unit='plate'), []), 6), ((Object(name='empty tube', quantity=12, init_content='', labware={'id': 7, 'name': 'Unknown'}, unit='tube'), []), 12)]***2025-02-25 05:44:17.976240+00:00***: object: ((Object(name='1.5 ml tube', quantity=1, init_content='sample DNA', labware={'id': 1, 'name': 'Unknown'}, unit='tube'), []), 1)***2025-02-25 05:44:17.976481+00:00***: place: 1***2025-02-25 05:44:17.976765+00:00***: object: ((Object(name='water tube', quantity=1, init_content='water', labware={'id': 2, 'name': 'Unknown'}, unit='tube'), []), 2)***2025-02-25 05:44:17.977025+00:00***: place: 2***2025-02-25 05:44:17.977271+00:00***: object: ((Object(name='10 μM primer_F', quantity=13, init_content='', labware={'id': 3, 'name': 'Unknown'}, unit='tube'), []), 3)***2025-02-25 05:44:17.977512+00:00***: place: 3***2025-02-25 05:44:17.977757+00:00***: object: ((Object(name='10 μM primer_R', quantity=13, init_content='', labware={'id': 4, 'name': 'Unknown'}, unit='tube'), []), 4)***2025-02-25 05:44:17.977992+00:00***: place: 4***2025-02-25 05:44:17.978274+00:00***: object: ((Object(name='PCR MIX', quantity=15, init_content='', labware={'id': 5, 'name': 'Unknown'}, unit='ml'), []), 5)***2025-02-25 05:44:17.978511+00:00***: place: 5***2025-02-25 05:44:17.978773+00:00***: object: ((Object(name='96 well PCR plate', quantity=1, init_content='', labware={'id': 6, 'name': 'Unknown'}, unit='plate'), []), 6)***2025-02-25 05:44:17.979004+00:00***: place: 6***2025-02-25 05:44:17.979295+00:00***: object: ((Object(name='empty tube', quantity=12, init_content='', labware={'id': 7, 'name': 'Unknown'}, unit='tube'), []), 12)***2025-02-25 05:44:17.979537+00:00***: place: 12***2025-02-25 05:44:17.979933+00:00***: ***Station info*** from***2025-02-25 05:44:17.980295+00:00***: ||||
|----|----|----|
|void|void|empty tube:empty tube|
|void|void|void|
|10 μM primer_R:10 μM primer_R|PCR MIX:PCR MIX|96 well PCR plate:96 well PCR plate|
|1.5 ml tube:1.5 ml tube|water tube:water tube|10 μM primer_F:10 μM primer_F|
***2025-02-25 05:44:17.980515+00:00***: ***Station info*** to***2025-02-25 05:44:17.980738+00:00***: relative_restriction: test_case/relative_restriction_init_content/ng_position1.json***2025-02-25 05:44:17.981076+00:00***: []***2025-02-25 05:44:17.981791+00:00***: ************ Check-chan result ***************2025-02-25 05:44:17.982038+00:00***: object_list: [(Object(name='1.5 ml tube', quantity=1, init_content='sample DNA', labware={'id': 1, 'name': 'Unknown'}, unit='tube'), []), (Object(name='water tube', quantity=1, init_content='water', labware={'id': 2, 'name': 'Unknown'}, unit='tube'), []), (Object(name='10 μM primer_F', quantity=13, init_content='', labware={'id': 3, 'name': 'Unknown'}, unit='tube'), []), (Object(name='10 μM primer_R', quantity=13, init_content='', labware={'id': 4, 'name': 'Unknown'}, unit='tube'), []), (Object(name='PCR MIX', quantity=15, init_content='', labware={'id': 5, 'name': 'Unknown'}, unit='ml'), []), (Object(name='96 well PCR plate', quantity=1, init_content='', labware={'id': 6, 'name': 'Unknown'}, unit='plate'), []), (Object(name='empty tube', quantity=12, init_content='', labware={'id': 7, 'name': 'Unknown'}, unit='tube'), [])]***2025-02-25 05:44:17.982336+00:00***: haichi: [((Object(name='1.5 ml tube', quantity=1, init_content='sample DNA', labware={'id': 1, 'name': 'Unknown'}, unit='tube'), []), 1), ((Object(name='water tube', quantity=1, init_content='water', labware={'id': 2, 'name': 'Unknown'}, unit='tube'), []), 2), ((Object(name='10 μM primer_F', quantity=13, init_content='', labware={'id': 3, 'name': 'Unknown'}, unit='tube'), []), 3), ((Object(name='10 μM primer_R', quantity=13, init_content='', labware={'id': 4, 'name': 'Unknown'}, unit='tube'), []), 4), ((Object(name='PCR MIX', quantity=15, init_content='', labware={'id': 5, 'name': 'Unknown'}, unit='ml'), []), 5), ((Object(name='96 well PCR plate', quantity=1, init_content='', labware={'id': 6, 'name': 'Unknown'}, unit='plate'), []), 7), ((Object(name='empty tube', quantity=12, init_content='', labware={'id': 7, 'name': 'Unknown'}, unit='tube'), []), 6)]***2025-02-25 05:44:17.982572+00:00***: object: ((Object(name='1.5 ml tube', quantity=1, init_content='sample DNA', labware={'id': 1, 'name': 'Unknown'}, unit='tube'), []), 1)***2025-02-25 05:44:17.982790+00:00***: place: 1***2025-02-25 05:44:17.983025+00:00***: object: ((Object(name='water tube', quantity=1, init_content='water', labware={'id': 2, 'name': 'Unknown'}, unit='tube'), []), 2)***2025-02-25 05:44:17.983254+00:00***: place: 2***2025-02-25 05:44:17.983488+00:00***: object: ((Object(name='10 μM primer_F', quantity=13, init_content='', labware={'id': 3, 'name': 'Unknown'}, unit='tube'), []), 3)***2025-02-25 05:44:17.983755+00:00***: place: 3***2025-02-25 05:44:17.984006+00:00***: object: ((Object(name='10 μM primer_R', quantity=13, init_content='', labware={'id': 4, 'name': 'Unknown'}, unit='tube'), []), 4)***2025-02-25 05:44:17.984226+00:00***: place: 4***2025-02-25 05:44:17.984451+00:00***: object: ((Object(name='PCR MIX', quantity=15, init_content='', labware={'id': 5, 'name': 'Unknown'}, unit='ml'), []), 5)***2025-02-25 05:44:17.984663+00:00***: place: 5***2025-02-25 05:44:17.984883+00:00***: object: ((Object(name='96 well PCR plate', quantity=1, init_content='', labware={'id': 6, 'name': 'Unknown'}, unit='plate'), []), 7)***2025-02-25 05:44:17.985098+00:00***: place: 7***2025-02-25 05:44:17.985320+00:00***: object: ((Object(name='empty tube', quantity=12, init_content='', labware={'id': 7, 'name': 'Unknown'}, unit='tube'), []), 6)***2025-02-25 05:44:17.985528+00:00***: place: 6***2025-02-25 05:44:17.985771+00:00***: ***Station info*** from***2025-02-25 05:44:17.985986+00:00***: ||||
|----|----|----|
|void|void|void|
|96 well PCR plate:96 well PCR plate|void|void|
|10 μM primer_R:10 μM primer_R|PCR MIX:PCR MIX|empty tube:empty tube|
|1.5 ml tube:1.5 ml tube|water tube:water tube|10 μM primer_F:10 μM primer_F|
***2025-02-25 05:44:17.986198+00:00***: ***Station info*** to***2025-02-25 05:44:17.986420+00:00***: relative_restriction: test_case/relative_restriction_init_content/ng_position1.json***2025-02-25 05:44:17.986754+00:00***: []***2025-02-25 05:44:17.987413+00:00***: ************ Check-chan result ***************2025-02-25 05:44:17.987702+00:00***: object_list: [(Object(name='1.5 ml tube', quantity=1, init_content='sample DNA', labware={'id': 1, 'name': 'Unknown'}, unit='tube'), []), (Object(name='water tube', quantity=1, init_content='water', labware={'id': 2, 'name': 'Unknown'}, unit='tube'), []), (Object(name='10 μM primer_F', quantity=13, init_content='', labware={'id': 3, 'name': 'Unknown'}, unit='tube'), []), (Object(name='10 μM primer_R', quantity=13, init_content='', labware={'id': 4, 'name': 'Unknown'}, unit='tube'), []), (Object(name='PCR MIX', quantity=15, init_content='', labware={'id': 5, 'name': 'Unknown'}, unit='ml'), []), (Object(name='96 well PCR plate', quantity=1, init_content='', labware={'id': 6, 'name': 'Unknown'}, unit='plate'), []), (Object(name='empty tube', quantity=12, init_content='', labware={'id': 7, 'name': 'Unknown'}, unit='tube'), [])]***2025-02-25 05:44:17.987938+00:00***: haichi: [((Object(name='1.5 ml tube', quantity=1, init_content='sample DNA', labware={'id': 1, 'name': 'Unknown'}, unit='tube'), []), 1), ((Object(name='water tube', quantity=1, init_content='water', labware={'id': 2, 'name': 'Unknown'}, unit='tube'), []), 2), ((Object(name='10 μM primer_F', quantity=13, init_content='', labware={'id': 3, 'name': 'Unknown'}, unit='tube'), []), 3), ((Object(name='10 μM primer_R', quantity=13, init_content='', labware={'id': 4, 'name': 'Unknown'}, unit='tube'), []), 4), ((Object(name='PCR MIX', quantity=15, init_content='', labware={'id': 5, 'name': 'Unknown'}, unit='ml'), []), 5), ((Object(name='96 well PCR plate', quantity=1, init_content='', labware={'id': 6, 'name': 'Unknown'}, unit='plate'), []), 7), ((Object(name='empty tube', quantity=12, init_content='', labware={'id': 7, 'name': 'Unknown'}, unit='tube'), []), 8)]***2025-02-25 05:44:17.988200+00:00***: object: ((Object(name='1.5 ml tube', quantity=1, init_content='sample DNA', labware={'id': 1, 'name': 'Unknown'}, unit='tube'), []), 1)***2025-02-25 05:44:17.988414+00:00***: place: 1***2025-02-25 05:44:17.988744+00:00***: object: ((Object(name='water tube', quantity=1, init_content='water', labware={'id': 2, 'name': 'Unknown'}, unit='tube'), []), 2)***2025-02-25 05:44:17.989176+00:00***: place: 2***2025-02-25 05:44:17.989381+00:00***: object: ((Object(name='10 μM primer_F', quantity=13, init_content='', labware={'id': 3, 'name': 'Unknown'}, unit='tube'), []), 3)***2025-02-25 05:44:17.989567+00:00***: place: 3***2025-02-25 05:44:17.989727+00:00***: object: ((Object(name='10 μM primer_R', quantity=13, init_content='', labware={'id': 4, 'name': 'Unknown'}, unit='tube'), []), 4)***2025-02-25 05:44:17.989917+00:00***: place: 4***2025-02-25 05:44:17.990110+00:00***: object: ((Object(name='PCR MIX', quantity=15, init_content='', labware={'id': 5, 'name': 'Unknown'}, unit='ml'), []), 5)***2025-02-25 05:44:17.990253+00:00***: place: 5***2025-02-25 05:44:17.990414+00:00***: object: ((Object(name='96 well PCR plate', quantity=1, init_content='', labware={'id': 6, 'name': 'Unknown'}, unit='plate'), []), 7)***2025-02-25 05:44:17.990577+00:00***: place: 7***2025-02-25 05:44:17.990731+00:00***: object: ((Object(name='empty tube', quantity=12, init_content='', labware={'id': 7, 'name': 'Unknown'}, unit='tube'), []), 8)***2025-02-25 05:44:17.990883+00:00***: place: 8***2025-02-25 05:44:17.991023+00:00***: ***Station info*** from***2025-02-25 05:44:17.991168+00:00***: ||||
|----|----|----|
|void|void|void|
|96 well PCR plate:96 well PCR plate|empty tube:empty tube|void|
|10 μM primer_R:10 μM primer_R|PCR MIX:PCR MIX|void|
|1.5 ml tube:1.5 ml tube|water tube:water tube|10 μM primer_F:10 μM primer_F|
***2025-02-25 05:44:17.991300+00:00***: ***Station info*** to***2025-02-25 05:44:17.991447+00:00***: relative_restriction: test_case/relative_restriction_init_content/ng_position1.json***2025-02-25 05:44:17.991666+00:00***: []***2025-02-25 05:44:17.992176+00:00***: ************ Check-chan result ***************2025-02-25 05:44:17.992339+00:00***: object_list: [(Object(name='1.5 ml tube', quantity=1, init_content='sample DNA', labware={'id': 1, 'name': 'Unknown'}, unit='tube'), []), (Object(name='water tube', quantity=1, init_content='water', labware={'id': 2, 'name': 'Unknown'}, unit='tube'), []), (Object(name='10 μM primer_F', quantity=13, init_content='', labware={'id': 3, 'name': 'Unknown'}, unit='tube'), []), (Object(name='10 μM primer_R', quantity=13, init_content='', labware={'id': 4, 'name': 'Unknown'}, unit='tube'), []), (Object(name='PCR MIX', quantity=15, init_content='', labware={'id': 5, 'name': 'Unknown'}, unit='ml'), []), (Object(name='96 well PCR plate', quantity=1, init_content='', labware={'id': 6, 'name': 'Unknown'}, unit='plate'), []), (Object(name='empty tube', quantity=12, init_content='', labware={'id': 7, 'name': 'Unknown'}, unit='tube'), [])]***2025-02-25 05:44:17.992490+00:00***: haichi: [((Object(name='1.5 ml tube', quantity=1, init_content='sample DNA', labware={'id': 1, 'name': 'Unknown'}, unit='tube'), []), 1), ((Object(name='water tube', quantity=1, init_content='water', labware={'id': 2, 'name': 'Unknown'}, unit='tube'), []), 2), ((Object(name='10 μM primer_F', quantity=13, init_content='', labware={'id': 3, 'name': 'Unknown'}, unit='tube'), []), 3), ((Object(name='10 μM primer_R', quantity=13, init_content='', labware={'id': 4, 'name': 'Unknown'}, unit='tube'), []), 4), ((Object(name='PCR MIX', quantity=15, init_content='', labware={'id': 5, 'name': 'Unknown'}, unit='ml'), []), 5), ((Object(name='96 well PCR plate', quantity=1, init_content='', labware={'id': 6, 'name': 'Unknown'}, unit='plate'), []), 7), ((Object(name='empty tube', quantity=12, init_content='', labware={'id': 7, 'name': 'Unknown'}, unit='tube'), []), 9)]***2025-02-25 05:44:17.992672+00:00***: object: ((Object(name='1.5 ml tube', quantity=1, init_content='sample DNA', labware={'id': 1, 'name': 'Unknown'}, unit='tube'), []), 1)***2025-02-25 05:44:17.992806+00:00***: place: 1***2025-02-25 05:44:17.992939+00:00***: object: ((Object(name='water tube', quantity=1, init_content='water', labware={'id': 2, 'name': 'Unknown'}, unit='tube'), []), 2)***2025-02-25 05:44:17.993062+00:00***: place: 2***2025-02-25 05:44:17.993192+00:00***: object: ((Object(name='10 μM primer_F', quantity=13, init_content='', labware={'id': 3, 'name': 'Unknown'}, unit='tube'), []), 3)***2025-02-25 05:44:17.993314+00:00***: place: 3***2025-02-25 05:44:17.993435+00:00***: object: ((Object(name='10 μM primer_R', quantity=13, init_content='', labware={'id': 4, 'name': 'Unknown'}, unit='tube'), []), 4)***2025-02-25 05:44:17.993607+00:00***: place: 4***2025-02-25 05:44:17.993797+00:00***: object: ((Object(name='PCR MIX', quantity=15, init_content='', labware={'id': 5, 'name': 'Unknown'}, unit='ml'), []), 5)***2025-02-25 05:44:17.993926+00:00***: place: 5***2025-02-25 05:44:17.994052+00:00***: object: ((Object(name='96 well PCR plate', quantity=1, init_content='', labware={'id': 6, 'name': 'Unknown'}, unit='plate'), []), 7)***2025-02-25 05:44:17.994167+00:00***: place: 7***2025-02-25 05:44:17.994303+00:00***: object: ((Object(name='empty tube', quantity=12, init_content='', labware={'id': 7, 'name': 'Unknown'}, unit='tube'), []), 9)***2025-02-25 05:44:17.994431+00:00***: place: 9***2025-02-25 05:44:17.994557+00:00***: ***Station info*** from***2025-02-25 05:44:17.994690+00:00***: ||||
|----|----|----|
|void|void|void|
|96 well PCR plate:96 well PCR plate|void|empty tube:empty tube|
|10 μM primer_R:10 μM primer_R|PCR MIX:PCR MIX|void|
|1.5 ml tube:1.5 ml tube|water tube:water tube|10 μM primer_F:10 μM primer_F|
***2025-02-25 05:44:17.994811+00:00***: ***Station info*** to***2025-02-25 05:44:17.994943+00:00***: relative_restriction: test_case/relative_restriction_init_content/ng_position1.json***2025-02-25 05:44:17.995149+00:00***: []***2025-02-25 05:44:17.995597+00:00***: ************ Check-chan result ***************2025-02-25 05:44:17.995736+00:00***: object_list: [(Object(name='1.5 ml tube', quantity=1, init_content='sample DNA', labware={'id': 1, 'name': 'Unknown'}, unit='tube'), []), (Object(name='water tube', quantity=1, init_content='water', labware={'id': 2, 'name': 'Unknown'}, unit='tube'), []), (Object(name='10 μM primer_F', quantity=13, init_content='', labware={'id': 3, 'name': 'Unknown'}, unit='tube'), []), (Object(name='10 μM primer_R', quantity=13, init_content='', labware={'id': 4, 'name': 'Unknown'}, unit='tube'), []), (Object(name='PCR MIX', quantity=15, init_content='', labware={'id': 5, 'name': 'Unknown'}, unit='ml'), []), (Object(name='96 well PCR plate', quantity=1, init_content='', labware={'id': 6, 'name': 'Unknown'}, unit='plate'), []), (Object(name='empty tube', quantity=12, init_content='', labware={'id': 7, 'name': 'Unknown'}, unit='tube'), [])]***2025-02-25 05:44:17.995880+00:00***: haichi: [((Object(name='1.5 ml tube', quantity=1, init_content='sample DNA', labware={'id': 1, 'name': 'Unknown'}, unit='tube'), []), 1), ((Object(name='water tube', quantity=1, init_content='water', labware={'id': 2, 'name': 'Unknown'}, unit='tube'), []), 2), ((Object(name='10 μM primer_F', quantity=13, init_content='', labware={'id': 3, 'name': 'Unknown'}, unit='tube'), []), 3), ((Object(name='10 μM primer_R', quantity=13, init_content='', labware={'id': 4, 'name': 'Unknown'}, unit='tube'), []), 4), ((Object(name='PCR MIX', quantity=15, init_content='', labware={'id': 5, 'name': 'Unknown'}, unit='ml'), []), 5), ((Object(name='96 well PCR plate', quantity=1, init_content='', labware={'id': 6, 'name': 'Unknown'}, unit='plate'), []), 7), ((Object(name='empty tube', quantity=12, init_content='', labware={'id': 7, 'name': 'Unknown'}, unit='tube'), []), 10)]***2025-02-25 05:44:17.996037+00:00***: object: ((Object(name='1.5 ml tube', quantity=1, init_content='sample DNA', labware={'id': 1, 'name': 'Unknown'}, unit='tube'), []), 1)***2025-02-25 05:44:17.996158+00:00***: place: 1***2025-02-25 05:44:17.996285+00:00***: object: ((Object(name='water tube', quantity=1, init_content='water', labware={'id': 2, 'name': 'Unknown'}, unit='tube'), []), 2)***2025-02-25 05:44:17.996405+00:00***: place: 2***2025-02-25 05:44:17.996538+00:00***: object: ((Object(name='10 μM primer_F', quantity=13, init_content='', labware={'id': 3, 'name': 'Unknown'}, unit='tube'), []), 3)***2025-02-25 05:44:17.996655+00:00***: place: 3***2025-02-25 05:44:17.996780+00:00***: object: ((Object(name='10 μM primer_R', quantity=13, init_content='', labware={'id': 4, 'name': 'Unknown'}, unit='tube'), []), 4)***2025-02-25 05:44:17.996895+00:00***: place: 4***2025-02-25 05:44:17.997020+00:00***: object: ((Object(name='PCR MIX', quantity=15, init_content='', labware={'id': 5, 'name': 'Unknown'}, unit='ml'), []), 5)***2025-02-25 05:44:17.997136+00:00***: place: 5***2025-02-25 05:44:17.997263+00:00***: object: ((Object(name='96 well PCR plate', quantity=1, init_content='', labware={'id': 6, 'name': 'Unknown'}, unit='plate'), []), 7)***2025-02-25 05:44:17.997379+00:00***: place: 7***2025-02-25 05:44:17.997503+00:00***: object: ((Object(name='empty tube', quantity=12, init_content='', labware={'id': 7, 'name': 'Unknown'}, unit='tube'), []), 10)***2025-02-25 05:44:17.997620+00:00***: place: 10***2025-02-25 05:44:17.997733+00:00***: ***Station info*** from***2025-02-25 05:44:17.997855+00:00***: ||||
|----|----|----|
|empty tube:empty tube|void|void|
|96 well PCR plate:96 well PCR plate|void|void|
|10 μM primer_R:10 μM primer_R|PCR MIX:PCR MIX|void|
|1.5 ml tube:1.5 ml tube|water tube:water tube|10 μM primer_F:10 μM primer_F|
***2025-02-25 05:44:17.997973+00:00***: ***Station info*** to***2025-02-25 05:44:17.998098+00:00***: relative_restriction: test_case/relative_restriction_init_content/ng_position1.json***2025-02-25 05:44:17.998292+00:00***: []***2025-02-25 05:44:28.271675+00:00***: *********************************************************2025-02-25 05:44:28.272221+00:00***: save initial position of objects as txt file: qPCR_ozaki_modified2025-02-25/2025_02_25_13_35_10_f618e960-b55c-4093-b09d-640f770c6e9a/iteration_4/representative_initial_position.txt***2025-02-25 05:44:28.272630+00:00***: *********************************************************2025-02-25 05:44:28.273112+00:00***: OK: [((Object(name='1.5 ml tube', quantity=1, init_content='sample DNA', labware={'id': 1, 'name': 'Unknown'}, unit='tube'), []), 1), ((Object(name='water tube', quantity=1, init_content='water', labware={'id': 2, 'name': 'Unknown'}, unit='tube'), []), 2), ((Object(name='10 μM primer_F', quantity=13, init_content='', labware={'id': 3, 'name': 'Unknown'}, unit='tube'), []), 3), ((Object(name='10 μM primer_R', quantity=13, init_content='', labware={'id': 4, 'name': 'Unknown'}, unit='tube'), []), 4), ((Object(name='PCR MIX', quantity=15, init_content='', labware={'id': 5, 'name': 'Unknown'}, unit='ml'), []), 5), ((Object(name='96 well PCR plate', quantity=1, init_content='', labware={'id': 6, 'name': 'Unknown'}, unit='plate'), []), 7), ((Object(name='empty tube', quantity=12, init_content='', labware={'id': 7, 'name': 'Unknown'}, unit='tube'), []), 10)]***2025-02-25 05:44:28.273516+00:00***: Generate 骨子スクリプト from 
~~~~~~~~~~
QPCR
QuantStudio 6 Proで測定するサンプルprepを行う
1サンプルあってそれぞれ13プライマー x duplicate(3)で試験するイメージ
NTCは13プライマー x duplicate(3)用意する
その他、PrimerなしのTemplateのみを1 x duplicate(3)用意する


Input：試薬類の容器はチューブまたはプレート
1 sample DNAs			300 μL
water					300 μL
10 μM primer_F			各10 μL
10 μM primer_R			各10 μL
PCR MIX				2000 μL
96 well PCR  plate			1 plate
その他液体混合に必要なチューブまたはプレートなど
output
sample DNA, primer, PCR MIXの混合溶液が入った96 well PCR plate x 1
procedure
1. PCR MIXを137.6 μLずつ13個に分注する
2. PCR MIXが入ったチューブに10 μM primer_F1-13を3.2 μL添加する
3. PCR MIXが入ったチューブに10 μM primer_R1-13を3.2 μL添加する
4. PCR MIXとprimerをピペッティングで混合する
5. templateのみ用のPCR MIXを86 μL分注する
6. templateのみ用のPCR MIXにwaterを4 μL添加する
7. templateのみ用のPCR MIXとwaterをピペッティングで混合する
8. サンプル DNAまたはwater をreaction plateに5 μLずつアプライする
下記plate mapの列を埋めていくイメージ
9. PCR MIXとprimerの混合溶液を10 μLずつreaction plateにアプライする
下記plate mapの行を埋めていくイメージ
plate map
81 well使用する
S_n = sample_n
今回はヒト標準cDNA1つ
NTC = no template control：水＝ネガティブコントロール（全primerについて置く）
P_m = primer set_m：forward primerとreverse primerのセット
今回は13種類
Templateのみも置く
OT-2のピペット
20 μLと300 μL 

Note: 
10 μMprimer_Fと10 μM primer_Rを 1つのCorning 96 Well Plate 360 µL Flatを用いて同じウェルプレート上に準備する
1 sample DNAsやwaterなど、同じ容器で保存できるものはまとめた名称をつけたプレートでできるだけまとめて用意する。
PCRMixは15 mLに準備せよ

~~~~~~~~~~***2025-02-25 05:44:28.274176+00:00***: ************ Code-chan for 骨子スクリプト result ***************2025-02-25 05:44:28.274559+00:00***: replace_word: ___processflow___ is not in the prompt.***2025-02-25 05:45:37.378849+00:00***: python_script_path: qPCR_ozaki_modified2025-02-25/2025_02_25_13_35_10_f618e960-b55c-4093-b09d-640f770c6e9a/iteration_4/code_chan/骨子スクリプト.py***2025-02-25 05:45:37.379604+00:00***: ************ Code-chan result ***************2025-02-25 05:45:37.380028+00:00***: replace_word: ___processflow___ is not in the prompt.***2025-02-25 05:45:37.381158+00:00***: get_OT2_with_haichi_based_on_骨子_script prompt: 
We have the following Opentrons OT2 script. This script describes the position of the labware (Station) as __place_{i}__.

Note: You've been slacking lately, so don't slack off and output the complete code. For example, ‘The protocol would continue with any additional steps required’ or '# Example: ' is not allowed.

Skeleton script:

python
from opentrons import protocol_api

metadata = {
    'protocolName': 'qPCR Preparation on OT-2',
    'author': 'Your Name',
    'description': 'Automated qPCR preparation for QuantStudio 6 Pro with one sample and 13 primers in triplicate',
    'apiLevel': '2.9'
}

def run(protocol: protocol_api.ProtocolContext):
    # Set up labware
    # Tip racks for pipettes
    tip_rack_20 = protocol.load_labware('opentrons_96_tiprack_20ul', '__place_1__')
    tip_rack_300 = protocol.load_labware('opentrons_96_tiprack_300ul', '__place_2__')

    # PCR MIX in 15 mL tube rack
    pcr_mix_tube = protocol.load_labware('opentrons_15_tuberack_falcon_15ml_conical', '__place_3__')

    # 96-well plate for primers (both F and R)
    primer_plate = protocol.load_labware('corning_96_wellplate_360ul_flat', '__place_4__')

    # Reservoir for sample DNA and water
    sample_plate = protocol.load_labware('nest_12_reservoir_15ml', '__place_5__')

    # Reaction plate (96-well PCR plate)
    reaction_plate = protocol.load_labware('nest_96_wellplate_100ul_pcr_full_skirt', '__place_6__')

    # Set up pipettes
    p20 = protocol.load_instrument('p20_single_gen2', 'left', tip_racks=[tip_rack_20])
    p300 = protocol.load_instrument('p300_single_gen2', 'right', tip_racks=[tip_rack_300])

    # Reagents and samples
    pcr_mix = pcr_mix_tube.wells_by_name()['A1']
    sample_dna = sample_plate.wells_by_name()['A1']
    water = sample_plate.wells_by_name()['A2']

    # Step 1: Dispense 137.6 μL of PCR MIX into 13 wells
    p300.pick_up_tip()
    for col in range(1, 14):  # Columns 1-13
        dest_well = primer_plate.wells_by_name()[f'C{col}']
        p300.aspirate(137.6, pcr_mix)
        p300.dispense(137.6, dest_well)
    p300.drop_tip()

    # Steps 2 & 3: Add 3.2 μL of primer_F and primer_R to PCR MIX aliquots
    for col in range(1, 14):
        p20.pick_up_tip()
        primer_f = primer_plate.wells_by_name()[f'A{col}']
        primer_r = primer_plate.wells_by_name()[f'B{col}']
        pcr_mix_aliquot = primer_plate.wells_by_name()[f'C{col}']
        p20.transfer(3.2, primer_f, pcr_mix_aliquot, new_tip='never')
        p20.transfer(3.2, primer_r, pcr_mix_aliquot, new_tip='never')
        # Step 4: Mix PCR MIX and primers by pipetting
        p20.mix(5, 20, pcr_mix_aliquot)
        p20.drop_tip()

    # Steps 5-7: Prepare template-only PCR MIX
    p300.pick_up_tip()
    template_only_mix = primer_plate.wells_by_name()['C14']
    p300.aspirate(86, pcr_mix)
    p300.dispense(86, template_only_mix)
    p300.drop_tip()

    p20.pick_up_tip()
    p20.transfer(4, water, template_only_mix, new_tip='never')
    p20.mix(5, 20, template_only_mix)
    p20.drop_tip()

    # Step 8: Apply 5 μL of sample DNA or water to reaction plate
    # Sample DNA in rows A-C
    for row in ['A', 'B', 'C']:
        p20.pick_up_tip()
        for col in range(1, 15):  # Columns 1-14
            dest_well = reaction_plate.wells_by_name()[f'{row}{col}']
            if col == 14:
                p20.transfer(5, sample_dna, dest_well, new_tip='never')
            else:
                p20.transfer(5, sample_dna, dest_well, new_tip='never')
        p20.drop_tip()
    # NTC (water) in rows D-F
    for row in ['D', 'E', 'F']:
        p20.pick_up_tip()
        for col in range(1, 15):  # Columns 1-14
            dest_well = reaction_plate.wells_by_name()[f'{row}{col}']
            p20.transfer(5, water, dest_well, new_tip='never')
        p20.drop_tip()

    # Step 9: Apply 10 μL of PCR MIX and primer mixtures to reaction plate
    for col in range(1, 15):  # Columns 1-14
        source_mix = primer_plate.wells_by_name()[f'C{col}']
        p20.pick_up_tip()
        for row in ['A', 'B', 'C', 'D', 'E', 'F']:
            dest_well = reaction_plate.wells_by_name()[f'{row}{col}']
            p20.transfer(10, source_mix, dest_well, new_tip='never')
        p20.drop_tip()

Please generate a script where __place_{i}__ is replaced with the correct position based on the following labware placement information.

Placement information:

markdown
[[[{"name": "1.5 ml tube", "quantity": 1, "init_content": "sample DNA", "labware": {"id": 1, "name": "Unknown"}, "unit": "tube"}, []], 1], [[{"name": "water tube", "quantity": 1, "init_content": "water", "labware": {"id": 2, "name": "Unknown"}, "unit": "tube"}, []], 2], [[{"name": "10 \u03bcM primer_F", "quantity": 13, "init_content": "", "labware": {"id": 3, "name": "Unknown"}, "unit": "tube"}, []], 3], [[{"name": "10 \u03bcM primer_R", "quantity": 13, "init_content": "", "labware": {"id": 4, "name": "Unknown"}, "unit": "tube"}, []], 4], [[{"name": "PCR MIX", "quantity": 15, "init_content": "", "labware": {"id": 5, "name": "Unknown"}, "unit": "ml"}, []], 5], [[{"name": "96 well PCR plate", "quantity": 1, "init_content": "", "labware": {"id": 6, "name": "Unknown"}, "unit": "plate"}, []], 7], [[{"name": "empty tube", "quantity": 12, "init_content": "", "labware": {"id": 7, "name": "Unknown"}, "unit": "tube"}, []], 10]]
Please reply with the Python script where __place_{i}__ has been replaced with the correct locations. If there is missing information in the placement details required to fill in __place_{i}__ in the skeleton script, you may supplement it as necessary. However, do not modify the placement information.
***2025-02-25 05:47:05.828288+00:00***: python_script_path: qPCR_ozaki_modified2025-02-25/2025_02_25_13_35_10_f618e960-b55c-4093-b09d-640f770c6e9a/iteration_4/code_chan/最終スクリプト.py***2025-02-25 05:47:05.828749+00:00***: Errorがでたので骨子スクリプトを再生成します: /Users/yuyaarai/.opentrons/robot_settings.json not found. Loading defaults
Deck calibration not found.
/Users/yuyaarai/.opentrons/deck_calibration.json not found. Loading defaults
Traceback (most recent call last):
  File "/Users/yuyaarai/Documents/Humanics/Project/FormationFormatter/src/formationformatter/code_chan/.venv/lib/python3.12/site-packages/opentrons/protocols/execution/execute_python.py", line 160, in exec_run
    exec("run(__context)", new_globs)
  File "<string>", line 1, in <module>
  File "qPCR_ozaki_modified2025-02-25/2025_02_25_13_35_10_f618e960-b55c-4093-b09d-640f770c6e9a/iteration_4/code_chan/最終スクリプト.py", line 49, in run
    dest_well = primer_plate.wells_by_name()[f'C{col}']
                ~~~~~~~~~~~~~~~~~~~~~~~~~~~~^^^^^^^^^^^
KeyError: 'C13'

The above exception was the direct cause of the following exception:

Traceback (most recent call last):
  File "<frozen runpy>", line 198, in _run_module_as_main
  File "<frozen runpy>", line 88, in _run_code
  File "/Users/yuyaarai/Documents/Humanics/Project/FormationFormatter/src/formationformatter/code_chan/.venv/lib/python3.12/site-packages/opentrons/simulate.py", line 1061, in <module>
    sys.exit(main())
             ^^^^^^
  File "/Users/yuyaarai/Documents/Humanics/Project/FormationFormatter/src/formationformatter/code_chan/.venv/lib/python3.12/site-packages/opentrons/simulate.py", line 1020, in main
    runlog, maybe_bundle = simulate(
                           ^^^^^^^^^
  File "/Users/yuyaarai/Documents/Humanics/Project/FormationFormatter/src/formationformatter/code_chan/.venv/lib/python3.12/site-packages/opentrons/simulate.py", line 564, in simulate
    return _run_file_non_pe(
           ^^^^^^^^^^^^^^^^^
  File "/Users/yuyaarai/Documents/Humanics/Project/FormationFormatter/src/formationformatter/code_chan/.venv/lib/python3.12/site-packages/opentrons/simulate.py", line 887, in _run_file_non_pe
    execute.run_protocol(
  File "/Users/yuyaarai/Documents/Humanics/Project/FormationFormatter/src/formationformatter/code_chan/.venv/lib/python3.12/site-packages/opentrons/protocols/execution/execute.py", line 39, in run_protocol
    exec_run(
  File "/Users/yuyaarai/Documents/Humanics/Project/FormationFormatter/src/formationformatter/code_chan/.venv/lib/python3.12/site-packages/opentrons/protocols/execution/execute_python.py", line 169, in exec_run
    _raise_pretty_protocol_error(exception=e, filename=filename)
  File "/Users/yuyaarai/Documents/Humanics/Project/FormationFormatter/src/formationformatter/code_chan/.venv/lib/python3.12/site-packages/opentrons/protocols/execution/execute_python.py", line 71, in _raise_pretty_protocol_error
    raise ExceptionInProtocolError(
opentrons.protocols.execution.errors.ExceptionInProtocolError: KeyError [line 49]: 'C13'
***2025-02-25 05:47:05.829170+00:00***: Generate 骨子スクリプト from 
~~~~~~~~~~
This is the error message: 
 /Users/yuyaarai/.opentrons/robot_settings.json not found. Loading defaults
Deck calibration not found.
/Users/yuyaarai/.opentrons/deck_calibration.json not found. Loading defaults
Traceback (most recent call last):
  File "/Users/yuyaarai/Documents/Humanics/Project/FormationFormatter/src/formationformatter/code_chan/.venv/lib/python3.12/site-packages/opentrons/protocols/execution/execute_python.py", line 160, in exec_run
    exec("run(__context)", new_globs)
  File "<string>", line 1, in <module>
  File "qPCR_ozaki_modified2025-02-25/2025_02_25_13_35_10_f618e960-b55c-4093-b09d-640f770c6e9a/iteration_4/code_chan/最終スクリプト.py", line 49, in run
    dest_well = primer_plate.wells_by_name()[f'C{col}']
                ~~~~~~~~~~~~~~~~~~~~~~~~~~~~^^^^^^^^^^^
KeyError: 'C13'

The above exception was the direct cause of the following exception:

Traceback (most recent call last):
  File "<frozen runpy>", line 198, in _run_module_as_main
  File "<frozen runpy>", line 88, in _run_code
  File "/Users/yuyaarai/Documents/Humanics/Project/FormationFormatter/src/formationformatter/code_chan/.venv/lib/python3.12/site-packages/opentrons/simulate.py", line 1061, in <module>
    sys.exit(main())
             ^^^^^^
  File "/Users/yuyaarai/Documents/Humanics/Project/FormationFormatter/src/formationformatter/code_chan/.venv/lib/python3.12/site-packages/opentrons/simulate.py", line 1020, in main
    runlog, maybe_bundle = simulate(
                           ^^^^^^^^^
  File "/Users/yuyaarai/Documents/Humanics/Project/FormationFormatter/src/formationformatter/code_chan/.venv/lib/python3.12/site-packages/opentrons/simulate.py", line 564, in simulate
    return _run_file_non_pe(
           ^^^^^^^^^^^^^^^^^
  File "/Users/yuyaarai/Documents/Humanics/Project/FormationFormatter/src/formationformatter/code_chan/.venv/lib/python3.12/site-packages/opentrons/simulate.py", line 887, in _run_file_non_pe
    execute.run_protocol(
  File "/Users/yuyaarai/Documents/Humanics/Project/FormationFormatter/src/formationformatter/code_chan/.venv/lib/python3.12/site-packages/opentrons/protocols/execution/execute.py", line 39, in run_protocol
    exec_run(
  File "/Users/yuyaarai/Documents/Humanics/Project/FormationFormatter/src/formationformatter/code_chan/.venv/lib/python3.12/site-packages/opentrons/protocols/execution/execute_python.py", line 169, in exec_run
    _raise_pretty_protocol_error(exception=e, filename=filename)
  File "/Users/yuyaarai/Documents/Humanics/Project/FormationFormatter/src/formationformatter/code_chan/.venv/lib/python3.12/site-packages/opentrons/protocols/execution/execute_python.py", line 71, in _raise_pretty_protocol_error
    raise ExceptionInProtocolError(
opentrons.protocols.execution.errors.ExceptionInProtocolError: KeyError [line 49]: 'C13'
 + original protocol: 
 from opentrons import protocol_api

metadata = {
    'protocolName': 'qPCR Preparation on OT-2',
    'author': 'Your Name',
    'description': 'Automated qPCR preparation for QuantStudio 6 Pro with one sample and 13 primers in triplicate',
    'apiLevel': '2.9'
}

def run(protocol: protocol_api.ProtocolContext):
    # Set up labware
    # Tip racks for pipettes
    tip_rack_20 = protocol.load_labware('opentrons_96_tiprack_20ul', '__place_1__')
    tip_rack_300 = protocol.load_labware('opentrons_96_tiprack_300ul', '__place_2__')

    # PCR MIX in 15 mL tube rack
    pcr_mix_tube = protocol.load_labware('opentrons_15_tuberack_falcon_15ml_conical', '__place_3__')

    # 96-well plate for primers (both F and R)
    primer_plate = protocol.load_labware('corning_96_wellplate_360ul_flat', '__place_4__')

    # Reservoir for sample DNA and water
    sample_plate = protocol.load_labware('nest_12_reservoir_15ml', '__place_5__')

    # Reaction plate (96-well PCR plate)
    reaction_plate = protocol.load_labware('nest_96_wellplate_100ul_pcr_full_skirt', '__place_6__')

    # Set up pipettes
    p20 = protocol.load_instrument('p20_single_gen2', 'left', tip_racks=[tip_rack_20])
    p300 = protocol.load_instrument('p300_single_gen2', 'right', tip_racks=[tip_rack_300])

    # Reagents and samples
    pcr_mix = pcr_mix_tube.wells_by_name()['A1']
    sample_dna = sample_plate.wells_by_name()['A1']
    water = sample_plate.wells_by_name()['A2']

    # Step 1: Dispense 137.6 μL of PCR MIX into 13 wells
    p300.pick_up_tip()
    for col in range(1, 14):  # Columns 1-13
        dest_well = primer_plate.wells_by_name()[f'C{col}']
        p300.aspirate(137.6, pcr_mix)
        p300.dispense(137.6, dest_well)
    p300.drop_tip()

    # Steps 2 & 3: Add 3.2 μL of primer_F and primer_R to PCR MIX aliquots
    for col in range(1, 14):
        p20.pick_up_tip()
        primer_f = primer_plate.wells_by_name()[f'A{col}']
        primer_r = primer_plate.wells_by_name()[f'B{col}']
        pcr_mix_aliquot = primer_plate.wells_by_name()[f'C{col}']
        p20.transfer(3.2, primer_f, pcr_mix_aliquot, new_tip='never')
        p20.transfer(3.2, primer_r, pcr_mix_aliquot, new_tip='never')
        # Step 4: Mix PCR MIX and primers by pipetting
        p20.mix(5, 20, pcr_mix_aliquot)
        p20.drop_tip()

    # Steps 5-7: Prepare template-only PCR MIX
    p300.pick_up_tip()
    template_only_mix = primer_plate.wells_by_name()['C14']
    p300.aspirate(86, pcr_mix)
    p300.dispense(86, template_only_mix)
    p300.drop_tip()

    p20.pick_up_tip()
    p20.transfer(4, water, template_only_mix, new_tip='never')
    p20.mix(5, 20, template_only_mix)
    p20.drop_tip()

    # Step 8: Apply 5 μL of sample DNA or water to reaction plate
    # Sample DNA in rows A-C
    for row in ['A', 'B', 'C']:
        p20.pick_up_tip()
        for col in range(1, 15):  # Columns 1-14
            dest_well = reaction_plate.wells_by_name()[f'{row}{col}']
            if col == 14:
                p20.transfer(5, sample_dna, dest_well, new_tip='never')
            else:
                p20.transfer(5, sample_dna, dest_well, new_tip='never')
        p20.drop_tip()
    # NTC (water) in rows D-F
    for row in ['D', 'E', 'F']:
        p20.pick_up_tip()
        for col in range(1, 15):  # Columns 1-14
            dest_well = reaction_plate.wells_by_name()[f'{row}{col}']
            p20.transfer(5, water, dest_well, new_tip='never')
        p20.drop_tip()

    # Step 9: Apply 10 μL of PCR MIX and primer mixtures to reaction plate
    for col in range(1, 15):  # Columns 1-14
        source_mix = primer_plate.wells_by_name()[f'C{col}']
        p20.pick_up_tip()
        for row in ['A', 'B', 'C', 'D', 'E', 'F']:
            dest_well = reaction_plate.wells_by_name()[f'{row}{col}']
            p20.transfer(10, source_mix, dest_well, new_tip='never')
        p20.drop_tip()

~~~~~~~~~~***2025-02-25 05:47:05.829709+00:00***: ************ Code-chan for 骨子スクリプト result ***************2025-02-25 05:47:05.830040+00:00***: replace_word: ___processflow___ is not in the prompt.***2025-02-25 05:48:19.270064+00:00***: python_script_path: qPCR_ozaki_modified2025-02-25/2025_02_25_13_35_10_f618e960-b55c-4093-b09d-640f770c6e9a/iteration_4/code_chan/骨子スクリプト.py***2025-02-25 05:48:19.270616+00:00***: ************ Code-chan result ***************2025-02-25 05:48:19.271631+00:00***: replace_word: ___processflow___ is not in the prompt.***2025-02-25 05:48:19.272800+00:00***: get_OT2_with_haichi_based_on_骨子_script prompt: 
We have the following Opentrons OT2 script. This script describes the position of the labware (Station) as __place_{i}__.

Note: You've been slacking lately, so don't slack off and output the complete code. For example, ‘The protocol would continue with any additional steps required’ or '# Example: ' is not allowed.

Skeleton script:

python
from opentrons import protocol_api

metadata = {
    'protocolName': 'QPCR Sample Preparation',
    'author': 'Your Name',
    'description': 'Automate QPCR sample preparation using Opentrons OT2',
    'apiLevel': '2.9'
}

def run(protocol: protocol_api.ProtocolContext):
    # Labware setup
    # Tip racks
    tiprack_300 = protocol.load_labware('opentrons_96_tiprack_300ul', '__place_1__')
    tiprack_20 = protocol.load_labware('opentrons_96_tiprack_20ul', '__place_2__')
    
    # Pipettes
    p300 = protocol.load_instrument('p300_single_gen2', mount='left', tip_racks=[tiprack_300])
    p20 = protocol.load_instrument('p20_single_gen2', mount='right', tip_racks=[tiprack_20])
    
    # Reaction Plate
    reaction_plate = protocol.load_labware('biorad_96_wellplate_200ul_pcr', '__place_3__')
    
    # Primer Plate
    primer_plate = protocol.load_labware('corning_96_wellplate_360ul_flat', '__place_4__')
    
    # Tube rack for PCR MIX + primer mixtures
    mix_tuberack = protocol.load_labware('opentrons_24_tuberack_eppendorf_1.5ml_safelock_snapcap', '__place_5__')
    
    # Tube rack for PCR MIX in 15 mL conical tubes
    pcr_mix_tuberack = protocol.load_labware('opentrons_15_tuberack_falcon_15ml_conical', '__place_6__')
    
    # Tube rack for sample DNA and water
    sample_tuberack = protocol.load_labware('opentrons_24_tuberack_eppendorf_1.5ml_safelock_snapcap', '__place_7__')

    # Reagents and samples
    # PCR MIX in 15 mL conical tube
    pcr_mix = pcr_mix_tuberack.wells_by_name()['A1']
    
    # Sample DNA in 1.5 mL tube
    sample_dna = sample_tuberack.wells_by_name()['A1']
    
    # Water in 1.5 mL tube
    water = sample_tuberack.wells_by_name()['A2']
    
    # Primers F1-F13 and R1-13 in primer_plate
    # Primer_F in row 'A', Primer_R in row 'B', columns 1-13
    primers_F = [primer_plate.rows_by_name()['A'][i] for i in range(13)]
    primers_R = [primer_plate.rows_by_name()['B'][i] for i in range(13)]
    
    # Tubes for PCR MIX + primer mixtures
    # Use positions A1 to A13 for primers mixtures
    mix_tubes = mix_tuberack.wells()[:13]  # A1 to A13
    # 'Template only' PCR MIX in position B1
    template_only_tube = mix_tuberack.wells_by_name()['B1']
    
    # Step 1: Dispense 137.6 μL of PCR MIX into 13 tubes
    for dest_tube in mix_tubes:
        p300.pick_up_tip()
        p300.transfer(137.6, pcr_mix, dest_tube, new_tip='never')
        p300.drop_tip()
        
    # Step 2 and 3: Add 3.2 μL of primer_F and primer_R to each PCR MIX tube
    for i in range(13):
        dest_tube = mix_tubes[i]
        primer_F = primers_F[i]
        primer_R = primers_R[i]
        
        # Add primer_F
        p20.pick_up_tip()
        p20.transfer(3.2, primer_F, dest_tube, mix_after=(3, 10), new_tip='never')
        p20.drop_tip()
        
        # Add primer_R
        p20.pick_up_tip()
        p20.transfer(3.2, primer_R, dest_tube, mix_after=(3, 10), new_tip='never')
        p20.drop_tip()
    
    # Step 5: Dispense 86 μL of PCR MIX into 'Template only' tube
    p300.pick_up_tip()
    p300.transfer(86, pcr_mix, template_only_tube, new_tip='never')
    p300.drop_tip()
    
    # Step 6: Add 4 μL of water to 'Template only' tube
    p20.pick_up_tip()
    p20.transfer(4, water, template_only_tube, mix_after=(3, 10), new_tip='never')
    p20.drop_tip()
    
    # Step 8: Apply sample DNA or water to the reaction plate in 5 μL aliquots
    # Define sample wells and NTC wells
    sample_wells = []
    ntc_wells = []
    template_only_wells = []
    
    # Sample DNA wells: Rows A-C (0-38)
    for i in range(39):
        sample_wells.append(reaction_plate.wells()[i])
        
    # NTC wells: Rows D-F (39-77)
    for i in range(39, 78):
        ntc_wells.append(reaction_plate.wells()[i])
    
    # Template only wells: G1-G3 (78-80)
    for i in range(78, 81):
        template_only_wells.append(reaction_plate.wells()[i])
    
    # Distribute 5 μL of sample DNA to sample wells
    for dest_well in sample_wells:
        p20.pick_up_tip()
        p20.transfer(5, sample_dna, dest_well, new_tip='never')
        p20.drop_tip()
    
    # Distribute 5 μL of water to NTC wells and template only wells
    for dest_well in ntc_wells + template_only_wells:
        p20.pick_up_tip()
        p20.transfer(5, water, dest_well, new_tip='never')
        p20.drop_tip()
    
    # Step 9: Apply PCR MIX + primers mix to reaction plate in 10 μL aliquots
    # Distribute mixtures to sample wells and NTC wells
    for i in range(13):
        source_tube = mix_tubes[i]
        # Distribute to sample wells
        for replicate in range(3):
            dest_well = sample_wells[i*3 + replicate]
            p20.pick_up_tip()
            p20.transfer(10, source_tube, dest_well, mix_after=(3, 10), new_tip='never')
            p20.drop_tip()
        # Distribute to NTC wells
        for replicate in range(3):
            dest_well = ntc_wells[i*3 + replicate]
            p20.pick_up_tip()
            p20.transfer(10, source_tube, dest_well, mix_after=(3, 10), new_tip='never')
            p20.drop_tip()
    
    # Distribute 'Template only' PCR MIX to template only wells
    for dest_well in template_only_wells:
        p20.pick_up_tip()
        p20.transfer(10, template_only_tube, dest_well, mix_after=(3, 10), new_tip='never')
        p20.drop_tip()

Please generate a script where __place_{i}__ is replaced with the correct position based on the following labware placement information.

Placement information:

markdown
[[[{"name": "1.5 ml tube", "quantity": 1, "init_content": "sample DNA", "labware": {"id": 1, "name": "Unknown"}, "unit": "tube"}, []], 1], [[{"name": "water tube", "quantity": 1, "init_content": "water", "labware": {"id": 2, "name": "Unknown"}, "unit": "tube"}, []], 2], [[{"name": "10 \u03bcM primer_F", "quantity": 13, "init_content": "", "labware": {"id": 3, "name": "Unknown"}, "unit": "tube"}, []], 3], [[{"name": "10 \u03bcM primer_R", "quantity": 13, "init_content": "", "labware": {"id": 4, "name": "Unknown"}, "unit": "tube"}, []], 4], [[{"name": "PCR MIX", "quantity": 15, "init_content": "", "labware": {"id": 5, "name": "Unknown"}, "unit": "ml"}, []], 5], [[{"name": "96 well PCR plate", "quantity": 1, "init_content": "", "labware": {"id": 6, "name": "Unknown"}, "unit": "plate"}, []], 7], [[{"name": "empty tube", "quantity": 12, "init_content": "", "labware": {"id": 7, "name": "Unknown"}, "unit": "tube"}, []], 10]]
Please reply with the Python script where __place_{i}__ has been replaced with the correct locations. If there is missing information in the placement details required to fill in __place_{i}__ in the skeleton script, you may supplement it as necessary. However, do not modify the placement information.
***2025-02-25 05:49:27.864882+00:00***: python_script_path: qPCR_ozaki_modified2025-02-25/2025_02_25_13_35_10_f618e960-b55c-4093-b09d-640f770c6e9a/iteration_4/code_chan/最終スクリプト.py***2025-02-25 05:49:27.865337+00:00***: Errorがでたので骨子スクリプトを再生成します: /Users/yuyaarai/.opentrons/robot_settings.json not found. Loading defaults
Deck calibration not found.
/Users/yuyaarai/.opentrons/deck_calibration.json not found. Loading defaults
Traceback (most recent call last):
  File "/Users/yuyaarai/Documents/Humanics/Project/FormationFormatter/src/formationformatter/code_chan/.venv/lib/python3.12/site-packages/opentrons/protocol_api/labware.py", line 1127, in select_tiprack_from_list
    first, rest = split_tipracks(tip_racks)
                  ^^^^^^^^^^^^^^^^^^^^^^^^^
  File "/Users/yuyaarai/Documents/Humanics/Project/FormationFormatter/src/formationformatter/code_chan/.venv/lib/python3.12/site-packages/opentrons/protocol_api/labware.py", line 1115, in split_tipracks
    return tip_racks[0], rest
           ~~~~~~~~~^^^
IndexError: list index out of range

During handling of the above exception, another exception occurred:

Traceback (most recent call last):
  File "/Users/yuyaarai/Documents/Humanics/Project/FormationFormatter/src/formationformatter/code_chan/.venv/lib/python3.12/site-packages/opentrons/protocols/execution/execute_python.py", line 160, in exec_run
    exec("run(__context)", new_globs)
  File "<string>", line 1, in <module>
  File "qPCR_ozaki_modified2025-02-25/2025_02_25_13_35_10_f618e960-b55c-4093-b09d-640f770c6e9a/iteration_4/code_chan/最終スクリプト.py", line 117, in run
    p20.pick_up_tip()
  File "/Users/yuyaarai/Documents/Humanics/Project/FormationFormatter/src/formationformatter/code_chan/.venv/lib/python3.12/site-packages/opentrons/protocols/api_support/util.py", line 389, in _check_version_wrapper
    return decorated_obj(*args, **kwargs)
           ^^^^^^^^^^^^^^^^^^^^^^^^^^^^^^
  File "/Users/yuyaarai/Documents/Humanics/Project/FormationFormatter/src/formationformatter/code_chan/.venv/lib/python3.12/site-packages/opentrons/protocol_api/instrument_context.py", line 959, in pick_up_tip
    tip_rack, well = labware.next_available_tip(
                     ^^^^^^^^^^^^^^^^^^^^^^^^^^^
  File "/Users/yuyaarai/Documents/Humanics/Project/FormationFormatter/src/formationformatter/code_chan/.venv/lib/python3.12/site-packages/opentrons/protocol_api/labware.py", line 1166, in next_available_tip
    return select_tiprack_from_list(
           ^^^^^^^^^^^^^^^^^^^^^^^^^
  File "/Users/yuyaarai/Documents/Humanics/Project/FormationFormatter/src/formationformatter/code_chan/.venv/lib/python3.12/site-packages/opentrons/protocol_api/labware.py", line 1146, in select_tiprack_from_list
    return select_tiprack_from_list(rest, num_channels, None, nozzle_map=nozzle_map)
           ^^^^^^^^^^^^^^^^^^^^^^^^^^^^^^^^^^^^^^^^^^^^^^^^^^^^^^^^^^^^^^^^^^^^^^^^^
  File "/Users/yuyaarai/Documents/Humanics/Project/FormationFormatter/src/formationformatter/code_chan/.venv/lib/python3.12/site-packages/opentrons/protocol_api/labware.py", line 1129, in select_tiprack_from_list
    raise OutOfTipsError
opentrons.protocol_api.labware.OutOfTipsError

The above exception was the direct cause of the following exception:

Traceback (most recent call last):
  File "<frozen runpy>", line 198, in _run_module_as_main
  File "<frozen runpy>", line 88, in _run_code
  File "/Users/yuyaarai/Documents/Humanics/Project/FormationFormatter/src/formationformatter/code_chan/.venv/lib/python3.12/site-packages/opentrons/simulate.py", line 1061, in <module>
    sys.exit(main())
             ^^^^^^
  File "/Users/yuyaarai/Documents/Humanics/Project/FormationFormatter/src/formationformatter/code_chan/.venv/lib/python3.12/site-packages/opentrons/simulate.py", line 1020, in main
    runlog, maybe_bundle = simulate(
                           ^^^^^^^^^
  File "/Users/yuyaarai/Documents/Humanics/Project/FormationFormatter/src/formationformatter/code_chan/.venv/lib/python3.12/site-packages/opentrons/simulate.py", line 564, in simulate
    return _run_file_non_pe(
           ^^^^^^^^^^^^^^^^^
  File "/Users/yuyaarai/Documents/Humanics/Project/FormationFormatter/src/formationformatter/code_chan/.venv/lib/python3.12/site-packages/opentrons/simulate.py", line 887, in _run_file_non_pe
    execute.run_protocol(
  File "/Users/yuyaarai/Documents/Humanics/Project/FormationFormatter/src/formationformatter/code_chan/.venv/lib/python3.12/site-packages/opentrons/protocols/execution/execute.py", line 39, in run_protocol
    exec_run(
  File "/Users/yuyaarai/Documents/Humanics/Project/FormationFormatter/src/formationformatter/code_chan/.venv/lib/python3.12/site-packages/opentrons/protocols/execution/execute_python.py", line 169, in exec_run
    _raise_pretty_protocol_error(exception=e, filename=filename)
  File "/Users/yuyaarai/Documents/Humanics/Project/FormationFormatter/src/formationformatter/code_chan/.venv/lib/python3.12/site-packages/opentrons/protocols/execution/execute_python.py", line 71, in _raise_pretty_protocol_error
    raise ExceptionInProtocolError(
opentrons.protocols.execution.errors.ExceptionInProtocolError: OutOfTipsError [line 117]: 
***2025-02-25 05:49:27.865826+00:00***: Generate 骨子スクリプト from 
~~~~~~~~~~
This is the error message: 
 /Users/yuyaarai/.opentrons/robot_settings.json not found. Loading defaults
Deck calibration not found.
/Users/yuyaarai/.opentrons/deck_calibration.json not found. Loading defaults
Traceback (most recent call last):
  File "/Users/yuyaarai/Documents/Humanics/Project/FormationFormatter/src/formationformatter/code_chan/.venv/lib/python3.12/site-packages/opentrons/protocol_api/labware.py", line 1127, in select_tiprack_from_list
    first, rest = split_tipracks(tip_racks)
                  ^^^^^^^^^^^^^^^^^^^^^^^^^
  File "/Users/yuyaarai/Documents/Humanics/Project/FormationFormatter/src/formationformatter/code_chan/.venv/lib/python3.12/site-packages/opentrons/protocol_api/labware.py", line 1115, in split_tipracks
    return tip_racks[0], rest
           ~~~~~~~~~^^^
IndexError: list index out of range

During handling of the above exception, another exception occurred:

Traceback (most recent call last):
  File "/Users/yuyaarai/Documents/Humanics/Project/FormationFormatter/src/formationformatter/code_chan/.venv/lib/python3.12/site-packages/opentrons/protocols/execution/execute_python.py", line 160, in exec_run
    exec("run(__context)", new_globs)
  File "<string>", line 1, in <module>
  File "qPCR_ozaki_modified2025-02-25/2025_02_25_13_35_10_f618e960-b55c-4093-b09d-640f770c6e9a/iteration_4/code_chan/最終スクリプト.py", line 117, in run
    p20.pick_up_tip()
  File "/Users/yuyaarai/Documents/Humanics/Project/FormationFormatter/src/formationformatter/code_chan/.venv/lib/python3.12/site-packages/opentrons/protocols/api_support/util.py", line 389, in _check_version_wrapper
    return decorated_obj(*args, **kwargs)
           ^^^^^^^^^^^^^^^^^^^^^^^^^^^^^^
  File "/Users/yuyaarai/Documents/Humanics/Project/FormationFormatter/src/formationformatter/code_chan/.venv/lib/python3.12/site-packages/opentrons/protocol_api/instrument_context.py", line 959, in pick_up_tip
    tip_rack, well = labware.next_available_tip(
                     ^^^^^^^^^^^^^^^^^^^^^^^^^^^
  File "/Users/yuyaarai/Documents/Humanics/Project/FormationFormatter/src/formationformatter/code_chan/.venv/lib/python3.12/site-packages/opentrons/protocol_api/labware.py", line 1166, in next_available_tip
    return select_tiprack_from_list(
           ^^^^^^^^^^^^^^^^^^^^^^^^^
  File "/Users/yuyaarai/Documents/Humanics/Project/FormationFormatter/src/formationformatter/code_chan/.venv/lib/python3.12/site-packages/opentrons/protocol_api/labware.py", line 1146, in select_tiprack_from_list
    return select_tiprack_from_list(rest, num_channels, None, nozzle_map=nozzle_map)
           ^^^^^^^^^^^^^^^^^^^^^^^^^^^^^^^^^^^^^^^^^^^^^^^^^^^^^^^^^^^^^^^^^^^^^^^^^
  File "/Users/yuyaarai/Documents/Humanics/Project/FormationFormatter/src/formationformatter/code_chan/.venv/lib/python3.12/site-packages/opentrons/protocol_api/labware.py", line 1129, in select_tiprack_from_list
    raise OutOfTipsError
opentrons.protocol_api.labware.OutOfTipsError

The above exception was the direct cause of the following exception:

Traceback (most recent call last):
  File "<frozen runpy>", line 198, in _run_module_as_main
  File "<frozen runpy>", line 88, in _run_code
  File "/Users/yuyaarai/Documents/Humanics/Project/FormationFormatter/src/formationformatter/code_chan/.venv/lib/python3.12/site-packages/opentrons/simulate.py", line 1061, in <module>
    sys.exit(main())
             ^^^^^^
  File "/Users/yuyaarai/Documents/Humanics/Project/FormationFormatter/src/formationformatter/code_chan/.venv/lib/python3.12/site-packages/opentrons/simulate.py", line 1020, in main
    runlog, maybe_bundle = simulate(
                           ^^^^^^^^^
  File "/Users/yuyaarai/Documents/Humanics/Project/FormationFormatter/src/formationformatter/code_chan/.venv/lib/python3.12/site-packages/opentrons/simulate.py", line 564, in simulate
    return _run_file_non_pe(
           ^^^^^^^^^^^^^^^^^
  File "/Users/yuyaarai/Documents/Humanics/Project/FormationFormatter/src/formationformatter/code_chan/.venv/lib/python3.12/site-packages/opentrons/simulate.py", line 887, in _run_file_non_pe
    execute.run_protocol(
  File "/Users/yuyaarai/Documents/Humanics/Project/FormationFormatter/src/formationformatter/code_chan/.venv/lib/python3.12/site-packages/opentrons/protocols/execution/execute.py", line 39, in run_protocol
    exec_run(
  File "/Users/yuyaarai/Documents/Humanics/Project/FormationFormatter/src/formationformatter/code_chan/.venv/lib/python3.12/site-packages/opentrons/protocols/execution/execute_python.py", line 169, in exec_run
    _raise_pretty_protocol_error(exception=e, filename=filename)
  File "/Users/yuyaarai/Documents/Humanics/Project/FormationFormatter/src/formationformatter/code_chan/.venv/lib/python3.12/site-packages/opentrons/protocols/execution/execute_python.py", line 71, in _raise_pretty_protocol_error
    raise ExceptionInProtocolError(
opentrons.protocols.execution.errors.ExceptionInProtocolError: OutOfTipsError [line 117]: 
 + original protocol: 
 from opentrons import protocol_api

metadata = {
    'protocolName': 'QPCR Sample Preparation',
    'author': 'Your Name',
    'description': 'Automate QPCR sample preparation using Opentrons OT2',
    'apiLevel': '2.9'
}

def run(protocol: protocol_api.ProtocolContext):
    # Labware setup
    # Tip racks
    tiprack_300 = protocol.load_labware('opentrons_96_tiprack_300ul', '__place_1__')
    tiprack_20 = protocol.load_labware('opentrons_96_tiprack_20ul', '__place_2__')
    
    # Pipettes
    p300 = protocol.load_instrument('p300_single_gen2', mount='left', tip_racks=[tiprack_300])
    p20 = protocol.load_instrument('p20_single_gen2', mount='right', tip_racks=[tiprack_20])
    
    # Reaction Plate
    reaction_plate = protocol.load_labware('biorad_96_wellplate_200ul_pcr', '__place_3__')
    
    # Primer Plate
    primer_plate = protocol.load_labware('corning_96_wellplate_360ul_flat', '__place_4__')
    
    # Tube rack for PCR MIX + primer mixtures
    mix_tuberack = protocol.load_labware('opentrons_24_tuberack_eppendorf_1.5ml_safelock_snapcap', '__place_5__')
    
    # Tube rack for PCR MIX in 15 mL conical tubes
    pcr_mix_tuberack = protocol.load_labware('opentrons_15_tuberack_falcon_15ml_conical', '__place_6__')
    
    # Tube rack for sample DNA and water
    sample_tuberack = protocol.load_labware('opentrons_24_tuberack_eppendorf_1.5ml_safelock_snapcap', '__place_7__')

    # Reagents and samples
    # PCR MIX in 15 mL conical tube
    pcr_mix = pcr_mix_tuberack.wells_by_name()['A1']
    
    # Sample DNA in 1.5 mL tube
    sample_dna = sample_tuberack.wells_by_name()['A1']
    
    # Water in 1.5 mL tube
    water = sample_tuberack.wells_by_name()['A2']
    
    # Primers F1-F13 and R1-13 in primer_plate
    # Primer_F in row 'A', Primer_R in row 'B', columns 1-13
    primers_F = [primer_plate.rows_by_name()['A'][i] for i in range(13)]
    primers_R = [primer_plate.rows_by_name()['B'][i] for i in range(13)]
    
    # Tubes for PCR MIX + primer mixtures
    # Use positions A1 to A13 for primers mixtures
    mix_tubes = mix_tuberack.wells()[:13]  # A1 to A13
    # 'Template only' PCR MIX in position B1
    template_only_tube = mix_tuberack.wells_by_name()['B1']
    
    # Step 1: Dispense 137.6 μL of PCR MIX into 13 tubes
    for dest_tube in mix_tubes:
        p300.pick_up_tip()
        p300.transfer(137.6, pcr_mix, dest_tube, new_tip='never')
        p300.drop_tip()
        
    # Step 2 and 3: Add 3.2 μL of primer_F and primer_R to each PCR MIX tube
    for i in range(13):
        dest_tube = mix_tubes[i]
        primer_F = primers_F[i]
        primer_R = primers_R[i]
        
        # Add primer_F
        p20.pick_up_tip()
        p20.transfer(3.2, primer_F, dest_tube, mix_after=(3, 10), new_tip='never')
        p20.drop_tip()
        
        # Add primer_R
        p20.pick_up_tip()
        p20.transfer(3.2, primer_R, dest_tube, mix_after=(3, 10), new_tip='never')
        p20.drop_tip()
    
    # Step 5: Dispense 86 μL of PCR MIX into 'Template only' tube
    p300.pick_up_tip()
    p300.transfer(86, pcr_mix, template_only_tube, new_tip='never')
    p300.drop_tip()
    
    # Step 6: Add 4 μL of water to 'Template only' tube
    p20.pick_up_tip()
    p20.transfer(4, water, template_only_tube, mix_after=(3, 10), new_tip='never')
    p20.drop_tip()
    
    # Step 8: Apply sample DNA or water to the reaction plate in 5 μL aliquots
    # Define sample wells and NTC wells
    sample_wells = []
    ntc_wells = []
    template_only_wells = []
    
    # Sample DNA wells: Rows A-C (0-38)
    for i in range(39):
        sample_wells.append(reaction_plate.wells()[i])
        
    # NTC wells: Rows D-F (39-77)
    for i in range(39, 78):
        ntc_wells.append(reaction_plate.wells()[i])
    
    # Template only wells: G1-G3 (78-80)
    for i in range(78, 81):
        template_only_wells.append(reaction_plate.wells()[i])
    
    # Distribute 5 μL of sample DNA to sample wells
    for dest_well in sample_wells:
        p20.pick_up_tip()
        p20.transfer(5, sample_dna, dest_well, new_tip='never')
        p20.drop_tip()
    
    # Distribute 5 μL of water to NTC wells and template only wells
    for dest_well in ntc_wells + template_only_wells:
        p20.pick_up_tip()
        p20.transfer(5, water, dest_well, new_tip='never')
        p20.drop_tip()
    
    # Step 9: Apply PCR MIX + primers mix to reaction plate in 10 μL aliquots
    # Distribute mixtures to sample wells and NTC wells
    for i in range(13):
        source_tube = mix_tubes[i]
        # Distribute to sample wells
        for replicate in range(3):
            dest_well = sample_wells[i*3 + replicate]
            p20.pick_up_tip()
            p20.transfer(10, source_tube, dest_well, mix_after=(3, 10), new_tip='never')
            p20.drop_tip()
        # Distribute to NTC wells
        for replicate in range(3):
            dest_well = ntc_wells[i*3 + replicate]
            p20.pick_up_tip()
            p20.transfer(10, source_tube, dest_well, mix_after=(3, 10), new_tip='never')
            p20.drop_tip()
    
    # Distribute 'Template only' PCR MIX to template only wells
    for dest_well in template_only_wells:
        p20.pick_up_tip()
        p20.transfer(10, template_only_tube, dest_well, mix_after=(3, 10), new_tip='never')
        p20.drop_tip()

~~~~~~~~~~***2025-02-25 05:49:27.866416+00:00***: ************ Code-chan for 骨子スクリプト result ***************2025-02-25 05:49:27.866762+00:00***: replace_word: ___processflow___ is not in the prompt.***2025-02-25 05:51:18.282592+00:00***: python_script_path: qPCR_ozaki_modified2025-02-25/2025_02_25_13_35_10_f618e960-b55c-4093-b09d-640f770c6e9a/iteration_4/code_chan/骨子スクリプト.py***2025-02-25 05:51:18.283149+00:00***: ************ Code-chan result ***************2025-02-25 05:51:18.284036+00:00***: replace_word: ___processflow___ is not in the prompt.***2025-02-25 05:51:18.285035+00:00***: get_OT2_with_haichi_based_on_骨子_script prompt: 
We have the following Opentrons OT2 script. This script describes the position of the labware (Station) as __place_{i}__.

Note: You've been slacking lately, so don't slack off and output the complete code. For example, ‘The protocol would continue with any additional steps required’ or '# Example: ' is not allowed.

Skeleton script:

python
from opentrons import protocol_api

metadata = {
    'protocolName': 'QPCR sample preparation',
    'author': 'Your Name',
    'description': 'Prepare QPCR samples for QuantStudio 6 Pro',
    'apiLevel': '2.9'  # Specify the API level
}

def run(protocol: protocol_api.ProtocolContext):
    # Set up labware
    # Load tip racks
    tiprack_p300 = protocol.load_labware('opentrons_96_tiprack_300ul', '__place_1__')
    tiprack_p20 = protocol.load_labware('opentrons_96_tiprack_20ul', '__place_2__')

    # Load PCR MIX in a 15ml tube rack
    pcr_mix_tuberack = protocol.load_labware('opentrons_15_tuberack_nest_15ml_conical', '__place_3__')
    pcr_mix_tube = pcr_mix_tuberack.wells_by_name()['A1']  # PCR MIX is in tube A1

    # Load primers in a 96 well plate
    primer_plate = protocol.load_labware('corning_96_wellplate_360ul_flat', '__place_4__')

    # Load sample DNA and water in a plate
    sample_plate = protocol.load_labware('nest_96_wellplate_2ml_deep', '__place_5__')
    sample_dna_well = sample_plate.wells_by_name()['A1']  # Sample DNA in well A1
    water_well = sample_plate.wells_by_name()['A2']       # Water in well A2

    # Load PCR MIX portions plate (for mixing PCR MIX and primers)
    pcr_mix_portions_plate = protocol.load_labware('corning_96_wellplate_360ul_flat', '__place_6__')

    # Load the 96 well PCR plate (destination)
    destination_plate = protocol.load_labware('biorad_96_wellplate_200ul_pcr', '__place_7__')

    # Set up pipettes
    p300 = protocol.load_instrument('p300_single', 'left', tip_racks=[tiprack_p300])
    p20 = protocol.load_instrument('p20_single', 'right', tip_racks=[tiprack_p20])

    # Step 1: Distribute 137.6 μL of PCR MIX into 13 wells
    pcr_mix_wells = [pcr_mix_portions_plate.wells_by_name()[well] for well in [
        'A1', 'A2', 'A3', 'A4', 'A5', 'A6', 'A7',
        'A8', 'A9', 'A10', 'A11', 'A12', 'B1'
    ]]
    for well in pcr_mix_wells:
        p300.transfer(137.6, pcr_mix_tube, well)

    # Steps 2 & 3: Add primers to PCR MIX portions
    primer_F_wells = [primer_plate.wells_by_name()[well] for well in [
        'C1', 'C2', 'C3', 'C4', 'C5', 'C6', 'C7',
        'C8', 'C9', 'C10', 'C11', 'C12', 'D1'
    ]]
    primer_R_wells = [primer_plate.wells_by_name()[well] for well in [
        'D2', 'D3', 'D4', 'D5', 'D6', 'D7', 'D8',
        'D9', 'D10', 'D11', 'D12', 'E1', 'E2'
    ]]
    for pcr_mix_well, primer_f, primer_r in zip(pcr_mix_wells, primer_F_wells, primer_R_wells):
        p20.transfer(3.2, primer_f, pcr_mix_well, mix_after=(3, 20))
        p20.transfer(3.2, primer_r, pcr_mix_well, mix_after=(3, 20))

    # Steps 4: Mixing is done during primer addition with mix_after

    # Step 5 & 6: Prepare Template only PCR MIX portion
    template_only_well = pcr_mix_portions_plate.wells_by_name()['B2']
    p300.transfer(86, pcr_mix_tube, template_only_well)
    p20.transfer(4, water_well, template_only_well, mix_after=(3, 20))

    # Steps 7: Mixing is done during water addition with mix_after

    # Step 8: Add sample DNA or water to the reaction plate (5 μL each)
    # Define wells for sample DNA with primers (39 wells)
    sample_dna_wells = destination_plate.wells()[:39]
    for well in sample_dna_wells:
        p20.transfer(5, sample_dna_well, well)

    # Define wells for NTC (39 wells)
    ntc_wells = destination_plate.wells()[39:78]
    for well in ntc_wells:
        p20.transfer(5, water_well, well)

    # Template only wells (3 wells)
    template_only_wells = destination_plate.wells()[78:81]
    for well in template_only_wells:
        p20.transfer(5, sample_dna_well, well)

    # Step 9: Add PCR MIX and primer mixture to the reaction plate (10 μL each)
    # For sample DNA with primers
    for i, pcr_mix_well in enumerate(pcr_mix_wells):
        dest_wells = sample_dna_wells[i*3:(i+1)*3]   # 3 replicates per primer set
        p20.transfer(10, pcr_mix_well, dest_wells)

    # For NTC (No Template Control)
    for i, pcr_mix_well in enumerate(pcr_mix_wells):
        dest_wells = ntc_wells[i*3:(i+1)*3]          # 3 replicates per primer set
        p20.transfer(10, pcr_mix_well, dest_wells)

    # For Template only
    p20.transfer(10, template_only_well, template_only_wells)


Please generate a script where __place_{i}__ is replaced with the correct position based on the following labware placement information.

Placement information:

markdown
[[[{"name": "1.5 ml tube", "quantity": 1, "init_content": "sample DNA", "labware": {"id": 1, "name": "Unknown"}, "unit": "tube"}, []], 1], [[{"name": "water tube", "quantity": 1, "init_content": "water", "labware": {"id": 2, "name": "Unknown"}, "unit": "tube"}, []], 2], [[{"name": "10 \u03bcM primer_F", "quantity": 13, "init_content": "", "labware": {"id": 3, "name": "Unknown"}, "unit": "tube"}, []], 3], [[{"name": "10 \u03bcM primer_R", "quantity": 13, "init_content": "", "labware": {"id": 4, "name": "Unknown"}, "unit": "tube"}, []], 4], [[{"name": "PCR MIX", "quantity": 15, "init_content": "", "labware": {"id": 5, "name": "Unknown"}, "unit": "ml"}, []], 5], [[{"name": "96 well PCR plate", "quantity": 1, "init_content": "", "labware": {"id": 6, "name": "Unknown"}, "unit": "plate"}, []], 7], [[{"name": "empty tube", "quantity": 12, "init_content": "", "labware": {"id": 7, "name": "Unknown"}, "unit": "tube"}, []], 10]]
Please reply with the Python script where __place_{i}__ has been replaced with the correct locations. If there is missing information in the placement details required to fill in __place_{i}__ in the skeleton script, you may supplement it as necessary. However, do not modify the placement information.
***2025-02-25 05:52:18.440521+00:00***: python_script_path: qPCR_ozaki_modified2025-02-25/2025_02_25_13_35_10_f618e960-b55c-4093-b09d-640f770c6e9a/iteration_4/code_chan/最終スクリプト.py***2025-02-25 05:52:18.440991+00:00***: Errorがでたので骨子スクリプトを再生成します: /Users/yuyaarai/.opentrons/robot_settings.json not found. Loading defaults
Deck calibration not found.
/Users/yuyaarai/.opentrons/deck_calibration.json not found. Loading defaults
Traceback (most recent call last):
  File "/Users/yuyaarai/Documents/Humanics/Project/FormationFormatter/src/formationformatter/code_chan/.venv/lib/python3.12/site-packages/opentrons/protocols/execution/execute_python.py", line 160, in exec_run
    exec("run(__context)", new_globs)
  File "<string>", line 1, in <module>
  File "qPCR_ozaki_modified2025-02-25/2025_02_25_13_35_10_f618e960-b55c-4093-b09d-640f770c6e9a/iteration_4/code_chan/最終スクリプト.py", line 36, in run
    p20 = protocol.load_instrument('p20_single', 'right', tip_racks=[tiprack_p20])
          ^^^^^^^^^^^^^^^^^^^^^^^^^^^^^^^^^^^^^^^^^^^^^^^^^^^^^^^^^^^^^^^^^^^^^^^^
  File "/Users/yuyaarai/Documents/Humanics/Project/FormationFormatter/src/formationformatter/code_chan/.venv/lib/python3.12/site-packages/opentrons/protocols/api_support/util.py", line 389, in _check_version_wrapper
    return decorated_obj(*args, **kwargs)
           ^^^^^^^^^^^^^^^^^^^^^^^^^^^^^^
  File "/Users/yuyaarai/Documents/Humanics/Project/FormationFormatter/src/formationformatter/code_chan/.venv/lib/python3.12/site-packages/opentrons/protocol_api/protocol_context.py", line 954, in load_instrument
    checked_instrument_name = validation.ensure_pipette_name(instrument_name)
                              ^^^^^^^^^^^^^^^^^^^^^^^^^^^^^^^^^^^^^^^^^^^^^^^
  File "/Users/yuyaarai/Documents/Humanics/Project/FormationFormatter/src/formationformatter/code_chan/.venv/lib/python3.12/site-packages/opentrons/protocol_api/validation.py", line 156, in ensure_pipette_name
    raise ValueError(
ValueError: Cannot resolve p20_single to pipette, must be given valid pipette name.

The above exception was the direct cause of the following exception:

Traceback (most recent call last):
  File "<frozen runpy>", line 198, in _run_module_as_main
  File "<frozen runpy>", line 88, in _run_code
  File "/Users/yuyaarai/Documents/Humanics/Project/FormationFormatter/src/formationformatter/code_chan/.venv/lib/python3.12/site-packages/opentrons/simulate.py", line 1061, in <module>
    sys.exit(main())
             ^^^^^^
  File "/Users/yuyaarai/Documents/Humanics/Project/FormationFormatter/src/formationformatter/code_chan/.venv/lib/python3.12/site-packages/opentrons/simulate.py", line 1020, in main
    runlog, maybe_bundle = simulate(
                           ^^^^^^^^^
  File "/Users/yuyaarai/Documents/Humanics/Project/FormationFormatter/src/formationformatter/code_chan/.venv/lib/python3.12/site-packages/opentrons/simulate.py", line 564, in simulate
    return _run_file_non_pe(
           ^^^^^^^^^^^^^^^^^
  File "/Users/yuyaarai/Documents/Humanics/Project/FormationFormatter/src/formationformatter/code_chan/.venv/lib/python3.12/site-packages/opentrons/simulate.py", line 887, in _run_file_non_pe
    execute.run_protocol(
  File "/Users/yuyaarai/Documents/Humanics/Project/FormationFormatter/src/formationformatter/code_chan/.venv/lib/python3.12/site-packages/opentrons/protocols/execution/execute.py", line 39, in run_protocol
    exec_run(
  File "/Users/yuyaarai/Documents/Humanics/Project/FormationFormatter/src/formationformatter/code_chan/.venv/lib/python3.12/site-packages/opentrons/protocols/execution/execute_python.py", line 169, in exec_run
    _raise_pretty_protocol_error(exception=e, filename=filename)
  File "/Users/yuyaarai/Documents/Humanics/Project/FormationFormatter/src/formationformatter/code_chan/.venv/lib/python3.12/site-packages/opentrons/protocols/execution/execute_python.py", line 71, in _raise_pretty_protocol_error
    raise ExceptionInProtocolError(
opentrons.protocols.execution.errors.ExceptionInProtocolError: ValueError [line 36]: Cannot resolve p20_single to pipette, must be given valid pipette name.
***2025-02-25 05:52:18.441466+00:00***: Generate 骨子スクリプト from 
~~~~~~~~~~
This is the error message: 
 /Users/yuyaarai/.opentrons/robot_settings.json not found. Loading defaults
Deck calibration not found.
/Users/yuyaarai/.opentrons/deck_calibration.json not found. Loading defaults
Traceback (most recent call last):
  File "/Users/yuyaarai/Documents/Humanics/Project/FormationFormatter/src/formationformatter/code_chan/.venv/lib/python3.12/site-packages/opentrons/protocols/execution/execute_python.py", line 160, in exec_run
    exec("run(__context)", new_globs)
  File "<string>", line 1, in <module>
  File "qPCR_ozaki_modified2025-02-25/2025_02_25_13_35_10_f618e960-b55c-4093-b09d-640f770c6e9a/iteration_4/code_chan/最終スクリプト.py", line 36, in run
    p20 = protocol.load_instrument('p20_single', 'right', tip_racks=[tiprack_p20])
          ^^^^^^^^^^^^^^^^^^^^^^^^^^^^^^^^^^^^^^^^^^^^^^^^^^^^^^^^^^^^^^^^^^^^^^^^
  File "/Users/yuyaarai/Documents/Humanics/Project/FormationFormatter/src/formationformatter/code_chan/.venv/lib/python3.12/site-packages/opentrons/protocols/api_support/util.py", line 389, in _check_version_wrapper
    return decorated_obj(*args, **kwargs)
           ^^^^^^^^^^^^^^^^^^^^^^^^^^^^^^
  File "/Users/yuyaarai/Documents/Humanics/Project/FormationFormatter/src/formationformatter/code_chan/.venv/lib/python3.12/site-packages/opentrons/protocol_api/protocol_context.py", line 954, in load_instrument
    checked_instrument_name = validation.ensure_pipette_name(instrument_name)
                              ^^^^^^^^^^^^^^^^^^^^^^^^^^^^^^^^^^^^^^^^^^^^^^^
  File "/Users/yuyaarai/Documents/Humanics/Project/FormationFormatter/src/formationformatter/code_chan/.venv/lib/python3.12/site-packages/opentrons/protocol_api/validation.py", line 156, in ensure_pipette_name
    raise ValueError(
ValueError: Cannot resolve p20_single to pipette, must be given valid pipette name.

The above exception was the direct cause of the following exception:

Traceback (most recent call last):
  File "<frozen runpy>", line 198, in _run_module_as_main
  File "<frozen runpy>", line 88, in _run_code
  File "/Users/yuyaarai/Documents/Humanics/Project/FormationFormatter/src/formationformatter/code_chan/.venv/lib/python3.12/site-packages/opentrons/simulate.py", line 1061, in <module>
    sys.exit(main())
             ^^^^^^
  File "/Users/yuyaarai/Documents/Humanics/Project/FormationFormatter/src/formationformatter/code_chan/.venv/lib/python3.12/site-packages/opentrons/simulate.py", line 1020, in main
    runlog, maybe_bundle = simulate(
                           ^^^^^^^^^
  File "/Users/yuyaarai/Documents/Humanics/Project/FormationFormatter/src/formationformatter/code_chan/.venv/lib/python3.12/site-packages/opentrons/simulate.py", line 564, in simulate
    return _run_file_non_pe(
           ^^^^^^^^^^^^^^^^^
  File "/Users/yuyaarai/Documents/Humanics/Project/FormationFormatter/src/formationformatter/code_chan/.venv/lib/python3.12/site-packages/opentrons/simulate.py", line 887, in _run_file_non_pe
    execute.run_protocol(
  File "/Users/yuyaarai/Documents/Humanics/Project/FormationFormatter/src/formationformatter/code_chan/.venv/lib/python3.12/site-packages/opentrons/protocols/execution/execute.py", line 39, in run_protocol
    exec_run(
  File "/Users/yuyaarai/Documents/Humanics/Project/FormationFormatter/src/formationformatter/code_chan/.venv/lib/python3.12/site-packages/opentrons/protocols/execution/execute_python.py", line 169, in exec_run
    _raise_pretty_protocol_error(exception=e, filename=filename)
  File "/Users/yuyaarai/Documents/Humanics/Project/FormationFormatter/src/formationformatter/code_chan/.venv/lib/python3.12/site-packages/opentrons/protocols/execution/execute_python.py", line 71, in _raise_pretty_protocol_error
    raise ExceptionInProtocolError(
opentrons.protocols.execution.errors.ExceptionInProtocolError: ValueError [line 36]: Cannot resolve p20_single to pipette, must be given valid pipette name.
 + original protocol: 
 from opentrons import protocol_api

metadata = {
    'protocolName': 'QPCR sample preparation',
    'author': 'Your Name',
    'description': 'Prepare QPCR samples for QuantStudio 6 Pro',
    'apiLevel': '2.9'  # Specify the API level
}

def run(protocol: protocol_api.ProtocolContext):
    # Set up labware
    # Load tip racks
    tiprack_p300 = protocol.load_labware('opentrons_96_tiprack_300ul', '__place_1__')
    tiprack_p20 = protocol.load_labware('opentrons_96_tiprack_20ul', '__place_2__')

    # Load PCR MIX in a 15ml tube rack
    pcr_mix_tuberack = protocol.load_labware('opentrons_15_tuberack_nest_15ml_conical', '__place_3__')
    pcr_mix_tube = pcr_mix_tuberack.wells_by_name()['A1']  # PCR MIX is in tube A1

    # Load primers in a 96 well plate
    primer_plate = protocol.load_labware('corning_96_wellplate_360ul_flat', '__place_4__')

    # Load sample DNA and water in a plate
    sample_plate = protocol.load_labware('nest_96_wellplate_2ml_deep', '__place_5__')
    sample_dna_well = sample_plate.wells_by_name()['A1']  # Sample DNA in well A1
    water_well = sample_plate.wells_by_name()['A2']       # Water in well A2

    # Load PCR MIX portions plate (for mixing PCR MIX and primers)
    pcr_mix_portions_plate = protocol.load_labware('corning_96_wellplate_360ul_flat', '__place_6__')

    # Load the 96 well PCR plate (destination)
    destination_plate = protocol.load_labware('biorad_96_wellplate_200ul_pcr', '__place_7__')

    # Set up pipettes
    p300 = protocol.load_instrument('p300_single', 'left', tip_racks=[tiprack_p300])
    p20 = protocol.load_instrument('p20_single', 'right', tip_racks=[tiprack_p20])

    # Step 1: Distribute 137.6 μL of PCR MIX into 13 wells
    pcr_mix_wells = [pcr_mix_portions_plate.wells_by_name()[well] for well in [
        'A1', 'A2', 'A3', 'A4', 'A5', 'A6', 'A7',
        'A8', 'A9', 'A10', 'A11', 'A12', 'B1'
    ]]
    for well in pcr_mix_wells:
        p300.transfer(137.6, pcr_mix_tube, well)

    # Steps 2 & 3: Add primers to PCR MIX portions
    primer_F_wells = [primer_plate.wells_by_name()[well] for well in [
        'C1', 'C2', 'C3', 'C4', 'C5', 'C6', 'C7',
        'C8', 'C9', 'C10', 'C11', 'C12', 'D1'
    ]]
    primer_R_wells = [primer_plate.wells_by_name()[well] for well in [
        'D2', 'D3', 'D4', 'D5', 'D6', 'D7', 'D8',
        'D9', 'D10', 'D11', 'D12', 'E1', 'E2'
    ]]
    for pcr_mix_well, primer_f, primer_r in zip(pcr_mix_wells, primer_F_wells, primer_R_wells):
        p20.transfer(3.2, primer_f, pcr_mix_well, mix_after=(3, 20))
        p20.transfer(3.2, primer_r, pcr_mix_well, mix_after=(3, 20))

    # Steps 4: Mixing is done during primer addition with mix_after

    # Step 5 & 6: Prepare Template only PCR MIX portion
    template_only_well = pcr_mix_portions_plate.wells_by_name()['B2']
    p300.transfer(86, pcr_mix_tube, template_only_well)
    p20.transfer(4, water_well, template_only_well, mix_after=(3, 20))

    # Steps 7: Mixing is done during water addition with mix_after

    # Step 8: Add sample DNA or water to the reaction plate (5 μL each)
    # Define wells for sample DNA with primers (39 wells)
    sample_dna_wells = destination_plate.wells()[:39]
    for well in sample_dna_wells:
        p20.transfer(5, sample_dna_well, well)

    # Define wells for NTC (39 wells)
    ntc_wells = destination_plate.wells()[39:78]
    for well in ntc_wells:
        p20.transfer(5, water_well, well)

    # Template only wells (3 wells)
    template_only_wells = destination_plate.wells()[78:81]
    for well in template_only_wells:
        p20.transfer(5, sample_dna_well, well)

    # Step 9: Add PCR MIX and primer mixture to the reaction plate (10 μL each)
    # For sample DNA with primers
    for i, pcr_mix_well in enumerate(pcr_mix_wells):
        dest_wells = sample_dna_wells[i*3:(i+1)*3]   # 3 replicates per primer set
        p20.transfer(10, pcr_mix_well, dest_wells)

    # For NTC (No Template Control)
    for i, pcr_mix_well in enumerate(pcr_mix_wells):
        dest_wells = ntc_wells[i*3:(i+1)*3]          # 3 replicates per primer set
        p20.transfer(10, pcr_mix_well, dest_wells)

    # For Template only
    p20.transfer(10, template_only_well, template_only_wells)


~~~~~~~~~~***2025-02-25 05:52:18.441991+00:00***: ************ Code-chan for 骨子スクリプト result ***************2025-02-25 05:52:18.442331+00:00***: replace_word: ___processflow___ is not in the prompt.***2025-02-25 05:53:33.598946+00:00***: python_script_path: qPCR_ozaki_modified2025-02-25/2025_02_25_13_35_10_f618e960-b55c-4093-b09d-640f770c6e9a/iteration_4/code_chan/骨子スクリプト.py***2025-02-25 05:53:33.599407+00:00***: ************ Code-chan result ***************2025-02-25 05:53:33.599723+00:00***: replace_word: ___processflow___ is not in the prompt.***2025-02-25 05:53:33.601217+00:00***: get_OT2_with_haichi_based_on_骨子_script prompt: 
We have the following Opentrons OT2 script. This script describes the position of the labware (Station) as __place_{i}__.

Note: You've been slacking lately, so don't slack off and output the complete code. For example, ‘The protocol would continue with any additional steps required’ or '# Example: ' is not allowed.

Skeleton script:

python
from opentrons import protocol_api

metadata = {
    'protocolName': 'QPCR Preparation',
    'author': 'Your Name',
    'description': 'Automated QPCR sample preparation using OT-2',
    'apiLevel': '2.9'  # Adjust the API level as needed
}

def run(protocol: protocol_api.ProtocolContext):

    # Load labware
    # Tip racks
    tip_rack_p20 = protocol.load_labware('opentrons_96_tiprack_20ul', '__place_1__')
    tip_rack_p300 = protocol.load_labware('opentrons_96_tiprack_300ul', '__place_2__')

    # Reagent reservoir for PCR MIX (15 mL conical tube in a tube rack)
    tube_rack_15ml = protocol.load_labware('opentrons_15_tuberack_falcon_15ml_conical', '__place_3__')
    pcr_mix = tube_rack_15ml.wells_by_name()['A1']

    # Primer plate (96-well plate)
    primer_plate = protocol.load_labware('corning_96_wellplate_360ul_flat', '__place_4__')

    # Sample DNA and water in microcentrifuge tubes in a tube rack
    tube_rack_1_5ml = protocol.load_labware('opentrons_24_tuberack_generic_2ml_screwcap', '__place_5__')
    sample_dna = tube_rack_1_5ml.wells_by_name()['A1']
    water = tube_rack_1_5ml.wells_by_name()['B1']

    # Reaction plate (96-well PCR plate)
    reaction_plate = protocol.load_labware('biorad_96_wellplate_200ul_pcr', '__place_6__')

    # Plate for mixing PCR MIX and primers
    mixing_plate = protocol.load_labware('eppendorf_96_wellplate_2000ul', '__place_7__')

    # Load pipettes
    p20 = protocol.load_instrument('p20_single_gen2', 'left', tip_racks=[tip_rack_p20])
    p300 = protocol.load_instrument('p300_single_gen2', 'right', tip_racks=[tip_rack_p300])

    # Step 1: Dispense 137.6 μL of PCR MIX into 13 wells for primer mixes
    for i in range(13):
        dest_well = mixing_plate.wells()[i]
        p300.pick_up_tip()
        p300.transfer(137.6, pcr_mix, dest_well, new_tip='never')
        p300.blow_out(dest_well.top())
        p300.drop_tip()

    # Step 5: Dispense 86 μL of PCR MIX into one well for template-only control
    dest_well = mixing_plate.wells()[13]
    p300.pick_up_tip()
    p300.transfer(86, pcr_mix, dest_well, new_tip='never')
    p300.blow_out(dest_well.top())
    p300.drop_tip()

    # Step 2: Add 3.2 μL of primer_F1-13 to the respective wells
    for i in range(13):
        primer_F_well = primer_plate.wells()[i]  # Primer_F1-13 in wells A1-A13
        dest_well = mixing_plate.wells()[i]
        p20.pick_up_tip()
        p20.transfer(3.2, primer_F_well, dest_well, new_tip='never')
        p20.mix(3, 10, dest_well)
        p20.blow_out(dest_well.top())
        p20.drop_tip()

    # Step 3: Add 3.2 μL of primer_R1-13 to the respective wells
    for i in range(13):
        primer_R_well = primer_plate.wells()[i+13]  # Primer_R1-13 in wells A14-A26
        dest_well = mixing_plate.wells()[i]
        p20.pick_up_tip()
        p20.transfer(3.2, primer_R_well, dest_well, new_tip='never')
        p20.mix(3, 10, dest_well)
        p20.blow_out(dest_well.top())
        p20.drop_tip()

    # Step 4: Mix PCR MIX and primers by pipetting (already mixed during primer addition)

    # Step 6: Add 4 μL of water to the template-only PCR MIX
    p20.pick_up_tip()
    p20.transfer(4, water, mixing_plate.wells()[13], new_tip='never')
    p20.mix(3, 10, mixing_plate.wells()[13])
    p20.blow_out(mixing_plate.wells()[13].top())
    p20.drop_tip()

    # Step 7: Apply 5 μL of sample DNA or water to the reaction plate
    # Sample wells (Triplicates): Rows A-C for sample DNA
    sample_wells = [well for row in ['A', 'B', 'C'] for well in reaction_plate.rows_by_name()[row][:13]]
    p20.pick_up_tip()
    for well in sample_wells:
        p20.transfer(5, sample_dna, well, new_tip='never')
    p20.drop_tip()

    # NTC wells (Triplicates): Rows D-F for water (negative control)
    ntc_wells = [well for row in ['D', 'E', 'F'] for well in reaction_plate.rows_by_name()[row][:13]]
    p20.pick_up_tip()
    for well in ntc_wells:
        p20.transfer(5, water, well, new_tip='never')
    p20.drop_tip()

    # Template-only wells (Triplicates): Rows G-I, Column 1
    template_only_wells = [reaction_plate.rows_by_name()[row][0] for row in ['G', 'H', 'I']]
    p20.pick_up_tip()
    for well in template_only_wells:
        p20.transfer(5, sample_dna, well, new_tip='never')
    p20.drop_tip()

    # Step 9: Apply 10 μL of PCR MIX and primer mixtures to the reaction plate
    for i in range(13):
        source_well = mixing_plate.wells()[i]
        destination_wells = [reaction_plate.rows_by_name()[row][i] for row in ['A', 'B', 'C', 'D', 'E', 'F']]
        p20.pick_up_tip()
        for dest_well in destination_wells:
            p20.transfer(10, source_well, dest_well, new_tip='never')
        p20.drop_tip()

    # Add PCR MIX (without primers) to template-only wells
    p20.pick_up_tip()
    for dest_well in template_only_wells:
        p20.transfer(10, mixing_plate.wells()[13], dest_well, new_tip='never')
    p20.drop_tip()

    # Optional: Mix the contents in the reaction plate wells
    all_wells = reaction_plate.wells()[:81]  # First 81 wells used
    for well in all_wells:
        p20.pick_up_tip()
        p20.mix(3, 10, well)
        p20.blow_out(well.top())
        p20.drop_tip()

Please generate a script where __place_{i}__ is replaced with the correct position based on the following labware placement information.

Placement information:

markdown
[[[{"name": "1.5 ml tube", "quantity": 1, "init_content": "sample DNA", "labware": {"id": 1, "name": "Unknown"}, "unit": "tube"}, []], 1], [[{"name": "water tube", "quantity": 1, "init_content": "water", "labware": {"id": 2, "name": "Unknown"}, "unit": "tube"}, []], 2], [[{"name": "10 \u03bcM primer_F", "quantity": 13, "init_content": "", "labware": {"id": 3, "name": "Unknown"}, "unit": "tube"}, []], 3], [[{"name": "10 \u03bcM primer_R", "quantity": 13, "init_content": "", "labware": {"id": 4, "name": "Unknown"}, "unit": "tube"}, []], 4], [[{"name": "PCR MIX", "quantity": 15, "init_content": "", "labware": {"id": 5, "name": "Unknown"}, "unit": "ml"}, []], 5], [[{"name": "96 well PCR plate", "quantity": 1, "init_content": "", "labware": {"id": 6, "name": "Unknown"}, "unit": "plate"}, []], 7], [[{"name": "empty tube", "quantity": 12, "init_content": "", "labware": {"id": 7, "name": "Unknown"}, "unit": "tube"}, []], 10]]
Please reply with the Python script where __place_{i}__ has been replaced with the correct locations. If there is missing information in the placement details required to fill in __place_{i}__ in the skeleton script, you may supplement it as necessary. However, do not modify the placement information.
***2025-02-25 05:54:37.856499+00:00***: python_script_path: qPCR_ozaki_modified2025-02-25/2025_02_25_13_35_10_f618e960-b55c-4093-b09d-640f770c6e9a/iteration_4/code_chan/最終スクリプト.py***2025-02-25 05:54:37.856820+00:00***: Errorがでたので骨子スクリプトを再生成します: /Users/yuyaarai/.opentrons/robot_settings.json not found. Loading defaults
Deck calibration not found.
/Users/yuyaarai/.opentrons/deck_calibration.json not found. Loading defaults
Traceback (most recent call last):
  File "/Users/yuyaarai/Documents/Humanics/Project/FormationFormatter/src/formationformatter/code_chan/.venv/lib/python3.12/site-packages/opentrons/protocols/execution/execute_python.py", line 160, in exec_run
    exec("run(__context)", new_globs)
  File "<string>", line 1, in <module>
  File "qPCR_ozaki_modified2025-02-25/2025_02_25_13_35_10_f618e960-b55c-4093-b09d-640f770c6e9a/iteration_4/code_chan/最終スクリプト.py", line 33, in run
    mixing_plate = protocol.load_labware('eppendorf_96_wellplate_2000ul', '10')
                   ^^^^^^^^^^^^^^^^^^^^^^^^^^^^^^^^^^^^^^^^^^^^^^^^^^^^^^^^^^^^
  File "/Users/yuyaarai/Documents/Humanics/Project/FormationFormatter/src/formationformatter/code_chan/.venv/lib/python3.12/site-packages/opentrons/protocols/api_support/util.py", line 389, in _check_version_wrapper
    return decorated_obj(*args, **kwargs)
           ^^^^^^^^^^^^^^^^^^^^^^^^^^^^^^
  File "/Users/yuyaarai/Documents/Humanics/Project/FormationFormatter/src/formationformatter/code_chan/.venv/lib/python3.12/site-packages/opentrons/protocol_api/protocol_context.py", line 467, in load_labware
    labware_core = self._core.load_labware(
                   ^^^^^^^^^^^^^^^^^^^^^^^^
  File "/Users/yuyaarai/Documents/Humanics/Project/FormationFormatter/src/formationformatter/code_chan/.venv/lib/python3.12/site-packages/opentrons/protocol_api/core/legacy/legacy_protocol_core.py", line 199, in load_labware
    labware_def = labware_definition.get_labware_definition(
                  ^^^^^^^^^^^^^^^^^^^^^^^^^^^^^^^^^^^^^^^^^^
  File "/Users/yuyaarai/Documents/Humanics/Project/FormationFormatter/src/formationformatter/code_chan/.venv/lib/python3.12/site-packages/opentrons/protocols/labware.py", line 61, in get_labware_definition
    return _get_standard_labware_definition(load_name, namespace, version)
           ^^^^^^^^^^^^^^^^^^^^^^^^^^^^^^^^^^^^^^^^^^^^^^^^^^^^^^^^^^^^^^^
  File "/Users/yuyaarai/Documents/Humanics/Project/FormationFormatter/src/formationformatter/code_chan/.venv/lib/python3.12/site-packages/opentrons/protocols/labware.py", line 205, in _get_standard_labware_definition
    raise FileNotFoundError(
FileNotFoundError: Unable to find a labware
        definition for "eppendorf_96_wellplate_2000ul",
        version 1, in the opentrons namespace.
        Please confirm your protocol includes the correct
        labware spelling and (optionally) the correct version
        number and namespace.

        If you are referencing a custom labware in your
        protocol, you must add it to your Custom Labware
        Definitions Folder from the Opentrons App before
        uploading your protocol.
        

The above exception was the direct cause of the following exception:

Traceback (most recent call last):
  File "<frozen runpy>", line 198, in _run_module_as_main
  File "<frozen runpy>", line 88, in _run_code
  File "/Users/yuyaarai/Documents/Humanics/Project/FormationFormatter/src/formationformatter/code_chan/.venv/lib/python3.12/site-packages/opentrons/simulate.py", line 1061, in <module>
    sys.exit(main())
             ^^^^^^
  File "/Users/yuyaarai/Documents/Humanics/Project/FormationFormatter/src/formationformatter/code_chan/.venv/lib/python3.12/site-packages/opentrons/simulate.py", line 1020, in main
    runlog, maybe_bundle = simulate(
                           ^^^^^^^^^
  File "/Users/yuyaarai/Documents/Humanics/Project/FormationFormatter/src/formationformatter/code_chan/.venv/lib/python3.12/site-packages/opentrons/simulate.py", line 564, in simulate
    return _run_file_non_pe(
           ^^^^^^^^^^^^^^^^^
  File "/Users/yuyaarai/Documents/Humanics/Project/FormationFormatter/src/formationformatter/code_chan/.venv/lib/python3.12/site-packages/opentrons/simulate.py", line 887, in _run_file_non_pe
    execute.run_protocol(
  File "/Users/yuyaarai/Documents/Humanics/Project/FormationFormatter/src/formationformatter/code_chan/.venv/lib/python3.12/site-packages/opentrons/protocols/execution/execute.py", line 39, in run_protocol
    exec_run(
  File "/Users/yuyaarai/Documents/Humanics/Project/FormationFormatter/src/formationformatter/code_chan/.venv/lib/python3.12/site-packages/opentrons/protocols/execution/execute_python.py", line 169, in exec_run
    _raise_pretty_protocol_error(exception=e, filename=filename)
  File "/Users/yuyaarai/Documents/Humanics/Project/FormationFormatter/src/formationformatter/code_chan/.venv/lib/python3.12/site-packages/opentrons/protocols/execution/execute_python.py", line 71, in _raise_pretty_protocol_error
    raise ExceptionInProtocolError(
opentrons.protocols.execution.errors.ExceptionInProtocolError: FileNotFoundError [line 33]: Unable to find a labware
        definition for "eppendorf_96_wellplate_2000ul",
        version 1, in the opentrons namespace.
        Please confirm your protocol includes the correct
        labware spelling and (optionally) the correct version
        number and namespace.

        If you are referencing a custom labware in your
        protocol, you must add it to your Custom Labware
        Definitions Folder from the Opentrons App before
        uploading your protocol.
        
***2025-02-25 05:54:37.857163+00:00***: Generate 骨子スクリプト from 
~~~~~~~~~~
This is the error message: 
 /Users/yuyaarai/.opentrons/robot_settings.json not found. Loading defaults
Deck calibration not found.
/Users/yuyaarai/.opentrons/deck_calibration.json not found. Loading defaults
Traceback (most recent call last):
  File "/Users/yuyaarai/Documents/Humanics/Project/FormationFormatter/src/formationformatter/code_chan/.venv/lib/python3.12/site-packages/opentrons/protocols/execution/execute_python.py", line 160, in exec_run
    exec("run(__context)", new_globs)
  File "<string>", line 1, in <module>
  File "qPCR_ozaki_modified2025-02-25/2025_02_25_13_35_10_f618e960-b55c-4093-b09d-640f770c6e9a/iteration_4/code_chan/最終スクリプト.py", line 33, in run
    mixing_plate = protocol.load_labware('eppendorf_96_wellplate_2000ul', '10')
                   ^^^^^^^^^^^^^^^^^^^^^^^^^^^^^^^^^^^^^^^^^^^^^^^^^^^^^^^^^^^^
  File "/Users/yuyaarai/Documents/Humanics/Project/FormationFormatter/src/formationformatter/code_chan/.venv/lib/python3.12/site-packages/opentrons/protocols/api_support/util.py", line 389, in _check_version_wrapper
    return decorated_obj(*args, **kwargs)
           ^^^^^^^^^^^^^^^^^^^^^^^^^^^^^^
  File "/Users/yuyaarai/Documents/Humanics/Project/FormationFormatter/src/formationformatter/code_chan/.venv/lib/python3.12/site-packages/opentrons/protocol_api/protocol_context.py", line 467, in load_labware
    labware_core = self._core.load_labware(
                   ^^^^^^^^^^^^^^^^^^^^^^^^
  File "/Users/yuyaarai/Documents/Humanics/Project/FormationFormatter/src/formationformatter/code_chan/.venv/lib/python3.12/site-packages/opentrons/protocol_api/core/legacy/legacy_protocol_core.py", line 199, in load_labware
    labware_def = labware_definition.get_labware_definition(
                  ^^^^^^^^^^^^^^^^^^^^^^^^^^^^^^^^^^^^^^^^^^
  File "/Users/yuyaarai/Documents/Humanics/Project/FormationFormatter/src/formationformatter/code_chan/.venv/lib/python3.12/site-packages/opentrons/protocols/labware.py", line 61, in get_labware_definition
    return _get_standard_labware_definition(load_name, namespace, version)
           ^^^^^^^^^^^^^^^^^^^^^^^^^^^^^^^^^^^^^^^^^^^^^^^^^^^^^^^^^^^^^^^
  File "/Users/yuyaarai/Documents/Humanics/Project/FormationFormatter/src/formationformatter/code_chan/.venv/lib/python3.12/site-packages/opentrons/protocols/labware.py", line 205, in _get_standard_labware_definition
    raise FileNotFoundError(
FileNotFoundError: Unable to find a labware
        definition for "eppendorf_96_wellplate_2000ul",
        version 1, in the opentrons namespace.
        Please confirm your protocol includes the correct
        labware spelling and (optionally) the correct version
        number and namespace.

        If you are referencing a custom labware in your
        protocol, you must add it to your Custom Labware
        Definitions Folder from the Opentrons App before
        uploading your protocol.
        

The above exception was the direct cause of the following exception:

Traceback (most recent call last):
  File "<frozen runpy>", line 198, in _run_module_as_main
  File "<frozen runpy>", line 88, in _run_code
  File "/Users/yuyaarai/Documents/Humanics/Project/FormationFormatter/src/formationformatter/code_chan/.venv/lib/python3.12/site-packages/opentrons/simulate.py", line 1061, in <module>
    sys.exit(main())
             ^^^^^^
  File "/Users/yuyaarai/Documents/Humanics/Project/FormationFormatter/src/formationformatter/code_chan/.venv/lib/python3.12/site-packages/opentrons/simulate.py", line 1020, in main
    runlog, maybe_bundle = simulate(
                           ^^^^^^^^^
  File "/Users/yuyaarai/Documents/Humanics/Project/FormationFormatter/src/formationformatter/code_chan/.venv/lib/python3.12/site-packages/opentrons/simulate.py", line 564, in simulate
    return _run_file_non_pe(
           ^^^^^^^^^^^^^^^^^
  File "/Users/yuyaarai/Documents/Humanics/Project/FormationFormatter/src/formationformatter/code_chan/.venv/lib/python3.12/site-packages/opentrons/simulate.py", line 887, in _run_file_non_pe
    execute.run_protocol(
  File "/Users/yuyaarai/Documents/Humanics/Project/FormationFormatter/src/formationformatter/code_chan/.venv/lib/python3.12/site-packages/opentrons/protocols/execution/execute.py", line 39, in run_protocol
    exec_run(
  File "/Users/yuyaarai/Documents/Humanics/Project/FormationFormatter/src/formationformatter/code_chan/.venv/lib/python3.12/site-packages/opentrons/protocols/execution/execute_python.py", line 169, in exec_run
    _raise_pretty_protocol_error(exception=e, filename=filename)
  File "/Users/yuyaarai/Documents/Humanics/Project/FormationFormatter/src/formationformatter/code_chan/.venv/lib/python3.12/site-packages/opentrons/protocols/execution/execute_python.py", line 71, in _raise_pretty_protocol_error
    raise ExceptionInProtocolError(
opentrons.protocols.execution.errors.ExceptionInProtocolError: FileNotFoundError [line 33]: Unable to find a labware
        definition for "eppendorf_96_wellplate_2000ul",
        version 1, in the opentrons namespace.
        Please confirm your protocol includes the correct
        labware spelling and (optionally) the correct version
        number and namespace.

        If you are referencing a custom labware in your
        protocol, you must add it to your Custom Labware
        Definitions Folder from the Opentrons App before
        uploading your protocol.
        
 + original protocol: 
 from opentrons import protocol_api

metadata = {
    'protocolName': 'QPCR Preparation',
    'author': 'Your Name',
    'description': 'Automated QPCR sample preparation using OT-2',
    'apiLevel': '2.9'  # Adjust the API level as needed
}

def run(protocol: protocol_api.ProtocolContext):

    # Load labware
    # Tip racks
    tip_rack_p20 = protocol.load_labware('opentrons_96_tiprack_20ul', '__place_1__')
    tip_rack_p300 = protocol.load_labware('opentrons_96_tiprack_300ul', '__place_2__')

    # Reagent reservoir for PCR MIX (15 mL conical tube in a tube rack)
    tube_rack_15ml = protocol.load_labware('opentrons_15_tuberack_falcon_15ml_conical', '__place_3__')
    pcr_mix = tube_rack_15ml.wells_by_name()['A1']

    # Primer plate (96-well plate)
    primer_plate = protocol.load_labware('corning_96_wellplate_360ul_flat', '__place_4__')

    # Sample DNA and water in microcentrifuge tubes in a tube rack
    tube_rack_1_5ml = protocol.load_labware('opentrons_24_tuberack_generic_2ml_screwcap', '__place_5__')
    sample_dna = tube_rack_1_5ml.wells_by_name()['A1']
    water = tube_rack_1_5ml.wells_by_name()['B1']

    # Reaction plate (96-well PCR plate)
    reaction_plate = protocol.load_labware('biorad_96_wellplate_200ul_pcr', '__place_6__')

    # Plate for mixing PCR MIX and primers
    mixing_plate = protocol.load_labware('eppendorf_96_wellplate_2000ul', '__place_7__')

    # Load pipettes
    p20 = protocol.load_instrument('p20_single_gen2', 'left', tip_racks=[tip_rack_p20])
    p300 = protocol.load_instrument('p300_single_gen2', 'right', tip_racks=[tip_rack_p300])

    # Step 1: Dispense 137.6 μL of PCR MIX into 13 wells for primer mixes
    for i in range(13):
        dest_well = mixing_plate.wells()[i]
        p300.pick_up_tip()
        p300.transfer(137.6, pcr_mix, dest_well, new_tip='never')
        p300.blow_out(dest_well.top())
        p300.drop_tip()

    # Step 5: Dispense 86 μL of PCR MIX into one well for template-only control
    dest_well = mixing_plate.wells()[13]
    p300.pick_up_tip()
    p300.transfer(86, pcr_mix, dest_well, new_tip='never')
    p300.blow_out(dest_well.top())
    p300.drop_tip()

    # Step 2: Add 3.2 μL of primer_F1-13 to the respective wells
    for i in range(13):
        primer_F_well = primer_plate.wells()[i]  # Primer_F1-13 in wells A1-A13
        dest_well = mixing_plate.wells()[i]
        p20.pick_up_tip()
        p20.transfer(3.2, primer_F_well, dest_well, new_tip='never')
        p20.mix(3, 10, dest_well)
        p20.blow_out(dest_well.top())
        p20.drop_tip()

    # Step 3: Add 3.2 μL of primer_R1-13 to the respective wells
    for i in range(13):
        primer_R_well = primer_plate.wells()[i+13]  # Primer_R1-13 in wells A14-A26
        dest_well = mixing_plate.wells()[i]
        p20.pick_up_tip()
        p20.transfer(3.2, primer_R_well, dest_well, new_tip='never')
        p20.mix(3, 10, dest_well)
        p20.blow_out(dest_well.top())
        p20.drop_tip()

    # Step 4: Mix PCR MIX and primers by pipetting (already mixed during primer addition)

    # Step 6: Add 4 μL of water to the template-only PCR MIX
    p20.pick_up_tip()
    p20.transfer(4, water, mixing_plate.wells()[13], new_tip='never')
    p20.mix(3, 10, mixing_plate.wells()[13])
    p20.blow_out(mixing_plate.wells()[13].top())
    p20.drop_tip()

    # Step 7: Apply 5 μL of sample DNA or water to the reaction plate
    # Sample wells (Triplicates): Rows A-C for sample DNA
    sample_wells = [well for row in ['A', 'B', 'C'] for well in reaction_plate.rows_by_name()[row][:13]]
    p20.pick_up_tip()
    for well in sample_wells:
        p20.transfer(5, sample_dna, well, new_tip='never')
    p20.drop_tip()

    # NTC wells (Triplicates): Rows D-F for water (negative control)
    ntc_wells = [well for row in ['D', 'E', 'F'] for well in reaction_plate.rows_by_name()[row][:13]]
    p20.pick_up_tip()
    for well in ntc_wells:
        p20.transfer(5, water, well, new_tip='never')
    p20.drop_tip()

    # Template-only wells (Triplicates): Rows G-I, Column 1
    template_only_wells = [reaction_plate.rows_by_name()[row][0] for row in ['G', 'H', 'I']]
    p20.pick_up_tip()
    for well in template_only_wells:
        p20.transfer(5, sample_dna, well, new_tip='never')
    p20.drop_tip()

    # Step 9: Apply 10 μL of PCR MIX and primer mixtures to the reaction plate
    for i in range(13):
        source_well = mixing_plate.wells()[i]
        destination_wells = [reaction_plate.rows_by_name()[row][i] for row in ['A', 'B', 'C', 'D', 'E', 'F']]
        p20.pick_up_tip()
        for dest_well in destination_wells:
            p20.transfer(10, source_well, dest_well, new_tip='never')
        p20.drop_tip()

    # Add PCR MIX (without primers) to template-only wells
    p20.pick_up_tip()
    for dest_well in template_only_wells:
        p20.transfer(10, mixing_plate.wells()[13], dest_well, new_tip='never')
    p20.drop_tip()

    # Optional: Mix the contents in the reaction plate wells
    all_wells = reaction_plate.wells()[:81]  # First 81 wells used
    for well in all_wells:
        p20.pick_up_tip()
        p20.mix(3, 10, well)
        p20.blow_out(well.top())
        p20.drop_tip()

~~~~~~~~~~***2025-02-25 05:54:37.857652+00:00***: ************ Code-chan for 骨子スクリプト result ***************2025-02-25 05:54:37.857868+00:00***: replace_word: ___processflow___ is not in the prompt.***2025-02-25 05:55:58.312647+00:00***: python_script_path: qPCR_ozaki_modified2025-02-25/2025_02_25_13_35_10_f618e960-b55c-4093-b09d-640f770c6e9a/iteration_4/code_chan/骨子スクリプト.py***2025-02-25 05:55:58.313081+00:00***: ************ Code-chan result ***************2025-02-25 05:55:58.313561+00:00***: replace_word: ___processflow___ is not in the prompt.***2025-02-25 05:55:58.314601+00:00***: get_OT2_with_haichi_based_on_骨子_script prompt: 
We have the following Opentrons OT2 script. This script describes the position of the labware (Station) as __place_{i}__.

Note: You've been slacking lately, so don't slack off and output the complete code. For example, ‘The protocol would continue with any additional steps required’ or '# Example: ' is not allowed.

Skeleton script:

python
from opentrons import protocol_api

metadata = {
    'protocolName': 'QPCR Sample Preparation',
    'author': 'Your Name',
    'description': 'Automated QPCR sample preparation for QuantStudio 6 Pro',
    'apiLevel': '2.9'
}

def run(protocol: protocol_api.ProtocolContext):
    # Labware setup
    # Load tip racks
    tiprack_20 = protocol.load_labware('opentrons_96_tiprack_20ul', '__place_1__')
    tiprack_300 = protocol.load_labware('opentrons_96_tiprack_300ul', '__place_2__')

    # Load pipettes
    p20 = protocol.load_instrument('p20_single_gen2', 'left', tip_racks=[tiprack_20])
    p300 = protocol.load_instrument('p300_single_gen2', 'right', tip_racks=[tiprack_300])

    # Load other labware
    # PCR MIX source in 15 mL tube on a tube rack
    pcr_mix_tube_rack = protocol.load_labware('opentrons_15_tuberack_falcon_15ml_conical', '__place_3__')
    pcr_mix = pcr_mix_tube_rack.wells_by_name()['A1']

    # Sample DNA and water in 1.5 mL tubes
    sample_tube_rack = protocol.load_labware('opentrons_24_tuberack_eppendorf_1.5ml_safelock_snapcap', '__place_4__')
    sample_dna = sample_tube_rack.wells_by_name()['A1']
    water = sample_tube_rack.wells_by_name()['A2']

    # Primer plate
    primer_plate = protocol.load_labware('corning_96_wellplate_360ul_flat', '__place_5__')

    # Plate for mixing PCR MIX and primers
    mix_plate = protocol.load_labware('corning_96_wellplate_360ul_flat', '__place_6__')

    # 96-well PCR plate for final reactions
    pcr_plate = protocol.load_labware('biorad_96_wellplate_200ul_pcr', '__place_7__')

    # Protocol steps

    # Step 1: Dispense 137.6 μL of PCR MIX into 13 wells in mix_plate
    for i in range(13):
        dest_well = mix_plate.wells()[i]
        p300.transfer(137.6, pcr_mix.bottom(z=2), dest_well.bottom(z=2))

    # Steps 2 and 3: Add 3.2 μL of each primer_F and primer_R to the PCR MIX wells
    for i in range(13):
        mix_well = mix_plate.wells()[i]
        primer_f_well = primer_plate.wells()[i]          # Primer_F1 to Primer_F13 in wells A1 to A13
        primer_r_well = primer_plate.wells()[i + 13]     # Primer_R1 to Primer_R13 in wells A14 to A26

        p20.transfer(3.2, primer_f_well.bottom(z=1), mix_well.bottom(z=1), mix_after=(3,10))
        p20.transfer(3.2, primer_r_well.bottom(z=1), mix_well.bottom(z=1), mix_after=(3,10))

    # Step 4: Mix PCR MIX and primers by pipetting (mix_after takes care of mixing)

    # Step 5: Dispense 86 μL of PCR MIX for template-only into a separate well
    template_only_mix_well = mix_plate.wells()[13]
    p300.transfer(86, pcr_mix.bottom(z=2), template_only_mix_well.bottom(z=2))

    # Step 6: Add 4 μL water to the template-only PCR MIX
    p20.transfer(4, water.bottom(z=1), template_only_mix_well.bottom(z=1), mix_after=(3,10))

    # Step 7: Mix PCR MIX and water by pipetting (mix_after takes care of mixing)

    # Step 8: Apply 5 μL of sample DNA or water to the reaction plate
    # Prepare well lists for samples, NTCs, and template-only controls
    sample_wells = []
    ntc_wells = []
    template_only_wells = []
    well_index = 0
    for primer_num in range(13):
        for replicate in range(3):
            sample_wells.append(pcr_plate.wells()[well_index])
            well_index += 1
            ntc_wells.append(pcr_plate.wells()[well_index])
            well_index += 1
    for replicate in range(3):
        template_only_wells.append(pcr_plate.wells()[well_index])
        well_index += 1

    # Dispense 5 μL of sample DNA into sample wells
    p20.distribute(5, sample_dna.bottom(z=1), [well.bottom(z=1) for well in sample_wells], new_tip='always')

    # Dispense 5 μL of water into NTC wells
    p20.distribute(5, water.bottom(z=1), [well.bottom(z=1) for well in ntc_wells], new_tip='always')

    # Dispense 5 μL of sample DNA into template-only wells
    p20.distribute(5, sample_dna.bottom(z=1), [well.bottom(z=1) for well in template_only_wells], new_tip='always')

    # Step 9: Apply 10 μL of PCR MIX + primer mix to the reaction plate
    sample_index = 0
    ntc_index = 0
    for primer_num in range(13):
        mix_well = mix_plate.wells()[primer_num]
        # Dispense into sample wells
        sample_dest_wells = sample_wells[sample_index:sample_index+3]
        p20.distribute(10, mix_well.bottom(z=1), [well.bottom(z=1) for well in sample_dest_wells], new_tip='always')
        sample_index += 3
        # Dispense into NTC wells
        ntc_dest_wells = ntc_wells[ntc_index:ntc_index+3]
        p20.distribute(10, mix_well.bottom(z=1), [well.bottom(z=1) for well in ntc_dest_wells], new_tip='always')
        ntc_index += 3
    # Dispense into template-only wells
    p20.distribute(10, template_only_mix_well.bottom(z=1), [well.bottom(z=1) for well in template_only_wells], new_tip='always')

Please generate a script where __place_{i}__ is replaced with the correct position based on the following labware placement information.

Placement information:

markdown
[[[{"name": "1.5 ml tube", "quantity": 1, "init_content": "sample DNA", "labware": {"id": 1, "name": "Unknown"}, "unit": "tube"}, []], 1], [[{"name": "water tube", "quantity": 1, "init_content": "water", "labware": {"id": 2, "name": "Unknown"}, "unit": "tube"}, []], 2], [[{"name": "10 \u03bcM primer_F", "quantity": 13, "init_content": "", "labware": {"id": 3, "name": "Unknown"}, "unit": "tube"}, []], 3], [[{"name": "10 \u03bcM primer_R", "quantity": 13, "init_content": "", "labware": {"id": 4, "name": "Unknown"}, "unit": "tube"}, []], 4], [[{"name": "PCR MIX", "quantity": 15, "init_content": "", "labware": {"id": 5, "name": "Unknown"}, "unit": "ml"}, []], 5], [[{"name": "96 well PCR plate", "quantity": 1, "init_content": "", "labware": {"id": 6, "name": "Unknown"}, "unit": "plate"}, []], 7], [[{"name": "empty tube", "quantity": 12, "init_content": "", "labware": {"id": 7, "name": "Unknown"}, "unit": "tube"}, []], 10]]
Please reply with the Python script where __place_{i}__ has been replaced with the correct locations. If there is missing information in the placement details required to fill in __place_{i}__ in the skeleton script, you may supplement it as necessary. However, do not modify the placement information.
***2025-02-25 05:57:07.799232+00:00***: python_script_path: qPCR_ozaki_modified2025-02-25/2025_02_25_13_35_10_f618e960-b55c-4093-b09d-640f770c6e9a/iteration_4/code_chan/最終スクリプト.py