***2025-02-24 14:39:31.823799+00:00***: os.path.join(BASE_DIR, f'{id}')='qPCR_ozaki_modified/2025_02_24_22_35_42_7a4f4eb5-7303-4fae-9ea0-c5fd85374dd3/iteration_4'***2025-02-24 14:39:31.824208+00:00***: *********************** 2025_02_24_22_35_42_7a4f4eb5-7303-4fae-9ea0-c5fd85374dd3/iteration_4 *****************************2025-02-24 14:39:31.824571+00:00***: *********************************************************2025-02-24 14:39:35.752097+00:00***: obj-chan preprocess result:
{
  "labware": [
    {
      "name": "1 sample DNAs",
      "quantity": 300,
      "unit": "μL",
      "init_content": "",
      "labware": {
        "id": 3,
        "name": "Unknown"
      }
    },
    {
      "name": "water",
      "quantity": 300,
      "unit": "μL",
      "init_content": "",
      "labware": {
        "id": 3,
        "name": "Unknown"
      }
    },
    {
      "name": "10 μM primer_F",
      "quantity": 130,
      "unit": "μL",
      "init_content": "",
      "labware": {
        "id": 3,
        "name": "Unknown"
      }
    },
    {
      "name": "10 μM primer_R",
      "quantity": 130,
      "unit": "μL",
      "init_content": "",
      "labware": {
        "id": 3,
        "name": "Unknown"
      }
    },
    {
      "name": "PCR MIX",
      "quantity": 2000,
      "unit": "μL",
      "init_content": "",
      "labware": {
        "id": 3,
        "name": "Unknown"
      }
    },
    {
      "name": "96 well PCR plate",
      "quantity": 1,
      "unit": "plate",
      "init_content": "",
      "labware": {
        "id": 3,
        "name": "Unknown"
      }
    },
    {
      "name": "empty tube",
      "quantity": 0,
      "unit": "",
      "init_content": "",
      "labware": {
        "id": 3,
        "name": "Unknown"
      }
    }
  ]
}***2025-02-24 14:39:35.753618+00:00***: obj-chan postprocess result:
{
  "labware": [
    {
      "name": "1 sample DNAs",
      "quantity": 300,
      "unit": "μL",
      "init_content": "",
      "labware": {
        "id": 3,
        "name": "Unknown"
      }
    },
    {
      "name": "water",
      "quantity": 300,
      "unit": "μL",
      "init_content": "",
      "labware": {
        "id": 3,
        "name": "Unknown"
      }
    },
    {
      "name": "10 μM primer_F",
      "quantity": 130,
      "unit": "μL",
      "init_content": "",
      "labware": {
        "id": 3,
        "name": "Unknown"
      }
    },
    {
      "name": "10 μM primer_R",
      "quantity": 130,
      "unit": "μL",
      "init_content": "",
      "labware": {
        "id": 3,
        "name": "Unknown"
      }
    },
    {
      "name": "PCR MIX",
      "quantity": 2000,
      "unit": "μL",
      "init_content": "",
      "labware": {
        "id": 3,
        "name": "Unknown"
      }
    },
    {
      "name": "96 well PCR plate",
      "quantity": 1,
      "unit": "plate",
      "init_content": "",
      "labware": {
        "id": 3,
        "name": "Unknown"
      }
    },
    {
      "name": "empty tube",
      "quantity": 0,
      "unit": "",
      "init_content": "",
      "labware": {
        "id": 3,
        "name": "Unknown"
      }
    }
  ]
}***2025-02-24 14:39:35.754552+00:00***: 

Process Flow ******************
QPCR
QuantStudio 6 Proで測定するサンプルprepを行う
1サンプルあってそれぞれ13プライマー x duplicate(3)で試験するイメージ
NTCは13プライマー x duplicate(3)用意する
その他、PrimerなしのTemplateのみを1 x duplicate(3)用意する


Input：試薬類の容器はチューブまたはプレート
1 sample DNAs			300 μL
water					300 μL
10 μM primer_F			各10 μL
10 μM primer_R			各10 μL
PCR MIX				2000 μL
96 well PCR  plate			1 plate
その他液体混合に必要なチューブまたはプレートなど
output
sample DNA, primer, PCR MIXの混合溶液が入った96 well PCR plate x 1
procedure
1. PCR MIXを137.6 μLずつ13個に分注する
2. PCR MIXが入ったチューブに10 μM primer_F1-13を3.2 μL添加する
3. PCR MIXが入ったチューブに10 μM primer_R1-13を3.2 μL添加する
4. PCR MIXとprimerをピペッティングで混合する
5. templateのみ用のPCR MIXを86 μL分注する
6. templateのみ用のPCR MIXにwaterを4 μL添加する
7. templateのみ用のPCR MIXとwaterをピペッティングで混合する
8. サンプル DNAまたはwater をreaction plateに5 μLずつアプライする
下記plate mapの列を埋めていくイメージ
9. PCR MIXとprimerの混合溶液を10 μLずつreaction plateにアプライする
下記plate mapの行を埋めていくイメージ
plate map
81 well使用する
S_n = sample_n
今回はヒト標準cDNA1つ
NTC = no template control：水＝ネガティブコントロール（全primerについて置く）
P_m = primer set_m：forward primerとreverse primerのセット
今回は13種類
Templateのみも置く
OT-2のピペット
20 μLと300 μL 

Note: 
1つの96 well plateを用いて10 μM primer_Fと10 μM primer_Rを準備する
1 sample DNAsやwaterなど、同じ容器であるものはできるだけ同じステーションに置く



Constraints ******************
Constraints(allowed_objects=[Object(name='Unknown', quantity=0, init_content='Unknown', labware={'name': '96 well plate'}, unit='unitless'), Object(name='Unknown', quantity=0, init_content='Unknown', labware={'name': '1.5 mL tube'}, unit='unitless'), Object(name='Unknown', quantity=0, init_content='Unknown', labware={'name': '15 mL tube'}, unit='unitless')])

Extracted Object List******************
[Object(name='1 sample DNAs', quantity=300, init_content='', labware={'id': 3, 'name': 'Unknown'}, unit='μL'), Object(name='water', quantity=300, init_content='', labware={'id': 3, 'name': 'Unknown'}, unit='μL'), Object(name='10 μM primer_F', quantity=130, init_content='', labware={'id': 3, 'name': 'Unknown'}, unit='μL'), Object(name='10 μM primer_R', quantity=130, init_content='', labware={'id': 3, 'name': 'Unknown'}, unit='μL'), Object(name='PCR MIX', quantity=2000, init_content='', labware={'id': 3, 'name': 'Unknown'}, unit='μL'), Object(name='96 well PCR plate', quantity=1, init_content='', labware={'id': 3, 'name': 'Unknown'}, unit='plate'), Object(name='empty tube', quantity=0, init_content='', labware={'id': 3, 'name': 'Unknown'}, unit='')]***2025-02-24 14:39:35.755422+00:00***: ************ Obj-chan result ***************2025-02-24 14:39:35.755932+00:00***: object_list: [Object(name='1 sample DNAs', quantity=300, init_content='', labware={'id': 3, 'name': 'Unknown'}, unit='μL'), Object(name='water', quantity=300, init_content='', labware={'id': 3, 'name': 'Unknown'}, unit='μL'), Object(name='10 μM primer_F', quantity=130, init_content='', labware={'id': 3, 'name': 'Unknown'}, unit='μL'), Object(name='10 μM primer_R', quantity=130, init_content='', labware={'id': 3, 'name': 'Unknown'}, unit='μL'), Object(name='PCR MIX', quantity=2000, init_content='', labware={'id': 3, 'name': 'Unknown'}, unit='μL'), Object(name='96 well PCR plate', quantity=1, init_content='', labware={'id': 3, 'name': 'Unknown'}, unit='plate'), Object(name='empty tube', quantity=0, init_content='', labware={'id': 3, 'name': 'Unknown'}, unit='')]***2025-02-24 14:39:35.757524+00:00***: object_list_num: 7***2025-02-24 14:39:35.760025+00:00***: all_num: 32***2025-02-24 14:39:35.760695+00:00***: ************ haichi-kun result ***************2025-02-24 14:39:35.761443+00:00***: all_results[:10]=[[((Object(name='1 sample DNAs', quantity=300, init_content='', labware={'id': 3, 'name': 'Unknown'}, unit='μL'), []), 1), ((Object(name='water', quantity=300, init_content='', labware={'id': 3, 'name': 'Unknown'}, unit='μL'), []), 2), ((Object(name='10 μM primer_F', quantity=130, init_content='', labware={'id': 3, 'name': 'Unknown'}, unit='μL'), []), 3), ((Object(name='10 μM primer_R', quantity=130, init_content='', labware={'id': 3, 'name': 'Unknown'}, unit='μL'), []), 4), ((Object(name='PCR MIX', quantity=2000, init_content='', labware={'id': 3, 'name': 'Unknown'}, unit='μL'), []), 5), ((Object(name='96 well PCR plate', quantity=1, init_content='', labware={'id': 3, 'name': 'Unknown'}, unit='plate'), []), 6), ((Object(name='empty tube', quantity=0, init_content='', labware={'id': 3, 'name': 'Unknown'}, unit=''), []), 7)], [((Object(name='1 sample DNAs', quantity=300, init_content='', labware={'id': 3, 'name': 'Unknown'}, unit='μL'), []), 1), ((Object(name='water', quantity=300, init_content='', labware={'id': 3, 'name': 'Unknown'}, unit='μL'), []), 2), ((Object(name='10 μM primer_F', quantity=130, init_content='', labware={'id': 3, 'name': 'Unknown'}, unit='μL'), []), 3), ((Object(name='10 μM primer_R', quantity=130, init_content='', labware={'id': 3, 'name': 'Unknown'}, unit='μL'), []), 4), ((Object(name='PCR MIX', quantity=2000, init_content='', labware={'id': 3, 'name': 'Unknown'}, unit='μL'), []), 5), ((Object(name='96 well PCR plate', quantity=1, init_content='', labware={'id': 3, 'name': 'Unknown'}, unit='plate'), []), 6), ((Object(name='empty tube', quantity=0, init_content='', labware={'id': 3, 'name': 'Unknown'}, unit=''), []), 8)], [((Object(name='1 sample DNAs', quantity=300, init_content='', labware={'id': 3, 'name': 'Unknown'}, unit='μL'), []), 1), ((Object(name='water', quantity=300, init_content='', labware={'id': 3, 'name': 'Unknown'}, unit='μL'), []), 2), ((Object(name='10 μM primer_F', quantity=130, init_content='', labware={'id': 3, 'name': 'Unknown'}, unit='μL'), []), 3), ((Object(name='10 μM primer_R', quantity=130, init_content='', labware={'id': 3, 'name': 'Unknown'}, unit='μL'), []), 4), ((Object(name='PCR MIX', quantity=2000, init_content='', labware={'id': 3, 'name': 'Unknown'}, unit='μL'), []), 5), ((Object(name='96 well PCR plate', quantity=1, init_content='', labware={'id': 3, 'name': 'Unknown'}, unit='plate'), []), 6), ((Object(name='empty tube', quantity=0, init_content='', labware={'id': 3, 'name': 'Unknown'}, unit=''), []), 9)], [((Object(name='1 sample DNAs', quantity=300, init_content='', labware={'id': 3, 'name': 'Unknown'}, unit='μL'), []), 1), ((Object(name='water', quantity=300, init_content='', labware={'id': 3, 'name': 'Unknown'}, unit='μL'), []), 2), ((Object(name='10 μM primer_F', quantity=130, init_content='', labware={'id': 3, 'name': 'Unknown'}, unit='μL'), []), 3), ((Object(name='10 μM primer_R', quantity=130, init_content='', labware={'id': 3, 'name': 'Unknown'}, unit='μL'), []), 4), ((Object(name='PCR MIX', quantity=2000, init_content='', labware={'id': 3, 'name': 'Unknown'}, unit='μL'), []), 5), ((Object(name='96 well PCR plate', quantity=1, init_content='', labware={'id': 3, 'name': 'Unknown'}, unit='plate'), []), 6), ((Object(name='empty tube', quantity=0, init_content='', labware={'id': 3, 'name': 'Unknown'}, unit=''), []), 10)], [((Object(name='1 sample DNAs', quantity=300, init_content='', labware={'id': 3, 'name': 'Unknown'}, unit='μL'), []), 1), ((Object(name='water', quantity=300, init_content='', labware={'id': 3, 'name': 'Unknown'}, unit='μL'), []), 2), ((Object(name='10 μM primer_F', quantity=130, init_content='', labware={'id': 3, 'name': 'Unknown'}, unit='μL'), []), 3), ((Object(name='10 μM primer_R', quantity=130, init_content='', labware={'id': 3, 'name': 'Unknown'}, unit='μL'), []), 4), ((Object(name='PCR MIX', quantity=2000, init_content='', labware={'id': 3, 'name': 'Unknown'}, unit='μL'), []), 5), ((Object(name='96 well PCR plate', quantity=1, init_content='', labware={'id': 3, 'name': 'Unknown'}, unit='plate'), []), 6), ((Object(name='empty tube', quantity=0, init_content='', labware={'id': 3, 'name': 'Unknown'}, unit=''), []), 11)], [((Object(name='1 sample DNAs', quantity=300, init_content='', labware={'id': 3, 'name': 'Unknown'}, unit='μL'), []), 1), ((Object(name='water', quantity=300, init_content='', labware={'id': 3, 'name': 'Unknown'}, unit='μL'), []), 2), ((Object(name='10 μM primer_F', quantity=130, init_content='', labware={'id': 3, 'name': 'Unknown'}, unit='μL'), []), 3), ((Object(name='10 μM primer_R', quantity=130, init_content='', labware={'id': 3, 'name': 'Unknown'}, unit='μL'), []), 4), ((Object(name='PCR MIX', quantity=2000, init_content='', labware={'id': 3, 'name': 'Unknown'}, unit='μL'), []), 5), ((Object(name='96 well PCR plate', quantity=1, init_content='', labware={'id': 3, 'name': 'Unknown'}, unit='plate'), []), 6), ((Object(name='empty tube', quantity=0, init_content='', labware={'id': 3, 'name': 'Unknown'}, unit=''), []), 12)], [((Object(name='1 sample DNAs', quantity=300, init_content='', labware={'id': 3, 'name': 'Unknown'}, unit='μL'), []), 1), ((Object(name='water', quantity=300, init_content='', labware={'id': 3, 'name': 'Unknown'}, unit='μL'), []), 2), ((Object(name='10 μM primer_F', quantity=130, init_content='', labware={'id': 3, 'name': 'Unknown'}, unit='μL'), []), 3), ((Object(name='10 μM primer_R', quantity=130, init_content='', labware={'id': 3, 'name': 'Unknown'}, unit='μL'), []), 4), ((Object(name='PCR MIX', quantity=2000, init_content='', labware={'id': 3, 'name': 'Unknown'}, unit='μL'), []), 5), ((Object(name='96 well PCR plate', quantity=1, init_content='', labware={'id': 3, 'name': 'Unknown'}, unit='plate'), []), 7), ((Object(name='empty tube', quantity=0, init_content='', labware={'id': 3, 'name': 'Unknown'}, unit=''), []), 6)], [((Object(name='1 sample DNAs', quantity=300, init_content='', labware={'id': 3, 'name': 'Unknown'}, unit='μL'), []), 1), ((Object(name='water', quantity=300, init_content='', labware={'id': 3, 'name': 'Unknown'}, unit='μL'), []), 2), ((Object(name='10 μM primer_F', quantity=130, init_content='', labware={'id': 3, 'name': 'Unknown'}, unit='μL'), []), 3), ((Object(name='10 μM primer_R', quantity=130, init_content='', labware={'id': 3, 'name': 'Unknown'}, unit='μL'), []), 4), ((Object(name='PCR MIX', quantity=2000, init_content='', labware={'id': 3, 'name': 'Unknown'}, unit='μL'), []), 5), ((Object(name='96 well PCR plate', quantity=1, init_content='', labware={'id': 3, 'name': 'Unknown'}, unit='plate'), []), 7), ((Object(name='empty tube', quantity=0, init_content='', labware={'id': 3, 'name': 'Unknown'}, unit=''), []), 8)], [((Object(name='1 sample DNAs', quantity=300, init_content='', labware={'id': 3, 'name': 'Unknown'}, unit='μL'), []), 1), ((Object(name='water', quantity=300, init_content='', labware={'id': 3, 'name': 'Unknown'}, unit='μL'), []), 2), ((Object(name='10 μM primer_F', quantity=130, init_content='', labware={'id': 3, 'name': 'Unknown'}, unit='μL'), []), 3), ((Object(name='10 μM primer_R', quantity=130, init_content='', labware={'id': 3, 'name': 'Unknown'}, unit='μL'), []), 4), ((Object(name='PCR MIX', quantity=2000, init_content='', labware={'id': 3, 'name': 'Unknown'}, unit='μL'), []), 5), ((Object(name='96 well PCR plate', quantity=1, init_content='', labware={'id': 3, 'name': 'Unknown'}, unit='plate'), []), 7), ((Object(name='empty tube', quantity=0, init_content='', labware={'id': 3, 'name': 'Unknown'}, unit=''), []), 9)], [((Object(name='1 sample DNAs', quantity=300, init_content='', labware={'id': 3, 'name': 'Unknown'}, unit='μL'), []), 1), ((Object(name='water', quantity=300, init_content='', labware={'id': 3, 'name': 'Unknown'}, unit='μL'), []), 2), ((Object(name='10 μM primer_F', quantity=130, init_content='', labware={'id': 3, 'name': 'Unknown'}, unit='μL'), []), 3), ((Object(name='10 μM primer_R', quantity=130, init_content='', labware={'id': 3, 'name': 'Unknown'}, unit='μL'), []), 4), ((Object(name='PCR MIX', quantity=2000, init_content='', labware={'id': 3, 'name': 'Unknown'}, unit='μL'), []), 5), ((Object(name='96 well PCR plate', quantity=1, init_content='', labware={'id': 3, 'name': 'Unknown'}, unit='plate'), []), 7), ((Object(name='empty tube', quantity=0, init_content='', labware={'id': 3, 'name': 'Unknown'}, unit=''), []), 10)]]***2025-02-24 14:39:35.766811+00:00***: ************ Check-chan result ***************2025-02-24 14:39:35.767545+00:00***: object_list: [(Object(name='1 sample DNAs', quantity=300, init_content='', labware={'id': 3, 'name': 'Unknown'}, unit='μL'), []), (Object(name='water', quantity=300, init_content='', labware={'id': 3, 'name': 'Unknown'}, unit='μL'), []), (Object(name='10 μM primer_F', quantity=130, init_content='', labware={'id': 3, 'name': 'Unknown'}, unit='μL'), []), (Object(name='10 μM primer_R', quantity=130, init_content='', labware={'id': 3, 'name': 'Unknown'}, unit='μL'), []), (Object(name='PCR MIX', quantity=2000, init_content='', labware={'id': 3, 'name': 'Unknown'}, unit='μL'), []), (Object(name='96 well PCR plate', quantity=1, init_content='', labware={'id': 3, 'name': 'Unknown'}, unit='plate'), []), (Object(name='empty tube', quantity=0, init_content='', labware={'id': 3, 'name': 'Unknown'}, unit=''), [])]***2025-02-24 14:39:35.768194+00:00***: haichi: [((Object(name='1 sample DNAs', quantity=300, init_content='', labware={'id': 3, 'name': 'Unknown'}, unit='μL'), []), 1), ((Object(name='water', quantity=300, init_content='', labware={'id': 3, 'name': 'Unknown'}, unit='μL'), []), 2), ((Object(name='10 μM primer_F', quantity=130, init_content='', labware={'id': 3, 'name': 'Unknown'}, unit='μL'), []), 3), ((Object(name='10 μM primer_R', quantity=130, init_content='', labware={'id': 3, 'name': 'Unknown'}, unit='μL'), []), 4), ((Object(name='PCR MIX', quantity=2000, init_content='', labware={'id': 3, 'name': 'Unknown'}, unit='μL'), []), 5), ((Object(name='96 well PCR plate', quantity=1, init_content='', labware={'id': 3, 'name': 'Unknown'}, unit='plate'), []), 6), ((Object(name='empty tube', quantity=0, init_content='', labware={'id': 3, 'name': 'Unknown'}, unit=''), []), 7)]***2025-02-24 14:39:35.768683+00:00***: object: ((Object(name='1 sample DNAs', quantity=300, init_content='', labware={'id': 3, 'name': 'Unknown'}, unit='μL'), []), 1)***2025-02-24 14:39:35.769165+00:00***: place: 1***2025-02-24 14:39:35.769671+00:00***: object: ((Object(name='water', quantity=300, init_content='', labware={'id': 3, 'name': 'Unknown'}, unit='μL'), []), 2)***2025-02-24 14:39:35.770091+00:00***: place: 2***2025-02-24 14:39:35.770561+00:00***: object: ((Object(name='10 μM primer_F', quantity=130, init_content='', labware={'id': 3, 'name': 'Unknown'}, unit='μL'), []), 3)***2025-02-24 14:39:35.771244+00:00***: place: 3***2025-02-24 14:39:35.771787+00:00***: object: ((Object(name='10 μM primer_R', quantity=130, init_content='', labware={'id': 3, 'name': 'Unknown'}, unit='μL'), []), 4)***2025-02-24 14:39:35.772108+00:00***: place: 4***2025-02-24 14:39:35.772422+00:00***: object: ((Object(name='PCR MIX', quantity=2000, init_content='', labware={'id': 3, 'name': 'Unknown'}, unit='μL'), []), 5)***2025-02-24 14:39:35.772743+00:00***: place: 5***2025-02-24 14:39:35.773089+00:00***: object: ((Object(name='96 well PCR plate', quantity=1, init_content='', labware={'id': 3, 'name': 'Unknown'}, unit='plate'), []), 6)***2025-02-24 14:39:35.773403+00:00***: place: 6***2025-02-24 14:39:35.773852+00:00***: object: ((Object(name='empty tube', quantity=0, init_content='', labware={'id': 3, 'name': 'Unknown'}, unit=''), []), 7)***2025-02-24 14:39:35.774214+00:00***: place: 7***2025-02-24 14:39:35.774596+00:00***: ***Station info*** from***2025-02-24 14:39:35.774977+00:00***: ||||
|----|----|----|
|void|void|void|
|empty tube:empty tube|void|void|
|10 μM primer_R:10 μM primer_R|PCR MIX:PCR MIX|96 well PCR plate:96 well PCR plate|
|1 sample DNAs:1 sample DNAs|water:water|10 μM primer_F:10 μM primer_F|
***2025-02-24 14:39:35.775364+00:00***: ***Station info*** to***2025-02-24 14:39:35.776343+00:00***: relative_restriction: test_case/relative_restriction_init_content/ng_position1.json***2025-02-24 14:39:35.777456+00:00***: []***2025-02-24 14:39:35.779332+00:00***: ************ Check-chan result ***************2025-02-24 14:39:35.779752+00:00***: object_list: [(Object(name='1 sample DNAs', quantity=300, init_content='', labware={'id': 3, 'name': 'Unknown'}, unit='μL'), []), (Object(name='water', quantity=300, init_content='', labware={'id': 3, 'name': 'Unknown'}, unit='μL'), []), (Object(name='10 μM primer_F', quantity=130, init_content='', labware={'id': 3, 'name': 'Unknown'}, unit='μL'), []), (Object(name='10 μM primer_R', quantity=130, init_content='', labware={'id': 3, 'name': 'Unknown'}, unit='μL'), []), (Object(name='PCR MIX', quantity=2000, init_content='', labware={'id': 3, 'name': 'Unknown'}, unit='μL'), []), (Object(name='96 well PCR plate', quantity=1, init_content='', labware={'id': 3, 'name': 'Unknown'}, unit='plate'), []), (Object(name='empty tube', quantity=0, init_content='', labware={'id': 3, 'name': 'Unknown'}, unit=''), [])]***2025-02-24 14:39:35.780313+00:00***: haichi: [((Object(name='1 sample DNAs', quantity=300, init_content='', labware={'id': 3, 'name': 'Unknown'}, unit='μL'), []), 1), ((Object(name='water', quantity=300, init_content='', labware={'id': 3, 'name': 'Unknown'}, unit='μL'), []), 2), ((Object(name='10 μM primer_F', quantity=130, init_content='', labware={'id': 3, 'name': 'Unknown'}, unit='μL'), []), 3), ((Object(name='10 μM primer_R', quantity=130, init_content='', labware={'id': 3, 'name': 'Unknown'}, unit='μL'), []), 4), ((Object(name='PCR MIX', quantity=2000, init_content='', labware={'id': 3, 'name': 'Unknown'}, unit='μL'), []), 5), ((Object(name='96 well PCR plate', quantity=1, init_content='', labware={'id': 3, 'name': 'Unknown'}, unit='plate'), []), 6), ((Object(name='empty tube', quantity=0, init_content='', labware={'id': 3, 'name': 'Unknown'}, unit=''), []), 8)]***2025-02-24 14:39:35.780686+00:00***: object: ((Object(name='1 sample DNAs', quantity=300, init_content='', labware={'id': 3, 'name': 'Unknown'}, unit='μL'), []), 1)***2025-02-24 14:39:35.781047+00:00***: place: 1***2025-02-24 14:39:35.781475+00:00***: object: ((Object(name='water', quantity=300, init_content='', labware={'id': 3, 'name': 'Unknown'}, unit='μL'), []), 2)***2025-02-24 14:39:35.781888+00:00***: place: 2***2025-02-24 14:39:35.782293+00:00***: object: ((Object(name='10 μM primer_F', quantity=130, init_content='', labware={'id': 3, 'name': 'Unknown'}, unit='μL'), []), 3)***2025-02-24 14:39:35.782708+00:00***: place: 3***2025-02-24 14:39:35.783065+00:00***: object: ((Object(name='10 μM primer_R', quantity=130, init_content='', labware={'id': 3, 'name': 'Unknown'}, unit='μL'), []), 4)***2025-02-24 14:39:35.783420+00:00***: place: 4***2025-02-24 14:39:35.783784+00:00***: object: ((Object(name='PCR MIX', quantity=2000, init_content='', labware={'id': 3, 'name': 'Unknown'}, unit='μL'), []), 5)***2025-02-24 14:39:35.784133+00:00***: place: 5***2025-02-24 14:39:35.784504+00:00***: object: ((Object(name='96 well PCR plate', quantity=1, init_content='', labware={'id': 3, 'name': 'Unknown'}, unit='plate'), []), 6)***2025-02-24 14:39:35.784864+00:00***: place: 6***2025-02-24 14:39:35.785227+00:00***: object: ((Object(name='empty tube', quantity=0, init_content='', labware={'id': 3, 'name': 'Unknown'}, unit=''), []), 8)***2025-02-24 14:39:35.785594+00:00***: place: 8***2025-02-24 14:39:35.785962+00:00***: ***Station info*** from***2025-02-24 14:39:35.786336+00:00***: ||||
|----|----|----|
|void|void|void|
|void|empty tube:empty tube|void|
|10 μM primer_R:10 μM primer_R|PCR MIX:PCR MIX|96 well PCR plate:96 well PCR plate|
|1 sample DNAs:1 sample DNAs|water:water|10 μM primer_F:10 μM primer_F|
***2025-02-24 14:39:35.786747+00:00***: ***Station info*** to***2025-02-24 14:39:35.787254+00:00***: relative_restriction: test_case/relative_restriction_init_content/ng_position1.json***2025-02-24 14:39:35.787985+00:00***: []***2025-02-24 14:39:35.789376+00:00***: ************ Check-chan result ***************2025-02-24 14:39:35.790071+00:00***: object_list: [(Object(name='1 sample DNAs', quantity=300, init_content='', labware={'id': 3, 'name': 'Unknown'}, unit='μL'), []), (Object(name='water', quantity=300, init_content='', labware={'id': 3, 'name': 'Unknown'}, unit='μL'), []), (Object(name='10 μM primer_F', quantity=130, init_content='', labware={'id': 3, 'name': 'Unknown'}, unit='μL'), []), (Object(name='10 μM primer_R', quantity=130, init_content='', labware={'id': 3, 'name': 'Unknown'}, unit='μL'), []), (Object(name='PCR MIX', quantity=2000, init_content='', labware={'id': 3, 'name': 'Unknown'}, unit='μL'), []), (Object(name='96 well PCR plate', quantity=1, init_content='', labware={'id': 3, 'name': 'Unknown'}, unit='plate'), []), (Object(name='empty tube', quantity=0, init_content='', labware={'id': 3, 'name': 'Unknown'}, unit=''), [])]***2025-02-24 14:39:35.790520+00:00***: haichi: [((Object(name='1 sample DNAs', quantity=300, init_content='', labware={'id': 3, 'name': 'Unknown'}, unit='μL'), []), 1), ((Object(name='water', quantity=300, init_content='', labware={'id': 3, 'name': 'Unknown'}, unit='μL'), []), 2), ((Object(name='10 μM primer_F', quantity=130, init_content='', labware={'id': 3, 'name': 'Unknown'}, unit='μL'), []), 3), ((Object(name='10 μM primer_R', quantity=130, init_content='', labware={'id': 3, 'name': 'Unknown'}, unit='μL'), []), 4), ((Object(name='PCR MIX', quantity=2000, init_content='', labware={'id': 3, 'name': 'Unknown'}, unit='μL'), []), 5), ((Object(name='96 well PCR plate', quantity=1, init_content='', labware={'id': 3, 'name': 'Unknown'}, unit='plate'), []), 6), ((Object(name='empty tube', quantity=0, init_content='', labware={'id': 3, 'name': 'Unknown'}, unit=''), []), 9)]***2025-02-24 14:39:35.790905+00:00***: object: ((Object(name='1 sample DNAs', quantity=300, init_content='', labware={'id': 3, 'name': 'Unknown'}, unit='μL'), []), 1)***2025-02-24 14:39:35.794183+00:00***: place: 1***2025-02-24 14:39:35.794576+00:00***: object: ((Object(name='water', quantity=300, init_content='', labware={'id': 3, 'name': 'Unknown'}, unit='μL'), []), 2)***2025-02-24 14:39:35.794926+00:00***: place: 2***2025-02-24 14:39:35.795406+00:00***: object: ((Object(name='10 μM primer_F', quantity=130, init_content='', labware={'id': 3, 'name': 'Unknown'}, unit='μL'), []), 3)***2025-02-24 14:39:35.795724+00:00***: place: 3***2025-02-24 14:39:35.796037+00:00***: object: ((Object(name='10 μM primer_R', quantity=130, init_content='', labware={'id': 3, 'name': 'Unknown'}, unit='μL'), []), 4)***2025-02-24 14:39:35.796352+00:00***: place: 4***2025-02-24 14:39:35.796674+00:00***: object: ((Object(name='PCR MIX', quantity=2000, init_content='', labware={'id': 3, 'name': 'Unknown'}, unit='μL'), []), 5)***2025-02-24 14:39:35.796976+00:00***: place: 5***2025-02-24 14:39:35.797303+00:00***: object: ((Object(name='96 well PCR plate', quantity=1, init_content='', labware={'id': 3, 'name': 'Unknown'}, unit='plate'), []), 6)***2025-02-24 14:39:35.797607+00:00***: place: 6***2025-02-24 14:39:35.797937+00:00***: object: ((Object(name='empty tube', quantity=0, init_content='', labware={'id': 3, 'name': 'Unknown'}, unit=''), []), 9)***2025-02-24 14:39:35.798253+00:00***: place: 9***2025-02-24 14:39:35.798575+00:00***: ***Station info*** from***2025-02-24 14:39:35.799064+00:00***: ||||
|----|----|----|
|void|void|void|
|void|void|empty tube:empty tube|
|10 μM primer_R:10 μM primer_R|PCR MIX:PCR MIX|96 well PCR plate:96 well PCR plate|
|1 sample DNAs:1 sample DNAs|water:water|10 μM primer_F:10 μM primer_F|
***2025-02-24 14:39:35.799424+00:00***: ***Station info*** to***2025-02-24 14:39:35.799757+00:00***: relative_restriction: test_case/relative_restriction_init_content/ng_position1.json***2025-02-24 14:39:35.800231+00:00***: []***2025-02-24 14:39:35.801204+00:00***: ************ Check-chan result ***************2025-02-24 14:39:35.801530+00:00***: object_list: [(Object(name='1 sample DNAs', quantity=300, init_content='', labware={'id': 3, 'name': 'Unknown'}, unit='μL'), []), (Object(name='water', quantity=300, init_content='', labware={'id': 3, 'name': 'Unknown'}, unit='μL'), []), (Object(name='10 μM primer_F', quantity=130, init_content='', labware={'id': 3, 'name': 'Unknown'}, unit='μL'), []), (Object(name='10 μM primer_R', quantity=130, init_content='', labware={'id': 3, 'name': 'Unknown'}, unit='μL'), []), (Object(name='PCR MIX', quantity=2000, init_content='', labware={'id': 3, 'name': 'Unknown'}, unit='μL'), []), (Object(name='96 well PCR plate', quantity=1, init_content='', labware={'id': 3, 'name': 'Unknown'}, unit='plate'), []), (Object(name='empty tube', quantity=0, init_content='', labware={'id': 3, 'name': 'Unknown'}, unit=''), [])]***2025-02-24 14:39:35.801835+00:00***: haichi: [((Object(name='1 sample DNAs', quantity=300, init_content='', labware={'id': 3, 'name': 'Unknown'}, unit='μL'), []), 1), ((Object(name='water', quantity=300, init_content='', labware={'id': 3, 'name': 'Unknown'}, unit='μL'), []), 2), ((Object(name='10 μM primer_F', quantity=130, init_content='', labware={'id': 3, 'name': 'Unknown'}, unit='μL'), []), 3), ((Object(name='10 μM primer_R', quantity=130, init_content='', labware={'id': 3, 'name': 'Unknown'}, unit='μL'), []), 4), ((Object(name='PCR MIX', quantity=2000, init_content='', labware={'id': 3, 'name': 'Unknown'}, unit='μL'), []), 5), ((Object(name='96 well PCR plate', quantity=1, init_content='', labware={'id': 3, 'name': 'Unknown'}, unit='plate'), []), 6), ((Object(name='empty tube', quantity=0, init_content='', labware={'id': 3, 'name': 'Unknown'}, unit=''), []), 10)]***2025-02-24 14:39:35.802199+00:00***: object: ((Object(name='1 sample DNAs', quantity=300, init_content='', labware={'id': 3, 'name': 'Unknown'}, unit='μL'), []), 1)***2025-02-24 14:39:35.802533+00:00***: place: 1***2025-02-24 14:39:35.802849+00:00***: object: ((Object(name='water', quantity=300, init_content='', labware={'id': 3, 'name': 'Unknown'}, unit='μL'), []), 2)***2025-02-24 14:39:35.803259+00:00***: place: 2***2025-02-24 14:39:35.803645+00:00***: object: ((Object(name='10 μM primer_F', quantity=130, init_content='', labware={'id': 3, 'name': 'Unknown'}, unit='μL'), []), 3)***2025-02-24 14:39:35.804266+00:00***: place: 3***2025-02-24 14:39:35.804590+00:00***: object: ((Object(name='10 μM primer_R', quantity=130, init_content='', labware={'id': 3, 'name': 'Unknown'}, unit='μL'), []), 4)***2025-02-24 14:39:35.804897+00:00***: place: 4***2025-02-24 14:39:35.805508+00:00***: object: ((Object(name='PCR MIX', quantity=2000, init_content='', labware={'id': 3, 'name': 'Unknown'}, unit='μL'), []), 5)***2025-02-24 14:39:35.805852+00:00***: place: 5***2025-02-24 14:39:35.806263+00:00***: object: ((Object(name='96 well PCR plate', quantity=1, init_content='', labware={'id': 3, 'name': 'Unknown'}, unit='plate'), []), 6)***2025-02-24 14:39:35.806796+00:00***: place: 6***2025-02-24 14:39:35.807213+00:00***: object: ((Object(name='empty tube', quantity=0, init_content='', labware={'id': 3, 'name': 'Unknown'}, unit=''), []), 10)***2025-02-24 14:39:35.807538+00:00***: place: 10***2025-02-24 14:39:35.807835+00:00***: ***Station info*** from***2025-02-24 14:39:35.808113+00:00***: ||||
|----|----|----|
|empty tube:empty tube|void|void|
|void|void|void|
|10 μM primer_R:10 μM primer_R|PCR MIX:PCR MIX|96 well PCR plate:96 well PCR plate|
|1 sample DNAs:1 sample DNAs|water:water|10 μM primer_F:10 μM primer_F|
***2025-02-24 14:39:35.808364+00:00***: ***Station info*** to***2025-02-24 14:39:35.808675+00:00***: relative_restriction: test_case/relative_restriction_init_content/ng_position1.json***2025-02-24 14:39:35.809385+00:00***: []***2025-02-24 14:39:35.810358+00:00***: ************ Check-chan result ***************2025-02-24 14:39:35.810724+00:00***: object_list: [(Object(name='1 sample DNAs', quantity=300, init_content='', labware={'id': 3, 'name': 'Unknown'}, unit='μL'), []), (Object(name='water', quantity=300, init_content='', labware={'id': 3, 'name': 'Unknown'}, unit='μL'), []), (Object(name='10 μM primer_F', quantity=130, init_content='', labware={'id': 3, 'name': 'Unknown'}, unit='μL'), []), (Object(name='10 μM primer_R', quantity=130, init_content='', labware={'id': 3, 'name': 'Unknown'}, unit='μL'), []), (Object(name='PCR MIX', quantity=2000, init_content='', labware={'id': 3, 'name': 'Unknown'}, unit='μL'), []), (Object(name='96 well PCR plate', quantity=1, init_content='', labware={'id': 3, 'name': 'Unknown'}, unit='plate'), []), (Object(name='empty tube', quantity=0, init_content='', labware={'id': 3, 'name': 'Unknown'}, unit=''), [])]***2025-02-24 14:39:35.811043+00:00***: haichi: [((Object(name='1 sample DNAs', quantity=300, init_content='', labware={'id': 3, 'name': 'Unknown'}, unit='μL'), []), 1), ((Object(name='water', quantity=300, init_content='', labware={'id': 3, 'name': 'Unknown'}, unit='μL'), []), 2), ((Object(name='10 μM primer_F', quantity=130, init_content='', labware={'id': 3, 'name': 'Unknown'}, unit='μL'), []), 3), ((Object(name='10 μM primer_R', quantity=130, init_content='', labware={'id': 3, 'name': 'Unknown'}, unit='μL'), []), 4), ((Object(name='PCR MIX', quantity=2000, init_content='', labware={'id': 3, 'name': 'Unknown'}, unit='μL'), []), 5), ((Object(name='96 well PCR plate', quantity=1, init_content='', labware={'id': 3, 'name': 'Unknown'}, unit='plate'), []), 6), ((Object(name='empty tube', quantity=0, init_content='', labware={'id': 3, 'name': 'Unknown'}, unit=''), []), 11)]***2025-02-24 14:39:35.811381+00:00***: object: ((Object(name='1 sample DNAs', quantity=300, init_content='', labware={'id': 3, 'name': 'Unknown'}, unit='μL'), []), 1)***2025-02-24 14:39:35.811691+00:00***: place: 1***2025-02-24 14:39:35.811945+00:00***: object: ((Object(name='water', quantity=300, init_content='', labware={'id': 3, 'name': 'Unknown'}, unit='μL'), []), 2)***2025-02-24 14:39:35.812209+00:00***: place: 2***2025-02-24 14:39:35.812484+00:00***: object: ((Object(name='10 μM primer_F', quantity=130, init_content='', labware={'id': 3, 'name': 'Unknown'}, unit='μL'), []), 3)***2025-02-24 14:39:35.812724+00:00***: place: 3***2025-02-24 14:39:35.812985+00:00***: object: ((Object(name='10 μM primer_R', quantity=130, init_content='', labware={'id': 3, 'name': 'Unknown'}, unit='μL'), []), 4)***2025-02-24 14:39:35.813258+00:00***: place: 4***2025-02-24 14:39:35.813508+00:00***: object: ((Object(name='PCR MIX', quantity=2000, init_content='', labware={'id': 3, 'name': 'Unknown'}, unit='μL'), []), 5)***2025-02-24 14:39:35.813758+00:00***: place: 5***2025-02-24 14:39:35.814040+00:00***: object: ((Object(name='96 well PCR plate', quantity=1, init_content='', labware={'id': 3, 'name': 'Unknown'}, unit='plate'), []), 6)***2025-02-24 14:39:35.814268+00:00***: place: 6***2025-02-24 14:39:35.814512+00:00***: object: ((Object(name='empty tube', quantity=0, init_content='', labware={'id': 3, 'name': 'Unknown'}, unit=''), []), 11)***2025-02-24 14:39:35.814743+00:00***: place: 11***2025-02-24 14:39:35.815007+00:00***: ***Station info*** from***2025-02-24 14:39:35.815242+00:00***: ||||
|----|----|----|
|void|empty tube:empty tube|void|
|void|void|void|
|10 μM primer_R:10 μM primer_R|PCR MIX:PCR MIX|96 well PCR plate:96 well PCR plate|
|1 sample DNAs:1 sample DNAs|water:water|10 μM primer_F:10 μM primer_F|
***2025-02-24 14:39:35.815409+00:00***: ***Station info*** to***2025-02-24 14:39:35.815604+00:00***: relative_restriction: test_case/relative_restriction_init_content/ng_position1.json***2025-02-24 14:39:35.815883+00:00***: []***2025-02-24 14:39:35.816474+00:00***: ************ Check-chan result ***************2025-02-24 14:39:35.816688+00:00***: object_list: [(Object(name='1 sample DNAs', quantity=300, init_content='', labware={'id': 3, 'name': 'Unknown'}, unit='μL'), []), (Object(name='water', quantity=300, init_content='', labware={'id': 3, 'name': 'Unknown'}, unit='μL'), []), (Object(name='10 μM primer_F', quantity=130, init_content='', labware={'id': 3, 'name': 'Unknown'}, unit='μL'), []), (Object(name='10 μM primer_R', quantity=130, init_content='', labware={'id': 3, 'name': 'Unknown'}, unit='μL'), []), (Object(name='PCR MIX', quantity=2000, init_content='', labware={'id': 3, 'name': 'Unknown'}, unit='μL'), []), (Object(name='96 well PCR plate', quantity=1, init_content='', labware={'id': 3, 'name': 'Unknown'}, unit='plate'), []), (Object(name='empty tube', quantity=0, init_content='', labware={'id': 3, 'name': 'Unknown'}, unit=''), [])]***2025-02-24 14:39:35.816947+00:00***: haichi: [((Object(name='1 sample DNAs', quantity=300, init_content='', labware={'id': 3, 'name': 'Unknown'}, unit='μL'), []), 1), ((Object(name='water', quantity=300, init_content='', labware={'id': 3, 'name': 'Unknown'}, unit='μL'), []), 2), ((Object(name='10 μM primer_F', quantity=130, init_content='', labware={'id': 3, 'name': 'Unknown'}, unit='μL'), []), 3), ((Object(name='10 μM primer_R', quantity=130, init_content='', labware={'id': 3, 'name': 'Unknown'}, unit='μL'), []), 4), ((Object(name='PCR MIX', quantity=2000, init_content='', labware={'id': 3, 'name': 'Unknown'}, unit='μL'), []), 5), ((Object(name='96 well PCR plate', quantity=1, init_content='', labware={'id': 3, 'name': 'Unknown'}, unit='plate'), []), 6), ((Object(name='empty tube', quantity=0, init_content='', labware={'id': 3, 'name': 'Unknown'}, unit=''), []), 12)]***2025-02-24 14:39:35.817159+00:00***: object: ((Object(name='1 sample DNAs', quantity=300, init_content='', labware={'id': 3, 'name': 'Unknown'}, unit='μL'), []), 1)***2025-02-24 14:39:35.817321+00:00***: place: 1***2025-02-24 14:39:35.817491+00:00***: object: ((Object(name='water', quantity=300, init_content='', labware={'id': 3, 'name': 'Unknown'}, unit='μL'), []), 2)***2025-02-24 14:39:35.817642+00:00***: place: 2***2025-02-24 14:39:35.817799+00:00***: object: ((Object(name='10 μM primer_F', quantity=130, init_content='', labware={'id': 3, 'name': 'Unknown'}, unit='μL'), []), 3)***2025-02-24 14:39:35.817947+00:00***: place: 3***2025-02-24 14:39:35.818095+00:00***: object: ((Object(name='10 μM primer_R', quantity=130, init_content='', labware={'id': 3, 'name': 'Unknown'}, unit='μL'), []), 4)***2025-02-24 14:39:35.818244+00:00***: place: 4***2025-02-24 14:39:35.818387+00:00***: object: ((Object(name='PCR MIX', quantity=2000, init_content='', labware={'id': 3, 'name': 'Unknown'}, unit='μL'), []), 5)***2025-02-24 14:39:35.818523+00:00***: place: 5***2025-02-24 14:39:35.818701+00:00***: object: ((Object(name='96 well PCR plate', quantity=1, init_content='', labware={'id': 3, 'name': 'Unknown'}, unit='plate'), []), 6)***2025-02-24 14:39:35.818975+00:00***: place: 6***2025-02-24 14:39:35.819168+00:00***: object: ((Object(name='empty tube', quantity=0, init_content='', labware={'id': 3, 'name': 'Unknown'}, unit=''), []), 12)***2025-02-24 14:39:35.819302+00:00***: place: 12***2025-02-24 14:39:35.819435+00:00***: ***Station info*** from***2025-02-24 14:39:35.819570+00:00***: ||||
|----|----|----|
|void|void|empty tube:empty tube|
|void|void|void|
|10 μM primer_R:10 μM primer_R|PCR MIX:PCR MIX|96 well PCR plate:96 well PCR plate|
|1 sample DNAs:1 sample DNAs|water:water|10 μM primer_F:10 μM primer_F|
***2025-02-24 14:39:35.819695+00:00***: ***Station info*** to***2025-02-24 14:39:35.819845+00:00***: relative_restriction: test_case/relative_restriction_init_content/ng_position1.json***2025-02-24 14:39:35.820060+00:00***: []***2025-02-24 14:39:35.820515+00:00***: ************ Check-chan result ***************2025-02-24 14:39:35.820665+00:00***: object_list: [(Object(name='1 sample DNAs', quantity=300, init_content='', labware={'id': 3, 'name': 'Unknown'}, unit='μL'), []), (Object(name='water', quantity=300, init_content='', labware={'id': 3, 'name': 'Unknown'}, unit='μL'), []), (Object(name='10 μM primer_F', quantity=130, init_content='', labware={'id': 3, 'name': 'Unknown'}, unit='μL'), []), (Object(name='10 μM primer_R', quantity=130, init_content='', labware={'id': 3, 'name': 'Unknown'}, unit='μL'), []), (Object(name='PCR MIX', quantity=2000, init_content='', labware={'id': 3, 'name': 'Unknown'}, unit='μL'), []), (Object(name='96 well PCR plate', quantity=1, init_content='', labware={'id': 3, 'name': 'Unknown'}, unit='plate'), []), (Object(name='empty tube', quantity=0, init_content='', labware={'id': 3, 'name': 'Unknown'}, unit=''), [])]***2025-02-24 14:39:35.820820+00:00***: haichi: [((Object(name='1 sample DNAs', quantity=300, init_content='', labware={'id': 3, 'name': 'Unknown'}, unit='μL'), []), 1), ((Object(name='water', quantity=300, init_content='', labware={'id': 3, 'name': 'Unknown'}, unit='μL'), []), 2), ((Object(name='10 μM primer_F', quantity=130, init_content='', labware={'id': 3, 'name': 'Unknown'}, unit='μL'), []), 3), ((Object(name='10 μM primer_R', quantity=130, init_content='', labware={'id': 3, 'name': 'Unknown'}, unit='μL'), []), 4), ((Object(name='PCR MIX', quantity=2000, init_content='', labware={'id': 3, 'name': 'Unknown'}, unit='μL'), []), 5), ((Object(name='96 well PCR plate', quantity=1, init_content='', labware={'id': 3, 'name': 'Unknown'}, unit='plate'), []), 7), ((Object(name='empty tube', quantity=0, init_content='', labware={'id': 3, 'name': 'Unknown'}, unit=''), []), 6)]***2025-02-24 14:39:35.821000+00:00***: object: ((Object(name='1 sample DNAs', quantity=300, init_content='', labware={'id': 3, 'name': 'Unknown'}, unit='μL'), []), 1)***2025-02-24 14:39:35.821135+00:00***: place: 1***2025-02-24 14:39:35.821281+00:00***: object: ((Object(name='water', quantity=300, init_content='', labware={'id': 3, 'name': 'Unknown'}, unit='μL'), []), 2)***2025-02-24 14:39:35.821419+00:00***: place: 2***2025-02-24 14:39:35.821555+00:00***: object: ((Object(name='10 μM primer_F', quantity=130, init_content='', labware={'id': 3, 'name': 'Unknown'}, unit='μL'), []), 3)***2025-02-24 14:39:35.821680+00:00***: place: 3***2025-02-24 14:39:35.821809+00:00***: object: ((Object(name='10 μM primer_R', quantity=130, init_content='', labware={'id': 3, 'name': 'Unknown'}, unit='μL'), []), 4)***2025-02-24 14:39:35.821933+00:00***: place: 4***2025-02-24 14:39:35.822079+00:00***: object: ((Object(name='PCR MIX', quantity=2000, init_content='', labware={'id': 3, 'name': 'Unknown'}, unit='μL'), []), 5)***2025-02-24 14:39:35.822226+00:00***: place: 5***2025-02-24 14:39:35.822383+00:00***: object: ((Object(name='96 well PCR plate', quantity=1, init_content='', labware={'id': 3, 'name': 'Unknown'}, unit='plate'), []), 7)***2025-02-24 14:39:35.822535+00:00***: place: 7***2025-02-24 14:39:35.822698+00:00***: object: ((Object(name='empty tube', quantity=0, init_content='', labware={'id': 3, 'name': 'Unknown'}, unit=''), []), 6)***2025-02-24 14:39:35.822868+00:00***: place: 6***2025-02-24 14:39:35.823069+00:00***: ***Station info*** from***2025-02-24 14:39:35.823236+00:00***: ||||
|----|----|----|
|void|void|void|
|96 well PCR plate:96 well PCR plate|void|void|
|10 μM primer_R:10 μM primer_R|PCR MIX:PCR MIX|empty tube:empty tube|
|1 sample DNAs:1 sample DNAs|water:water|10 μM primer_F:10 μM primer_F|
***2025-02-24 14:39:35.823380+00:00***: ***Station info*** to***2025-02-24 14:39:35.823525+00:00***: relative_restriction: test_case/relative_restriction_init_content/ng_position1.json***2025-02-24 14:39:35.823801+00:00***: []***2025-02-24 14:39:35.824433+00:00***: ************ Check-chan result ***************2025-02-24 14:39:35.824608+00:00***: object_list: [(Object(name='1 sample DNAs', quantity=300, init_content='', labware={'id': 3, 'name': 'Unknown'}, unit='μL'), []), (Object(name='water', quantity=300, init_content='', labware={'id': 3, 'name': 'Unknown'}, unit='μL'), []), (Object(name='10 μM primer_F', quantity=130, init_content='', labware={'id': 3, 'name': 'Unknown'}, unit='μL'), []), (Object(name='10 μM primer_R', quantity=130, init_content='', labware={'id': 3, 'name': 'Unknown'}, unit='μL'), []), (Object(name='PCR MIX', quantity=2000, init_content='', labware={'id': 3, 'name': 'Unknown'}, unit='μL'), []), (Object(name='96 well PCR plate', quantity=1, init_content='', labware={'id': 3, 'name': 'Unknown'}, unit='plate'), []), (Object(name='empty tube', quantity=0, init_content='', labware={'id': 3, 'name': 'Unknown'}, unit=''), [])]***2025-02-24 14:39:35.824802+00:00***: haichi: [((Object(name='1 sample DNAs', quantity=300, init_content='', labware={'id': 3, 'name': 'Unknown'}, unit='μL'), []), 1), ((Object(name='water', quantity=300, init_content='', labware={'id': 3, 'name': 'Unknown'}, unit='μL'), []), 2), ((Object(name='10 μM primer_F', quantity=130, init_content='', labware={'id': 3, 'name': 'Unknown'}, unit='μL'), []), 3), ((Object(name='10 μM primer_R', quantity=130, init_content='', labware={'id': 3, 'name': 'Unknown'}, unit='μL'), []), 4), ((Object(name='PCR MIX', quantity=2000, init_content='', labware={'id': 3, 'name': 'Unknown'}, unit='μL'), []), 5), ((Object(name='96 well PCR plate', quantity=1, init_content='', labware={'id': 3, 'name': 'Unknown'}, unit='plate'), []), 7), ((Object(name='empty tube', quantity=0, init_content='', labware={'id': 3, 'name': 'Unknown'}, unit=''), []), 8)]***2025-02-24 14:39:35.824960+00:00***: object: ((Object(name='1 sample DNAs', quantity=300, init_content='', labware={'id': 3, 'name': 'Unknown'}, unit='μL'), []), 1)***2025-02-24 14:39:35.825130+00:00***: place: 1***2025-02-24 14:39:35.825283+00:00***: object: ((Object(name='water', quantity=300, init_content='', labware={'id': 3, 'name': 'Unknown'}, unit='μL'), []), 2)***2025-02-24 14:39:35.825429+00:00***: place: 2***2025-02-24 14:39:35.825586+00:00***: object: ((Object(name='10 μM primer_F', quantity=130, init_content='', labware={'id': 3, 'name': 'Unknown'}, unit='μL'), []), 3)***2025-02-24 14:39:35.825726+00:00***: place: 3***2025-02-24 14:39:35.825864+00:00***: object: ((Object(name='10 μM primer_R', quantity=130, init_content='', labware={'id': 3, 'name': 'Unknown'}, unit='μL'), []), 4)***2025-02-24 14:39:35.825996+00:00***: place: 4***2025-02-24 14:39:35.826137+00:00***: object: ((Object(name='PCR MIX', quantity=2000, init_content='', labware={'id': 3, 'name': 'Unknown'}, unit='μL'), []), 5)***2025-02-24 14:39:35.826282+00:00***: place: 5***2025-02-24 14:39:35.826426+00:00***: object: ((Object(name='96 well PCR plate', quantity=1, init_content='', labware={'id': 3, 'name': 'Unknown'}, unit='plate'), []), 7)***2025-02-24 14:39:35.826560+00:00***: place: 7***2025-02-24 14:39:35.826711+00:00***: object: ((Object(name='empty tube', quantity=0, init_content='', labware={'id': 3, 'name': 'Unknown'}, unit=''), []), 8)***2025-02-24 14:39:35.826834+00:00***: place: 8***2025-02-24 14:39:35.826960+00:00***: ***Station info*** from***2025-02-24 14:39:35.827095+00:00***: ||||
|----|----|----|
|void|void|void|
|96 well PCR plate:96 well PCR plate|empty tube:empty tube|void|
|10 μM primer_R:10 μM primer_R|PCR MIX:PCR MIX|void|
|1 sample DNAs:1 sample DNAs|water:water|10 μM primer_F:10 μM primer_F|
***2025-02-24 14:39:35.827219+00:00***: ***Station info*** to***2025-02-24 14:39:35.827350+00:00***: relative_restriction: test_case/relative_restriction_init_content/ng_position1.json***2025-02-24 14:39:35.827539+00:00***: []***2025-02-24 14:39:35.827930+00:00***: ************ Check-chan result ***************2025-02-24 14:39:35.828065+00:00***: object_list: [(Object(name='1 sample DNAs', quantity=300, init_content='', labware={'id': 3, 'name': 'Unknown'}, unit='μL'), []), (Object(name='water', quantity=300, init_content='', labware={'id': 3, 'name': 'Unknown'}, unit='μL'), []), (Object(name='10 μM primer_F', quantity=130, init_content='', labware={'id': 3, 'name': 'Unknown'}, unit='μL'), []), (Object(name='10 μM primer_R', quantity=130, init_content='', labware={'id': 3, 'name': 'Unknown'}, unit='μL'), []), (Object(name='PCR MIX', quantity=2000, init_content='', labware={'id': 3, 'name': 'Unknown'}, unit='μL'), []), (Object(name='96 well PCR plate', quantity=1, init_content='', labware={'id': 3, 'name': 'Unknown'}, unit='plate'), []), (Object(name='empty tube', quantity=0, init_content='', labware={'id': 3, 'name': 'Unknown'}, unit=''), [])]***2025-02-24 14:39:35.828206+00:00***: haichi: [((Object(name='1 sample DNAs', quantity=300, init_content='', labware={'id': 3, 'name': 'Unknown'}, unit='μL'), []), 1), ((Object(name='water', quantity=300, init_content='', labware={'id': 3, 'name': 'Unknown'}, unit='μL'), []), 2), ((Object(name='10 μM primer_F', quantity=130, init_content='', labware={'id': 3, 'name': 'Unknown'}, unit='μL'), []), 3), ((Object(name='10 μM primer_R', quantity=130, init_content='', labware={'id': 3, 'name': 'Unknown'}, unit='μL'), []), 4), ((Object(name='PCR MIX', quantity=2000, init_content='', labware={'id': 3, 'name': 'Unknown'}, unit='μL'), []), 5), ((Object(name='96 well PCR plate', quantity=1, init_content='', labware={'id': 3, 'name': 'Unknown'}, unit='plate'), []), 7), ((Object(name='empty tube', quantity=0, init_content='', labware={'id': 3, 'name': 'Unknown'}, unit=''), []), 9)]***2025-02-24 14:39:35.828334+00:00***: object: ((Object(name='1 sample DNAs', quantity=300, init_content='', labware={'id': 3, 'name': 'Unknown'}, unit='μL'), []), 1)***2025-02-24 14:39:35.828455+00:00***: place: 1***2025-02-24 14:39:35.828583+00:00***: object: ((Object(name='water', quantity=300, init_content='', labware={'id': 3, 'name': 'Unknown'}, unit='μL'), []), 2)***2025-02-24 14:39:35.828751+00:00***: place: 2***2025-02-24 14:39:35.828897+00:00***: object: ((Object(name='10 μM primer_F', quantity=130, init_content='', labware={'id': 3, 'name': 'Unknown'}, unit='μL'), []), 3)***2025-02-24 14:39:35.829063+00:00***: place: 3***2025-02-24 14:39:35.829191+00:00***: object: ((Object(name='10 μM primer_R', quantity=130, init_content='', labware={'id': 3, 'name': 'Unknown'}, unit='μL'), []), 4)***2025-02-24 14:39:35.829321+00:00***: place: 4***2025-02-24 14:39:35.829449+00:00***: object: ((Object(name='PCR MIX', quantity=2000, init_content='', labware={'id': 3, 'name': 'Unknown'}, unit='μL'), []), 5)***2025-02-24 14:39:35.829562+00:00***: place: 5***2025-02-24 14:39:35.829677+00:00***: object: ((Object(name='96 well PCR plate', quantity=1, init_content='', labware={'id': 3, 'name': 'Unknown'}, unit='plate'), []), 7)***2025-02-24 14:39:35.829786+00:00***: place: 7***2025-02-24 14:39:35.829908+00:00***: object: ((Object(name='empty tube', quantity=0, init_content='', labware={'id': 3, 'name': 'Unknown'}, unit=''), []), 9)***2025-02-24 14:39:35.830022+00:00***: place: 9***2025-02-24 14:39:35.830137+00:00***: ***Station info*** from***2025-02-24 14:39:35.830254+00:00***: ||||
|----|----|----|
|void|void|void|
|96 well PCR plate:96 well PCR plate|void|empty tube:empty tube|
|10 μM primer_R:10 μM primer_R|PCR MIX:PCR MIX|void|
|1 sample DNAs:1 sample DNAs|water:water|10 μM primer_F:10 μM primer_F|
***2025-02-24 14:39:35.830366+00:00***: ***Station info*** to***2025-02-24 14:39:35.830486+00:00***: relative_restriction: test_case/relative_restriction_init_content/ng_position1.json***2025-02-24 14:39:35.830669+00:00***: []***2025-02-24 14:39:35.831106+00:00***: ************ Check-chan result ***************2025-02-24 14:39:35.831237+00:00***: object_list: [(Object(name='1 sample DNAs', quantity=300, init_content='', labware={'id': 3, 'name': 'Unknown'}, unit='μL'), []), (Object(name='water', quantity=300, init_content='', labware={'id': 3, 'name': 'Unknown'}, unit='μL'), []), (Object(name='10 μM primer_F', quantity=130, init_content='', labware={'id': 3, 'name': 'Unknown'}, unit='μL'), []), (Object(name='10 μM primer_R', quantity=130, init_content='', labware={'id': 3, 'name': 'Unknown'}, unit='μL'), []), (Object(name='PCR MIX', quantity=2000, init_content='', labware={'id': 3, 'name': 'Unknown'}, unit='μL'), []), (Object(name='96 well PCR plate', quantity=1, init_content='', labware={'id': 3, 'name': 'Unknown'}, unit='plate'), []), (Object(name='empty tube', quantity=0, init_content='', labware={'id': 3, 'name': 'Unknown'}, unit=''), [])]***2025-02-24 14:39:35.831378+00:00***: haichi: [((Object(name='1 sample DNAs', quantity=300, init_content='', labware={'id': 3, 'name': 'Unknown'}, unit='μL'), []), 1), ((Object(name='water', quantity=300, init_content='', labware={'id': 3, 'name': 'Unknown'}, unit='μL'), []), 2), ((Object(name='10 μM primer_F', quantity=130, init_content='', labware={'id': 3, 'name': 'Unknown'}, unit='μL'), []), 3), ((Object(name='10 μM primer_R', quantity=130, init_content='', labware={'id': 3, 'name': 'Unknown'}, unit='μL'), []), 4), ((Object(name='PCR MIX', quantity=2000, init_content='', labware={'id': 3, 'name': 'Unknown'}, unit='μL'), []), 5), ((Object(name='96 well PCR plate', quantity=1, init_content='', labware={'id': 3, 'name': 'Unknown'}, unit='plate'), []), 7), ((Object(name='empty tube', quantity=0, init_content='', labware={'id': 3, 'name': 'Unknown'}, unit=''), []), 10)]***2025-02-24 14:39:35.831498+00:00***: object: ((Object(name='1 sample DNAs', quantity=300, init_content='', labware={'id': 3, 'name': 'Unknown'}, unit='μL'), []), 1)***2025-02-24 14:39:35.831609+00:00***: place: 1***2025-02-24 14:39:35.831734+00:00***: object: ((Object(name='water', quantity=300, init_content='', labware={'id': 3, 'name': 'Unknown'}, unit='μL'), []), 2)***2025-02-24 14:39:35.831847+00:00***: place: 2***2025-02-24 14:39:35.831968+00:00***: object: ((Object(name='10 μM primer_F', quantity=130, init_content='', labware={'id': 3, 'name': 'Unknown'}, unit='μL'), []), 3)***2025-02-24 14:39:35.832110+00:00***: place: 3***2025-02-24 14:39:35.832230+00:00***: object: ((Object(name='10 μM primer_R', quantity=130, init_content='', labware={'id': 3, 'name': 'Unknown'}, unit='μL'), []), 4)***2025-02-24 14:39:35.832342+00:00***: place: 4***2025-02-24 14:39:35.832459+00:00***: object: ((Object(name='PCR MIX', quantity=2000, init_content='', labware={'id': 3, 'name': 'Unknown'}, unit='μL'), []), 5)***2025-02-24 14:39:35.832570+00:00***: place: 5***2025-02-24 14:39:35.832692+00:00***: object: ((Object(name='96 well PCR plate', quantity=1, init_content='', labware={'id': 3, 'name': 'Unknown'}, unit='plate'), []), 7)***2025-02-24 14:39:35.832810+00:00***: place: 7***2025-02-24 14:39:35.832931+00:00***: object: ((Object(name='empty tube', quantity=0, init_content='', labware={'id': 3, 'name': 'Unknown'}, unit=''), []), 10)***2025-02-24 14:39:35.833076+00:00***: place: 10***2025-02-24 14:39:35.833237+00:00***: ***Station info*** from***2025-02-24 14:39:35.833388+00:00***: ||||
|----|----|----|
|empty tube:empty tube|void|void|
|96 well PCR plate:96 well PCR plate|void|void|
|10 μM primer_R:10 μM primer_R|PCR MIX:PCR MIX|void|
|1 sample DNAs:1 sample DNAs|water:water|10 μM primer_F:10 μM primer_F|
***2025-02-24 14:39:35.833528+00:00***: ***Station info*** to***2025-02-24 14:39:35.833675+00:00***: relative_restriction: test_case/relative_restriction_init_content/ng_position1.json***2025-02-24 14:39:35.833995+00:00***: []***2025-02-24 14:39:53.890154+00:00***: *********************************************************2025-02-24 14:39:53.890341+00:00***: save initial position of objects as txt file: qPCR_ozaki_modified/2025_02_24_22_35_42_7a4f4eb5-7303-4fae-9ea0-c5fd85374dd3/iteration_4/representative_initial_position.txt***2025-02-24 14:39:53.890610+00:00***: *********************************************************2025-02-24 14:39:53.890780+00:00***: OK: [((Object(name='1 sample DNAs', quantity=300, init_content='', labware={'id': 3, 'name': 'Unknown'}, unit='μL'), []), 1), ((Object(name='water', quantity=300, init_content='', labware={'id': 3, 'name': 'Unknown'}, unit='μL'), []), 2), ((Object(name='10 μM primer_F', quantity=130, init_content='', labware={'id': 3, 'name': 'Unknown'}, unit='μL'), []), 3), ((Object(name='10 μM primer_R', quantity=130, init_content='', labware={'id': 3, 'name': 'Unknown'}, unit='μL'), []), 4), ((Object(name='PCR MIX', quantity=2000, init_content='', labware={'id': 3, 'name': 'Unknown'}, unit='μL'), []), 5), ((Object(name='96 well PCR plate', quantity=1, init_content='', labware={'id': 3, 'name': 'Unknown'}, unit='plate'), []), 7), ((Object(name='empty tube', quantity=0, init_content='', labware={'id': 3, 'name': 'Unknown'}, unit=''), []), 10)]***2025-02-24 14:39:53.890919+00:00***: Generate 骨子スクリプト from 
~~~~~~~~~~
QPCR
QuantStudio 6 Proで測定するサンプルprepを行う
1サンプルあってそれぞれ13プライマー x duplicate(3)で試験するイメージ
NTCは13プライマー x duplicate(3)用意する
その他、PrimerなしのTemplateのみを1 x duplicate(3)用意する


Input：試薬類の容器はチューブまたはプレート
1 sample DNAs			300 μL
water					300 μL
10 μM primer_F			各10 μL
10 μM primer_R			各10 μL
PCR MIX				2000 μL
96 well PCR  plate			1 plate
その他液体混合に必要なチューブまたはプレートなど
output
sample DNA, primer, PCR MIXの混合溶液が入った96 well PCR plate x 1
procedure
1. PCR MIXを137.6 μLずつ13個に分注する
2. PCR MIXが入ったチューブに10 μM primer_F1-13を3.2 μL添加する
3. PCR MIXが入ったチューブに10 μM primer_R1-13を3.2 μL添加する
4. PCR MIXとprimerをピペッティングで混合する
5. templateのみ用のPCR MIXを86 μL分注する
6. templateのみ用のPCR MIXにwaterを4 μL添加する
7. templateのみ用のPCR MIXとwaterをピペッティングで混合する
8. サンプル DNAまたはwater をreaction plateに5 μLずつアプライする
下記plate mapの列を埋めていくイメージ
9. PCR MIXとprimerの混合溶液を10 μLずつreaction plateにアプライする
下記plate mapの行を埋めていくイメージ
plate map
81 well使用する
S_n = sample_n
今回はヒト標準cDNA1つ
NTC = no template control：水＝ネガティブコントロール（全primerについて置く）
P_m = primer set_m：forward primerとreverse primerのセット
今回は13種類
Templateのみも置く
OT-2のピペット
20 μLと300 μL 

Note: 
1つの96 well plateを用いて10 μM primer_Fと10 μM primer_Rを準備する
1 sample DNAsやwaterなど、同じ容器であるものはできるだけ同じステーションに置く


~~~~~~~~~~***2025-02-24 14:39:53.891233+00:00***: ************ Code-chan for 骨子スクリプト result ***************2025-02-24 14:39:53.891418+00:00***: replace_word: ___processflow___ is not in the prompt.***2025-02-24 14:41:31.369412+00:00***: python_script_path: qPCR_ozaki_modified/2025_02_24_22_35_42_7a4f4eb5-7303-4fae-9ea0-c5fd85374dd3/iteration_4/code_chan/骨子スクリプト.py***2025-02-24 14:41:31.370361+00:00***: ************ Code-chan result ***************2025-02-24 14:41:31.370691+00:00***: replace_word: ___processflow___ is not in the prompt.***2025-02-24 14:41:31.371296+00:00***: get_OT2_with_haichi_based_on_骨子_script prompt: 
We have the following Opentrons OT2 script. This script describes the position of the labware (Station) as __place_{i}__.

Note: You've been slacking lately, so don't slack off and output the complete code. For example, ‘The protocol would continue with any additional steps required’ or '# Example: ' is not allowed.

Skeleton script:

python
from opentrons import protocol_api

metadata = {
    'protocolName': 'QPCR Preparation for QuantStudio 6 Pro',
    'author': 'Your Name',
    'description': 'Prepare QPCR reactions with 1 sample and multiple primers in duplicate',
    'apiLevel': '2.9'
}

def run(protocol: protocol_api.ProtocolContext):
    # Labware setup
    # Tip racks
    p20_tip_rack = protocol.load_labware('opentrons_96_tiprack_20ul', '__place_1__')
    p300_tip_rack = protocol.load_labware('opentrons_96_tiprack_300ul', '__place_2__')

    # Reaction plate (96-well PCR plate)
    reaction_plate = protocol.load_labware('nest_96_wellplate_100ul_pcr_full_skirt', '__place_3__')

    # Sample DNA tube and water tube (1.5 mL tubes in a tube rack)
    sample_tube_rack = protocol.load_labware('opentrons_24_aluminumblock_nest_1.5ml_snapcap', '__place_4__')
    sample_dna = sample_tube_rack.wells_by_name()['A1']
    water_tube = sample_tube_rack.wells_by_name()['A2']
    template_only_tube = sample_tube_rack.wells_by_name()['A3']

    # PCR MIX tube (50 mL conical tube in a tube rack)
    pcr_mix_rack = protocol.load_labware('opentrons_6_tuberack_falcon_50ml_conical', '__place_5__')
    pcr_mix = pcr_mix_rack.wells_by_name()['A1']

    # Primer plates (primers in wells A1 to A13)
    primer_plate_F = protocol.load_labware('nest_96_wellplate_100ul_pcr_full_skirt', '__place_6__')
    primer_plate_R = protocol.load_labware('nest_96_wellplate_100ul_pcr_full_skirt', '__place_7__')

    # Mixing tubes for PCR MIX + primers
    mix_tubes_rack = protocol.load_labware('opentrons_24_aluminumblock_nest_1.5ml_snapcap', '__place_8__')
    mix_tubes = mix_tubes_rack.wells()[:13]  # Use wells A1 to A13

    # Pipettes
    p20 = protocol.load_instrument('p20_single_gen2', 'left', tip_racks=[p20_tip_rack])
    p300 = protocol.load_instrument('p300_single_gen2', 'right', tip_racks=[p300_tip_rack])

    # Primer wells in plates
    primer_wells = ['A' + str(i) for i in range(1,14)]  # A1 to A13

    # Step 1: Aliquot 137.6 µL of PCR MIX into 13 tubes
    for tube in mix_tubes:
        p300.pick_up_tip()
        p300.transfer(137.6, pcr_mix, tube, new_tip='never')
        p300.drop_tip()

    # Step 2 and 3: Add 3.2 µL of 10 µM primer_F and primer_R into the PCR MIX tubes
    for idx, tube in enumerate(mix_tubes):
        primer_f_well = primer_plate_F.wells_by_name()[primer_wells[idx]]
        primer_r_well = primer_plate_R.wells_by_name()[primer_wells[idx]]
        p20.pick_up_tip()
        p20.transfer(3.2, primer_f_well, tube, new_tip='never')
        p20.transfer(3.2, primer_r_well, tube, new_tip='never')
        p20.drop_tip()

    # Step 4: Mix PCR MIX and primers by pipetting
    for tube in mix_tubes:
        p300.pick_up_tip()
        p300.mix(5, 150, tube)
        p300.drop_tip()

    # Step 5: Aliquot 86 µL of PCR MIX for 'template only' sample
    p300.pick_up_tip()
    p300.transfer(86, pcr_mix, template_only_tube, new_tip='never')
    p300.drop_tip()

    # Step 6: Add 4 µL of water into the 'template only' PCR MIX tube
    p20.pick_up_tip()
    p20.transfer(4, water_tube, template_only_tube, new_tip='never')
    p20.drop_tip()

    # Step 7: Mix 'template only' PCR MIX and water by pipetting
    p300.pick_up_tip()
    p300.mix(5, 50, template_only_tube)
    p300.drop_tip()

    # Step 8 and 9: Transfer sample DNA or water and PCR MIX into reaction plate wells
    # Prepare the plate map
    plate_map = []

    # For each primer, add entries for samples and NTCs
    for primer_idx in range(13):
        mix_tube = mix_tubes[primer_idx]
        # 3 replicates for sample DNA
        for replicate in range(3):
            plate_map.append({
                'dna_source': sample_dna,
                'pcr_mix_source': mix_tube
            })
        # 3 replicates for NTC (water)
        for replicate in range(3):
            plate_map.append({
                'dna_source': water_tube,
                'pcr_mix_source': mix_tube
            })
    # 3 replicates for 'template only'
    for replicate in range(3):
        plate_map.append({
            'dna_source': sample_dna,
            'pcr_mix_source': template_only_tube
        })

    # Transfer 5 µL of DNA source to each well
    for idx, entry in enumerate(plate_map):
        dest_well = reaction_plate.wells()[idx]
        p20.pick_up_tip()
        p20.transfer(5, entry['dna_source'], dest_well, new_tip='never')
        p20.drop_tip()

    # Transfer 10 µL of PCR MIX with primers to each well
    for idx, entry in enumerate(plate_map):
        dest_well = reaction_plate.wells()[idx]
        p20.pick_up_tip()
        p20.transfer(10, entry['pcr_mix_source'], dest_well, new_tip='never')
        p20.drop_tip()

Please generate a script where __place_{i}__ is replaced with the correct position based on the following labware placement information.

Placement information:

markdown
[[[{"name": "1 sample DNAs", "quantity": 300, "init_content": "", "labware": {"id": 3, "name": "Unknown"}, "unit": "\u03bcL"}, []], 1], [[{"name": "water", "quantity": 300, "init_content": "", "labware": {"id": 3, "name": "Unknown"}, "unit": "\u03bcL"}, []], 2], [[{"name": "10 \u03bcM primer_F", "quantity": 130, "init_content": "", "labware": {"id": 3, "name": "Unknown"}, "unit": "\u03bcL"}, []], 3], [[{"name": "10 \u03bcM primer_R", "quantity": 130, "init_content": "", "labware": {"id": 3, "name": "Unknown"}, "unit": "\u03bcL"}, []], 4], [[{"name": "PCR MIX", "quantity": 2000, "init_content": "", "labware": {"id": 3, "name": "Unknown"}, "unit": "\u03bcL"}, []], 5], [[{"name": "96 well PCR plate", "quantity": 1, "init_content": "", "labware": {"id": 3, "name": "Unknown"}, "unit": "plate"}, []], 7], [[{"name": "empty tube", "quantity": 0, "init_content": "", "labware": {"id": 3, "name": "Unknown"}, "unit": ""}, []], 10]]
Please reply with the Python script where __place_{i}__ has been replaced with the correct locations. If there is missing information in the placement details required to fill in __place_{i}__ in the skeleton script, you may supplement it as necessary. However, do not modify the placement information.
***2025-02-24 14:43:08.127684+00:00***: python_script_path: qPCR_ozaki_modified/2025_02_24_22_35_42_7a4f4eb5-7303-4fae-9ea0-c5fd85374dd3/iteration_4/code_chan/最終スクリプト.py***2025-02-24 14:43:08.128266+00:00***: Errorがでたので骨子スクリプトを再生成します: /Users/yuyaarai/.opentrons/robot_settings.json not found. Loading defaults
Deck calibration not found.
/Users/yuyaarai/.opentrons/deck_calibration.json not found. Loading defaults
Traceback (most recent call last):
  File "/Users/yuyaarai/Documents/Humanics/Project/FormationFormatter/src/formationformatter/code_chan/.venv/lib/python3.12/site-packages/opentrons/protocols/execution/execute_python.py", line 160, in exec_run
    exec("run(__context)", new_globs)
  File "<string>", line 1, in <module>
  File "qPCR_ozaki_modified/2025_02_24_22_35_42_7a4f4eb5-7303-4fae-9ea0-c5fd85374dd3/iteration_4/code_chan/最終スクリプト.py", line 55, in run
    primer_f_well = primer_plate_F.wells_by_name()[primer_wells[idx]]
                    ~~~~~~~~~~~~~~~~~~~~~~~~~~~~~~^^^^^^^^^^^^^^^^^^^
KeyError: 'A13'

The above exception was the direct cause of the following exception:

Traceback (most recent call last):
  File "<frozen runpy>", line 198, in _run_module_as_main
  File "<frozen runpy>", line 88, in _run_code
  File "/Users/yuyaarai/Documents/Humanics/Project/FormationFormatter/src/formationformatter/code_chan/.venv/lib/python3.12/site-packages/opentrons/simulate.py", line 1061, in <module>
    sys.exit(main())
             ^^^^^^
  File "/Users/yuyaarai/Documents/Humanics/Project/FormationFormatter/src/formationformatter/code_chan/.venv/lib/python3.12/site-packages/opentrons/simulate.py", line 1020, in main
    runlog, maybe_bundle = simulate(
                           ^^^^^^^^^
  File "/Users/yuyaarai/Documents/Humanics/Project/FormationFormatter/src/formationformatter/code_chan/.venv/lib/python3.12/site-packages/opentrons/simulate.py", line 564, in simulate
    return _run_file_non_pe(
           ^^^^^^^^^^^^^^^^^
  File "/Users/yuyaarai/Documents/Humanics/Project/FormationFormatter/src/formationformatter/code_chan/.venv/lib/python3.12/site-packages/opentrons/simulate.py", line 887, in _run_file_non_pe
    execute.run_protocol(
  File "/Users/yuyaarai/Documents/Humanics/Project/FormationFormatter/src/formationformatter/code_chan/.venv/lib/python3.12/site-packages/opentrons/protocols/execution/execute.py", line 39, in run_protocol
    exec_run(
  File "/Users/yuyaarai/Documents/Humanics/Project/FormationFormatter/src/formationformatter/code_chan/.venv/lib/python3.12/site-packages/opentrons/protocols/execution/execute_python.py", line 169, in exec_run
    _raise_pretty_protocol_error(exception=e, filename=filename)
  File "/Users/yuyaarai/Documents/Humanics/Project/FormationFormatter/src/formationformatter/code_chan/.venv/lib/python3.12/site-packages/opentrons/protocols/execution/execute_python.py", line 71, in _raise_pretty_protocol_error
    raise ExceptionInProtocolError(
opentrons.protocols.execution.errors.ExceptionInProtocolError: KeyError [line 55]: 'A13'
***2025-02-24 14:43:08.128753+00:00***: Generate 骨子スクリプト from 
~~~~~~~~~~
This is the error message: 
 /Users/yuyaarai/.opentrons/robot_settings.json not found. Loading defaults
Deck calibration not found.
/Users/yuyaarai/.opentrons/deck_calibration.json not found. Loading defaults
Traceback (most recent call last):
  File "/Users/yuyaarai/Documents/Humanics/Project/FormationFormatter/src/formationformatter/code_chan/.venv/lib/python3.12/site-packages/opentrons/protocols/execution/execute_python.py", line 160, in exec_run
    exec("run(__context)", new_globs)
  File "<string>", line 1, in <module>
  File "qPCR_ozaki_modified/2025_02_24_22_35_42_7a4f4eb5-7303-4fae-9ea0-c5fd85374dd3/iteration_4/code_chan/最終スクリプト.py", line 55, in run
    primer_f_well = primer_plate_F.wells_by_name()[primer_wells[idx]]
                    ~~~~~~~~~~~~~~~~~~~~~~~~~~~~~~^^^^^^^^^^^^^^^^^^^
KeyError: 'A13'

The above exception was the direct cause of the following exception:

Traceback (most recent call last):
  File "<frozen runpy>", line 198, in _run_module_as_main
  File "<frozen runpy>", line 88, in _run_code
  File "/Users/yuyaarai/Documents/Humanics/Project/FormationFormatter/src/formationformatter/code_chan/.venv/lib/python3.12/site-packages/opentrons/simulate.py", line 1061, in <module>
    sys.exit(main())
             ^^^^^^
  File "/Users/yuyaarai/Documents/Humanics/Project/FormationFormatter/src/formationformatter/code_chan/.venv/lib/python3.12/site-packages/opentrons/simulate.py", line 1020, in main
    runlog, maybe_bundle = simulate(
                           ^^^^^^^^^
  File "/Users/yuyaarai/Documents/Humanics/Project/FormationFormatter/src/formationformatter/code_chan/.venv/lib/python3.12/site-packages/opentrons/simulate.py", line 564, in simulate
    return _run_file_non_pe(
           ^^^^^^^^^^^^^^^^^
  File "/Users/yuyaarai/Documents/Humanics/Project/FormationFormatter/src/formationformatter/code_chan/.venv/lib/python3.12/site-packages/opentrons/simulate.py", line 887, in _run_file_non_pe
    execute.run_protocol(
  File "/Users/yuyaarai/Documents/Humanics/Project/FormationFormatter/src/formationformatter/code_chan/.venv/lib/python3.12/site-packages/opentrons/protocols/execution/execute.py", line 39, in run_protocol
    exec_run(
  File "/Users/yuyaarai/Documents/Humanics/Project/FormationFormatter/src/formationformatter/code_chan/.venv/lib/python3.12/site-packages/opentrons/protocols/execution/execute_python.py", line 169, in exec_run
    _raise_pretty_protocol_error(exception=e, filename=filename)
  File "/Users/yuyaarai/Documents/Humanics/Project/FormationFormatter/src/formationformatter/code_chan/.venv/lib/python3.12/site-packages/opentrons/protocols/execution/execute_python.py", line 71, in _raise_pretty_protocol_error
    raise ExceptionInProtocolError(
opentrons.protocols.execution.errors.ExceptionInProtocolError: KeyError [line 55]: 'A13'
 + original protocol: 
 from opentrons import protocol_api

metadata = {
    'protocolName': 'QPCR Preparation for QuantStudio 6 Pro',
    'author': 'Your Name',
    'description': 'Prepare QPCR reactions with 1 sample and multiple primers in duplicate',
    'apiLevel': '2.9'
}

def run(protocol: protocol_api.ProtocolContext):
    # Labware setup
    # Tip racks
    p20_tip_rack = protocol.load_labware('opentrons_96_tiprack_20ul', '__place_1__')
    p300_tip_rack = protocol.load_labware('opentrons_96_tiprack_300ul', '__place_2__')

    # Reaction plate (96-well PCR plate)
    reaction_plate = protocol.load_labware('nest_96_wellplate_100ul_pcr_full_skirt', '__place_3__')

    # Sample DNA tube and water tube (1.5 mL tubes in a tube rack)
    sample_tube_rack = protocol.load_labware('opentrons_24_aluminumblock_nest_1.5ml_snapcap', '__place_4__')
    sample_dna = sample_tube_rack.wells_by_name()['A1']
    water_tube = sample_tube_rack.wells_by_name()['A2']
    template_only_tube = sample_tube_rack.wells_by_name()['A3']

    # PCR MIX tube (50 mL conical tube in a tube rack)
    pcr_mix_rack = protocol.load_labware('opentrons_6_tuberack_falcon_50ml_conical', '__place_5__')
    pcr_mix = pcr_mix_rack.wells_by_name()['A1']

    # Primer plates (primers in wells A1 to A13)
    primer_plate_F = protocol.load_labware('nest_96_wellplate_100ul_pcr_full_skirt', '__place_6__')
    primer_plate_R = protocol.load_labware('nest_96_wellplate_100ul_pcr_full_skirt', '__place_7__')

    # Mixing tubes for PCR MIX + primers
    mix_tubes_rack = protocol.load_labware('opentrons_24_aluminumblock_nest_1.5ml_snapcap', '__place_8__')
    mix_tubes = mix_tubes_rack.wells()[:13]  # Use wells A1 to A13

    # Pipettes
    p20 = protocol.load_instrument('p20_single_gen2', 'left', tip_racks=[p20_tip_rack])
    p300 = protocol.load_instrument('p300_single_gen2', 'right', tip_racks=[p300_tip_rack])

    # Primer wells in plates
    primer_wells = ['A' + str(i) for i in range(1,14)]  # A1 to A13

    # Step 1: Aliquot 137.6 µL of PCR MIX into 13 tubes
    for tube in mix_tubes:
        p300.pick_up_tip()
        p300.transfer(137.6, pcr_mix, tube, new_tip='never')
        p300.drop_tip()

    # Step 2 and 3: Add 3.2 µL of 10 µM primer_F and primer_R into the PCR MIX tubes
    for idx, tube in enumerate(mix_tubes):
        primer_f_well = primer_plate_F.wells_by_name()[primer_wells[idx]]
        primer_r_well = primer_plate_R.wells_by_name()[primer_wells[idx]]
        p20.pick_up_tip()
        p20.transfer(3.2, primer_f_well, tube, new_tip='never')
        p20.transfer(3.2, primer_r_well, tube, new_tip='never')
        p20.drop_tip()

    # Step 4: Mix PCR MIX and primers by pipetting
    for tube in mix_tubes:
        p300.pick_up_tip()
        p300.mix(5, 150, tube)
        p300.drop_tip()

    # Step 5: Aliquot 86 µL of PCR MIX for 'template only' sample
    p300.pick_up_tip()
    p300.transfer(86, pcr_mix, template_only_tube, new_tip='never')
    p300.drop_tip()

    # Step 6: Add 4 µL of water into the 'template only' PCR MIX tube
    p20.pick_up_tip()
    p20.transfer(4, water_tube, template_only_tube, new_tip='never')
    p20.drop_tip()

    # Step 7: Mix 'template only' PCR MIX and water by pipetting
    p300.pick_up_tip()
    p300.mix(5, 50, template_only_tube)
    p300.drop_tip()

    # Step 8 and 9: Transfer sample DNA or water and PCR MIX into reaction plate wells
    # Prepare the plate map
    plate_map = []

    # For each primer, add entries for samples and NTCs
    for primer_idx in range(13):
        mix_tube = mix_tubes[primer_idx]
        # 3 replicates for sample DNA
        for replicate in range(3):
            plate_map.append({
                'dna_source': sample_dna,
                'pcr_mix_source': mix_tube
            })
        # 3 replicates for NTC (water)
        for replicate in range(3):
            plate_map.append({
                'dna_source': water_tube,
                'pcr_mix_source': mix_tube
            })
    # 3 replicates for 'template only'
    for replicate in range(3):
        plate_map.append({
            'dna_source': sample_dna,
            'pcr_mix_source': template_only_tube
        })

    # Transfer 5 µL of DNA source to each well
    for idx, entry in enumerate(plate_map):
        dest_well = reaction_plate.wells()[idx]
        p20.pick_up_tip()
        p20.transfer(5, entry['dna_source'], dest_well, new_tip='never')
        p20.drop_tip()

    # Transfer 10 µL of PCR MIX with primers to each well
    for idx, entry in enumerate(plate_map):
        dest_well = reaction_plate.wells()[idx]
        p20.pick_up_tip()
        p20.transfer(10, entry['pcr_mix_source'], dest_well, new_tip='never')
        p20.drop_tip()

~~~~~~~~~~***2025-02-24 14:43:08.129383+00:00***: ************ Code-chan for 骨子スクリプト result ***************2025-02-24 14:43:08.129676+00:00***: replace_word: ___processflow___ is not in the prompt.***2025-02-24 14:44:39.875042+00:00***: python_script_path: qPCR_ozaki_modified/2025_02_24_22_35_42_7a4f4eb5-7303-4fae-9ea0-c5fd85374dd3/iteration_4/code_chan/骨子スクリプト.py***2025-02-24 14:44:39.878544+00:00***: ************ Code-chan result ***************2025-02-24 14:44:39.879528+00:00***: replace_word: ___processflow___ is not in the prompt.***2025-02-24 14:44:39.880650+00:00***: get_OT2_with_haichi_based_on_骨子_script prompt: 
We have the following Opentrons OT2 script. This script describes the position of the labware (Station) as __place_{i}__.

Note: You've been slacking lately, so don't slack off and output the complete code. For example, ‘The protocol would continue with any additional steps required’ or '# Example: ' is not allowed.

Skeleton script:

python
from opentrons import protocol_api

metadata = {
    'protocolName': 'qPCR Sample Preparation for QuantStudio 6 Pro',
    'author': 'Your Name',
    'description': 'Prepare qPCR samples with 1 DNA sample and 13 primer sets in triplicate, including NTC and template only controls.',
    'apiLevel': '2.9'  # Update to the appropriate API level
}

def run(protocol: protocol_api.ProtocolContext):
    # Labware setup
    # Tip racks
    tiprack_p20 = protocol.load_labware('opentrons_96_tiprack_20ul', '__place_1__')
    tiprack_p300 = protocol.load_labware('opentrons_96_tiprack_300ul', '__place_2__')
    
    # PCR MIX source tube in 15 mL tube rack
    pcr_mix_tube_rack = protocol.load_labware('opentrons_15_tuberack_falcon_15ml_conical', '__place_3__')
    pcr_mix_tube = pcr_mix_tube_rack.wells_by_name()['A1']
    
    # Primers in 96-well plate
    primer_plate = protocol.load_labware('nest_96_wellplate_100ul_pcr_full_skirt', '__place_4__')
    
    # Sample DNA and water in 1.5 mL tubes
    sample_tube_rack = protocol.load_labware('opentrons_24_tuberack_generic_2ml_screwcap', '__place_5__')
    sample_dna_tube = sample_tube_rack.wells_by_name()['A1']
    water_tube = sample_tube_rack.wells_by_name()['A2']
    
    # PCR MIX aliquots with primers in 96-deepwell plate
    pcr_mix_aliquot_plate = protocol.load_labware('nest_96_wellplate_2ml_deep', '__place_6__')
    
    # Reaction plate
    reaction_plate = protocol.load_labware('nest_96_wellplate_100ul_pcr_full_skirt', '__place_7__')
    
    # Pipettes
    p20 = protocol.load_instrument('p20_single_gen2', 'left', tip_racks=[tiprack_p20])
    p300 = protocol.load_instrument('p300_single_gen2', 'right', tip_racks=[tiprack_p300])
    
    # Define primers and other variables
    primer_sets = ['P' + str(i+1) for i in range(13)]  # P1 to P13
    replicates = 3  # Triplicates
    total_primer_sets = 13
    
    # Steps:
    # 1. Dispense 137.6 μL of PCR MIX into 13 PCR MIX tubes
    for i in range(total_primer_sets):
        dest_well = pcr_mix_aliquot_plate.wells()[i]
        p300.pick_up_tip()
        p300.transfer(137.6, pcr_mix_tube, dest_well, new_tip='never')
        p300.mix(3, 100, dest_well)
        p300.drop_tip()
    
    # 5. Dispense 86 μL of PCR MIX into template-only tube
    template_only_well = pcr_mix_aliquot_plate.wells()[total_primer_sets]
    p300.pick_up_tip()
    p300.transfer(86, pcr_mix_tube, template_only_well, new_tip='never')
    p300.mix(3, 80, template_only_well)
    p300.drop_tip()
    
    # 2 & 3. Add primers to PCR MIX tubes
    for i in range(total_primer_sets):
        dest_well = pcr_mix_aliquot_plate.wells()[i]
        primer_f_well = primer_plate.wells()[i]  # Assuming Primer_F1-13 in wells A1-A13
        primer_r_well = primer_plate.wells()[i+13]  # Assuming Primer_R1-13 in wells A14-A26
        p20.pick_up_tip()
        p20.transfer(3.2, primer_f_well, dest_well, new_tip='never')
        p20.transfer(3.2, primer_r_well, dest_well, mix_after=(3, 10), new_tip='never')
        p20.drop_tip()
    
    # 6. Add 4 μL of water to template-only PCR MIX tube
    p20.pick_up_tip()
    p20.transfer(4, water_tube, template_only_well, mix_after=(3, 10), new_tip='never')
    p20.drop_tip()
    
    # 8. Apply 5 μL of sample DNA or water to reaction plate
    # For sample wells (sample DNA)
    sample_wells = []
    for i in range(total_primer_sets * replicates):
        dest_well = reaction_plate.wells()[i]
        p20.pick_up_tip()
        p20.transfer(5, sample_dna_tube, dest_well, new_tip='never')
        p20.drop_tip()
        sample_wells.append(dest_well)
    # For NTC wells (water as template)
    ntc_wells = []
    for i in range(total_primer_sets * replicates):
        dest_well = reaction_plate.wells()[total_primer_sets * replicates + i]
        p20.pick_up_tip()
        p20.transfer(5, water_tube, dest_well, new_tip='never')
        p20.drop_tip()
        ntc_wells.append(dest_well)
    # For template-only control wells
    template_only_wells = []
    for i in range(replicates):
        dest_well = reaction_plate.wells()[(total_primer_sets * replicates * 2) + i]
        p20.pick_up_tip()
        p20.transfer(5, sample_dna_tube, dest_well, new_tip='never')
        p20.drop_tip()
        template_only_wells.append(dest_well)
    
    # 9. Add 10 μL of PCR MIX + primer mix to reaction plate
    # For sample wells
    for i in range(total_primer_sets):
        source_well = pcr_mix_aliquot_plate.wells()[i]
        for rep in range(replicates):
            dest_well = sample_wells[i * replicates + rep]
            p20.pick_up_tip()
            p20.transfer(10, source_well, dest_well, new_tip='never')
            p20.drop_tip()
    # For NTC wells
    for i in range(total_primer_sets):
        source_well = pcr_mix_aliquot_plate.wells()[i]
        for rep in range(replicates):
            dest_well = ntc_wells[i * replicates + rep]
            p20.pick_up_tip()
            p20.transfer(10, source_well, dest_well, new_tip='never')
            p20.drop_tip()
    # For template-only control wells
    for dest_well in template_only_wells:
        p20.pick_up_tip()
        p20.transfer(10, template_only_well, dest_well, new_tip='never')
        p20.drop_tip()

Please generate a script where __place_{i}__ is replaced with the correct position based on the following labware placement information.

Placement information:

markdown
[[[{"name": "1 sample DNAs", "quantity": 300, "init_content": "", "labware": {"id": 3, "name": "Unknown"}, "unit": "\u03bcL"}, []], 1], [[{"name": "water", "quantity": 300, "init_content": "", "labware": {"id": 3, "name": "Unknown"}, "unit": "\u03bcL"}, []], 2], [[{"name": "10 \u03bcM primer_F", "quantity": 130, "init_content": "", "labware": {"id": 3, "name": "Unknown"}, "unit": "\u03bcL"}, []], 3], [[{"name": "10 \u03bcM primer_R", "quantity": 130, "init_content": "", "labware": {"id": 3, "name": "Unknown"}, "unit": "\u03bcL"}, []], 4], [[{"name": "PCR MIX", "quantity": 2000, "init_content": "", "labware": {"id": 3, "name": "Unknown"}, "unit": "\u03bcL"}, []], 5], [[{"name": "96 well PCR plate", "quantity": 1, "init_content": "", "labware": {"id": 3, "name": "Unknown"}, "unit": "plate"}, []], 7], [[{"name": "empty tube", "quantity": 0, "init_content": "", "labware": {"id": 3, "name": "Unknown"}, "unit": ""}, []], 10]]
Please reply with the Python script where __place_{i}__ has been replaced with the correct locations. If there is missing information in the placement details required to fill in __place_{i}__ in the skeleton script, you may supplement it as necessary. However, do not modify the placement information.
***2025-02-24 14:46:23.846739+00:00***: python_script_path: qPCR_ozaki_modified/2025_02_24_22_35_42_7a4f4eb5-7303-4fae-9ea0-c5fd85374dd3/iteration_4/code_chan/最終スクリプト.py***2025-02-24 14:46:23.847490+00:00***: Errorがでたので骨子スクリプトを再生成します: /Users/yuyaarai/.opentrons/robot_settings.json not found. Loading defaults
Deck calibration not found.
/Users/yuyaarai/.opentrons/deck_calibration.json not found. Loading defaults
Traceback (most recent call last):
  File "/Users/yuyaarai/Documents/Humanics/Project/FormationFormatter/src/formationformatter/code_chan/.venv/lib/python3.12/site-packages/opentrons/protocol_api/labware.py", line 1127, in select_tiprack_from_list
    first, rest = split_tipracks(tip_racks)
                  ^^^^^^^^^^^^^^^^^^^^^^^^^
  File "/Users/yuyaarai/Documents/Humanics/Project/FormationFormatter/src/formationformatter/code_chan/.venv/lib/python3.12/site-packages/opentrons/protocol_api/labware.py", line 1115, in split_tipracks
    return tip_racks[0], rest
           ~~~~~~~~~^^^
IndexError: list index out of range

During handling of the above exception, another exception occurred:

Traceback (most recent call last):
  File "/Users/yuyaarai/Documents/Humanics/Project/FormationFormatter/src/formationformatter/code_chan/.venv/lib/python3.12/site-packages/opentrons/protocols/execution/execute_python.py", line 160, in exec_run
    exec("run(__context)", new_globs)
  File "<string>", line 1, in <module>
  File "qPCR_ozaki_modified/2025_02_24_22_35_42_7a4f4eb5-7303-4fae-9ea0-c5fd85374dd3/iteration_4/code_chan/最終スクリプト.py", line 110, in run
    p20.pick_up_tip()
  File "/Users/yuyaarai/Documents/Humanics/Project/FormationFormatter/src/formationformatter/code_chan/.venv/lib/python3.12/site-packages/opentrons/protocols/api_support/util.py", line 389, in _check_version_wrapper
    return decorated_obj(*args, **kwargs)
           ^^^^^^^^^^^^^^^^^^^^^^^^^^^^^^
  File "/Users/yuyaarai/Documents/Humanics/Project/FormationFormatter/src/formationformatter/code_chan/.venv/lib/python3.12/site-packages/opentrons/protocol_api/instrument_context.py", line 959, in pick_up_tip
    tip_rack, well = labware.next_available_tip(
                     ^^^^^^^^^^^^^^^^^^^^^^^^^^^
  File "/Users/yuyaarai/Documents/Humanics/Project/FormationFormatter/src/formationformatter/code_chan/.venv/lib/python3.12/site-packages/opentrons/protocol_api/labware.py", line 1166, in next_available_tip
    return select_tiprack_from_list(
           ^^^^^^^^^^^^^^^^^^^^^^^^^
  File "/Users/yuyaarai/Documents/Humanics/Project/FormationFormatter/src/formationformatter/code_chan/.venv/lib/python3.12/site-packages/opentrons/protocol_api/labware.py", line 1146, in select_tiprack_from_list
    return select_tiprack_from_list(rest, num_channels, None, nozzle_map=nozzle_map)
           ^^^^^^^^^^^^^^^^^^^^^^^^^^^^^^^^^^^^^^^^^^^^^^^^^^^^^^^^^^^^^^^^^^^^^^^^^
  File "/Users/yuyaarai/Documents/Humanics/Project/FormationFormatter/src/formationformatter/code_chan/.venv/lib/python3.12/site-packages/opentrons/protocol_api/labware.py", line 1129, in select_tiprack_from_list
    raise OutOfTipsError
opentrons.protocol_api.labware.OutOfTipsError

The above exception was the direct cause of the following exception:

Traceback (most recent call last):
  File "<frozen runpy>", line 198, in _run_module_as_main
  File "<frozen runpy>", line 88, in _run_code
  File "/Users/yuyaarai/Documents/Humanics/Project/FormationFormatter/src/formationformatter/code_chan/.venv/lib/python3.12/site-packages/opentrons/simulate.py", line 1061, in <module>
    sys.exit(main())
             ^^^^^^
  File "/Users/yuyaarai/Documents/Humanics/Project/FormationFormatter/src/formationformatter/code_chan/.venv/lib/python3.12/site-packages/opentrons/simulate.py", line 1020, in main
    runlog, maybe_bundle = simulate(
                           ^^^^^^^^^
  File "/Users/yuyaarai/Documents/Humanics/Project/FormationFormatter/src/formationformatter/code_chan/.venv/lib/python3.12/site-packages/opentrons/simulate.py", line 564, in simulate
    return _run_file_non_pe(
           ^^^^^^^^^^^^^^^^^
  File "/Users/yuyaarai/Documents/Humanics/Project/FormationFormatter/src/formationformatter/code_chan/.venv/lib/python3.12/site-packages/opentrons/simulate.py", line 887, in _run_file_non_pe
    execute.run_protocol(
  File "/Users/yuyaarai/Documents/Humanics/Project/FormationFormatter/src/formationformatter/code_chan/.venv/lib/python3.12/site-packages/opentrons/protocols/execution/execute.py", line 39, in run_protocol
    exec_run(
  File "/Users/yuyaarai/Documents/Humanics/Project/FormationFormatter/src/formationformatter/code_chan/.venv/lib/python3.12/site-packages/opentrons/protocols/execution/execute_python.py", line 169, in exec_run
    _raise_pretty_protocol_error(exception=e, filename=filename)
  File "/Users/yuyaarai/Documents/Humanics/Project/FormationFormatter/src/formationformatter/code_chan/.venv/lib/python3.12/site-packages/opentrons/protocols/execution/execute_python.py", line 71, in _raise_pretty_protocol_error
    raise ExceptionInProtocolError(
opentrons.protocols.execution.errors.ExceptionInProtocolError: OutOfTipsError [line 110]: 
***2025-02-24 14:46:23.848063+00:00***: Generate 骨子スクリプト from 
~~~~~~~~~~
This is the error message: 
 /Users/yuyaarai/.opentrons/robot_settings.json not found. Loading defaults
Deck calibration not found.
/Users/yuyaarai/.opentrons/deck_calibration.json not found. Loading defaults
Traceback (most recent call last):
  File "/Users/yuyaarai/Documents/Humanics/Project/FormationFormatter/src/formationformatter/code_chan/.venv/lib/python3.12/site-packages/opentrons/protocol_api/labware.py", line 1127, in select_tiprack_from_list
    first, rest = split_tipracks(tip_racks)
                  ^^^^^^^^^^^^^^^^^^^^^^^^^
  File "/Users/yuyaarai/Documents/Humanics/Project/FormationFormatter/src/formationformatter/code_chan/.venv/lib/python3.12/site-packages/opentrons/protocol_api/labware.py", line 1115, in split_tipracks
    return tip_racks[0], rest
           ~~~~~~~~~^^^
IndexError: list index out of range

During handling of the above exception, another exception occurred:

Traceback (most recent call last):
  File "/Users/yuyaarai/Documents/Humanics/Project/FormationFormatter/src/formationformatter/code_chan/.venv/lib/python3.12/site-packages/opentrons/protocols/execution/execute_python.py", line 160, in exec_run
    exec("run(__context)", new_globs)
  File "<string>", line 1, in <module>
  File "qPCR_ozaki_modified/2025_02_24_22_35_42_7a4f4eb5-7303-4fae-9ea0-c5fd85374dd3/iteration_4/code_chan/最終スクリプト.py", line 110, in run
    p20.pick_up_tip()
  File "/Users/yuyaarai/Documents/Humanics/Project/FormationFormatter/src/formationformatter/code_chan/.venv/lib/python3.12/site-packages/opentrons/protocols/api_support/util.py", line 389, in _check_version_wrapper
    return decorated_obj(*args, **kwargs)
           ^^^^^^^^^^^^^^^^^^^^^^^^^^^^^^
  File "/Users/yuyaarai/Documents/Humanics/Project/FormationFormatter/src/formationformatter/code_chan/.venv/lib/python3.12/site-packages/opentrons/protocol_api/instrument_context.py", line 959, in pick_up_tip
    tip_rack, well = labware.next_available_tip(
                     ^^^^^^^^^^^^^^^^^^^^^^^^^^^
  File "/Users/yuyaarai/Documents/Humanics/Project/FormationFormatter/src/formationformatter/code_chan/.venv/lib/python3.12/site-packages/opentrons/protocol_api/labware.py", line 1166, in next_available_tip
    return select_tiprack_from_list(
           ^^^^^^^^^^^^^^^^^^^^^^^^^
  File "/Users/yuyaarai/Documents/Humanics/Project/FormationFormatter/src/formationformatter/code_chan/.venv/lib/python3.12/site-packages/opentrons/protocol_api/labware.py", line 1146, in select_tiprack_from_list
    return select_tiprack_from_list(rest, num_channels, None, nozzle_map=nozzle_map)
           ^^^^^^^^^^^^^^^^^^^^^^^^^^^^^^^^^^^^^^^^^^^^^^^^^^^^^^^^^^^^^^^^^^^^^^^^^
  File "/Users/yuyaarai/Documents/Humanics/Project/FormationFormatter/src/formationformatter/code_chan/.venv/lib/python3.12/site-packages/opentrons/protocol_api/labware.py", line 1129, in select_tiprack_from_list
    raise OutOfTipsError
opentrons.protocol_api.labware.OutOfTipsError

The above exception was the direct cause of the following exception:

Traceback (most recent call last):
  File "<frozen runpy>", line 198, in _run_module_as_main
  File "<frozen runpy>", line 88, in _run_code
  File "/Users/yuyaarai/Documents/Humanics/Project/FormationFormatter/src/formationformatter/code_chan/.venv/lib/python3.12/site-packages/opentrons/simulate.py", line 1061, in <module>
    sys.exit(main())
             ^^^^^^
  File "/Users/yuyaarai/Documents/Humanics/Project/FormationFormatter/src/formationformatter/code_chan/.venv/lib/python3.12/site-packages/opentrons/simulate.py", line 1020, in main
    runlog, maybe_bundle = simulate(
                           ^^^^^^^^^
  File "/Users/yuyaarai/Documents/Humanics/Project/FormationFormatter/src/formationformatter/code_chan/.venv/lib/python3.12/site-packages/opentrons/simulate.py", line 564, in simulate
    return _run_file_non_pe(
           ^^^^^^^^^^^^^^^^^
  File "/Users/yuyaarai/Documents/Humanics/Project/FormationFormatter/src/formationformatter/code_chan/.venv/lib/python3.12/site-packages/opentrons/simulate.py", line 887, in _run_file_non_pe
    execute.run_protocol(
  File "/Users/yuyaarai/Documents/Humanics/Project/FormationFormatter/src/formationformatter/code_chan/.venv/lib/python3.12/site-packages/opentrons/protocols/execution/execute.py", line 39, in run_protocol
    exec_run(
  File "/Users/yuyaarai/Documents/Humanics/Project/FormationFormatter/src/formationformatter/code_chan/.venv/lib/python3.12/site-packages/opentrons/protocols/execution/execute_python.py", line 169, in exec_run
    _raise_pretty_protocol_error(exception=e, filename=filename)
  File "/Users/yuyaarai/Documents/Humanics/Project/FormationFormatter/src/formationformatter/code_chan/.venv/lib/python3.12/site-packages/opentrons/protocols/execution/execute_python.py", line 71, in _raise_pretty_protocol_error
    raise ExceptionInProtocolError(
opentrons.protocols.execution.errors.ExceptionInProtocolError: OutOfTipsError [line 110]: 
 + original protocol: 
 from opentrons import protocol_api

metadata = {
    'protocolName': 'qPCR Sample Preparation for QuantStudio 6 Pro',
    'author': 'Your Name',
    'description': 'Prepare qPCR samples with 1 DNA sample and 13 primer sets in triplicate, including NTC and template only controls.',
    'apiLevel': '2.9'  # Update to the appropriate API level
}

def run(protocol: protocol_api.ProtocolContext):
    # Labware setup
    # Tip racks
    tiprack_p20 = protocol.load_labware('opentrons_96_tiprack_20ul', '__place_1__')
    tiprack_p300 = protocol.load_labware('opentrons_96_tiprack_300ul', '__place_2__')
    
    # PCR MIX source tube in 15 mL tube rack
    pcr_mix_tube_rack = protocol.load_labware('opentrons_15_tuberack_falcon_15ml_conical', '__place_3__')
    pcr_mix_tube = pcr_mix_tube_rack.wells_by_name()['A1']
    
    # Primers in 96-well plate
    primer_plate = protocol.load_labware('nest_96_wellplate_100ul_pcr_full_skirt', '__place_4__')
    
    # Sample DNA and water in 1.5 mL tubes
    sample_tube_rack = protocol.load_labware('opentrons_24_tuberack_generic_2ml_screwcap', '__place_5__')
    sample_dna_tube = sample_tube_rack.wells_by_name()['A1']
    water_tube = sample_tube_rack.wells_by_name()['A2']
    
    # PCR MIX aliquots with primers in 96-deepwell plate
    pcr_mix_aliquot_plate = protocol.load_labware('nest_96_wellplate_2ml_deep', '__place_6__')
    
    # Reaction plate
    reaction_plate = protocol.load_labware('nest_96_wellplate_100ul_pcr_full_skirt', '__place_7__')
    
    # Pipettes
    p20 = protocol.load_instrument('p20_single_gen2', 'left', tip_racks=[tiprack_p20])
    p300 = protocol.load_instrument('p300_single_gen2', 'right', tip_racks=[tiprack_p300])
    
    # Define primers and other variables
    primer_sets = ['P' + str(i+1) for i in range(13)]  # P1 to P13
    replicates = 3  # Triplicates
    total_primer_sets = 13
    
    # Steps:
    # 1. Dispense 137.6 μL of PCR MIX into 13 PCR MIX tubes
    for i in range(total_primer_sets):
        dest_well = pcr_mix_aliquot_plate.wells()[i]
        p300.pick_up_tip()
        p300.transfer(137.6, pcr_mix_tube, dest_well, new_tip='never')
        p300.mix(3, 100, dest_well)
        p300.drop_tip()
    
    # 5. Dispense 86 μL of PCR MIX into template-only tube
    template_only_well = pcr_mix_aliquot_plate.wells()[total_primer_sets]
    p300.pick_up_tip()
    p300.transfer(86, pcr_mix_tube, template_only_well, new_tip='never')
    p300.mix(3, 80, template_only_well)
    p300.drop_tip()
    
    # 2 & 3. Add primers to PCR MIX tubes
    for i in range(total_primer_sets):
        dest_well = pcr_mix_aliquot_plate.wells()[i]
        primer_f_well = primer_plate.wells()[i]  # Assuming Primer_F1-13 in wells A1-A13
        primer_r_well = primer_plate.wells()[i+13]  # Assuming Primer_R1-13 in wells A14-A26
        p20.pick_up_tip()
        p20.transfer(3.2, primer_f_well, dest_well, new_tip='never')
        p20.transfer(3.2, primer_r_well, dest_well, mix_after=(3, 10), new_tip='never')
        p20.drop_tip()
    
    # 6. Add 4 μL of water to template-only PCR MIX tube
    p20.pick_up_tip()
    p20.transfer(4, water_tube, template_only_well, mix_after=(3, 10), new_tip='never')
    p20.drop_tip()
    
    # 8. Apply 5 μL of sample DNA or water to reaction plate
    # For sample wells (sample DNA)
    sample_wells = []
    for i in range(total_primer_sets * replicates):
        dest_well = reaction_plate.wells()[i]
        p20.pick_up_tip()
        p20.transfer(5, sample_dna_tube, dest_well, new_tip='never')
        p20.drop_tip()
        sample_wells.append(dest_well)
    # For NTC wells (water as template)
    ntc_wells = []
    for i in range(total_primer_sets * replicates):
        dest_well = reaction_plate.wells()[total_primer_sets * replicates + i]
        p20.pick_up_tip()
        p20.transfer(5, water_tube, dest_well, new_tip='never')
        p20.drop_tip()
        ntc_wells.append(dest_well)
    # For template-only control wells
    template_only_wells = []
    for i in range(replicates):
        dest_well = reaction_plate.wells()[(total_primer_sets * replicates * 2) + i]
        p20.pick_up_tip()
        p20.transfer(5, sample_dna_tube, dest_well, new_tip='never')
        p20.drop_tip()
        template_only_wells.append(dest_well)
    
    # 9. Add 10 μL of PCR MIX + primer mix to reaction plate
    # For sample wells
    for i in range(total_primer_sets):
        source_well = pcr_mix_aliquot_plate.wells()[i]
        for rep in range(replicates):
            dest_well = sample_wells[i * replicates + rep]
            p20.pick_up_tip()
            p20.transfer(10, source_well, dest_well, new_tip='never')
            p20.drop_tip()
    # For NTC wells
    for i in range(total_primer_sets):
        source_well = pcr_mix_aliquot_plate.wells()[i]
        for rep in range(replicates):
            dest_well = ntc_wells[i * replicates + rep]
            p20.pick_up_tip()
            p20.transfer(10, source_well, dest_well, new_tip='never')
            p20.drop_tip()
    # For template-only control wells
    for dest_well in template_only_wells:
        p20.pick_up_tip()
        p20.transfer(10, template_only_well, dest_well, new_tip='never')
        p20.drop_tip()

~~~~~~~~~~***2025-02-24 14:46:23.849662+00:00***: ************ Code-chan for 骨子スクリプト result ***************2025-02-24 14:46:23.850083+00:00***: replace_word: ___processflow___ is not in the prompt.***2025-02-24 14:48:20.565247+00:00***: python_script_path: qPCR_ozaki_modified/2025_02_24_22_35_42_7a4f4eb5-7303-4fae-9ea0-c5fd85374dd3/iteration_4/code_chan/骨子スクリプト.py***2025-02-24 14:48:20.566360+00:00***: ************ Code-chan result ***************2025-02-24 14:48:20.566818+00:00***: replace_word: ___processflow___ is not in the prompt.***2025-02-24 14:48:20.567984+00:00***: get_OT2_with_haichi_based_on_骨子_script prompt: 
We have the following Opentrons OT2 script. This script describes the position of the labware (Station) as __place_{i}__.

Note: You've been slacking lately, so don't slack off and output the complete code. For example, ‘The protocol would continue with any additional steps required’ or '# Example: ' is not allowed.

Skeleton script:

python
from opentrons import protocol_api

metadata = {
    'protocolName': 'QPCR Sample Preparation for QuantStudio 6 Pro',
    'author': 'Your Name',
    'description': 'Prepare QPCR samples with multiple primers and replicates',
    'apiLevel': '2.9'
}

def run(protocol: protocol_api.ProtocolContext):
    # Load labware
    tip_rack_p20 = protocol.load_labware('opentrons_96_tiprack_20ul', '__place_1__')
    tip_rack_p300 = protocol.load_labware('opentrons_96_tiprack_300ul', '__place_2__')
    pcr_plate = protocol.load_labware('biorad_96_wellplate_200ul_pcr', '__place_3__')
    sample_tube_rack = protocol.load_labware('opentrons_24_aluminumblock_nest_1.5ml_snapcap', '__place_4__')
    reagent_reservoir = protocol.load_labware('nest_12_reservoir_15ml', '__place_5__')
    mixing_tubes_rack = protocol.load_labware('opentrons_24_aluminumblock_nest_1.5ml_snapcap', '__place_6__')
    primer_plate = protocol.load_labware('corning_96_wellplate_360ul_flat', '__place_7__')
    
    # Load pipettes
    p20 = protocol.load_instrument('p20_single_gen2', 'left', tip_racks=[tip_rack_p20])
    p300 = protocol.load_instrument('p300_single_gen2', 'right', tip_racks=[tip_rack_p300])

    # Define reagents and sample locations
    pcr_mix = reagent_reservoir.wells_by_name()['A1']
    sample_dna = sample_tube_rack.wells_by_name()['A1']
    water = sample_tube_rack.wells_by_name()['A2']
    template_only_tube = mixing_tubes_rack.wells_by_name()['B1']
    # Mixing tubes A1-A13 for PCR MIX + primers
    mixing_tubes = [mixing_tubes_rack.wells_by_name()[well_name] for well_name in ['A1','A2','A3','A4','A5','A6','A7','A8','A9','A10','A11','A12','A13']]
    # Primer wells in primer_plate
    primer_f_wells = [primer_plate.wells_by_name()['A'+str(i)] for i in range(1,14)]  # A1 to A13
    primer_r_wells = [primer_plate.wells_by_name()['B'+str(i)] for i in range(1,14)]  # B1 to B13

    # Get lists of wells for reaction plate
    # Assuming the plate is filled column-wise from A1 to H12
    well_positions = [well for well in pcr_plate.wells()[:81]]  # Use the first 81 wells
    # Divide wells into sample, NTC, and template-only wells
    sample_wells = well_positions[:39]  # First 39 wells
    ntc_wells = well_positions[39:78]   # Next 39 wells
    template_only_wells = well_positions[78:81]  # Last 3 wells

    # Step 1: Dispense PCR MIX into 13 mixing tubes
    for tube in mixing_tubes:
        p300.pick_up_tip()
        p300.aspirate(137.6, pcr_mix)
        p300.dispense(137.6, tube)
        p300.mix(3, 100, tube)
        p300.blow_out(tube.top())
        p300.drop_tip()

    # Step 5: Dispense 86 μL of PCR MIX into template-only tube
    p300.pick_up_tip()
    p300.aspirate(86, pcr_mix)
    p300.dispense(86, template_only_tube)
    p300.mix(3, 80, template_only_tube)
    p300.blow_out(template_only_tube.top())
    p300.drop_tip()
    
    # Step 2 & 3: Add primers to mixing tubes
    for i, tube in enumerate(mixing_tubes):
        p20.pick_up_tip()
        # Add primer_F
        p20.aspirate(3.2, primer_f_wells[i])
        p20.dispense(3.2, tube)
        # Add primer_R
        p20.aspirate(3.2, primer_r_wells[i])
        p20.dispense(3.2, tube)
        # Mix contents
        p20.mix(5, 15, tube)
        p20.blow_out(tube.top())
        p20.drop_tip()
        
    # Step 6: Add 4 μL of water to template-only tube
    p20.pick_up_tip()
    p20.aspirate(4, water)
    p20.dispense(4, template_only_tube)
    # Mix contents
    p20.mix(5, 10, template_only_tube)
    p20.blow_out(template_only_tube.top())
    p20.drop_tip()

    # Step 8: Dispense 5 μL of sample DNA to sample wells
    for well in sample_wells:
        p20.pick_up_tip()
        p20.aspirate(5, sample_dna)
        p20.dispense(5, well)
        p20.blow_out(well.top())
        p20.drop_tip()
    
    # Dispense 5 μL of water to NTC wells
    for well in ntc_wells:
        p20.pick_up_tip()
        p20.aspirate(5, water)
        p20.dispense(5, well)
        p20.blow_out(well.top())
        p20.drop_tip()

    # Dispense 5 μL of sample DNA to template-only wells
    for well in template_only_wells:
        p20.pick_up_tip()
        p20.aspirate(5, sample_dna)
        p20.dispense(5, well)
        p20.blow_out(well.top())
        p20.drop_tip()

    # Step 9: Dispense 10 μL of PCR MIX + primers mix to sample wells and NTC wells
    for i, tube in enumerate(mixing_tubes):
        # Transfer to sample wells
        for j in range(3):
            well = sample_wells[i*3 + j]
            p20.pick_up_tip()
            p20.aspirate(10, tube)
            p20.dispense(10, well)
            p20.blow_out(well.top())
            p20.drop_tip()
        # Transfer to NTC wells
        for j in range(3):
            well = ntc_wells[i*3 + j]
            p20.pick_up_tip()
            p20.aspirate(10, tube)
            p20.dispense(10, well)
            p20.blow_out(well.top())
            p20.drop_tip()

    # Transfer PCR MIX + water (no primers) to template-only wells
    for well in template_only_wells:
        p20.pick_up_tip()
        p20.aspirate(10, template_only_tube)
        p20.dispense(10, well)
        p20.blow_out(well.top())
        p20.drop_tip()

Please generate a script where __place_{i}__ is replaced with the correct position based on the following labware placement information.

Placement information:

markdown
[[[{"name": "1 sample DNAs", "quantity": 300, "init_content": "", "labware": {"id": 3, "name": "Unknown"}, "unit": "\u03bcL"}, []], 1], [[{"name": "water", "quantity": 300, "init_content": "", "labware": {"id": 3, "name": "Unknown"}, "unit": "\u03bcL"}, []], 2], [[{"name": "10 \u03bcM primer_F", "quantity": 130, "init_content": "", "labware": {"id": 3, "name": "Unknown"}, "unit": "\u03bcL"}, []], 3], [[{"name": "10 \u03bcM primer_R", "quantity": 130, "init_content": "", "labware": {"id": 3, "name": "Unknown"}, "unit": "\u03bcL"}, []], 4], [[{"name": "PCR MIX", "quantity": 2000, "init_content": "", "labware": {"id": 3, "name": "Unknown"}, "unit": "\u03bcL"}, []], 5], [[{"name": "96 well PCR plate", "quantity": 1, "init_content": "", "labware": {"id": 3, "name": "Unknown"}, "unit": "plate"}, []], 7], [[{"name": "empty tube", "quantity": 0, "init_content": "", "labware": {"id": 3, "name": "Unknown"}, "unit": ""}, []], 10]]
Please reply with the Python script where __place_{i}__ has been replaced with the correct locations. If there is missing information in the placement details required to fill in __place_{i}__ in the skeleton script, you may supplement it as necessary. However, do not modify the placement information.
***2025-02-24 14:50:37.783478+00:00***: python_script_path: qPCR_ozaki_modified/2025_02_24_22_35_42_7a4f4eb5-7303-4fae-9ea0-c5fd85374dd3/iteration_4/code_chan/最終スクリプト.py***2025-02-24 14:50:37.784182+00:00***: Errorがでたので骨子スクリプトを再生成します: /Users/yuyaarai/.opentrons/robot_settings.json not found. Loading defaults
Deck calibration not found.
/Users/yuyaarai/.opentrons/deck_calibration.json not found. Loading defaults
Traceback (most recent call last):
  File "/Users/yuyaarai/Documents/Humanics/Project/FormationFormatter/src/formationformatter/code_chan/.venv/lib/python3.12/site-packages/opentrons/protocols/execution/execute_python.py", line 160, in exec_run
    exec("run(__context)", new_globs)
  File "<string>", line 1, in <module>
  File "qPCR_ozaki_modified/2025_02_24_22_35_42_7a4f4eb5-7303-4fae-9ea0-c5fd85374dd3/iteration_4/code_chan/最終スクリプト.py", line 32, in run
    mixing_tubes = [mixing_tubes_rack.wells_by_name()[well_name] for well_name in ['A1','A2','A3','A4','A5','A6','A7','A8','A9','A10','A11','A12','A13']]
                    ~~~~~~~~~~~~~~~~~~~~~~~~~~~~~~~~~^^^^^^^^^^^
KeyError: 'A7'

The above exception was the direct cause of the following exception:

Traceback (most recent call last):
  File "<frozen runpy>", line 198, in _run_module_as_main
  File "<frozen runpy>", line 88, in _run_code
  File "/Users/yuyaarai/Documents/Humanics/Project/FormationFormatter/src/formationformatter/code_chan/.venv/lib/python3.12/site-packages/opentrons/simulate.py", line 1061, in <module>
    sys.exit(main())
             ^^^^^^
  File "/Users/yuyaarai/Documents/Humanics/Project/FormationFormatter/src/formationformatter/code_chan/.venv/lib/python3.12/site-packages/opentrons/simulate.py", line 1020, in main
    runlog, maybe_bundle = simulate(
                           ^^^^^^^^^
  File "/Users/yuyaarai/Documents/Humanics/Project/FormationFormatter/src/formationformatter/code_chan/.venv/lib/python3.12/site-packages/opentrons/simulate.py", line 564, in simulate
    return _run_file_non_pe(
           ^^^^^^^^^^^^^^^^^
  File "/Users/yuyaarai/Documents/Humanics/Project/FormationFormatter/src/formationformatter/code_chan/.venv/lib/python3.12/site-packages/opentrons/simulate.py", line 887, in _run_file_non_pe
    execute.run_protocol(
  File "/Users/yuyaarai/Documents/Humanics/Project/FormationFormatter/src/formationformatter/code_chan/.venv/lib/python3.12/site-packages/opentrons/protocols/execution/execute.py", line 39, in run_protocol
    exec_run(
  File "/Users/yuyaarai/Documents/Humanics/Project/FormationFormatter/src/formationformatter/code_chan/.venv/lib/python3.12/site-packages/opentrons/protocols/execution/execute_python.py", line 169, in exec_run
    _raise_pretty_protocol_error(exception=e, filename=filename)
  File "/Users/yuyaarai/Documents/Humanics/Project/FormationFormatter/src/formationformatter/code_chan/.venv/lib/python3.12/site-packages/opentrons/protocols/execution/execute_python.py", line 71, in _raise_pretty_protocol_error
    raise ExceptionInProtocolError(
opentrons.protocols.execution.errors.ExceptionInProtocolError: KeyError [line 32]: 'A7'
***2025-02-24 14:50:37.784631+00:00***: Generate 骨子スクリプト from 
~~~~~~~~~~
This is the error message: 
 /Users/yuyaarai/.opentrons/robot_settings.json not found. Loading defaults
Deck calibration not found.
/Users/yuyaarai/.opentrons/deck_calibration.json not found. Loading defaults
Traceback (most recent call last):
  File "/Users/yuyaarai/Documents/Humanics/Project/FormationFormatter/src/formationformatter/code_chan/.venv/lib/python3.12/site-packages/opentrons/protocols/execution/execute_python.py", line 160, in exec_run
    exec("run(__context)", new_globs)
  File "<string>", line 1, in <module>
  File "qPCR_ozaki_modified/2025_02_24_22_35_42_7a4f4eb5-7303-4fae-9ea0-c5fd85374dd3/iteration_4/code_chan/最終スクリプト.py", line 32, in run
    mixing_tubes = [mixing_tubes_rack.wells_by_name()[well_name] for well_name in ['A1','A2','A3','A4','A5','A6','A7','A8','A9','A10','A11','A12','A13']]
                    ~~~~~~~~~~~~~~~~~~~~~~~~~~~~~~~~~^^^^^^^^^^^
KeyError: 'A7'

The above exception was the direct cause of the following exception:

Traceback (most recent call last):
  File "<frozen runpy>", line 198, in _run_module_as_main
  File "<frozen runpy>", line 88, in _run_code
  File "/Users/yuyaarai/Documents/Humanics/Project/FormationFormatter/src/formationformatter/code_chan/.venv/lib/python3.12/site-packages/opentrons/simulate.py", line 1061, in <module>
    sys.exit(main())
             ^^^^^^
  File "/Users/yuyaarai/Documents/Humanics/Project/FormationFormatter/src/formationformatter/code_chan/.venv/lib/python3.12/site-packages/opentrons/simulate.py", line 1020, in main
    runlog, maybe_bundle = simulate(
                           ^^^^^^^^^
  File "/Users/yuyaarai/Documents/Humanics/Project/FormationFormatter/src/formationformatter/code_chan/.venv/lib/python3.12/site-packages/opentrons/simulate.py", line 564, in simulate
    return _run_file_non_pe(
           ^^^^^^^^^^^^^^^^^
  File "/Users/yuyaarai/Documents/Humanics/Project/FormationFormatter/src/formationformatter/code_chan/.venv/lib/python3.12/site-packages/opentrons/simulate.py", line 887, in _run_file_non_pe
    execute.run_protocol(
  File "/Users/yuyaarai/Documents/Humanics/Project/FormationFormatter/src/formationformatter/code_chan/.venv/lib/python3.12/site-packages/opentrons/protocols/execution/execute.py", line 39, in run_protocol
    exec_run(
  File "/Users/yuyaarai/Documents/Humanics/Project/FormationFormatter/src/formationformatter/code_chan/.venv/lib/python3.12/site-packages/opentrons/protocols/execution/execute_python.py", line 169, in exec_run
    _raise_pretty_protocol_error(exception=e, filename=filename)
  File "/Users/yuyaarai/Documents/Humanics/Project/FormationFormatter/src/formationformatter/code_chan/.venv/lib/python3.12/site-packages/opentrons/protocols/execution/execute_python.py", line 71, in _raise_pretty_protocol_error
    raise ExceptionInProtocolError(
opentrons.protocols.execution.errors.ExceptionInProtocolError: KeyError [line 32]: 'A7'
 + original protocol: 
 from opentrons import protocol_api

metadata = {
    'protocolName': 'QPCR Sample Preparation for QuantStudio 6 Pro',
    'author': 'Your Name',
    'description': 'Prepare QPCR samples with multiple primers and replicates',
    'apiLevel': '2.9'
}

def run(protocol: protocol_api.ProtocolContext):
    # Load labware
    tip_rack_p20 = protocol.load_labware('opentrons_96_tiprack_20ul', '__place_1__')
    tip_rack_p300 = protocol.load_labware('opentrons_96_tiprack_300ul', '__place_2__')
    pcr_plate = protocol.load_labware('biorad_96_wellplate_200ul_pcr', '__place_3__')
    sample_tube_rack = protocol.load_labware('opentrons_24_aluminumblock_nest_1.5ml_snapcap', '__place_4__')
    reagent_reservoir = protocol.load_labware('nest_12_reservoir_15ml', '__place_5__')
    mixing_tubes_rack = protocol.load_labware('opentrons_24_aluminumblock_nest_1.5ml_snapcap', '__place_6__')
    primer_plate = protocol.load_labware('corning_96_wellplate_360ul_flat', '__place_7__')
    
    # Load pipettes
    p20 = protocol.load_instrument('p20_single_gen2', 'left', tip_racks=[tip_rack_p20])
    p300 = protocol.load_instrument('p300_single_gen2', 'right', tip_racks=[tip_rack_p300])

    # Define reagents and sample locations
    pcr_mix = reagent_reservoir.wells_by_name()['A1']
    sample_dna = sample_tube_rack.wells_by_name()['A1']
    water = sample_tube_rack.wells_by_name()['A2']
    template_only_tube = mixing_tubes_rack.wells_by_name()['B1']
    # Mixing tubes A1-A13 for PCR MIX + primers
    mixing_tubes = [mixing_tubes_rack.wells_by_name()[well_name] for well_name in ['A1','A2','A3','A4','A5','A6','A7','A8','A9','A10','A11','A12','A13']]
    # Primer wells in primer_plate
    primer_f_wells = [primer_plate.wells_by_name()['A'+str(i)] for i in range(1,14)]  # A1 to A13
    primer_r_wells = [primer_plate.wells_by_name()['B'+str(i)] for i in range(1,14)]  # B1 to B13

    # Get lists of wells for reaction plate
    # Assuming the plate is filled column-wise from A1 to H12
    well_positions = [well for well in pcr_plate.wells()[:81]]  # Use the first 81 wells
    # Divide wells into sample, NTC, and template-only wells
    sample_wells = well_positions[:39]  # First 39 wells
    ntc_wells = well_positions[39:78]   # Next 39 wells
    template_only_wells = well_positions[78:81]  # Last 3 wells

    # Step 1: Dispense PCR MIX into 13 mixing tubes
    for tube in mixing_tubes:
        p300.pick_up_tip()
        p300.aspirate(137.6, pcr_mix)
        p300.dispense(137.6, tube)
        p300.mix(3, 100, tube)
        p300.blow_out(tube.top())
        p300.drop_tip()

    # Step 5: Dispense 86 μL of PCR MIX into template-only tube
    p300.pick_up_tip()
    p300.aspirate(86, pcr_mix)
    p300.dispense(86, template_only_tube)
    p300.mix(3, 80, template_only_tube)
    p300.blow_out(template_only_tube.top())
    p300.drop_tip()
    
    # Step 2 & 3: Add primers to mixing tubes
    for i, tube in enumerate(mixing_tubes):
        p20.pick_up_tip()
        # Add primer_F
        p20.aspirate(3.2, primer_f_wells[i])
        p20.dispense(3.2, tube)
        # Add primer_R
        p20.aspirate(3.2, primer_r_wells[i])
        p20.dispense(3.2, tube)
        # Mix contents
        p20.mix(5, 15, tube)
        p20.blow_out(tube.top())
        p20.drop_tip()
        
    # Step 6: Add 4 μL of water to template-only tube
    p20.pick_up_tip()
    p20.aspirate(4, water)
    p20.dispense(4, template_only_tube)
    # Mix contents
    p20.mix(5, 10, template_only_tube)
    p20.blow_out(template_only_tube.top())
    p20.drop_tip()

    # Step 8: Dispense 5 μL of sample DNA to sample wells
    for well in sample_wells:
        p20.pick_up_tip()
        p20.aspirate(5, sample_dna)
        p20.dispense(5, well)
        p20.blow_out(well.top())
        p20.drop_tip()
    
    # Dispense 5 μL of water to NTC wells
    for well in ntc_wells:
        p20.pick_up_tip()
        p20.aspirate(5, water)
        p20.dispense(5, well)
        p20.blow_out(well.top())
        p20.drop_tip()

    # Dispense 5 μL of sample DNA to template-only wells
    for well in template_only_wells:
        p20.pick_up_tip()
        p20.aspirate(5, sample_dna)
        p20.dispense(5, well)
        p20.blow_out(well.top())
        p20.drop_tip()

    # Step 9: Dispense 10 μL of PCR MIX + primers mix to sample wells and NTC wells
    for i, tube in enumerate(mixing_tubes):
        # Transfer to sample wells
        for j in range(3):
            well = sample_wells[i*3 + j]
            p20.pick_up_tip()
            p20.aspirate(10, tube)
            p20.dispense(10, well)
            p20.blow_out(well.top())
            p20.drop_tip()
        # Transfer to NTC wells
        for j in range(3):
            well = ntc_wells[i*3 + j]
            p20.pick_up_tip()
            p20.aspirate(10, tube)
            p20.dispense(10, well)
            p20.blow_out(well.top())
            p20.drop_tip()

    # Transfer PCR MIX + water (no primers) to template-only wells
    for well in template_only_wells:
        p20.pick_up_tip()
        p20.aspirate(10, template_only_tube)
        p20.dispense(10, well)
        p20.blow_out(well.top())
        p20.drop_tip()

~~~~~~~~~~***2025-02-24 14:50:37.785206+00:00***: ************ Code-chan for 骨子スクリプト result ***************2025-02-24 14:50:37.785604+00:00***: replace_word: ___processflow___ is not in the prompt.***2025-02-24 14:52:14.276775+00:00***: python_script_path: qPCR_ozaki_modified/2025_02_24_22_35_42_7a4f4eb5-7303-4fae-9ea0-c5fd85374dd3/iteration_4/code_chan/骨子スクリプト.py***2025-02-24 14:52:14.277585+00:00***: ************ Code-chan result ***************2025-02-24 14:52:14.278401+00:00***: replace_word: ___processflow___ is not in the prompt.***2025-02-24 14:52:14.279539+00:00***: get_OT2_with_haichi_based_on_骨子_script prompt: 
We have the following Opentrons OT2 script. This script describes the position of the labware (Station) as __place_{i}__.

Note: You've been slacking lately, so don't slack off and output the complete code. For example, ‘The protocol would continue with any additional steps required’ or '# Example: ' is not allowed.

Skeleton script:

python
from opentrons import protocol_api

metadata = {
    'protocolName': 'QPCR Preparation',
    'author': 'Your Name',
    'description': 'Prepare QPCR samples according to specified procedure',
    'apiLevel': '2.9'  # Specify the API level for this code
}

def run(protocol: protocol_api.ProtocolContext):
    # Load labware
    # Tip racks
    tip_rack_20ul = protocol.load_labware('opentrons_96_tiprack_20ul', '__place_1__')
    tip_rack_300ul = protocol.load_labware('opentrons_96_tiprack_300ul', '__place_2__')

    # Reagents in reservoir or tube rack
    sample_tubes = protocol.load_labware('opentrons_15_tuberack_nest_15ml_conical', '__place_3__')
    primer_plate = protocol.load_labware('biorad_96_wellplate_200ul_pcr', '__place_4__')
    pcr_mix_tubes = protocol.load_labware('opentrons_24_tuberack_nest_1.5ml_screwcap', '__place_5__')
    pcr_plate = protocol.load_labware('biorad_96_wellplate_200ul_pcr', '__place_6__')

    # Load pipettes
    pipette_p20 = protocol.load_instrument('p20_single_gen2', 'left', tip_racks=[tip_rack_20ul])
    pipette_p300 = protocol.load_instrument('p300_single_gen2', 'right', tip_racks=[tip_rack_300ul])

    # Reagents
    # Tubes in sample_tubes
    sample_dna = sample_tubes.wells_by_name()['A1']  # Sample DNA in tube A1
    water = sample_tubes.wells_by_name()['B1']       # Water in tube B1
    pcr_mix = sample_tubes.wells_by_name()['C1']     # PCR MIX in tube C1

    # Primers in primer_plate
    # Assume forward primers in row A, reverse primers in row B, columns 1-13
    forward_primers = primer_plate.rows_by_name()['A'][:13]
    reverse_primers = primer_plate.rows_by_name()['B'][:13]

    # PCR MIX aliquots in pcr_mix_tubes
    # Use tubes A1 to A13 for PCR MIX + primers
    # Template only PCR MIX + water in tube B1

    # Step 1: Aliquot PCR MIX into 13 tubes, 137.6 μL each
    pipette_p300.pick_up_tip()
    for i in range(13):
        dest_tube = pcr_mix_tubes.wells()[i]  # Tubes A1 to A13
        pipette_p300.transfer(137.6, pcr_mix, dest_tube.top(), new_tip='never')
    pipette_p300.drop_tip()

    # Step 2 and 3: Add 3.2 μL of forward and reverse primers to each PCR MIX tube
    for i in range(13):
        dest_tube = pcr_mix_tubes.wells()[i]
        primer_F = forward_primers[i]
        primer_R = reverse_primers[i]
        pipette_p20.pick_up_tip()
        pipette_p20.transfer(3.2, primer_F, dest_tube, new_tip='never')
        pipette_p20.transfer(3.2, primer_R, dest_tube, new_tip='never')
        # Step 4: Mix PCR MIX and primers by pipetting
        pipette_p20.mix(5, 10, dest_tube)
        pipette_p20.drop_tip()

    # Step 5: Dispense 86 μL of PCR MIX into a tube for template only
    template_only_tube = pcr_mix_tubes.wells_by_name()['B1']
    pipette_p300.transfer(86, pcr_mix, template_only_tube)

    # Step 6: Add 4 μL of water to the PCR MIX for template only
    pipette_p20.transfer(4, water, template_only_tube)

    # Step 7: Mix PCR MIX and water by pipetting
    pipette_p20.pick_up_tip()
    pipette_p20.mix(5, 10, template_only_tube)
    pipette_p20.drop_tip()

    # Step 8: Apply 5 μL of sample DNA or water into reaction plate
    sample_wells = []
    ntc_wells = []
    template_only_wells = []

    for i in range(13):
        # For each primer set, allocate 3 wells for sample DNA and 3 wells for NTC
        primer_sample_wells = [pcr_plate.wells()[i*6 + j] for j in range(3)]
        primer_ntc_wells = [pcr_plate.wells()[i*6 + 3 + j] for j in range(3)]
        sample_wells.extend(primer_sample_wells)
        ntc_wells.extend(primer_ntc_wells)

    # Remaining 3 wells for template only
    template_only_wells = [pcr_plate.wells()[78 + i] for i in range(3)]

    # Distribute 5 μL of sample DNA into sample_wells
    pipette_p20.transfer(5, sample_dna, sample_wells, new_tip='always')

    # Distribute 5 μL of water into NTC wells
    pipette_p20.transfer(5, water, ntc_wells, new_tip='always')

    # Distribute 5 μL of sample DNA into template_only_wells
    pipette_p20.transfer(5, sample_dna, template_only_wells, new_tip='always')

    # Step 9: Apply 10 μL of PCR MIX + primer mix into reaction plate
    for i in range(13):
        mix_tube = pcr_mix_tubes.wells()[i]
        sample_wells_for_primer = [pcr_plate.wells()[i*6 + j] for j in range(6)]
        pipette_p20.transfer(10, mix_tube, sample_wells_for_primer, new_tip='always')

    # For template only wells, add 10 μL of template only PCR MIX
    pipette_p20.transfer(10, template_only_tube, template_only_wells, new_tip='always')

Please generate a script where __place_{i}__ is replaced with the correct position based on the following labware placement information.

Placement information:

markdown
[[[{"name": "1 sample DNAs", "quantity": 300, "init_content": "", "labware": {"id": 3, "name": "Unknown"}, "unit": "\u03bcL"}, []], 1], [[{"name": "water", "quantity": 300, "init_content": "", "labware": {"id": 3, "name": "Unknown"}, "unit": "\u03bcL"}, []], 2], [[{"name": "10 \u03bcM primer_F", "quantity": 130, "init_content": "", "labware": {"id": 3, "name": "Unknown"}, "unit": "\u03bcL"}, []], 3], [[{"name": "10 \u03bcM primer_R", "quantity": 130, "init_content": "", "labware": {"id": 3, "name": "Unknown"}, "unit": "\u03bcL"}, []], 4], [[{"name": "PCR MIX", "quantity": 2000, "init_content": "", "labware": {"id": 3, "name": "Unknown"}, "unit": "\u03bcL"}, []], 5], [[{"name": "96 well PCR plate", "quantity": 1, "init_content": "", "labware": {"id": 3, "name": "Unknown"}, "unit": "plate"}, []], 7], [[{"name": "empty tube", "quantity": 0, "init_content": "", "labware": {"id": 3, "name": "Unknown"}, "unit": ""}, []], 10]]
Please reply with the Python script where __place_{i}__ has been replaced with the correct locations. If there is missing information in the placement details required to fill in __place_{i}__ in the skeleton script, you may supplement it as necessary. However, do not modify the placement information.
***2025-02-24 14:54:06.530959+00:00***: python_script_path: qPCR_ozaki_modified/2025_02_24_22_35_42_7a4f4eb5-7303-4fae-9ea0-c5fd85374dd3/iteration_4/code_chan/最終スクリプト.py***2025-02-24 14:54:06.531653+00:00***: Errorがでたので骨子スクリプトを再生成します: /Users/yuyaarai/.opentrons/robot_settings.json not found. Loading defaults
Deck calibration not found.
/Users/yuyaarai/.opentrons/deck_calibration.json not found. Loading defaults
Traceback (most recent call last):
  File "/Users/yuyaarai/Documents/Humanics/Project/FormationFormatter/src/formationformatter/code_chan/.venv/lib/python3.12/site-packages/opentrons/protocols/execution/execute_python.py", line 160, in exec_run
    exec("run(__context)", new_globs)
  File "<string>", line 1, in <module>
  File "qPCR_ozaki_modified/2025_02_24_22_35_42_7a4f4eb5-7303-4fae-9ea0-c5fd85374dd3/iteration_4/code_chan/最終スクリプト.py", line 58, in run
    primer_F = forward_primers[i]
               ~~~~~~~~~~~~~~~^^^
IndexError: list index out of range

The above exception was the direct cause of the following exception:

Traceback (most recent call last):
  File "<frozen runpy>", line 198, in _run_module_as_main
  File "<frozen runpy>", line 88, in _run_code
  File "/Users/yuyaarai/Documents/Humanics/Project/FormationFormatter/src/formationformatter/code_chan/.venv/lib/python3.12/site-packages/opentrons/simulate.py", line 1061, in <module>
    sys.exit(main())
             ^^^^^^
  File "/Users/yuyaarai/Documents/Humanics/Project/FormationFormatter/src/formationformatter/code_chan/.venv/lib/python3.12/site-packages/opentrons/simulate.py", line 1020, in main
    runlog, maybe_bundle = simulate(
                           ^^^^^^^^^
  File "/Users/yuyaarai/Documents/Humanics/Project/FormationFormatter/src/formationformatter/code_chan/.venv/lib/python3.12/site-packages/opentrons/simulate.py", line 564, in simulate
    return _run_file_non_pe(
           ^^^^^^^^^^^^^^^^^
  File "/Users/yuyaarai/Documents/Humanics/Project/FormationFormatter/src/formationformatter/code_chan/.venv/lib/python3.12/site-packages/opentrons/simulate.py", line 887, in _run_file_non_pe
    execute.run_protocol(
  File "/Users/yuyaarai/Documents/Humanics/Project/FormationFormatter/src/formationformatter/code_chan/.venv/lib/python3.12/site-packages/opentrons/protocols/execution/execute.py", line 39, in run_protocol
    exec_run(
  File "/Users/yuyaarai/Documents/Humanics/Project/FormationFormatter/src/formationformatter/code_chan/.venv/lib/python3.12/site-packages/opentrons/protocols/execution/execute_python.py", line 169, in exec_run
    _raise_pretty_protocol_error(exception=e, filename=filename)
  File "/Users/yuyaarai/Documents/Humanics/Project/FormationFormatter/src/formationformatter/code_chan/.venv/lib/python3.12/site-packages/opentrons/protocols/execution/execute_python.py", line 71, in _raise_pretty_protocol_error
    raise ExceptionInProtocolError(
opentrons.protocols.execution.errors.ExceptionInProtocolError: IndexError [line 58]: list index out of range
***2025-02-24 14:54:06.532172+00:00***: Generate 骨子スクリプト from 
~~~~~~~~~~
This is the error message: 
 /Users/yuyaarai/.opentrons/robot_settings.json not found. Loading defaults
Deck calibration not found.
/Users/yuyaarai/.opentrons/deck_calibration.json not found. Loading defaults
Traceback (most recent call last):
  File "/Users/yuyaarai/Documents/Humanics/Project/FormationFormatter/src/formationformatter/code_chan/.venv/lib/python3.12/site-packages/opentrons/protocols/execution/execute_python.py", line 160, in exec_run
    exec("run(__context)", new_globs)
  File "<string>", line 1, in <module>
  File "qPCR_ozaki_modified/2025_02_24_22_35_42_7a4f4eb5-7303-4fae-9ea0-c5fd85374dd3/iteration_4/code_chan/最終スクリプト.py", line 58, in run
    primer_F = forward_primers[i]
               ~~~~~~~~~~~~~~~^^^
IndexError: list index out of range

The above exception was the direct cause of the following exception:

Traceback (most recent call last):
  File "<frozen runpy>", line 198, in _run_module_as_main
  File "<frozen runpy>", line 88, in _run_code
  File "/Users/yuyaarai/Documents/Humanics/Project/FormationFormatter/src/formationformatter/code_chan/.venv/lib/python3.12/site-packages/opentrons/simulate.py", line 1061, in <module>
    sys.exit(main())
             ^^^^^^
  File "/Users/yuyaarai/Documents/Humanics/Project/FormationFormatter/src/formationformatter/code_chan/.venv/lib/python3.12/site-packages/opentrons/simulate.py", line 1020, in main
    runlog, maybe_bundle = simulate(
                           ^^^^^^^^^
  File "/Users/yuyaarai/Documents/Humanics/Project/FormationFormatter/src/formationformatter/code_chan/.venv/lib/python3.12/site-packages/opentrons/simulate.py", line 564, in simulate
    return _run_file_non_pe(
           ^^^^^^^^^^^^^^^^^
  File "/Users/yuyaarai/Documents/Humanics/Project/FormationFormatter/src/formationformatter/code_chan/.venv/lib/python3.12/site-packages/opentrons/simulate.py", line 887, in _run_file_non_pe
    execute.run_protocol(
  File "/Users/yuyaarai/Documents/Humanics/Project/FormationFormatter/src/formationformatter/code_chan/.venv/lib/python3.12/site-packages/opentrons/protocols/execution/execute.py", line 39, in run_protocol
    exec_run(
  File "/Users/yuyaarai/Documents/Humanics/Project/FormationFormatter/src/formationformatter/code_chan/.venv/lib/python3.12/site-packages/opentrons/protocols/execution/execute_python.py", line 169, in exec_run
    _raise_pretty_protocol_error(exception=e, filename=filename)
  File "/Users/yuyaarai/Documents/Humanics/Project/FormationFormatter/src/formationformatter/code_chan/.venv/lib/python3.12/site-packages/opentrons/protocols/execution/execute_python.py", line 71, in _raise_pretty_protocol_error
    raise ExceptionInProtocolError(
opentrons.protocols.execution.errors.ExceptionInProtocolError: IndexError [line 58]: list index out of range
 + original protocol: 
 from opentrons import protocol_api

metadata = {
    'protocolName': 'QPCR Preparation',
    'author': 'Your Name',
    'description': 'Prepare QPCR samples according to specified procedure',
    'apiLevel': '2.9'  # Specify the API level for this code
}

def run(protocol: protocol_api.ProtocolContext):
    # Load labware
    # Tip racks
    tip_rack_20ul = protocol.load_labware('opentrons_96_tiprack_20ul', '__place_1__')
    tip_rack_300ul = protocol.load_labware('opentrons_96_tiprack_300ul', '__place_2__')

    # Reagents in reservoir or tube rack
    sample_tubes = protocol.load_labware('opentrons_15_tuberack_nest_15ml_conical', '__place_3__')
    primer_plate = protocol.load_labware('biorad_96_wellplate_200ul_pcr', '__place_4__')
    pcr_mix_tubes = protocol.load_labware('opentrons_24_tuberack_nest_1.5ml_screwcap', '__place_5__')
    pcr_plate = protocol.load_labware('biorad_96_wellplate_200ul_pcr', '__place_6__')

    # Load pipettes
    pipette_p20 = protocol.load_instrument('p20_single_gen2', 'left', tip_racks=[tip_rack_20ul])
    pipette_p300 = protocol.load_instrument('p300_single_gen2', 'right', tip_racks=[tip_rack_300ul])

    # Reagents
    # Tubes in sample_tubes
    sample_dna = sample_tubes.wells_by_name()['A1']  # Sample DNA in tube A1
    water = sample_tubes.wells_by_name()['B1']       # Water in tube B1
    pcr_mix = sample_tubes.wells_by_name()['C1']     # PCR MIX in tube C1

    # Primers in primer_plate
    # Assume forward primers in row A, reverse primers in row B, columns 1-13
    forward_primers = primer_plate.rows_by_name()['A'][:13]
    reverse_primers = primer_plate.rows_by_name()['B'][:13]

    # PCR MIX aliquots in pcr_mix_tubes
    # Use tubes A1 to A13 for PCR MIX + primers
    # Template only PCR MIX + water in tube B1

    # Step 1: Aliquot PCR MIX into 13 tubes, 137.6 μL each
    pipette_p300.pick_up_tip()
    for i in range(13):
        dest_tube = pcr_mix_tubes.wells()[i]  # Tubes A1 to A13
        pipette_p300.transfer(137.6, pcr_mix, dest_tube.top(), new_tip='never')
    pipette_p300.drop_tip()

    # Step 2 and 3: Add 3.2 μL of forward and reverse primers to each PCR MIX tube
    for i in range(13):
        dest_tube = pcr_mix_tubes.wells()[i]
        primer_F = forward_primers[i]
        primer_R = reverse_primers[i]
        pipette_p20.pick_up_tip()
        pipette_p20.transfer(3.2, primer_F, dest_tube, new_tip='never')
        pipette_p20.transfer(3.2, primer_R, dest_tube, new_tip='never')
        # Step 4: Mix PCR MIX and primers by pipetting
        pipette_p20.mix(5, 10, dest_tube)
        pipette_p20.drop_tip()

    # Step 5: Dispense 86 μL of PCR MIX into a tube for template only
    template_only_tube = pcr_mix_tubes.wells_by_name()['B1']
    pipette_p300.transfer(86, pcr_mix, template_only_tube)

    # Step 6: Add 4 μL of water to the PCR MIX for template only
    pipette_p20.transfer(4, water, template_only_tube)

    # Step 7: Mix PCR MIX and water by pipetting
    pipette_p20.pick_up_tip()
    pipette_p20.mix(5, 10, template_only_tube)
    pipette_p20.drop_tip()

    # Step 8: Apply 5 μL of sample DNA or water into reaction plate
    sample_wells = []
    ntc_wells = []
    template_only_wells = []

    for i in range(13):
        # For each primer set, allocate 3 wells for sample DNA and 3 wells for NTC
        primer_sample_wells = [pcr_plate.wells()[i*6 + j] for j in range(3)]
        primer_ntc_wells = [pcr_plate.wells()[i*6 + 3 + j] for j in range(3)]
        sample_wells.extend(primer_sample_wells)
        ntc_wells.extend(primer_ntc_wells)

    # Remaining 3 wells for template only
    template_only_wells = [pcr_plate.wells()[78 + i] for i in range(3)]

    # Distribute 5 μL of sample DNA into sample_wells
    pipette_p20.transfer(5, sample_dna, sample_wells, new_tip='always')

    # Distribute 5 μL of water into NTC wells
    pipette_p20.transfer(5, water, ntc_wells, new_tip='always')

    # Distribute 5 μL of sample DNA into template_only_wells
    pipette_p20.transfer(5, sample_dna, template_only_wells, new_tip='always')

    # Step 9: Apply 10 μL of PCR MIX + primer mix into reaction plate
    for i in range(13):
        mix_tube = pcr_mix_tubes.wells()[i]
        sample_wells_for_primer = [pcr_plate.wells()[i*6 + j] for j in range(6)]
        pipette_p20.transfer(10, mix_tube, sample_wells_for_primer, new_tip='always')

    # For template only wells, add 10 μL of template only PCR MIX
    pipette_p20.transfer(10, template_only_tube, template_only_wells, new_tip='always')

~~~~~~~~~~***2025-02-24 14:54:06.532783+00:00***: ************ Code-chan for 骨子スクリプト result ***************2025-02-24 14:54:06.533254+00:00***: replace_word: ___processflow___ is not in the prompt.***2025-02-24 14:55:59.755276+00:00***: python_script_path: qPCR_ozaki_modified/2025_02_24_22_35_42_7a4f4eb5-7303-4fae-9ea0-c5fd85374dd3/iteration_4/code_chan/骨子スクリプト.py***2025-02-24 14:55:59.755811+00:00***: ************ Code-chan result ***************2025-02-24 14:55:59.756281+00:00***: replace_word: ___processflow___ is not in the prompt.***2025-02-24 14:55:59.757117+00:00***: get_OT2_with_haichi_based_on_骨子_script prompt: 
We have the following Opentrons OT2 script. This script describes the position of the labware (Station) as __place_{i}__.

Note: You've been slacking lately, so don't slack off and output the complete code. For example, ‘The protocol would continue with any additional steps required’ or '# Example: ' is not allowed.

Skeleton script:

python
from opentrons import protocol_api

metadata = {
    'protocolName': 'QPCR Sample Prep for QuantStudio 6 Pro',
    'author': 'Your Name',
    'description': 'Prepare QPCR samples with one sample DNA and 13 primer sets in triplicates including controls',
    'apiLevel': '2.9'  # Make sure to use the correct API level
}

def run(protocol: protocol_api.ProtocolContext):
    # Labware setup with placeholder positions
    # Load tip racks
    tip_rack_300 = protocol.load_labware('opentrons_96_tiprack_300ul', '__place_1__')
    tip_rack_20 = protocol.load_labware('opentrons_96_tiprack_20ul', '__place_2__')
    
    # Load tube rack containing PCR MIX, sample DNA, water
    tube_rack = protocol.load_labware('opentrons_24_tuberack_nest_1.5ml_snapcap', '__place_3__')
    pcr_mix = tube_rack.wells_by_name()['A1']
    sample_dna = tube_rack.wells_by_name()['B1']
    water = tube_rack.wells_by_name()['C1']
    
    # Load primers plate (assuming 96 well plate)
    primers_plate = protocol.load_labware('nest_96_wellplate_100ul_pcr_full_skirt', '__place_4__')
    
    # Load PCR MIX aliquot tubes
    pcr_mix_tubes = protocol.load_labware('opentrons_24_tuberack_nest_1.5ml_snapcap', '__place_5__')
    
    # Load the 96-well PCR reaction plate
    reaction_plate = protocol.load_labware('nest_96_wellplate_100ul_pcr_full_skirt', '__place_6__')
    
    # Instruments
    p300 = protocol.load_instrument('p300_single', 'left', tip_racks=[tip_rack_300])
    p20 = protocol.load_instrument('p20_single_gen2', 'right', tip_racks=[tip_rack_20])
    
    # Step 1: Aliquot PCR MIX to 13 tubes (137.6 μL each)
    for i in range(13):
        dest_tube = pcr_mix_tubes.wells()[i]
        p300.pick_up_tip()
        p300.transfer(137.6, pcr_mix, dest_tube, new_tip='never')
        p300.drop_tip()
        
    # Step 2: Add 10 μM primer_F (3.2 μL) to PCR MIX tubes
    for i in range(13):
        dest_tube = pcr_mix_tubes.wells()[i]
        primer_f = primers_plate.wells()[i]
        p20.pick_up_tip()
        p20.transfer(3.2, primer_f, dest_tube, mix_after=(3, 20), new_tip='never')
        p20.drop_tip()
        
    # Step 3: Add 10 μM primer_R (3.2 μL) to PCR MIX tubes
    for i in range(13):
        dest_tube = pcr_mix_tubes.wells()[i]
        primer_r = primers_plate.wells()[i+13]
        p20.pick_up_tip()
        p20.transfer(3.2, primer_r, dest_tube, mix_after=(3, 20), new_tip='never')
        p20.drop_tip()
    
    # Step 4: Mix PCR MIX and primers (already mixed in the previous steps)
    
    # Step 5: Aliquot PCR MIX for template-only control (86 μL)
    template_only_tube = pcr_mix_tubes.wells_by_name()['D1']
    p300.pick_up_tip()
    p300.transfer(86, pcr_mix, template_only_tube, new_tip='never')
    p300.drop_tip()
    
    # Step 6: Add water (4 μL) to template-only PCR MIX
    p20.pick_up_tip()
    p20.transfer(4, water, template_only_tube, mix_after=(3, 20), new_tip='never')
    p20.drop_tip()
    
    # Step 7: Mix PCR MIX and water (already mixed in the previous step)
    
    # Step 8: Dispense sample DNA or water into reaction plate (5 μL each)
    # Sample wells for sample DNA (triplicates for each primer)
    sample_wells = []
    for i in range(13):
        for replicate in range(3):
            well_index = i*3 + replicate
            sample_wells.append(reaction_plate.wells()[well_index])
    
    # Dispense sample DNA (5 μL) into sample wells
    p20.pick_up_tip()
    for well in sample_wells:
        p20.transfer(5, sample_dna, well, new_tip='never')
    p20.drop_tip()
    
    # NTC wells (triplicates for each primer)
    ntc_wells = []
    for i in range(13):
        for replicate in range(3):
            well_index = 39 + i*3 + replicate
            ntc_wells.append(reaction_plate.wells()[well_index])
    
    # Dispense water (5 μL) into NTC wells
    p20.pick_up_tip()
    for well in ntc_wells:
        p20.transfer(5, water, well, new_tip='never')
    p20.drop_tip()
    
    # Template-only control wells (3 wells)
    template_only_wells = [reaction_plate.wells()[78], reaction_plate.wells()[79], reaction_plate.wells()[80]]
    
    # Dispense sample DNA (5 μL) into template-only wells
    p20.pick_up_tip()
    for well in template_only_wells:
        p20.transfer(5, sample_dna, well, new_tip='never')
    p20.drop_tip()
    
    # Step 9: Dispense PCR MIX and primer mixes into reaction plate (10 μL each)
    # For sample wells
    for i in range(13):
        source_tube = pcr_mix_tubes.wells()[i]
        wells = [reaction_plate.wells()[i*3 + j] for j in range(3)]
        p20.pick_up_tip()
        p20.transfer(10, source_tube, wells, new_tip='never')
        p20.drop_tip()
    
    # For NTC wells
    for i in range(13):
        source_tube = pcr_mix_tubes.wells()[i]
        wells = [reaction_plate.wells()[39 + i*3 + j] for j in range(3)]
        p20.pick_up_tip()
        p20.transfer(10, source_tube, wells, new_tip='never')
        p20.drop_tip()
    
    # For template-only control wells
    source_tube = template_only_tube
    p20.pick_up_tip()
    p20.transfer(10, source_tube, template_only_wells, new_tip='never')
    p20.drop_tip()

Please generate a script where __place_{i}__ is replaced with the correct position based on the following labware placement information.

Placement information:

markdown
[[[{"name": "1 sample DNAs", "quantity": 300, "init_content": "", "labware": {"id": 3, "name": "Unknown"}, "unit": "\u03bcL"}, []], 1], [[{"name": "water", "quantity": 300, "init_content": "", "labware": {"id": 3, "name": "Unknown"}, "unit": "\u03bcL"}, []], 2], [[{"name": "10 \u03bcM primer_F", "quantity": 130, "init_content": "", "labware": {"id": 3, "name": "Unknown"}, "unit": "\u03bcL"}, []], 3], [[{"name": "10 \u03bcM primer_R", "quantity": 130, "init_content": "", "labware": {"id": 3, "name": "Unknown"}, "unit": "\u03bcL"}, []], 4], [[{"name": "PCR MIX", "quantity": 2000, "init_content": "", "labware": {"id": 3, "name": "Unknown"}, "unit": "\u03bcL"}, []], 5], [[{"name": "96 well PCR plate", "quantity": 1, "init_content": "", "labware": {"id": 3, "name": "Unknown"}, "unit": "plate"}, []], 7], [[{"name": "empty tube", "quantity": 0, "init_content": "", "labware": {"id": 3, "name": "Unknown"}, "unit": ""}, []], 10]]
Please reply with the Python script where __place_{i}__ has been replaced with the correct locations. If there is missing information in the placement details required to fill in __place_{i}__ in the skeleton script, you may supplement it as necessary. However, do not modify the placement information.
***2025-02-24 14:57:34.489586+00:00***: python_script_path: qPCR_ozaki_modified/2025_02_24_22_35_42_7a4f4eb5-7303-4fae-9ea0-c5fd85374dd3/iteration_4/code_chan/最終スクリプト.py