***2025-02-24 14:25:32.949089+00:00***: os.path.join(BASE_DIR, f'{id}')='qPCR_ozaki_modified/2025_02_24_22_35_42_7a4f4eb5-7303-4fae-9ea0-c5fd85374dd3/iteration_3'***2025-02-24 14:25:32.949505+00:00***: *********************** 2025_02_24_22_35_42_7a4f4eb5-7303-4fae-9ea0-c5fd85374dd3/iteration_3 *****************************2025-02-24 14:25:32.949880+00:00***: *********************************************************2025-02-24 14:25:38.308613+00:00***: obj-chan preprocess result:

{
  "labware": [
    {
      "name": "sample DNAs",
      "quantity": 300,
      "unit": "μL",
      "init_content": "sample DNAs",
      "labware": {
        "id": 1,
        "name": "tube_300ul"
      }
    },
    {
      "name": "Water",
      "quantity": 300,
      "unit": "μL",
      "init_content": "Water",
      "labware": {
        "id": 1,
        "name": "tube_300ul"
      }
    },
    {
      "name": "10 μM primer_F",
      "quantity": 10,
      "unit": "μL",
      "init_content": "",
      "labware": {
        "id": 1,
        "name": "tube_300ul"
      }
    },
    {
      "name": "10 μM primer_R",
      "quantity": 10,
      "unit": "μL",
      "init_content": "",
      "labware": {
        "id": 1,
        "name": "tube_300ul"
      }
    },
    {
      "name": "PCR MIX",
      "quantity": 2000,
      "unit": "μL",
      "init_content": "PCR MIX",
      "labware": {
        "id": 1,
        "name": "tube_2000ul"
      }
    },
    {
      "name": "96 well PCR plate",
      "quantity": 1,
      "unit": "plate",
      "init_content": "",
      "labware": {
        "id": 2,
        "name": "96_well_PCR_plate"
      }
    }
  ]
}

***2025-02-24 14:25:38.309899+00:00***: obj-chan postprocess result:

{
  "labware": [
    {
      "name": "sample DNAs",
      "quantity": 300,
      "unit": "μL",
      "init_content": "sample DNAs",
      "labware": {
        "id": 1,
        "name": "tube_300ul"
      }
    },
    {
      "name": "Water",
      "quantity": 300,
      "unit": "μL",
      "init_content": "Water",
      "labware": {
        "id": 1,
        "name": "tube_300ul"
      }
    },
    {
      "name": "10 μM primer_F",
      "quantity": 10,
      "unit": "μL",
      "init_content": "",
      "labware": {
        "id": 1,
        "name": "tube_300ul"
      }
    },
    {
      "name": "10 μM primer_R",
      "quantity": 10,
      "unit": "μL",
      "init_content": "",
      "labware": {
        "id": 1,
        "name": "tube_300ul"
      }
    },
    {
      "name": "PCR MIX",
      "quantity": 2000,
      "unit": "μL",
      "init_content": "PCR MIX",
      "labware": {
        "id": 1,
        "name": "tube_2000ul"
      }
    },
    {
      "name": "96 well PCR plate",
      "quantity": 1,
      "unit": "plate",
      "init_content": "",
      "labware": {
        "id": 2,
        "name": "96_well_PCR_plate"
      }
    }
  ]
}

***2025-02-24 14:25:38.310753+00:00***: 

Process Flow ******************
QPCR
QuantStudio 6 Proで測定するサンプルprepを行う
1サンプルあってそれぞれ13プライマー x duplicate(3)で試験するイメージ
NTCは13プライマー x duplicate(3)用意する
その他、PrimerなしのTemplateのみを1 x duplicate(3)用意する


Input：試薬類の容器はチューブまたはプレート
1 sample DNAs			300 μL
water					300 μL
10 μM primer_F			各10 μL
10 μM primer_R			各10 μL
PCR MIX				2000 μL
96 well PCR  plate			1 plate
その他液体混合に必要なチューブまたはプレートなど
output
sample DNA, primer, PCR MIXの混合溶液が入った96 well PCR plate x 1
procedure
1. PCR MIXを137.6 μLずつ13個に分注する
2. PCR MIXが入ったチューブに10 μM primer_F1-13を3.2 μL添加する
3. PCR MIXが入ったチューブに10 μM primer_R1-13を3.2 μL添加する
4. PCR MIXとprimerをピペッティングで混合する
5. templateのみ用のPCR MIXを86 μL分注する
6. templateのみ用のPCR MIXにwaterを4 μL添加する
7. templateのみ用のPCR MIXとwaterをピペッティングで混合する
8. サンプル DNAまたはwater をreaction plateに5 μLずつアプライする
下記plate mapの列を埋めていくイメージ
9. PCR MIXとprimerの混合溶液を10 μLずつreaction plateにアプライする
下記plate mapの行を埋めていくイメージ
plate map
81 well使用する
S_n = sample_n
今回はヒト標準cDNA1つ
NTC = no template control：水＝ネガティブコントロール（全primerについて置く）
P_m = primer set_m：forward primerとreverse primerのセット
今回は13種類
Templateのみも置く
OT-2のピペット
20 μLと300 μL 

Note: 
1つの96 well plateを用いて10 μM primer_Fと10 μM primer_Rを準備する
1 sample DNAsやwaterなど、同じ容器であるものはできるだけ同じステーションに置く



Constraints ******************
Constraints(allowed_objects=[Object(name='Unknown', quantity=0, init_content='Unknown', labware={'name': '96 well plate'}, unit='unitless'), Object(name='Unknown', quantity=0, init_content='Unknown', labware={'name': '1.5 mL tube'}, unit='unitless'), Object(name='Unknown', quantity=0, init_content='Unknown', labware={'name': '15 mL tube'}, unit='unitless')])

Extracted Object List******************
[Object(name='sample DNAs', quantity=300, init_content='sample DNAs', labware={'id': 1, 'name': 'tube_300ul'}, unit='μL'), Object(name='Water', quantity=300, init_content='Water', labware={'id': 1, 'name': 'tube_300ul'}, unit='μL'), Object(name='10 μM primer_F', quantity=10, init_content='', labware={'id': 1, 'name': 'tube_300ul'}, unit='μL'), Object(name='10 μM primer_R', quantity=10, init_content='', labware={'id': 1, 'name': 'tube_300ul'}, unit='μL'), Object(name='PCR MIX', quantity=2000, init_content='PCR MIX', labware={'id': 1, 'name': 'tube_2000ul'}, unit='μL'), Object(name='96 well PCR plate', quantity=1, init_content='', labware={'id': 2, 'name': '96_well_PCR_plate'}, unit='plate')]***2025-02-24 14:25:38.311700+00:00***: ************ Obj-chan result ***************2025-02-24 14:25:38.312507+00:00***: object_list: [Object(name='sample DNAs', quantity=300, init_content='sample DNAs', labware={'id': 1, 'name': 'tube_300ul'}, unit='μL'), Object(name='Water', quantity=300, init_content='Water', labware={'id': 1, 'name': 'tube_300ul'}, unit='μL'), Object(name='10 μM primer_F', quantity=10, init_content='', labware={'id': 1, 'name': 'tube_300ul'}, unit='μL'), Object(name='10 μM primer_R', quantity=10, init_content='', labware={'id': 1, 'name': 'tube_300ul'}, unit='μL'), Object(name='PCR MIX', quantity=2000, init_content='PCR MIX', labware={'id': 1, 'name': 'tube_2000ul'}, unit='μL'), Object(name='96 well PCR plate', quantity=1, init_content='', labware={'id': 2, 'name': '96_well_PCR_plate'}, unit='plate')]***2025-02-24 14:25:38.314537+00:00***: object_list_num: 6***2025-02-24 14:25:38.316384+00:00***: all_num: 32***2025-02-24 14:25:38.317713+00:00***: ************ haichi-kun result ***************2025-02-24 14:25:38.318556+00:00***: all_results[:10]=[[((Object(name='sample DNAs', quantity=300, init_content='sample DNAs', labware={'id': 1, 'name': 'tube_300ul'}, unit='μL'), []), 1), ((Object(name='Water', quantity=300, init_content='Water', labware={'id': 1, 'name': 'tube_300ul'}, unit='μL'), []), 2), ((Object(name='10 μM primer_F', quantity=10, init_content='', labware={'id': 1, 'name': 'tube_300ul'}, unit='μL'), []), 3), ((Object(name='10 μM primer_R', quantity=10, init_content='', labware={'id': 1, 'name': 'tube_300ul'}, unit='μL'), []), 4), ((Object(name='PCR MIX', quantity=2000, init_content='PCR MIX', labware={'id': 1, 'name': 'tube_2000ul'}, unit='μL'), []), 5), ((Object(name='96 well PCR plate', quantity=1, init_content='', labware={'id': 2, 'name': '96_well_PCR_plate'}, unit='plate'), []), 6)], [((Object(name='sample DNAs', quantity=300, init_content='sample DNAs', labware={'id': 1, 'name': 'tube_300ul'}, unit='μL'), []), 1), ((Object(name='Water', quantity=300, init_content='Water', labware={'id': 1, 'name': 'tube_300ul'}, unit='μL'), []), 2), ((Object(name='10 μM primer_F', quantity=10, init_content='', labware={'id': 1, 'name': 'tube_300ul'}, unit='μL'), []), 3), ((Object(name='10 μM primer_R', quantity=10, init_content='', labware={'id': 1, 'name': 'tube_300ul'}, unit='μL'), []), 4), ((Object(name='PCR MIX', quantity=2000, init_content='PCR MIX', labware={'id': 1, 'name': 'tube_2000ul'}, unit='μL'), []), 5), ((Object(name='96 well PCR plate', quantity=1, init_content='', labware={'id': 2, 'name': '96_well_PCR_plate'}, unit='plate'), []), 7)], [((Object(name='sample DNAs', quantity=300, init_content='sample DNAs', labware={'id': 1, 'name': 'tube_300ul'}, unit='μL'), []), 1), ((Object(name='Water', quantity=300, init_content='Water', labware={'id': 1, 'name': 'tube_300ul'}, unit='μL'), []), 2), ((Object(name='10 μM primer_F', quantity=10, init_content='', labware={'id': 1, 'name': 'tube_300ul'}, unit='μL'), []), 3), ((Object(name='10 μM primer_R', quantity=10, init_content='', labware={'id': 1, 'name': 'tube_300ul'}, unit='μL'), []), 4), ((Object(name='PCR MIX', quantity=2000, init_content='PCR MIX', labware={'id': 1, 'name': 'tube_2000ul'}, unit='μL'), []), 5), ((Object(name='96 well PCR plate', quantity=1, init_content='', labware={'id': 2, 'name': '96_well_PCR_plate'}, unit='plate'), []), 8)], [((Object(name='sample DNAs', quantity=300, init_content='sample DNAs', labware={'id': 1, 'name': 'tube_300ul'}, unit='μL'), []), 1), ((Object(name='Water', quantity=300, init_content='Water', labware={'id': 1, 'name': 'tube_300ul'}, unit='μL'), []), 2), ((Object(name='10 μM primer_F', quantity=10, init_content='', labware={'id': 1, 'name': 'tube_300ul'}, unit='μL'), []), 3), ((Object(name='10 μM primer_R', quantity=10, init_content='', labware={'id': 1, 'name': 'tube_300ul'}, unit='μL'), []), 4), ((Object(name='PCR MIX', quantity=2000, init_content='PCR MIX', labware={'id': 1, 'name': 'tube_2000ul'}, unit='μL'), []), 5), ((Object(name='96 well PCR plate', quantity=1, init_content='', labware={'id': 2, 'name': '96_well_PCR_plate'}, unit='plate'), []), 9)], [((Object(name='sample DNAs', quantity=300, init_content='sample DNAs', labware={'id': 1, 'name': 'tube_300ul'}, unit='μL'), []), 1), ((Object(name='Water', quantity=300, init_content='Water', labware={'id': 1, 'name': 'tube_300ul'}, unit='μL'), []), 2), ((Object(name='10 μM primer_F', quantity=10, init_content='', labware={'id': 1, 'name': 'tube_300ul'}, unit='μL'), []), 3), ((Object(name='10 μM primer_R', quantity=10, init_content='', labware={'id': 1, 'name': 'tube_300ul'}, unit='μL'), []), 4), ((Object(name='PCR MIX', quantity=2000, init_content='PCR MIX', labware={'id': 1, 'name': 'tube_2000ul'}, unit='μL'), []), 5), ((Object(name='96 well PCR plate', quantity=1, init_content='', labware={'id': 2, 'name': '96_well_PCR_plate'}, unit='plate'), []), 10)], [((Object(name='sample DNAs', quantity=300, init_content='sample DNAs', labware={'id': 1, 'name': 'tube_300ul'}, unit='μL'), []), 1), ((Object(name='Water', quantity=300, init_content='Water', labware={'id': 1, 'name': 'tube_300ul'}, unit='μL'), []), 2), ((Object(name='10 μM primer_F', quantity=10, init_content='', labware={'id': 1, 'name': 'tube_300ul'}, unit='μL'), []), 3), ((Object(name='10 μM primer_R', quantity=10, init_content='', labware={'id': 1, 'name': 'tube_300ul'}, unit='μL'), []), 4), ((Object(name='PCR MIX', quantity=2000, init_content='PCR MIX', labware={'id': 1, 'name': 'tube_2000ul'}, unit='μL'), []), 5), ((Object(name='96 well PCR plate', quantity=1, init_content='', labware={'id': 2, 'name': '96_well_PCR_plate'}, unit='plate'), []), 11)], [((Object(name='sample DNAs', quantity=300, init_content='sample DNAs', labware={'id': 1, 'name': 'tube_300ul'}, unit='μL'), []), 1), ((Object(name='Water', quantity=300, init_content='Water', labware={'id': 1, 'name': 'tube_300ul'}, unit='μL'), []), 2), ((Object(name='10 μM primer_F', quantity=10, init_content='', labware={'id': 1, 'name': 'tube_300ul'}, unit='μL'), []), 3), ((Object(name='10 μM primer_R', quantity=10, init_content='', labware={'id': 1, 'name': 'tube_300ul'}, unit='μL'), []), 4), ((Object(name='PCR MIX', quantity=2000, init_content='PCR MIX', labware={'id': 1, 'name': 'tube_2000ul'}, unit='μL'), []), 5), ((Object(name='96 well PCR plate', quantity=1, init_content='', labware={'id': 2, 'name': '96_well_PCR_plate'}, unit='plate'), []), 12)], [((Object(name='sample DNAs', quantity=300, init_content='sample DNAs', labware={'id': 1, 'name': 'tube_300ul'}, unit='μL'), []), 1), ((Object(name='Water', quantity=300, init_content='Water', labware={'id': 1, 'name': 'tube_300ul'}, unit='μL'), []), 2), ((Object(name='10 μM primer_F', quantity=10, init_content='', labware={'id': 1, 'name': 'tube_300ul'}, unit='μL'), []), 3), ((Object(name='10 μM primer_R', quantity=10, init_content='', labware={'id': 1, 'name': 'tube_300ul'}, unit='μL'), []), 4), ((Object(name='PCR MIX', quantity=2000, init_content='PCR MIX', labware={'id': 1, 'name': 'tube_2000ul'}, unit='μL'), []), 6), ((Object(name='96 well PCR plate', quantity=1, init_content='', labware={'id': 2, 'name': '96_well_PCR_plate'}, unit='plate'), []), 5)], [((Object(name='sample DNAs', quantity=300, init_content='sample DNAs', labware={'id': 1, 'name': 'tube_300ul'}, unit='μL'), []), 1), ((Object(name='Water', quantity=300, init_content='Water', labware={'id': 1, 'name': 'tube_300ul'}, unit='μL'), []), 2), ((Object(name='10 μM primer_F', quantity=10, init_content='', labware={'id': 1, 'name': 'tube_300ul'}, unit='μL'), []), 3), ((Object(name='10 μM primer_R', quantity=10, init_content='', labware={'id': 1, 'name': 'tube_300ul'}, unit='μL'), []), 4), ((Object(name='PCR MIX', quantity=2000, init_content='PCR MIX', labware={'id': 1, 'name': 'tube_2000ul'}, unit='μL'), []), 6), ((Object(name='96 well PCR plate', quantity=1, init_content='', labware={'id': 2, 'name': '96_well_PCR_plate'}, unit='plate'), []), 7)], [((Object(name='sample DNAs', quantity=300, init_content='sample DNAs', labware={'id': 1, 'name': 'tube_300ul'}, unit='μL'), []), 1), ((Object(name='Water', quantity=300, init_content='Water', labware={'id': 1, 'name': 'tube_300ul'}, unit='μL'), []), 2), ((Object(name='10 μM primer_F', quantity=10, init_content='', labware={'id': 1, 'name': 'tube_300ul'}, unit='μL'), []), 3), ((Object(name='10 μM primer_R', quantity=10, init_content='', labware={'id': 1, 'name': 'tube_300ul'}, unit='μL'), []), 4), ((Object(name='PCR MIX', quantity=2000, init_content='PCR MIX', labware={'id': 1, 'name': 'tube_2000ul'}, unit='μL'), []), 6), ((Object(name='96 well PCR plate', quantity=1, init_content='', labware={'id': 2, 'name': '96_well_PCR_plate'}, unit='plate'), []), 8)]]***2025-02-24 14:25:38.322988+00:00***: ************ Check-chan result ***************2025-02-24 14:25:38.324584+00:00***: object_list: [(Object(name='sample DNAs', quantity=300, init_content='sample DNAs', labware={'id': 1, 'name': 'tube_300ul'}, unit='μL'), []), (Object(name='Water', quantity=300, init_content='Water', labware={'id': 1, 'name': 'tube_300ul'}, unit='μL'), []), (Object(name='10 μM primer_F', quantity=10, init_content='', labware={'id': 1, 'name': 'tube_300ul'}, unit='μL'), []), (Object(name='10 μM primer_R', quantity=10, init_content='', labware={'id': 1, 'name': 'tube_300ul'}, unit='μL'), []), (Object(name='PCR MIX', quantity=2000, init_content='PCR MIX', labware={'id': 1, 'name': 'tube_2000ul'}, unit='μL'), []), (Object(name='96 well PCR plate', quantity=1, init_content='', labware={'id': 2, 'name': '96_well_PCR_plate'}, unit='plate'), [])]***2025-02-24 14:25:38.326072+00:00***: haichi: [((Object(name='sample DNAs', quantity=300, init_content='sample DNAs', labware={'id': 1, 'name': 'tube_300ul'}, unit='μL'), []), 1), ((Object(name='Water', quantity=300, init_content='Water', labware={'id': 1, 'name': 'tube_300ul'}, unit='μL'), []), 2), ((Object(name='10 μM primer_F', quantity=10, init_content='', labware={'id': 1, 'name': 'tube_300ul'}, unit='μL'), []), 3), ((Object(name='10 μM primer_R', quantity=10, init_content='', labware={'id': 1, 'name': 'tube_300ul'}, unit='μL'), []), 4), ((Object(name='PCR MIX', quantity=2000, init_content='PCR MIX', labware={'id': 1, 'name': 'tube_2000ul'}, unit='μL'), []), 5), ((Object(name='96 well PCR plate', quantity=1, init_content='', labware={'id': 2, 'name': '96_well_PCR_plate'}, unit='plate'), []), 6)]***2025-02-24 14:25:38.326622+00:00***: object: ((Object(name='sample DNAs', quantity=300, init_content='sample DNAs', labware={'id': 1, 'name': 'tube_300ul'}, unit='μL'), []), 1)***2025-02-24 14:25:38.327467+00:00***: place: 1***2025-02-24 14:25:38.328100+00:00***: object: ((Object(name='Water', quantity=300, init_content='Water', labware={'id': 1, 'name': 'tube_300ul'}, unit='μL'), []), 2)***2025-02-24 14:25:38.328482+00:00***: place: 2***2025-02-24 14:25:38.328826+00:00***: object: ((Object(name='10 μM primer_F', quantity=10, init_content='', labware={'id': 1, 'name': 'tube_300ul'}, unit='μL'), []), 3)***2025-02-24 14:25:38.329130+00:00***: place: 3***2025-02-24 14:25:38.329524+00:00***: object: ((Object(name='10 μM primer_R', quantity=10, init_content='', labware={'id': 1, 'name': 'tube_300ul'}, unit='μL'), []), 4)***2025-02-24 14:25:38.329911+00:00***: place: 4***2025-02-24 14:25:38.330320+00:00***: object: ((Object(name='PCR MIX', quantity=2000, init_content='PCR MIX', labware={'id': 1, 'name': 'tube_2000ul'}, unit='μL'), []), 5)***2025-02-24 14:25:38.330632+00:00***: place: 5***2025-02-24 14:25:38.330953+00:00***: object: ((Object(name='96 well PCR plate', quantity=1, init_content='', labware={'id': 2, 'name': '96_well_PCR_plate'}, unit='plate'), []), 6)***2025-02-24 14:25:38.331354+00:00***: place: 6***2025-02-24 14:25:38.331755+00:00***: ***Station info*** from***2025-02-24 14:25:38.332071+00:00***: ||||
|----|----|----|
|void|void|void|
|void|void|void|
|10 μM primer_R:10 μM primer_R|PCR MIX:PCR MIX|96 well PCR plate:96 well PCR plate|
|sample DNAs:sample DNAs|Water:Water|10 μM primer_F:10 μM primer_F|
***2025-02-24 14:25:38.332335+00:00***: ***Station info*** to***2025-02-24 14:25:38.332673+00:00***: relative_restriction: test_case/relative_restriction_init_content/ng_position1.json***2025-02-24 14:25:38.333526+00:00***: []***2025-02-24 14:25:38.334602+00:00***: ************ Check-chan result ***************2025-02-24 14:25:38.334888+00:00***: object_list: [(Object(name='sample DNAs', quantity=300, init_content='sample DNAs', labware={'id': 1, 'name': 'tube_300ul'}, unit='μL'), []), (Object(name='Water', quantity=300, init_content='Water', labware={'id': 1, 'name': 'tube_300ul'}, unit='μL'), []), (Object(name='10 μM primer_F', quantity=10, init_content='', labware={'id': 1, 'name': 'tube_300ul'}, unit='μL'), []), (Object(name='10 μM primer_R', quantity=10, init_content='', labware={'id': 1, 'name': 'tube_300ul'}, unit='μL'), []), (Object(name='PCR MIX', quantity=2000, init_content='PCR MIX', labware={'id': 1, 'name': 'tube_2000ul'}, unit='μL'), []), (Object(name='96 well PCR plate', quantity=1, init_content='', labware={'id': 2, 'name': '96_well_PCR_plate'}, unit='plate'), [])]***2025-02-24 14:25:38.335234+00:00***: haichi: [((Object(name='sample DNAs', quantity=300, init_content='sample DNAs', labware={'id': 1, 'name': 'tube_300ul'}, unit='μL'), []), 1), ((Object(name='Water', quantity=300, init_content='Water', labware={'id': 1, 'name': 'tube_300ul'}, unit='μL'), []), 2), ((Object(name='10 μM primer_F', quantity=10, init_content='', labware={'id': 1, 'name': 'tube_300ul'}, unit='μL'), []), 3), ((Object(name='10 μM primer_R', quantity=10, init_content='', labware={'id': 1, 'name': 'tube_300ul'}, unit='μL'), []), 4), ((Object(name='PCR MIX', quantity=2000, init_content='PCR MIX', labware={'id': 1, 'name': 'tube_2000ul'}, unit='μL'), []), 5), ((Object(name='96 well PCR plate', quantity=1, init_content='', labware={'id': 2, 'name': '96_well_PCR_plate'}, unit='plate'), []), 7)]***2025-02-24 14:25:38.335501+00:00***: object: ((Object(name='sample DNAs', quantity=300, init_content='sample DNAs', labware={'id': 1, 'name': 'tube_300ul'}, unit='μL'), []), 1)***2025-02-24 14:25:38.335741+00:00***: place: 1***2025-02-24 14:25:38.336093+00:00***: object: ((Object(name='Water', quantity=300, init_content='Water', labware={'id': 1, 'name': 'tube_300ul'}, unit='μL'), []), 2)***2025-02-24 14:25:38.336390+00:00***: place: 2***2025-02-24 14:25:38.336663+00:00***: object: ((Object(name='10 μM primer_F', quantity=10, init_content='', labware={'id': 1, 'name': 'tube_300ul'}, unit='μL'), []), 3)***2025-02-24 14:25:38.336921+00:00***: place: 3***2025-02-24 14:25:38.337228+00:00***: object: ((Object(name='10 μM primer_R', quantity=10, init_content='', labware={'id': 1, 'name': 'tube_300ul'}, unit='μL'), []), 4)***2025-02-24 14:25:38.337538+00:00***: place: 4***2025-02-24 14:25:38.337992+00:00***: object: ((Object(name='PCR MIX', quantity=2000, init_content='PCR MIX', labware={'id': 1, 'name': 'tube_2000ul'}, unit='μL'), []), 5)***2025-02-24 14:25:38.338275+00:00***: place: 5***2025-02-24 14:25:38.338676+00:00***: object: ((Object(name='96 well PCR plate', quantity=1, init_content='', labware={'id': 2, 'name': '96_well_PCR_plate'}, unit='plate'), []), 7)***2025-02-24 14:25:38.339112+00:00***: place: 7***2025-02-24 14:25:38.339439+00:00***: ***Station info*** from***2025-02-24 14:25:38.339739+00:00***: ||||
|----|----|----|
|void|void|void|
|96 well PCR plate:96 well PCR plate|void|void|
|10 μM primer_R:10 μM primer_R|PCR MIX:PCR MIX|void|
|sample DNAs:sample DNAs|Water:Water|10 μM primer_F:10 μM primer_F|
***2025-02-24 14:25:38.340048+00:00***: ***Station info*** to***2025-02-24 14:25:38.340348+00:00***: relative_restriction: test_case/relative_restriction_init_content/ng_position1.json***2025-02-24 14:25:38.340759+00:00***: []***2025-02-24 14:25:38.341574+00:00***: ************ Check-chan result ***************2025-02-24 14:25:38.341874+00:00***: object_list: [(Object(name='sample DNAs', quantity=300, init_content='sample DNAs', labware={'id': 1, 'name': 'tube_300ul'}, unit='μL'), []), (Object(name='Water', quantity=300, init_content='Water', labware={'id': 1, 'name': 'tube_300ul'}, unit='μL'), []), (Object(name='10 μM primer_F', quantity=10, init_content='', labware={'id': 1, 'name': 'tube_300ul'}, unit='μL'), []), (Object(name='10 μM primer_R', quantity=10, init_content='', labware={'id': 1, 'name': 'tube_300ul'}, unit='μL'), []), (Object(name='PCR MIX', quantity=2000, init_content='PCR MIX', labware={'id': 1, 'name': 'tube_2000ul'}, unit='μL'), []), (Object(name='96 well PCR plate', quantity=1, init_content='', labware={'id': 2, 'name': '96_well_PCR_plate'}, unit='plate'), [])]***2025-02-24 14:25:38.342158+00:00***: haichi: [((Object(name='sample DNAs', quantity=300, init_content='sample DNAs', labware={'id': 1, 'name': 'tube_300ul'}, unit='μL'), []), 1), ((Object(name='Water', quantity=300, init_content='Water', labware={'id': 1, 'name': 'tube_300ul'}, unit='μL'), []), 2), ((Object(name='10 μM primer_F', quantity=10, init_content='', labware={'id': 1, 'name': 'tube_300ul'}, unit='μL'), []), 3), ((Object(name='10 μM primer_R', quantity=10, init_content='', labware={'id': 1, 'name': 'tube_300ul'}, unit='μL'), []), 4), ((Object(name='PCR MIX', quantity=2000, init_content='PCR MIX', labware={'id': 1, 'name': 'tube_2000ul'}, unit='μL'), []), 5), ((Object(name='96 well PCR plate', quantity=1, init_content='', labware={'id': 2, 'name': '96_well_PCR_plate'}, unit='plate'), []), 8)]***2025-02-24 14:25:38.342419+00:00***: object: ((Object(name='sample DNAs', quantity=300, init_content='sample DNAs', labware={'id': 1, 'name': 'tube_300ul'}, unit='μL'), []), 1)***2025-02-24 14:25:38.342684+00:00***: place: 1***2025-02-24 14:25:38.342952+00:00***: object: ((Object(name='Water', quantity=300, init_content='Water', labware={'id': 1, 'name': 'tube_300ul'}, unit='μL'), []), 2)***2025-02-24 14:25:38.343474+00:00***: place: 2***2025-02-24 14:25:38.343920+00:00***: object: ((Object(name='10 μM primer_F', quantity=10, init_content='', labware={'id': 1, 'name': 'tube_300ul'}, unit='μL'), []), 3)***2025-02-24 14:25:38.344332+00:00***: place: 3***2025-02-24 14:25:38.344774+00:00***: object: ((Object(name='10 μM primer_R', quantity=10, init_content='', labware={'id': 1, 'name': 'tube_300ul'}, unit='μL'), []), 4)***2025-02-24 14:25:38.345110+00:00***: place: 4***2025-02-24 14:25:38.345416+00:00***: object: ((Object(name='PCR MIX', quantity=2000, init_content='PCR MIX', labware={'id': 1, 'name': 'tube_2000ul'}, unit='μL'), []), 5)***2025-02-24 14:25:38.345730+00:00***: place: 5***2025-02-24 14:25:38.346052+00:00***: object: ((Object(name='96 well PCR plate', quantity=1, init_content='', labware={'id': 2, 'name': '96_well_PCR_plate'}, unit='plate'), []), 8)***2025-02-24 14:25:38.346403+00:00***: place: 8***2025-02-24 14:25:38.346663+00:00***: ***Station info*** from***2025-02-24 14:25:38.346913+00:00***: ||||
|----|----|----|
|void|void|void|
|void|96 well PCR plate:96 well PCR plate|void|
|10 μM primer_R:10 μM primer_R|PCR MIX:PCR MIX|void|
|sample DNAs:sample DNAs|Water:Water|10 μM primer_F:10 μM primer_F|
***2025-02-24 14:25:38.347165+00:00***: ***Station info*** to***2025-02-24 14:25:38.347436+00:00***: relative_restriction: test_case/relative_restriction_init_content/ng_position1.json***2025-02-24 14:25:38.347824+00:00***: []***2025-02-24 14:25:38.348638+00:00***: ************ Check-chan result ***************2025-02-24 14:25:38.348941+00:00***: object_list: [(Object(name='sample DNAs', quantity=300, init_content='sample DNAs', labware={'id': 1, 'name': 'tube_300ul'}, unit='μL'), []), (Object(name='Water', quantity=300, init_content='Water', labware={'id': 1, 'name': 'tube_300ul'}, unit='μL'), []), (Object(name='10 μM primer_F', quantity=10, init_content='', labware={'id': 1, 'name': 'tube_300ul'}, unit='μL'), []), (Object(name='10 μM primer_R', quantity=10, init_content='', labware={'id': 1, 'name': 'tube_300ul'}, unit='μL'), []), (Object(name='PCR MIX', quantity=2000, init_content='PCR MIX', labware={'id': 1, 'name': 'tube_2000ul'}, unit='μL'), []), (Object(name='96 well PCR plate', quantity=1, init_content='', labware={'id': 2, 'name': '96_well_PCR_plate'}, unit='plate'), [])]***2025-02-24 14:25:38.349369+00:00***: haichi: [((Object(name='sample DNAs', quantity=300, init_content='sample DNAs', labware={'id': 1, 'name': 'tube_300ul'}, unit='μL'), []), 1), ((Object(name='Water', quantity=300, init_content='Water', labware={'id': 1, 'name': 'tube_300ul'}, unit='μL'), []), 2), ((Object(name='10 μM primer_F', quantity=10, init_content='', labware={'id': 1, 'name': 'tube_300ul'}, unit='μL'), []), 3), ((Object(name='10 μM primer_R', quantity=10, init_content='', labware={'id': 1, 'name': 'tube_300ul'}, unit='μL'), []), 4), ((Object(name='PCR MIX', quantity=2000, init_content='PCR MIX', labware={'id': 1, 'name': 'tube_2000ul'}, unit='μL'), []), 5), ((Object(name='96 well PCR plate', quantity=1, init_content='', labware={'id': 2, 'name': '96_well_PCR_plate'}, unit='plate'), []), 9)]***2025-02-24 14:25:38.349661+00:00***: object: ((Object(name='sample DNAs', quantity=300, init_content='sample DNAs', labware={'id': 1, 'name': 'tube_300ul'}, unit='μL'), []), 1)***2025-02-24 14:25:38.349916+00:00***: place: 1***2025-02-24 14:25:38.350369+00:00***: object: ((Object(name='Water', quantity=300, init_content='Water', labware={'id': 1, 'name': 'tube_300ul'}, unit='μL'), []), 2)***2025-02-24 14:25:38.350621+00:00***: place: 2***2025-02-24 14:25:38.350882+00:00***: object: ((Object(name='10 μM primer_F', quantity=10, init_content='', labware={'id': 1, 'name': 'tube_300ul'}, unit='μL'), []), 3)***2025-02-24 14:25:38.351152+00:00***: place: 3***2025-02-24 14:25:38.351416+00:00***: object: ((Object(name='10 μM primer_R', quantity=10, init_content='', labware={'id': 1, 'name': 'tube_300ul'}, unit='μL'), []), 4)***2025-02-24 14:25:38.351680+00:00***: place: 4***2025-02-24 14:25:38.351961+00:00***: object: ((Object(name='PCR MIX', quantity=2000, init_content='PCR MIX', labware={'id': 1, 'name': 'tube_2000ul'}, unit='μL'), []), 5)***2025-02-24 14:25:38.352217+00:00***: place: 5***2025-02-24 14:25:38.352489+00:00***: object: ((Object(name='96 well PCR plate', quantity=1, init_content='', labware={'id': 2, 'name': '96_well_PCR_plate'}, unit='plate'), []), 9)***2025-02-24 14:25:38.352754+00:00***: place: 9***2025-02-24 14:25:38.353028+00:00***: ***Station info*** from***2025-02-24 14:25:38.353311+00:00***: ||||
|----|----|----|
|void|void|void|
|void|void|96 well PCR plate:96 well PCR plate|
|10 μM primer_R:10 μM primer_R|PCR MIX:PCR MIX|void|
|sample DNAs:sample DNAs|Water:Water|10 μM primer_F:10 μM primer_F|
***2025-02-24 14:25:38.353637+00:00***: ***Station info*** to***2025-02-24 14:25:38.354051+00:00***: relative_restriction: test_case/relative_restriction_init_content/ng_position1.json***2025-02-24 14:25:38.354549+00:00***: []***2025-02-24 14:25:38.355411+00:00***: ************ Check-chan result ***************2025-02-24 14:25:38.355715+00:00***: object_list: [(Object(name='sample DNAs', quantity=300, init_content='sample DNAs', labware={'id': 1, 'name': 'tube_300ul'}, unit='μL'), []), (Object(name='Water', quantity=300, init_content='Water', labware={'id': 1, 'name': 'tube_300ul'}, unit='μL'), []), (Object(name='10 μM primer_F', quantity=10, init_content='', labware={'id': 1, 'name': 'tube_300ul'}, unit='μL'), []), (Object(name='10 μM primer_R', quantity=10, init_content='', labware={'id': 1, 'name': 'tube_300ul'}, unit='μL'), []), (Object(name='PCR MIX', quantity=2000, init_content='PCR MIX', labware={'id': 1, 'name': 'tube_2000ul'}, unit='μL'), []), (Object(name='96 well PCR plate', quantity=1, init_content='', labware={'id': 2, 'name': '96_well_PCR_plate'}, unit='plate'), [])]***2025-02-24 14:25:38.356013+00:00***: haichi: [((Object(name='sample DNAs', quantity=300, init_content='sample DNAs', labware={'id': 1, 'name': 'tube_300ul'}, unit='μL'), []), 1), ((Object(name='Water', quantity=300, init_content='Water', labware={'id': 1, 'name': 'tube_300ul'}, unit='μL'), []), 2), ((Object(name='10 μM primer_F', quantity=10, init_content='', labware={'id': 1, 'name': 'tube_300ul'}, unit='μL'), []), 3), ((Object(name='10 μM primer_R', quantity=10, init_content='', labware={'id': 1, 'name': 'tube_300ul'}, unit='μL'), []), 4), ((Object(name='PCR MIX', quantity=2000, init_content='PCR MIX', labware={'id': 1, 'name': 'tube_2000ul'}, unit='μL'), []), 5), ((Object(name='96 well PCR plate', quantity=1, init_content='', labware={'id': 2, 'name': '96_well_PCR_plate'}, unit='plate'), []), 10)]***2025-02-24 14:25:38.356283+00:00***: object: ((Object(name='sample DNAs', quantity=300, init_content='sample DNAs', labware={'id': 1, 'name': 'tube_300ul'}, unit='μL'), []), 1)***2025-02-24 14:25:38.356552+00:00***: place: 1***2025-02-24 14:25:38.356817+00:00***: object: ((Object(name='Water', quantity=300, init_content='Water', labware={'id': 1, 'name': 'tube_300ul'}, unit='μL'), []), 2)***2025-02-24 14:25:38.357076+00:00***: place: 2***2025-02-24 14:25:38.357357+00:00***: object: ((Object(name='10 μM primer_F', quantity=10, init_content='', labware={'id': 1, 'name': 'tube_300ul'}, unit='μL'), []), 3)***2025-02-24 14:25:38.357616+00:00***: place: 3***2025-02-24 14:25:38.357888+00:00***: object: ((Object(name='10 μM primer_R', quantity=10, init_content='', labware={'id': 1, 'name': 'tube_300ul'}, unit='μL'), []), 4)***2025-02-24 14:25:38.358151+00:00***: place: 4***2025-02-24 14:25:38.358579+00:00***: object: ((Object(name='PCR MIX', quantity=2000, init_content='PCR MIX', labware={'id': 1, 'name': 'tube_2000ul'}, unit='μL'), []), 5)***2025-02-24 14:25:38.358835+00:00***: place: 5***2025-02-24 14:25:38.359218+00:00***: object: ((Object(name='96 well PCR plate', quantity=1, init_content='', labware={'id': 2, 'name': '96_well_PCR_plate'}, unit='plate'), []), 10)***2025-02-24 14:25:38.359571+00:00***: place: 10***2025-02-24 14:25:38.359868+00:00***: ***Station info*** from***2025-02-24 14:25:38.360285+00:00***: ||||
|----|----|----|
|96 well PCR plate:96 well PCR plate|void|void|
|void|void|void|
|10 μM primer_R:10 μM primer_R|PCR MIX:PCR MIX|void|
|sample DNAs:sample DNAs|Water:Water|10 μM primer_F:10 μM primer_F|
***2025-02-24 14:25:38.360550+00:00***: ***Station info*** to***2025-02-24 14:25:38.360826+00:00***: relative_restriction: test_case/relative_restriction_init_content/ng_position1.json***2025-02-24 14:25:38.361250+00:00***: []***2025-02-24 14:25:38.362086+00:00***: ************ Check-chan result ***************2025-02-24 14:25:38.362459+00:00***: object_list: [(Object(name='sample DNAs', quantity=300, init_content='sample DNAs', labware={'id': 1, 'name': 'tube_300ul'}, unit='μL'), []), (Object(name='Water', quantity=300, init_content='Water', labware={'id': 1, 'name': 'tube_300ul'}, unit='μL'), []), (Object(name='10 μM primer_F', quantity=10, init_content='', labware={'id': 1, 'name': 'tube_300ul'}, unit='μL'), []), (Object(name='10 μM primer_R', quantity=10, init_content='', labware={'id': 1, 'name': 'tube_300ul'}, unit='μL'), []), (Object(name='PCR MIX', quantity=2000, init_content='PCR MIX', labware={'id': 1, 'name': 'tube_2000ul'}, unit='μL'), []), (Object(name='96 well PCR plate', quantity=1, init_content='', labware={'id': 2, 'name': '96_well_PCR_plate'}, unit='plate'), [])]***2025-02-24 14:25:38.362775+00:00***: haichi: [((Object(name='sample DNAs', quantity=300, init_content='sample DNAs', labware={'id': 1, 'name': 'tube_300ul'}, unit='μL'), []), 1), ((Object(name='Water', quantity=300, init_content='Water', labware={'id': 1, 'name': 'tube_300ul'}, unit='μL'), []), 2), ((Object(name='10 μM primer_F', quantity=10, init_content='', labware={'id': 1, 'name': 'tube_300ul'}, unit='μL'), []), 3), ((Object(name='10 μM primer_R', quantity=10, init_content='', labware={'id': 1, 'name': 'tube_300ul'}, unit='μL'), []), 4), ((Object(name='PCR MIX', quantity=2000, init_content='PCR MIX', labware={'id': 1, 'name': 'tube_2000ul'}, unit='μL'), []), 5), ((Object(name='96 well PCR plate', quantity=1, init_content='', labware={'id': 2, 'name': '96_well_PCR_plate'}, unit='plate'), []), 11)]***2025-02-24 14:25:38.363055+00:00***: object: ((Object(name='sample DNAs', quantity=300, init_content='sample DNAs', labware={'id': 1, 'name': 'tube_300ul'}, unit='μL'), []), 1)***2025-02-24 14:25:38.363322+00:00***: place: 1***2025-02-24 14:25:38.363588+00:00***: object: ((Object(name='Water', quantity=300, init_content='Water', labware={'id': 1, 'name': 'tube_300ul'}, unit='μL'), []), 2)***2025-02-24 14:25:38.363838+00:00***: place: 2***2025-02-24 14:25:38.364098+00:00***: object: ((Object(name='10 μM primer_F', quantity=10, init_content='', labware={'id': 1, 'name': 'tube_300ul'}, unit='μL'), []), 3)***2025-02-24 14:25:38.364482+00:00***: place: 3***2025-02-24 14:25:38.364737+00:00***: object: ((Object(name='10 μM primer_R', quantity=10, init_content='', labware={'id': 1, 'name': 'tube_300ul'}, unit='μL'), []), 4)***2025-02-24 14:25:38.364985+00:00***: place: 4***2025-02-24 14:25:38.365251+00:00***: object: ((Object(name='PCR MIX', quantity=2000, init_content='PCR MIX', labware={'id': 1, 'name': 'tube_2000ul'}, unit='μL'), []), 5)***2025-02-24 14:25:38.365499+00:00***: place: 5***2025-02-24 14:25:38.365762+00:00***: object: ((Object(name='96 well PCR plate', quantity=1, init_content='', labware={'id': 2, 'name': '96_well_PCR_plate'}, unit='plate'), []), 11)***2025-02-24 14:25:38.366017+00:00***: place: 11***2025-02-24 14:25:38.366273+00:00***: ***Station info*** from***2025-02-24 14:25:38.366540+00:00***: ||||
|----|----|----|
|void|96 well PCR plate:96 well PCR plate|void|
|void|void|void|
|10 μM primer_R:10 μM primer_R|PCR MIX:PCR MIX|void|
|sample DNAs:sample DNAs|Water:Water|10 μM primer_F:10 μM primer_F|
***2025-02-24 14:25:38.366803+00:00***: ***Station info*** to***2025-02-24 14:25:38.367068+00:00***: relative_restriction: test_case/relative_restriction_init_content/ng_position1.json***2025-02-24 14:25:38.367520+00:00***: []***2025-02-24 14:25:38.368152+00:00***: ************ Check-chan result ***************2025-02-24 14:25:38.368340+00:00***: object_list: [(Object(name='sample DNAs', quantity=300, init_content='sample DNAs', labware={'id': 1, 'name': 'tube_300ul'}, unit='μL'), []), (Object(name='Water', quantity=300, init_content='Water', labware={'id': 1, 'name': 'tube_300ul'}, unit='μL'), []), (Object(name='10 μM primer_F', quantity=10, init_content='', labware={'id': 1, 'name': 'tube_300ul'}, unit='μL'), []), (Object(name='10 μM primer_R', quantity=10, init_content='', labware={'id': 1, 'name': 'tube_300ul'}, unit='μL'), []), (Object(name='PCR MIX', quantity=2000, init_content='PCR MIX', labware={'id': 1, 'name': 'tube_2000ul'}, unit='μL'), []), (Object(name='96 well PCR plate', quantity=1, init_content='', labware={'id': 2, 'name': '96_well_PCR_plate'}, unit='plate'), [])]***2025-02-24 14:25:38.368577+00:00***: haichi: [((Object(name='sample DNAs', quantity=300, init_content='sample DNAs', labware={'id': 1, 'name': 'tube_300ul'}, unit='μL'), []), 1), ((Object(name='Water', quantity=300, init_content='Water', labware={'id': 1, 'name': 'tube_300ul'}, unit='μL'), []), 2), ((Object(name='10 μM primer_F', quantity=10, init_content='', labware={'id': 1, 'name': 'tube_300ul'}, unit='μL'), []), 3), ((Object(name='10 μM primer_R', quantity=10, init_content='', labware={'id': 1, 'name': 'tube_300ul'}, unit='μL'), []), 4), ((Object(name='PCR MIX', quantity=2000, init_content='PCR MIX', labware={'id': 1, 'name': 'tube_2000ul'}, unit='μL'), []), 5), ((Object(name='96 well PCR plate', quantity=1, init_content='', labware={'id': 2, 'name': '96_well_PCR_plate'}, unit='plate'), []), 12)]***2025-02-24 14:25:38.368760+00:00***: object: ((Object(name='sample DNAs', quantity=300, init_content='sample DNAs', labware={'id': 1, 'name': 'tube_300ul'}, unit='μL'), []), 1)***2025-02-24 14:25:38.368993+00:00***: place: 1***2025-02-24 14:25:38.369300+00:00***: object: ((Object(name='Water', quantity=300, init_content='Water', labware={'id': 1, 'name': 'tube_300ul'}, unit='μL'), []), 2)***2025-02-24 14:25:38.369492+00:00***: place: 2***2025-02-24 14:25:38.369688+00:00***: object: ((Object(name='10 μM primer_F', quantity=10, init_content='', labware={'id': 1, 'name': 'tube_300ul'}, unit='μL'), []), 3)***2025-02-24 14:25:38.369892+00:00***: place: 3***2025-02-24 14:25:38.370081+00:00***: object: ((Object(name='10 μM primer_R', quantity=10, init_content='', labware={'id': 1, 'name': 'tube_300ul'}, unit='μL'), []), 4)***2025-02-24 14:25:38.370271+00:00***: place: 4***2025-02-24 14:25:38.370436+00:00***: object: ((Object(name='PCR MIX', quantity=2000, init_content='PCR MIX', labware={'id': 1, 'name': 'tube_2000ul'}, unit='μL'), []), 5)***2025-02-24 14:25:38.370612+00:00***: place: 5***2025-02-24 14:25:38.370774+00:00***: object: ((Object(name='96 well PCR plate', quantity=1, init_content='', labware={'id': 2, 'name': '96_well_PCR_plate'}, unit='plate'), []), 12)***2025-02-24 14:25:38.370924+00:00***: place: 12***2025-02-24 14:25:38.371091+00:00***: ***Station info*** from***2025-02-24 14:25:38.371266+00:00***: ||||
|----|----|----|
|void|void|96 well PCR plate:96 well PCR plate|
|void|void|void|
|10 μM primer_R:10 μM primer_R|PCR MIX:PCR MIX|void|
|sample DNAs:sample DNAs|Water:Water|10 μM primer_F:10 μM primer_F|
***2025-02-24 14:25:38.371434+00:00***: ***Station info*** to***2025-02-24 14:25:38.371612+00:00***: relative_restriction: test_case/relative_restriction_init_content/ng_position1.json***2025-02-24 14:25:38.371959+00:00***: []***2025-02-24 14:25:38.372551+00:00***: ************ Check-chan result ***************2025-02-24 14:25:38.372717+00:00***: object_list: [(Object(name='sample DNAs', quantity=300, init_content='sample DNAs', labware={'id': 1, 'name': 'tube_300ul'}, unit='μL'), []), (Object(name='Water', quantity=300, init_content='Water', labware={'id': 1, 'name': 'tube_300ul'}, unit='μL'), []), (Object(name='10 μM primer_F', quantity=10, init_content='', labware={'id': 1, 'name': 'tube_300ul'}, unit='μL'), []), (Object(name='10 μM primer_R', quantity=10, init_content='', labware={'id': 1, 'name': 'tube_300ul'}, unit='μL'), []), (Object(name='PCR MIX', quantity=2000, init_content='PCR MIX', labware={'id': 1, 'name': 'tube_2000ul'}, unit='μL'), []), (Object(name='96 well PCR plate', quantity=1, init_content='', labware={'id': 2, 'name': '96_well_PCR_plate'}, unit='plate'), [])]***2025-02-24 14:25:38.372883+00:00***: haichi: [((Object(name='sample DNAs', quantity=300, init_content='sample DNAs', labware={'id': 1, 'name': 'tube_300ul'}, unit='μL'), []), 1), ((Object(name='Water', quantity=300, init_content='Water', labware={'id': 1, 'name': 'tube_300ul'}, unit='μL'), []), 2), ((Object(name='10 μM primer_F', quantity=10, init_content='', labware={'id': 1, 'name': 'tube_300ul'}, unit='μL'), []), 3), ((Object(name='10 μM primer_R', quantity=10, init_content='', labware={'id': 1, 'name': 'tube_300ul'}, unit='μL'), []), 4), ((Object(name='PCR MIX', quantity=2000, init_content='PCR MIX', labware={'id': 1, 'name': 'tube_2000ul'}, unit='μL'), []), 6), ((Object(name='96 well PCR plate', quantity=1, init_content='', labware={'id': 2, 'name': '96_well_PCR_plate'}, unit='plate'), []), 5)]***2025-02-24 14:25:38.373089+00:00***: object: ((Object(name='sample DNAs', quantity=300, init_content='sample DNAs', labware={'id': 1, 'name': 'tube_300ul'}, unit='μL'), []), 1)***2025-02-24 14:25:38.373259+00:00***: place: 1***2025-02-24 14:25:38.373420+00:00***: object: ((Object(name='Water', quantity=300, init_content='Water', labware={'id': 1, 'name': 'tube_300ul'}, unit='μL'), []), 2)***2025-02-24 14:25:38.373567+00:00***: place: 2***2025-02-24 14:25:38.373732+00:00***: object: ((Object(name='10 μM primer_F', quantity=10, init_content='', labware={'id': 1, 'name': 'tube_300ul'}, unit='μL'), []), 3)***2025-02-24 14:25:38.373888+00:00***: place: 3***2025-02-24 14:25:38.374204+00:00***: object: ((Object(name='10 μM primer_R', quantity=10, init_content='', labware={'id': 1, 'name': 'tube_300ul'}, unit='μL'), []), 4)***2025-02-24 14:25:38.374412+00:00***: place: 4***2025-02-24 14:25:38.374599+00:00***: object: ((Object(name='PCR MIX', quantity=2000, init_content='PCR MIX', labware={'id': 1, 'name': 'tube_2000ul'}, unit='μL'), []), 6)***2025-02-24 14:25:38.374766+00:00***: place: 6***2025-02-24 14:25:38.374933+00:00***: object: ((Object(name='96 well PCR plate', quantity=1, init_content='', labware={'id': 2, 'name': '96_well_PCR_plate'}, unit='plate'), []), 5)***2025-02-24 14:25:38.376579+00:00***: place: 5***2025-02-24 14:25:38.376842+00:00***: ***Station info*** from***2025-02-24 14:25:38.377083+00:00***: ||||
|----|----|----|
|void|void|void|
|void|void|void|
|10 μM primer_R:10 μM primer_R|96 well PCR plate:96 well PCR plate|PCR MIX:PCR MIX|
|sample DNAs:sample DNAs|Water:Water|10 μM primer_F:10 μM primer_F|
***2025-02-24 14:25:38.377352+00:00***: ***Station info*** to***2025-02-24 14:25:38.377590+00:00***: relative_restriction: test_case/relative_restriction_init_content/ng_position1.json***2025-02-24 14:25:38.377913+00:00***: []***2025-02-24 14:25:38.385245+00:00***: ************ Check-chan result ***************2025-02-24 14:25:38.385504+00:00***: object_list: [(Object(name='sample DNAs', quantity=300, init_content='sample DNAs', labware={'id': 1, 'name': 'tube_300ul'}, unit='μL'), []), (Object(name='Water', quantity=300, init_content='Water', labware={'id': 1, 'name': 'tube_300ul'}, unit='μL'), []), (Object(name='10 μM primer_F', quantity=10, init_content='', labware={'id': 1, 'name': 'tube_300ul'}, unit='μL'), []), (Object(name='10 μM primer_R', quantity=10, init_content='', labware={'id': 1, 'name': 'tube_300ul'}, unit='μL'), []), (Object(name='PCR MIX', quantity=2000, init_content='PCR MIX', labware={'id': 1, 'name': 'tube_2000ul'}, unit='μL'), []), (Object(name='96 well PCR plate', quantity=1, init_content='', labware={'id': 2, 'name': '96_well_PCR_plate'}, unit='plate'), [])]***2025-02-24 14:25:38.385735+00:00***: haichi: [((Object(name='sample DNAs', quantity=300, init_content='sample DNAs', labware={'id': 1, 'name': 'tube_300ul'}, unit='μL'), []), 1), ((Object(name='Water', quantity=300, init_content='Water', labware={'id': 1, 'name': 'tube_300ul'}, unit='μL'), []), 2), ((Object(name='10 μM primer_F', quantity=10, init_content='', labware={'id': 1, 'name': 'tube_300ul'}, unit='μL'), []), 3), ((Object(name='10 μM primer_R', quantity=10, init_content='', labware={'id': 1, 'name': 'tube_300ul'}, unit='μL'), []), 4), ((Object(name='PCR MIX', quantity=2000, init_content='PCR MIX', labware={'id': 1, 'name': 'tube_2000ul'}, unit='μL'), []), 6), ((Object(name='96 well PCR plate', quantity=1, init_content='', labware={'id': 2, 'name': '96_well_PCR_plate'}, unit='plate'), []), 7)]***2025-02-24 14:25:38.389558+00:00***: object: ((Object(name='sample DNAs', quantity=300, init_content='sample DNAs', labware={'id': 1, 'name': 'tube_300ul'}, unit='μL'), []), 1)***2025-02-24 14:25:38.392993+00:00***: place: 1***2025-02-24 14:25:38.393284+00:00***: object: ((Object(name='Water', quantity=300, init_content='Water', labware={'id': 1, 'name': 'tube_300ul'}, unit='μL'), []), 2)***2025-02-24 14:25:38.393519+00:00***: place: 2***2025-02-24 14:25:38.397584+00:00***: object: ((Object(name='10 μM primer_F', quantity=10, init_content='', labware={'id': 1, 'name': 'tube_300ul'}, unit='μL'), []), 3)***2025-02-24 14:25:38.398830+00:00***: place: 3***2025-02-24 14:25:38.403520+00:00***: object: ((Object(name='10 μM primer_R', quantity=10, init_content='', labware={'id': 1, 'name': 'tube_300ul'}, unit='μL'), []), 4)***2025-02-24 14:25:38.403891+00:00***: place: 4***2025-02-24 14:25:38.404259+00:00***: object: ((Object(name='PCR MIX', quantity=2000, init_content='PCR MIX', labware={'id': 1, 'name': 'tube_2000ul'}, unit='μL'), []), 6)***2025-02-24 14:25:38.404662+00:00***: place: 6***2025-02-24 14:25:38.404976+00:00***: object: ((Object(name='96 well PCR plate', quantity=1, init_content='', labware={'id': 2, 'name': '96_well_PCR_plate'}, unit='plate'), []), 7)***2025-02-24 14:25:38.405239+00:00***: place: 7***2025-02-24 14:25:38.405556+00:00***: ***Station info*** from***2025-02-24 14:25:38.405872+00:00***: ||||
|----|----|----|
|void|void|void|
|96 well PCR plate:96 well PCR plate|void|void|
|10 μM primer_R:10 μM primer_R|void|PCR MIX:PCR MIX|
|sample DNAs:sample DNAs|Water:Water|10 μM primer_F:10 μM primer_F|
***2025-02-24 14:25:38.406166+00:00***: ***Station info*** to***2025-02-24 14:25:38.406508+00:00***: relative_restriction: test_case/relative_restriction_init_content/ng_position1.json***2025-02-24 14:25:38.406919+00:00***: []***2025-02-24 14:25:38.408128+00:00***: ************ Check-chan result ***************2025-02-24 14:25:38.408553+00:00***: object_list: [(Object(name='sample DNAs', quantity=300, init_content='sample DNAs', labware={'id': 1, 'name': 'tube_300ul'}, unit='μL'), []), (Object(name='Water', quantity=300, init_content='Water', labware={'id': 1, 'name': 'tube_300ul'}, unit='μL'), []), (Object(name='10 μM primer_F', quantity=10, init_content='', labware={'id': 1, 'name': 'tube_300ul'}, unit='μL'), []), (Object(name='10 μM primer_R', quantity=10, init_content='', labware={'id': 1, 'name': 'tube_300ul'}, unit='μL'), []), (Object(name='PCR MIX', quantity=2000, init_content='PCR MIX', labware={'id': 1, 'name': 'tube_2000ul'}, unit='μL'), []), (Object(name='96 well PCR plate', quantity=1, init_content='', labware={'id': 2, 'name': '96_well_PCR_plate'}, unit='plate'), [])]***2025-02-24 14:25:38.408878+00:00***: haichi: [((Object(name='sample DNAs', quantity=300, init_content='sample DNAs', labware={'id': 1, 'name': 'tube_300ul'}, unit='μL'), []), 1), ((Object(name='Water', quantity=300, init_content='Water', labware={'id': 1, 'name': 'tube_300ul'}, unit='μL'), []), 2), ((Object(name='10 μM primer_F', quantity=10, init_content='', labware={'id': 1, 'name': 'tube_300ul'}, unit='μL'), []), 3), ((Object(name='10 μM primer_R', quantity=10, init_content='', labware={'id': 1, 'name': 'tube_300ul'}, unit='μL'), []), 4), ((Object(name='PCR MIX', quantity=2000, init_content='PCR MIX', labware={'id': 1, 'name': 'tube_2000ul'}, unit='μL'), []), 6), ((Object(name='96 well PCR plate', quantity=1, init_content='', labware={'id': 2, 'name': '96_well_PCR_plate'}, unit='plate'), []), 8)]***2025-02-24 14:25:38.409145+00:00***: object: ((Object(name='sample DNAs', quantity=300, init_content='sample DNAs', labware={'id': 1, 'name': 'tube_300ul'}, unit='μL'), []), 1)***2025-02-24 14:25:38.409469+00:00***: place: 1***2025-02-24 14:25:38.409787+00:00***: object: ((Object(name='Water', quantity=300, init_content='Water', labware={'id': 1, 'name': 'tube_300ul'}, unit='μL'), []), 2)***2025-02-24 14:25:38.410157+00:00***: place: 2***2025-02-24 14:25:38.410521+00:00***: object: ((Object(name='10 μM primer_F', quantity=10, init_content='', labware={'id': 1, 'name': 'tube_300ul'}, unit='μL'), []), 3)***2025-02-24 14:25:38.410811+00:00***: place: 3***2025-02-24 14:25:38.411074+00:00***: object: ((Object(name='10 μM primer_R', quantity=10, init_content='', labware={'id': 1, 'name': 'tube_300ul'}, unit='μL'), []), 4)***2025-02-24 14:25:38.411323+00:00***: place: 4***2025-02-24 14:25:38.411579+00:00***: object: ((Object(name='PCR MIX', quantity=2000, init_content='PCR MIX', labware={'id': 1, 'name': 'tube_2000ul'}, unit='μL'), []), 6)***2025-02-24 14:25:38.411826+00:00***: place: 6***2025-02-24 14:25:38.412079+00:00***: object: ((Object(name='96 well PCR plate', quantity=1, init_content='', labware={'id': 2, 'name': '96_well_PCR_plate'}, unit='plate'), []), 8)***2025-02-24 14:25:38.412323+00:00***: place: 8***2025-02-24 14:25:38.412575+00:00***: ***Station info*** from***2025-02-24 14:25:38.412862+00:00***: ||||
|----|----|----|
|void|void|void|
|void|96 well PCR plate:96 well PCR plate|void|
|10 μM primer_R:10 μM primer_R|void|PCR MIX:PCR MIX|
|sample DNAs:sample DNAs|Water:Water|10 μM primer_F:10 μM primer_F|
***2025-02-24 14:25:38.413181+00:00***: ***Station info*** to***2025-02-24 14:25:38.413511+00:00***: relative_restriction: test_case/relative_restriction_init_content/ng_position1.json***2025-02-24 14:25:38.413953+00:00***: []***2025-02-24 14:25:46.638581+00:00***: *********************************************************2025-02-24 14:25:46.638815+00:00***: save initial position of objects as txt file: qPCR_ozaki_modified/2025_02_24_22_35_42_7a4f4eb5-7303-4fae-9ea0-c5fd85374dd3/iteration_3/representative_initial_position.txt***2025-02-24 14:25:46.639037+00:00***: *********************************************************2025-02-24 14:25:46.639205+00:00***: OK: [((Object(name='sample DNAs', quantity=300, init_content='sample DNAs', labware={'id': 1, 'name': 'tube_300ul'}, unit='μL'), []), 1), ((Object(name='Water', quantity=300, init_content='Water', labware={'id': 1, 'name': 'tube_300ul'}, unit='μL'), []), 2), ((Object(name='10 μM primer_F', quantity=10, init_content='', labware={'id': 1, 'name': 'tube_300ul'}, unit='μL'), []), 3), ((Object(name='10 μM primer_R', quantity=10, init_content='', labware={'id': 1, 'name': 'tube_300ul'}, unit='μL'), []), 4), ((Object(name='PCR MIX', quantity=2000, init_content='PCR MIX', labware={'id': 1, 'name': 'tube_2000ul'}, unit='μL'), []), 6), ((Object(name='96 well PCR plate', quantity=1, init_content='', labware={'id': 2, 'name': '96_well_PCR_plate'}, unit='plate'), []), 8)]***2025-02-24 14:25:46.639365+00:00***: Generate 骨子スクリプト from 
~~~~~~~~~~
QPCR
QuantStudio 6 Proで測定するサンプルprepを行う
1サンプルあってそれぞれ13プライマー x duplicate(3)で試験するイメージ
NTCは13プライマー x duplicate(3)用意する
その他、PrimerなしのTemplateのみを1 x duplicate(3)用意する


Input：試薬類の容器はチューブまたはプレート
1 sample DNAs			300 μL
water					300 μL
10 μM primer_F			各10 μL
10 μM primer_R			各10 μL
PCR MIX				2000 μL
96 well PCR  plate			1 plate
その他液体混合に必要なチューブまたはプレートなど
output
sample DNA, primer, PCR MIXの混合溶液が入った96 well PCR plate x 1
procedure
1. PCR MIXを137.6 μLずつ13個に分注する
2. PCR MIXが入ったチューブに10 μM primer_F1-13を3.2 μL添加する
3. PCR MIXが入ったチューブに10 μM primer_R1-13を3.2 μL添加する
4. PCR MIXとprimerをピペッティングで混合する
5. templateのみ用のPCR MIXを86 μL分注する
6. templateのみ用のPCR MIXにwaterを4 μL添加する
7. templateのみ用のPCR MIXとwaterをピペッティングで混合する
8. サンプル DNAまたはwater をreaction plateに5 μLずつアプライする
下記plate mapの列を埋めていくイメージ
9. PCR MIXとprimerの混合溶液を10 μLずつreaction plateにアプライする
下記plate mapの行を埋めていくイメージ
plate map
81 well使用する
S_n = sample_n
今回はヒト標準cDNA1つ
NTC = no template control：水＝ネガティブコントロール（全primerについて置く）
P_m = primer set_m：forward primerとreverse primerのセット
今回は13種類
Templateのみも置く
OT-2のピペット
20 μLと300 μL 

Note: 
1つの96 well plateを用いて10 μM primer_Fと10 μM primer_Rを準備する
1 sample DNAsやwaterなど、同じ容器であるものはできるだけ同じステーションに置く


~~~~~~~~~~***2025-02-24 14:25:46.639587+00:00***: ************ Code-chan for 骨子スクリプト result ***************2025-02-24 14:25:46.639753+00:00***: replace_word: ___processflow___ is not in the prompt.***2025-02-24 14:27:09.714457+00:00***: python_script_path: qPCR_ozaki_modified/2025_02_24_22_35_42_7a4f4eb5-7303-4fae-9ea0-c5fd85374dd3/iteration_3/code_chan/骨子スクリプト.py***2025-02-24 14:27:09.715382+00:00***: ************ Code-chan result ***************2025-02-24 14:27:09.715889+00:00***: replace_word: ___processflow___ is not in the prompt.***2025-02-24 14:27:09.716584+00:00***: get_OT2_with_haichi_based_on_骨子_script prompt: 
We have the following Opentrons OT2 script. This script describes the position of the labware (Station) as __place_{i}__.

Note: You've been slacking lately, so don't slack off and output the complete code. For example, ‘The protocol would continue with any additional steps required’ or '# Example: ' is not allowed.

Skeleton script:

python
from opentrons import protocol_api

metadata = {
    'protocolName': 'QPCR Sample Preparation for QuantStudio 6 Pro',
    'author': 'Your Name',
    'description': 'Prepare samples for qPCR including samples, NTCs, and template-only controls',
    'apiLevel': '2.9'  # Adjust according to your API version
}

def run(protocol: protocol_api.ProtocolContext):
    # Set up labware
    tiprack_p20 = protocol.load_labware('opentrons_96_tiprack_20ul', '__place_1__')
    tiprack_p300 = protocol.load_labware('opentrons_96_tiprack_300ul', '__place_2__')

    primer_plate = protocol.load_labware('corning_96_wellplate_360ul_flat', '__place_3__')  # Stores primers
    mix_plate = protocol.load_labware('corning_96_wellplate_360ul_flat', '__place_4__')    # For mixing PCR MIX and primers

    pcr_mix_tube = protocol.load_labware('opentrons_24_tuberack_eppendorf_1.5ml_safelock_snapcap', '__place_5__')
    sample_tuberack = protocol.load_labware('opentrons_24_tuberack_eppendorf_1.5ml_safelock_snapcap', '__place_6__')
    reaction_plate = protocol.load_labware('biorad_96_wellplate_200ul_pcr', '__place_7__')

    # Set up pipettes
    p20 = protocol.load_instrument('p20_single_gen2', 'left', tip_racks=[tiprack_p20])
    p300 = protocol.load_instrument('p300_single_gen2', 'right', tip_racks=[tiprack_p300])

    # Reagent locations
    pcr_mix = pcr_mix_tube.wells_by_name()['A1']    # PCR MIX 2000 μL
    sample_dna = sample_tuberack.wells_by_name()['A1']  # Sample DNA 300 μL
    water = sample_tuberack.wells_by_name()['A2']       # Water 300 μL

    # Primer locations in primer_plate
    # Primer_F1-13 in wells A1-A13
    # Primer_R1-13 in wells B1-B13

    # Step 1: Dispense 137.6 μL of PCR MIX into 13 wells in mix_plate
    for i in range(13):
        dest_well = mix_plate.wells()[i]  # Wells A1 to A13
        p300.pick_up_tip()
        p300.aspirate(137.6, pcr_mix)
        p300.dispense(137.6, dest_well)
        p300.mix(3, 100, dest_well)
        p300.drop_tip()

    # Step 2 and 3: Add 3.2 μL of primer_F and primer_R to PCR MIX wells
    for i in range(13):
        mix_well = mix_plate.wells()[i]          # PCR MIX wells A1-A13
        primer_f_well = primer_plate.wells()[i]         # Primer_F in A1-A13
        primer_r_well = primer_plate.wells()[i + 13]    # Primer_R in B1-B13

        # Add primer_F
        p20.pick_up_tip()
        p20.aspirate(3.2, primer_f_well)
        p20.dispense(3.2, mix_well)
        p20.drop_tip()

        # Add primer_R
        p20.pick_up_tip()
        p20.aspirate(3.2, primer_r_well)
        p20.dispense(3.2, mix_well)
        p20.mix(3, 10, mix_well)
        p20.drop_tip()

    # Step 5: Dispense 86 μL of PCR MIX for template-only control into mix_plate well A14
    template_control_well = mix_plate.wells_by_name()['A14']
    p300.pick_up_tip()
    p300.aspirate(86, pcr_mix)
    p300.dispense(86, template_control_well)
    p300.drop_tip()

    # Step 6: Add 4 μL of water to the PCR MIX for template-only control
    p20.pick_up_tip()
    p20.aspirate(4, water)
    p20.dispense(4, template_control_well)
    p20.mix(3, 10, template_control_well)
    p20.drop_tip()

    # Step 8: Apply 5 μL each of sample DNA or water to reaction plate
    # Sample DNA in columns 1-3
    for col in range(1, 4):
        for row in range(13):  # Rows A-M (13 primers)
            well_name = f"{chr(65 + row)}{col}"  # A1-M3
            well = reaction_plate.wells_by_name()[well_name]
            p20.pick_up_tip()
            p20.aspirate(5, sample_dna)
            p20.dispense(5, well)
            p20.drop_tip()

    # NTC (water) in columns 4-6
    for col in range(4, 7):
        for row in range(13):  # Rows A-M
            well_name = f"{chr(65 + row)}{col}"  # A4-M6
            well = reaction_plate.wells_by_name()[well_name]
            p20.pick_up_tip()
            p20.aspirate(5, water)
            p20.dispense(5, well)
            p20.drop_tip()

    # Template-only control in columns 7-9
    for col in range(7, 10):
        for row in range(1):  # Row A
            well_name = f"A{col}"  # A7-A9
            well = reaction_plate.wells_by_name()[well_name]
            p20.pick_up_tip()
            p20.aspirate(5, sample_dna)
            p20.dispense(5, well)
            p20.drop_tip()

    # Step 9: Apply 10 μL each of PCR MIX and primer mixture to reaction plate
    for i in range(13):
        mix_well = mix_plate.wells()[i]  # Wells A1-A13 in mix_plate
        row = chr(65 + i)  # Rows A-M
        for col in range(1, 7):  # Columns 1-6 (Sample DNA and NTC)
            well_name = f"{row}{col}"
            well = reaction_plate.wells_by_name()[well_name]
            p20.pick_up_tip()
            p20.aspirate(10, mix_well)
            p20.dispense(10, well)
            p20.mix(3, 10, well)
            p20.drop_tip()

    # Apply PCR MIX without primers to template-only control wells
    for col in range(7, 10):  # Columns 7-9
        well_name = f"A{col}"  # Row A
        well = reaction_plate.wells_by_name()[well_name]
        mix_well = mix_plate.wells_by_name()['A14']  # Template-only PCR MIX
        p20.pick_up_tip()
        p20.aspirate(10, mix_well)
        p20.dispense(10, well)
        p20.mix(3, 10, well)
        p20.drop_tip()

Please generate a script where __place_{i}__ is replaced with the correct position based on the following labware placement information.

Placement information:

markdown
[[[{"name": "sample DNAs", "quantity": 300, "init_content": "sample DNAs", "labware": {"id": 1, "name": "tube_300ul"}, "unit": "\u03bcL"}, []], 1], [[{"name": "Water", "quantity": 300, "init_content": "Water", "labware": {"id": 1, "name": "tube_300ul"}, "unit": "\u03bcL"}, []], 2], [[{"name": "10 \u03bcM primer_F", "quantity": 10, "init_content": "", "labware": {"id": 1, "name": "tube_300ul"}, "unit": "\u03bcL"}, []], 3], [[{"name": "10 \u03bcM primer_R", "quantity": 10, "init_content": "", "labware": {"id": 1, "name": "tube_300ul"}, "unit": "\u03bcL"}, []], 4], [[{"name": "PCR MIX", "quantity": 2000, "init_content": "PCR MIX", "labware": {"id": 1, "name": "tube_2000ul"}, "unit": "\u03bcL"}, []], 6], [[{"name": "96 well PCR plate", "quantity": 1, "init_content": "", "labware": {"id": 2, "name": "96_well_PCR_plate"}, "unit": "plate"}, []], 8]]
Please reply with the Python script where __place_{i}__ has been replaced with the correct locations. If there is missing information in the placement details required to fill in __place_{i}__ in the skeleton script, you may supplement it as necessary. However, do not modify the placement information.
***2025-02-24 14:28:44.331994+00:00***: python_script_path: qPCR_ozaki_modified/2025_02_24_22_35_42_7a4f4eb5-7303-4fae-9ea0-c5fd85374dd3/iteration_3/code_chan/最終スクリプト.py***2025-02-24 14:28:44.338640+00:00***: Errorがでたので骨子スクリプトを再生成します: /Users/yuyaarai/.opentrons/robot_settings.json not found. Loading defaults
Deck calibration not found.
/Users/yuyaarai/.opentrons/deck_calibration.json not found. Loading defaults
Traceback (most recent call last):
  File "/Users/yuyaarai/Documents/Humanics/Project/FormationFormatter/src/formationformatter/code_chan/.venv/lib/python3.12/site-packages/opentrons/protocols/execution/execute_python.py", line 160, in exec_run
    exec("run(__context)", new_globs)
  File "<string>", line 1, in <module>
  File "qPCR_ozaki_modified/2025_02_24_22_35_42_7a4f4eb5-7303-4fae-9ea0-c5fd85374dd3/iteration_3/code_chan/最終スクリプト.py", line 64, in run
    template_control_well = mix_plate.wells_by_name()['A14']
                            ~~~~~~~~~~~~~~~~~~~~~~~~~^^^^^^^
KeyError: 'A14'

The above exception was the direct cause of the following exception:

Traceback (most recent call last):
  File "<frozen runpy>", line 198, in _run_module_as_main
  File "<frozen runpy>", line 88, in _run_code
  File "/Users/yuyaarai/Documents/Humanics/Project/FormationFormatter/src/formationformatter/code_chan/.venv/lib/python3.12/site-packages/opentrons/simulate.py", line 1061, in <module>
    sys.exit(main())
             ^^^^^^
  File "/Users/yuyaarai/Documents/Humanics/Project/FormationFormatter/src/formationformatter/code_chan/.venv/lib/python3.12/site-packages/opentrons/simulate.py", line 1020, in main
    runlog, maybe_bundle = simulate(
                           ^^^^^^^^^
  File "/Users/yuyaarai/Documents/Humanics/Project/FormationFormatter/src/formationformatter/code_chan/.venv/lib/python3.12/site-packages/opentrons/simulate.py", line 564, in simulate
    return _run_file_non_pe(
           ^^^^^^^^^^^^^^^^^
  File "/Users/yuyaarai/Documents/Humanics/Project/FormationFormatter/src/formationformatter/code_chan/.venv/lib/python3.12/site-packages/opentrons/simulate.py", line 887, in _run_file_non_pe
    execute.run_protocol(
  File "/Users/yuyaarai/Documents/Humanics/Project/FormationFormatter/src/formationformatter/code_chan/.venv/lib/python3.12/site-packages/opentrons/protocols/execution/execute.py", line 39, in run_protocol
    exec_run(
  File "/Users/yuyaarai/Documents/Humanics/Project/FormationFormatter/src/formationformatter/code_chan/.venv/lib/python3.12/site-packages/opentrons/protocols/execution/execute_python.py", line 169, in exec_run
    _raise_pretty_protocol_error(exception=e, filename=filename)
  File "/Users/yuyaarai/Documents/Humanics/Project/FormationFormatter/src/formationformatter/code_chan/.venv/lib/python3.12/site-packages/opentrons/protocols/execution/execute_python.py", line 71, in _raise_pretty_protocol_error
    raise ExceptionInProtocolError(
opentrons.protocols.execution.errors.ExceptionInProtocolError: KeyError [line 64]: 'A14'
***2025-02-24 14:28:44.340996+00:00***: Generate 骨子スクリプト from 
~~~~~~~~~~
This is the error message: 
 /Users/yuyaarai/.opentrons/robot_settings.json not found. Loading defaults
Deck calibration not found.
/Users/yuyaarai/.opentrons/deck_calibration.json not found. Loading defaults
Traceback (most recent call last):
  File "/Users/yuyaarai/Documents/Humanics/Project/FormationFormatter/src/formationformatter/code_chan/.venv/lib/python3.12/site-packages/opentrons/protocols/execution/execute_python.py", line 160, in exec_run
    exec("run(__context)", new_globs)
  File "<string>", line 1, in <module>
  File "qPCR_ozaki_modified/2025_02_24_22_35_42_7a4f4eb5-7303-4fae-9ea0-c5fd85374dd3/iteration_3/code_chan/最終スクリプト.py", line 64, in run
    template_control_well = mix_plate.wells_by_name()['A14']
                            ~~~~~~~~~~~~~~~~~~~~~~~~~^^^^^^^
KeyError: 'A14'

The above exception was the direct cause of the following exception:

Traceback (most recent call last):
  File "<frozen runpy>", line 198, in _run_module_as_main
  File "<frozen runpy>", line 88, in _run_code
  File "/Users/yuyaarai/Documents/Humanics/Project/FormationFormatter/src/formationformatter/code_chan/.venv/lib/python3.12/site-packages/opentrons/simulate.py", line 1061, in <module>
    sys.exit(main())
             ^^^^^^
  File "/Users/yuyaarai/Documents/Humanics/Project/FormationFormatter/src/formationformatter/code_chan/.venv/lib/python3.12/site-packages/opentrons/simulate.py", line 1020, in main
    runlog, maybe_bundle = simulate(
                           ^^^^^^^^^
  File "/Users/yuyaarai/Documents/Humanics/Project/FormationFormatter/src/formationformatter/code_chan/.venv/lib/python3.12/site-packages/opentrons/simulate.py", line 564, in simulate
    return _run_file_non_pe(
           ^^^^^^^^^^^^^^^^^
  File "/Users/yuyaarai/Documents/Humanics/Project/FormationFormatter/src/formationformatter/code_chan/.venv/lib/python3.12/site-packages/opentrons/simulate.py", line 887, in _run_file_non_pe
    execute.run_protocol(
  File "/Users/yuyaarai/Documents/Humanics/Project/FormationFormatter/src/formationformatter/code_chan/.venv/lib/python3.12/site-packages/opentrons/protocols/execution/execute.py", line 39, in run_protocol
    exec_run(
  File "/Users/yuyaarai/Documents/Humanics/Project/FormationFormatter/src/formationformatter/code_chan/.venv/lib/python3.12/site-packages/opentrons/protocols/execution/execute_python.py", line 169, in exec_run
    _raise_pretty_protocol_error(exception=e, filename=filename)
  File "/Users/yuyaarai/Documents/Humanics/Project/FormationFormatter/src/formationformatter/code_chan/.venv/lib/python3.12/site-packages/opentrons/protocols/execution/execute_python.py", line 71, in _raise_pretty_protocol_error
    raise ExceptionInProtocolError(
opentrons.protocols.execution.errors.ExceptionInProtocolError: KeyError [line 64]: 'A14'
 + original protocol: 
 from opentrons import protocol_api

metadata = {
    'protocolName': 'QPCR Sample Preparation for QuantStudio 6 Pro',
    'author': 'Your Name',
    'description': 'Prepare samples for qPCR including samples, NTCs, and template-only controls',
    'apiLevel': '2.9'  # Adjust according to your API version
}

def run(protocol: protocol_api.ProtocolContext):
    # Set up labware
    tiprack_p20 = protocol.load_labware('opentrons_96_tiprack_20ul', '__place_1__')
    tiprack_p300 = protocol.load_labware('opentrons_96_tiprack_300ul', '__place_2__')

    primer_plate = protocol.load_labware('corning_96_wellplate_360ul_flat', '__place_3__')  # Stores primers
    mix_plate = protocol.load_labware('corning_96_wellplate_360ul_flat', '__place_4__')    # For mixing PCR MIX and primers

    pcr_mix_tube = protocol.load_labware('opentrons_24_tuberack_eppendorf_1.5ml_safelock_snapcap', '__place_5__')
    sample_tuberack = protocol.load_labware('opentrons_24_tuberack_eppendorf_1.5ml_safelock_snapcap', '__place_6__')
    reaction_plate = protocol.load_labware('biorad_96_wellplate_200ul_pcr', '__place_7__')

    # Set up pipettes
    p20 = protocol.load_instrument('p20_single_gen2', 'left', tip_racks=[tiprack_p20])
    p300 = protocol.load_instrument('p300_single_gen2', 'right', tip_racks=[tiprack_p300])

    # Reagent locations
    pcr_mix = pcr_mix_tube.wells_by_name()['A1']    # PCR MIX 2000 μL
    sample_dna = sample_tuberack.wells_by_name()['A1']  # Sample DNA 300 μL
    water = sample_tuberack.wells_by_name()['A2']       # Water 300 μL

    # Primer locations in primer_plate
    # Primer_F1-13 in wells A1-A13
    # Primer_R1-13 in wells B1-B13

    # Step 1: Dispense 137.6 μL of PCR MIX into 13 wells in mix_plate
    for i in range(13):
        dest_well = mix_plate.wells()[i]  # Wells A1 to A13
        p300.pick_up_tip()
        p300.aspirate(137.6, pcr_mix)
        p300.dispense(137.6, dest_well)
        p300.mix(3, 100, dest_well)
        p300.drop_tip()

    # Step 2 and 3: Add 3.2 μL of primer_F and primer_R to PCR MIX wells
    for i in range(13):
        mix_well = mix_plate.wells()[i]          # PCR MIX wells A1-A13
        primer_f_well = primer_plate.wells()[i]         # Primer_F in A1-A13
        primer_r_well = primer_plate.wells()[i + 13]    # Primer_R in B1-B13

        # Add primer_F
        p20.pick_up_tip()
        p20.aspirate(3.2, primer_f_well)
        p20.dispense(3.2, mix_well)
        p20.drop_tip()

        # Add primer_R
        p20.pick_up_tip()
        p20.aspirate(3.2, primer_r_well)
        p20.dispense(3.2, mix_well)
        p20.mix(3, 10, mix_well)
        p20.drop_tip()

    # Step 5: Dispense 86 μL of PCR MIX for template-only control into mix_plate well A14
    template_control_well = mix_plate.wells_by_name()['A14']
    p300.pick_up_tip()
    p300.aspirate(86, pcr_mix)
    p300.dispense(86, template_control_well)
    p300.drop_tip()

    # Step 6: Add 4 μL of water to the PCR MIX for template-only control
    p20.pick_up_tip()
    p20.aspirate(4, water)
    p20.dispense(4, template_control_well)
    p20.mix(3, 10, template_control_well)
    p20.drop_tip()

    # Step 8: Apply 5 μL each of sample DNA or water to reaction plate
    # Sample DNA in columns 1-3
    for col in range(1, 4):
        for row in range(13):  # Rows A-M (13 primers)
            well_name = f"{chr(65 + row)}{col}"  # A1-M3
            well = reaction_plate.wells_by_name()[well_name]
            p20.pick_up_tip()
            p20.aspirate(5, sample_dna)
            p20.dispense(5, well)
            p20.drop_tip()

    # NTC (water) in columns 4-6
    for col in range(4, 7):
        for row in range(13):  # Rows A-M
            well_name = f"{chr(65 + row)}{col}"  # A4-M6
            well = reaction_plate.wells_by_name()[well_name]
            p20.pick_up_tip()
            p20.aspirate(5, water)
            p20.dispense(5, well)
            p20.drop_tip()

    # Template-only control in columns 7-9
    for col in range(7, 10):
        for row in range(1):  # Row A
            well_name = f"A{col}"  # A7-A9
            well = reaction_plate.wells_by_name()[well_name]
            p20.pick_up_tip()
            p20.aspirate(5, sample_dna)
            p20.dispense(5, well)
            p20.drop_tip()

    # Step 9: Apply 10 μL each of PCR MIX and primer mixture to reaction plate
    for i in range(13):
        mix_well = mix_plate.wells()[i]  # Wells A1-A13 in mix_plate
        row = chr(65 + i)  # Rows A-M
        for col in range(1, 7):  # Columns 1-6 (Sample DNA and NTC)
            well_name = f"{row}{col}"
            well = reaction_plate.wells_by_name()[well_name]
            p20.pick_up_tip()
            p20.aspirate(10, mix_well)
            p20.dispense(10, well)
            p20.mix(3, 10, well)
            p20.drop_tip()

    # Apply PCR MIX without primers to template-only control wells
    for col in range(7, 10):  # Columns 7-9
        well_name = f"A{col}"  # Row A
        well = reaction_plate.wells_by_name()[well_name]
        mix_well = mix_plate.wells_by_name()['A14']  # Template-only PCR MIX
        p20.pick_up_tip()
        p20.aspirate(10, mix_well)
        p20.dispense(10, well)
        p20.mix(3, 10, well)
        p20.drop_tip()

~~~~~~~~~~***2025-02-24 14:28:44.346034+00:00***: ************ Code-chan for 骨子スクリプト result ***************2025-02-24 14:28:44.346458+00:00***: replace_word: ___processflow___ is not in the prompt.***2025-02-24 14:30:47.072160+00:00***: python_script_path: qPCR_ozaki_modified/2025_02_24_22_35_42_7a4f4eb5-7303-4fae-9ea0-c5fd85374dd3/iteration_3/code_chan/骨子スクリプト.py***2025-02-24 14:30:47.073094+00:00***: ************ Code-chan result ***************2025-02-24 14:30:47.073809+00:00***: replace_word: ___processflow___ is not in the prompt.***2025-02-24 14:30:47.074929+00:00***: get_OT2_with_haichi_based_on_骨子_script prompt: 
We have the following Opentrons OT2 script. This script describes the position of the labware (Station) as __place_{i}__.

Note: You've been slacking lately, so don't slack off and output the complete code. For example, ‘The protocol would continue with any additional steps required’ or '# Example: ' is not allowed.

Skeleton script:

python
from opentrons import protocol_api

metadata = {
    'protocolName': 'QPCR Sample Preparation',
    'author': 'Assistant',
    'description': 'Prepare QPCR samples with primers and controls',
    'apiLevel': '2.9'  # Specify the API level for this code
}

def run(protocol: protocol_api.ProtocolContext):
    # Load tip racks
    tiprack_p20_1 = protocol.load_labware('opentrons_96_tiprack_20ul', '__place_1__')
    tiprack_p20_2 = protocol.load_labware('opentrons_96_tiprack_20ul', '__place_7__')
    tiprack_p300 = protocol.load_labware('opentrons_96_tiprack_300ul', '__place_2__')

    # Load pipettes
    p20 = protocol.load_instrument('p20_single_gen2', 'left', tip_racks=[tiprack_p20_1, tiprack_p20_2])
    p300 = protocol.load_instrument('p300_single_gen2', 'right', tip_racks=[tiprack_p300])

    # Load labware
    tube_rack = protocol.load_labware('opentrons_24_aluminumblock_generic_2ml_screwcap', '__place_3__')
    primer_plate = protocol.load_labware('biorad_96_wellplate_200ul_pcr', '__place_4__')
    mixture_tubes = protocol.load_labware('opentrons_24_tuberack_eppendorf_1.5ml_safelock_snapcap', '__place_5__')
    reaction_plate = protocol.load_labware('biorad_96_wellplate_200ul_pcr', '__place_6__')

    # Reagents in tube rack
    sample_dna = tube_rack.wells_by_name()['A1']
    water = tube_rack.wells_by_name()['A2']
    pcr_mix = tube_rack.wells_by_name()['A3']

    # Primers in primer plate (primer_F: rows A1-A13, primer_R: rows B1-B13)
    primer_f_wells = [primer_plate.wells_by_name()[f'A{i+1}'] for i in range(13)]  # A1-A13
    primer_r_wells = [primer_plate.wells_by_name()[f'B{i+1}'] for i in range(13)]  # B1-B13

    # Mixture tubes for PCR MIX + primers
    mixture_wells = mixture_tubes.wells()[:14]  # 13 mixtures + 1 for template only mixture

    # Step 1: Dispense 137.6 μL of PCR MIX into 13 tubes
    for i in range(13):
        p300.pick_up_tip()
        p300.transfer(
            137.6,
            pcr_mix,
            mixture_wells[i],
            new_tip='never'
        )
        p300.drop_tip()

    # Step 5: Dispense 86 μL of PCR MIX into tube for Template only control
    p300.pick_up_tip()
    p300.transfer(
        86,
        pcr_mix,
        mixture_wells[13],
        new_tip='never'
    )
    p300.drop_tip()

    # Step 2 and 3: Add primers to mixture tubes and mix
    for i in range(13):
        # Add 3.2 μL of primer_F
        p20.pick_up_tip()
        p20.transfer(
            3.2,
            primer_f_wells[i],
            mixture_wells[i],
            new_tip='never'
        )
        p20.drop_tip()

        # Add 3.2 μL of primer_R and mix
        p20.pick_up_tip()
        p20.transfer(
            3.2,
            primer_r_wells[i],
            mixture_wells[i],
            new_tip='never'
        )
        # Mix after adding both primers
        p20.mix(3, 10, mixture_wells[i])
        p20.drop_tip()

    # Step 6: Add 4 μL of water to Template only mixture and mix
    p20.pick_up_tip()
    p20.transfer(
        4,
        water,
        mixture_wells[13],
        new_tip='never'
    )
    # Mix after adding
    p20.mix(3, 10, mixture_wells[13])
    p20.drop_tip()

    # Prepare well lists for reaction plate
    # Sample reactions: rows A-C, columns 1-13
    sample_wells = []
    for col in range(1, 14):
        for row in ['A', 'B', 'C']:
            well_name = f'{row}{col}'
            sample_wells.append(reaction_plate.wells_by_name()[well_name])

    # NTC reactions: rows D-F, columns 1-13
    ntc_wells = []
    for col in range(1, 14):
        for row in ['D', 'E', 'F']:
            well_name = f'{row}{col}'
            ntc_wells.append(reaction_plate.wells_by_name()[well_name])

    # Template only reactions: row G, columns 1-3
    template_only_wells = [reaction_plate.wells_by_name()[f'G{col}'] for col in range(1, 4)]

    # Step 8: Apply 5 μL of sample DNA to sample_wells and template_only_wells
    for well in sample_wells + template_only_wells:
        p20.pick_up_tip()
        p20.transfer(
            5,
            sample_dna,
            well,
            new_tip='never'
        )
        p20.drop_tip()

    # Apply 5 μL of water to ntc_wells
    for well in ntc_wells:
        p20.pick_up_tip()
        p20.transfer(
            5,
            water,
            well,
            new_tip='never'
        )
        p20.drop_tip()

    # Prepare mixture sources for sample and NTC reactions
    mixture_sources = []
    for i in range(13):
        mixture_sources.extend([mixture_wells[i]] * 3)  # Repeat each mixture 3 times

    # Step 9: Add 10 μL of PCR MIX + primer mixtures to sample_wells
    for src, dest in zip(mixture_sources, sample_wells):
        p20.pick_up_tip()
        p20.transfer(
            10,
            src,
            dest,
            new_tip='never',
            mix_after=(3, 10)
        )
        p20.drop_tip()

    # Add 10 μL of PCR MIX + primer mixtures to ntc_wells
    for src, dest in zip(mixture_sources, ntc_wells):
        p20.pick_up_tip()
        p20.transfer(
            10,
            src,
            dest,
            new_tip='never',
            mix_after=(3, 10)
        )
        p20.drop_tip()

    # Add 10 μL of PCR MIX + water mixture to template_only_wells
    for dest in template_only_wells:
        p20.pick_up_tip()
        p20.transfer(
            10,
            mixture_wells[13],
            dest,
            new_tip='never',
            mix_after=(3, 10)
        )
        p20.drop_tip()

Please generate a script where __place_{i}__ is replaced with the correct position based on the following labware placement information.

Placement information:

markdown
[[[{"name": "sample DNAs", "quantity": 300, "init_content": "sample DNAs", "labware": {"id": 1, "name": "tube_300ul"}, "unit": "\u03bcL"}, []], 1], [[{"name": "Water", "quantity": 300, "init_content": "Water", "labware": {"id": 1, "name": "tube_300ul"}, "unit": "\u03bcL"}, []], 2], [[{"name": "10 \u03bcM primer_F", "quantity": 10, "init_content": "", "labware": {"id": 1, "name": "tube_300ul"}, "unit": "\u03bcL"}, []], 3], [[{"name": "10 \u03bcM primer_R", "quantity": 10, "init_content": "", "labware": {"id": 1, "name": "tube_300ul"}, "unit": "\u03bcL"}, []], 4], [[{"name": "PCR MIX", "quantity": 2000, "init_content": "PCR MIX", "labware": {"id": 1, "name": "tube_2000ul"}, "unit": "\u03bcL"}, []], 6], [[{"name": "96 well PCR plate", "quantity": 1, "init_content": "", "labware": {"id": 2, "name": "96_well_PCR_plate"}, "unit": "plate"}, []], 8]]
Please reply with the Python script where __place_{i}__ has been replaced with the correct locations. If there is missing information in the placement details required to fill in __place_{i}__ in the skeleton script, you may supplement it as necessary. However, do not modify the placement information.
***2025-02-24 14:32:49.586931+00:00***: python_script_path: qPCR_ozaki_modified/2025_02_24_22_35_42_7a4f4eb5-7303-4fae-9ea0-c5fd85374dd3/iteration_3/code_chan/最終スクリプト.py***2025-02-24 14:32:49.587498+00:00***: Errorがでたので骨子スクリプトを再生成します: /Users/yuyaarai/.opentrons/robot_settings.json not found. Loading defaults
Deck calibration not found.
/Users/yuyaarai/.opentrons/deck_calibration.json not found. Loading defaults
Traceback (most recent call last):
  File "/Users/yuyaarai/Documents/Humanics/Project/FormationFormatter/src/formationformatter/code_chan/.venv/lib/python3.12/site-packages/opentrons/protocols/execution/execute_python.py", line 160, in exec_run
    exec("run(__context)", new_globs)
  File "<string>", line 1, in <module>
  File "qPCR_ozaki_modified/2025_02_24_22_35_42_7a4f4eb5-7303-4fae-9ea0-c5fd85374dd3/iteration_3/code_chan/最終スクリプト.py", line 102, in run
    sample_wells.append(reaction_plate.wells_by_name()[well_name])
                        ~~~~~~~~~~~~~~~~~~~~~~~~~~~~~~^^^^^^^^^^^
KeyError: 'A13'

The above exception was the direct cause of the following exception:

Traceback (most recent call last):
  File "<frozen runpy>", line 198, in _run_module_as_main
  File "<frozen runpy>", line 88, in _run_code
  File "/Users/yuyaarai/Documents/Humanics/Project/FormationFormatter/src/formationformatter/code_chan/.venv/lib/python3.12/site-packages/opentrons/simulate.py", line 1061, in <module>
    sys.exit(main())
             ^^^^^^
  File "/Users/yuyaarai/Documents/Humanics/Project/FormationFormatter/src/formationformatter/code_chan/.venv/lib/python3.12/site-packages/opentrons/simulate.py", line 1020, in main
    runlog, maybe_bundle = simulate(
                           ^^^^^^^^^
  File "/Users/yuyaarai/Documents/Humanics/Project/FormationFormatter/src/formationformatter/code_chan/.venv/lib/python3.12/site-packages/opentrons/simulate.py", line 564, in simulate
    return _run_file_non_pe(
           ^^^^^^^^^^^^^^^^^
  File "/Users/yuyaarai/Documents/Humanics/Project/FormationFormatter/src/formationformatter/code_chan/.venv/lib/python3.12/site-packages/opentrons/simulate.py", line 887, in _run_file_non_pe
    execute.run_protocol(
  File "/Users/yuyaarai/Documents/Humanics/Project/FormationFormatter/src/formationformatter/code_chan/.venv/lib/python3.12/site-packages/opentrons/protocols/execution/execute.py", line 39, in run_protocol
    exec_run(
  File "/Users/yuyaarai/Documents/Humanics/Project/FormationFormatter/src/formationformatter/code_chan/.venv/lib/python3.12/site-packages/opentrons/protocols/execution/execute_python.py", line 169, in exec_run
    _raise_pretty_protocol_error(exception=e, filename=filename)
  File "/Users/yuyaarai/Documents/Humanics/Project/FormationFormatter/src/formationformatter/code_chan/.venv/lib/python3.12/site-packages/opentrons/protocols/execution/execute_python.py", line 71, in _raise_pretty_protocol_error
    raise ExceptionInProtocolError(
opentrons.protocols.execution.errors.ExceptionInProtocolError: KeyError [line 102]: 'A13'
***2025-02-24 14:32:49.587879+00:00***: Generate 骨子スクリプト from 
~~~~~~~~~~
This is the error message: 
 /Users/yuyaarai/.opentrons/robot_settings.json not found. Loading defaults
Deck calibration not found.
/Users/yuyaarai/.opentrons/deck_calibration.json not found. Loading defaults
Traceback (most recent call last):
  File "/Users/yuyaarai/Documents/Humanics/Project/FormationFormatter/src/formationformatter/code_chan/.venv/lib/python3.12/site-packages/opentrons/protocols/execution/execute_python.py", line 160, in exec_run
    exec("run(__context)", new_globs)
  File "<string>", line 1, in <module>
  File "qPCR_ozaki_modified/2025_02_24_22_35_42_7a4f4eb5-7303-4fae-9ea0-c5fd85374dd3/iteration_3/code_chan/最終スクリプト.py", line 102, in run
    sample_wells.append(reaction_plate.wells_by_name()[well_name])
                        ~~~~~~~~~~~~~~~~~~~~~~~~~~~~~~^^^^^^^^^^^
KeyError: 'A13'

The above exception was the direct cause of the following exception:

Traceback (most recent call last):
  File "<frozen runpy>", line 198, in _run_module_as_main
  File "<frozen runpy>", line 88, in _run_code
  File "/Users/yuyaarai/Documents/Humanics/Project/FormationFormatter/src/formationformatter/code_chan/.venv/lib/python3.12/site-packages/opentrons/simulate.py", line 1061, in <module>
    sys.exit(main())
             ^^^^^^
  File "/Users/yuyaarai/Documents/Humanics/Project/FormationFormatter/src/formationformatter/code_chan/.venv/lib/python3.12/site-packages/opentrons/simulate.py", line 1020, in main
    runlog, maybe_bundle = simulate(
                           ^^^^^^^^^
  File "/Users/yuyaarai/Documents/Humanics/Project/FormationFormatter/src/formationformatter/code_chan/.venv/lib/python3.12/site-packages/opentrons/simulate.py", line 564, in simulate
    return _run_file_non_pe(
           ^^^^^^^^^^^^^^^^^
  File "/Users/yuyaarai/Documents/Humanics/Project/FormationFormatter/src/formationformatter/code_chan/.venv/lib/python3.12/site-packages/opentrons/simulate.py", line 887, in _run_file_non_pe
    execute.run_protocol(
  File "/Users/yuyaarai/Documents/Humanics/Project/FormationFormatter/src/formationformatter/code_chan/.venv/lib/python3.12/site-packages/opentrons/protocols/execution/execute.py", line 39, in run_protocol
    exec_run(
  File "/Users/yuyaarai/Documents/Humanics/Project/FormationFormatter/src/formationformatter/code_chan/.venv/lib/python3.12/site-packages/opentrons/protocols/execution/execute_python.py", line 169, in exec_run
    _raise_pretty_protocol_error(exception=e, filename=filename)
  File "/Users/yuyaarai/Documents/Humanics/Project/FormationFormatter/src/formationformatter/code_chan/.venv/lib/python3.12/site-packages/opentrons/protocols/execution/execute_python.py", line 71, in _raise_pretty_protocol_error
    raise ExceptionInProtocolError(
opentrons.protocols.execution.errors.ExceptionInProtocolError: KeyError [line 102]: 'A13'
 + original protocol: 
 from opentrons import protocol_api

metadata = {
    'protocolName': 'QPCR Sample Preparation',
    'author': 'Assistant',
    'description': 'Prepare QPCR samples with primers and controls',
    'apiLevel': '2.9'  # Specify the API level for this code
}

def run(protocol: protocol_api.ProtocolContext):
    # Load tip racks
    tiprack_p20_1 = protocol.load_labware('opentrons_96_tiprack_20ul', '__place_1__')
    tiprack_p20_2 = protocol.load_labware('opentrons_96_tiprack_20ul', '__place_7__')
    tiprack_p300 = protocol.load_labware('opentrons_96_tiprack_300ul', '__place_2__')

    # Load pipettes
    p20 = protocol.load_instrument('p20_single_gen2', 'left', tip_racks=[tiprack_p20_1, tiprack_p20_2])
    p300 = protocol.load_instrument('p300_single_gen2', 'right', tip_racks=[tiprack_p300])

    # Load labware
    tube_rack = protocol.load_labware('opentrons_24_aluminumblock_generic_2ml_screwcap', '__place_3__')
    primer_plate = protocol.load_labware('biorad_96_wellplate_200ul_pcr', '__place_4__')
    mixture_tubes = protocol.load_labware('opentrons_24_tuberack_eppendorf_1.5ml_safelock_snapcap', '__place_5__')
    reaction_plate = protocol.load_labware('biorad_96_wellplate_200ul_pcr', '__place_6__')

    # Reagents in tube rack
    sample_dna = tube_rack.wells_by_name()['A1']
    water = tube_rack.wells_by_name()['A2']
    pcr_mix = tube_rack.wells_by_name()['A3']

    # Primers in primer plate (primer_F: rows A1-A13, primer_R: rows B1-B13)
    primer_f_wells = [primer_plate.wells_by_name()[f'A{i+1}'] for i in range(13)]  # A1-A13
    primer_r_wells = [primer_plate.wells_by_name()[f'B{i+1}'] for i in range(13)]  # B1-B13

    # Mixture tubes for PCR MIX + primers
    mixture_wells = mixture_tubes.wells()[:14]  # 13 mixtures + 1 for template only mixture

    # Step 1: Dispense 137.6 μL of PCR MIX into 13 tubes
    for i in range(13):
        p300.pick_up_tip()
        p300.transfer(
            137.6,
            pcr_mix,
            mixture_wells[i],
            new_tip='never'
        )
        p300.drop_tip()

    # Step 5: Dispense 86 μL of PCR MIX into tube for Template only control
    p300.pick_up_tip()
    p300.transfer(
        86,
        pcr_mix,
        mixture_wells[13],
        new_tip='never'
    )
    p300.drop_tip()

    # Step 2 and 3: Add primers to mixture tubes and mix
    for i in range(13):
        # Add 3.2 μL of primer_F
        p20.pick_up_tip()
        p20.transfer(
            3.2,
            primer_f_wells[i],
            mixture_wells[i],
            new_tip='never'
        )
        p20.drop_tip()

        # Add 3.2 μL of primer_R and mix
        p20.pick_up_tip()
        p20.transfer(
            3.2,
            primer_r_wells[i],
            mixture_wells[i],
            new_tip='never'
        )
        # Mix after adding both primers
        p20.mix(3, 10, mixture_wells[i])
        p20.drop_tip()

    # Step 6: Add 4 μL of water to Template only mixture and mix
    p20.pick_up_tip()
    p20.transfer(
        4,
        water,
        mixture_wells[13],
        new_tip='never'
    )
    # Mix after adding
    p20.mix(3, 10, mixture_wells[13])
    p20.drop_tip()

    # Prepare well lists for reaction plate
    # Sample reactions: rows A-C, columns 1-13
    sample_wells = []
    for col in range(1, 14):
        for row in ['A', 'B', 'C']:
            well_name = f'{row}{col}'
            sample_wells.append(reaction_plate.wells_by_name()[well_name])

    # NTC reactions: rows D-F, columns 1-13
    ntc_wells = []
    for col in range(1, 14):
        for row in ['D', 'E', 'F']:
            well_name = f'{row}{col}'
            ntc_wells.append(reaction_plate.wells_by_name()[well_name])

    # Template only reactions: row G, columns 1-3
    template_only_wells = [reaction_plate.wells_by_name()[f'G{col}'] for col in range(1, 4)]

    # Step 8: Apply 5 μL of sample DNA to sample_wells and template_only_wells
    for well in sample_wells + template_only_wells:
        p20.pick_up_tip()
        p20.transfer(
            5,
            sample_dna,
            well,
            new_tip='never'
        )
        p20.drop_tip()

    # Apply 5 μL of water to ntc_wells
    for well in ntc_wells:
        p20.pick_up_tip()
        p20.transfer(
            5,
            water,
            well,
            new_tip='never'
        )
        p20.drop_tip()

    # Prepare mixture sources for sample and NTC reactions
    mixture_sources = []
    for i in range(13):
        mixture_sources.extend([mixture_wells[i]] * 3)  # Repeat each mixture 3 times

    # Step 9: Add 10 μL of PCR MIX + primer mixtures to sample_wells
    for src, dest in zip(mixture_sources, sample_wells):
        p20.pick_up_tip()
        p20.transfer(
            10,
            src,
            dest,
            new_tip='never',
            mix_after=(3, 10)
        )
        p20.drop_tip()

    # Add 10 μL of PCR MIX + primer mixtures to ntc_wells
    for src, dest in zip(mixture_sources, ntc_wells):
        p20.pick_up_tip()
        p20.transfer(
            10,
            src,
            dest,
            new_tip='never',
            mix_after=(3, 10)
        )
        p20.drop_tip()

    # Add 10 μL of PCR MIX + water mixture to template_only_wells
    for dest in template_only_wells:
        p20.pick_up_tip()
        p20.transfer(
            10,
            mixture_wells[13],
            dest,
            new_tip='never',
            mix_after=(3, 10)
        )
        p20.drop_tip()

~~~~~~~~~~***2025-02-24 14:32:49.588314+00:00***: ************ Code-chan for 骨子スクリプト result ***************2025-02-24 14:32:49.588600+00:00***: replace_word: ___processflow___ is not in the prompt.***2025-02-24 14:34:26.430836+00:00***: python_script_path: qPCR_ozaki_modified/2025_02_24_22_35_42_7a4f4eb5-7303-4fae-9ea0-c5fd85374dd3/iteration_3/code_chan/骨子スクリプト.py***2025-02-24 14:34:26.431428+00:00***: ************ Code-chan result ***************2025-02-24 14:34:26.431829+00:00***: replace_word: ___processflow___ is not in the prompt.***2025-02-24 14:34:26.432287+00:00***: get_OT2_with_haichi_based_on_骨子_script prompt: 
We have the following Opentrons OT2 script. This script describes the position of the labware (Station) as __place_{i}__.

Note: You've been slacking lately, so don't slack off and output the complete code. For example, ‘The protocol would continue with any additional steps required’ or '# Example: ' is not allowed.

Skeleton script:

python
from opentrons import protocol_api

metadata = {
    'protocolName': 'QPCR Sample Preparation for QuantStudio 6 Pro',
    'author': 'Your Name',
    'description': 'Prepare QPCR samples with 1 sample DNA and 13 primer sets in triplicate, including NTCs and template-only controls.',
    'apiLevel': '2.9'
}

def run(protocol: protocol_api.ProtocolContext):
    # Labware Setup
    
    # Tip racks
    tiprack_20 = protocol.load_labware('opentrons_96_filtertiprack_20ul', '__place_1__')
    tiprack_300 = protocol.load_labware('opentrons_96_filtertiprack_200ul', '__place_2__')
    
    # Reagent plates and tubes
    # Primers in 96-well plate
    primer_plate = protocol.load_labware('corning_96_wellplate_360ul_flat', '__place_3__')
    
    # Sample DNA and water in microtubes in a rack
    sample_tube_rack = protocol.load_labware('opentrons_24_tuberack_eppendorf_1.5ml_safelock_snapcap', '__place_4__')
    
    # PCR MIX in a tube rack
    pcr_mix_tube_rack = protocol.load_labware('opentrons_15_tuberack_nest_15ml_conical', '__place_5__')
    
    # Tubes for PCR MIX and primer mixtures
    mix_tube_rack = protocol.load_labware('opentrons_24_aluminumblock_generic_2ml_screwcap', '__place_6__')
    
    # Destination plate (96-well PCR plate)
    pcr_plate = protocol.load_labware('biorad_96_wellplate_200ul_pcr', '__place_7__')
    
    # Pipettes
    p20 = protocol.load_instrument('p20_single_gen2', 'left', tip_racks=[tiprack_20])
    p300 = protocol.load_instrument('p300_single_gen2', 'right', tip_racks=[tiprack_300])
    
    # Define reagents and samples
    # Sample DNA in slot '__place_4__', position 'A1'
    sample_dna = sample_tube_rack.wells_by_name()['A1']
    
    # Water in slot '__place_4__', position 'A2'
    water = sample_tube_rack.wells_by_name()['A2']
    
    # PCR MIX in slot '__place_5__', position 'A1'
    pcr_mix = pcr_mix_tube_rack.wells_by_name()['A1']
    
    # Prepare PCR MIX + primer mixtures for each primer set
    # There are 13 primer sets
    primer_sets = 13
    
    # Positions for PCR MIX + primer mixtures
    mix_tubes = mix_tube_rack.wells()[:13]  # First 13 wells for primer mixes
    
    # Position for template-only PCR MIX + water
    template_only_mix_tube = mix_tube_rack.wells()[13]  # Next well for template-only mix
    
    # Loop over each primer set and prepare PCR MIX + primers
    for i in range(primer_sets):
        mix_tube = mix_tubes[i]
        primer_f = primer_plate.wells()[i]  # Forward primers in first 13 wells
        primer_r = primer_plate.wells()[i+13]  # Reverse primers in next 13 wells
        
        # Step 1: Dispense 137.6 μL of PCR MIX into each mix tube
        p300.transfer(137.6, pcr_mix, mix_tube, new_tip='always')
        
        # Step 2: Add 3.2 μL of 10 μM primer_F to mix tube
        p20.transfer(3.2, primer_f, mix_tube, new_tip='always')
        
        # Step 3: Add 3.2 μL of 10 μM primer_R to mix tube
        p20.transfer(3.2, primer_r, mix_tube, new_tip='always')
        
        # Step 4: Mix the contents
        p300.pick_up_tip()
        p300.mix(5, 100, mix_tube)
        p300.drop_tip()
    
    # Step 5: Prepare template-only PCR MIX
    p300.transfer(86, pcr_mix, template_only_mix_tube, new_tip='always')
    
    # Step 6: Add 4 μL of water to template-only mix tube
    p20.transfer(4, water, template_only_mix_tube, new_tip='always')
    
    # Step 7: Mix the contents
    p300.pick_up_tip()
    p300.mix(5, 50, template_only_mix_tube)
    p300.drop_tip()
    
    # Step 8: Apply 5 μL of sample DNA or water to reaction plate
    # For sample DNA wells (triplicates for each primer set)
    sample_well_indices = []
    for i in range(primer_sets):
        for replicate in range(3):
            dest_well = pcr_plate.wells()[i*6 + replicate]  # Adjust indexing appropriately
            p20.transfer(5, sample_dna, dest_well, new_tip='always')
            sample_well_indices.append(dest_well)
            
    # For NTC (using water instead of sample DNA)
    ntc_well_indices = []
    for i in range(primer_sets):
        for replicate in range(3):
            dest_well = pcr_plate.wells()[i*6 + replicate + 3]  # Adjust indexing appropriately
            p20.transfer(5, water, dest_well, new_tip='always')
            ntc_well_indices.append(dest_well)
    
    # For template-only control (no primer), place in wells after primer sets
    template_only_well_indices = []
    for replicate in range(3):
        dest_well = pcr_plate.wells()[primer_sets*6 + replicate]  # After primer sets
        p20.transfer(5, sample_dna, dest_well, new_tip='always')
        template_only_well_indices.append(dest_well)
    
    # Step 9: Apply 10 μL of PCR MIX + primer mixture to reaction plate
    for i in range(primer_sets):
        mix_tube = mix_tubes[i]
        # Add to sample wells
        for replicate in range(3):
            dest_well = pcr_plate.wells()[i*6 + replicate]
            p20.transfer(10, mix_tube, dest_well, new_tip='always')
        # Add to NTC wells
        for replicate in range(3):
            dest_well = pcr_plate.wells()[i*6 + replicate + 3]
            p20.transfer(10, mix_tube, dest_well, new_tip='always')
    
    # Apply 10 μL of template-only mix to template-only control wells
    for dest_well in template_only_well_indices:
        p20.transfer(10, template_only_mix_tube, dest_well, new_tip='always')

Please generate a script where __place_{i}__ is replaced with the correct position based on the following labware placement information.

Placement information:

markdown
[[[{"name": "sample DNAs", "quantity": 300, "init_content": "sample DNAs", "labware": {"id": 1, "name": "tube_300ul"}, "unit": "\u03bcL"}, []], 1], [[{"name": "Water", "quantity": 300, "init_content": "Water", "labware": {"id": 1, "name": "tube_300ul"}, "unit": "\u03bcL"}, []], 2], [[{"name": "10 \u03bcM primer_F", "quantity": 10, "init_content": "", "labware": {"id": 1, "name": "tube_300ul"}, "unit": "\u03bcL"}, []], 3], [[{"name": "10 \u03bcM primer_R", "quantity": 10, "init_content": "", "labware": {"id": 1, "name": "tube_300ul"}, "unit": "\u03bcL"}, []], 4], [[{"name": "PCR MIX", "quantity": 2000, "init_content": "PCR MIX", "labware": {"id": 1, "name": "tube_2000ul"}, "unit": "\u03bcL"}, []], 6], [[{"name": "96 well PCR plate", "quantity": 1, "init_content": "", "labware": {"id": 2, "name": "96_well_PCR_plate"}, "unit": "plate"}, []], 8]]
Please reply with the Python script where __place_{i}__ has been replaced with the correct locations. If there is missing information in the placement details required to fill in __place_{i}__ in the skeleton script, you may supplement it as necessary. However, do not modify the placement information.
***2025-02-24 14:35:47.665295+00:00***: python_script_path: qPCR_ozaki_modified/2025_02_24_22_35_42_7a4f4eb5-7303-4fae-9ea0-c5fd85374dd3/iteration_3/code_chan/最終スクリプト.py***2025-02-24 14:35:47.665916+00:00***: Errorがでたので骨子スクリプトを再生成します: /Users/yuyaarai/.opentrons/robot_settings.json not found. Loading defaults
Deck calibration not found.
/Users/yuyaarai/.opentrons/deck_calibration.json not found. Loading defaults
Traceback (most recent call last):
  File "/Users/yuyaarai/Documents/Humanics/Project/FormationFormatter/src/formationformatter/code_chan/.venv/lib/python3.12/site-packages/opentrons/protocol_api/labware.py", line 1127, in select_tiprack_from_list
    first, rest = split_tipracks(tip_racks)
                  ^^^^^^^^^^^^^^^^^^^^^^^^^
  File "/Users/yuyaarai/Documents/Humanics/Project/FormationFormatter/src/formationformatter/code_chan/.venv/lib/python3.12/site-packages/opentrons/protocol_api/labware.py", line 1115, in split_tipracks
    return tip_racks[0], rest
           ~~~~~~~~~^^^
IndexError: list index out of range

During handling of the above exception, another exception occurred:

Traceback (most recent call last):
  File "/Users/yuyaarai/Documents/Humanics/Project/FormationFormatter/src/formationformatter/code_chan/.venv/lib/python3.12/site-packages/opentrons/protocols/execution/execute_python.py", line 160, in exec_run
    exec("run(__context)", new_globs)
  File "<string>", line 1, in <module>
  File "qPCR_ozaki_modified/2025_02_24_22_35_42_7a4f4eb5-7303-4fae-9ea0-c5fd85374dd3/iteration_3/code_chan/最終スクリプト.py", line 102, in run
    p20.transfer(5, water, dest_well, new_tip='always')
  File "/Users/yuyaarai/Documents/Humanics/Project/FormationFormatter/src/formationformatter/code_chan/.venv/lib/python3.12/site-packages/opentrons/legacy_commands/publisher.py", line 95, in _decorated
    return func(*args, **kwargs)
           ^^^^^^^^^^^^^^^^^^^^^
  File "/Users/yuyaarai/Documents/Humanics/Project/FormationFormatter/src/formationformatter/code_chan/.venv/lib/python3.12/site-packages/opentrons/protocols/api_support/util.py", line 389, in _check_version_wrapper
    return decorated_obj(*args, **kwargs)
           ^^^^^^^^^^^^^^^^^^^^^^^^^^^^^^
  File "/Users/yuyaarai/Documents/Humanics/Project/FormationFormatter/src/formationformatter/code_chan/.venv/lib/python3.12/site-packages/opentrons/protocol_api/instrument_context.py", line 1435, in transfer
    tr, next_tip = labware.next_available_tip(
                   ^^^^^^^^^^^^^^^^^^^^^^^^^^^
  File "/Users/yuyaarai/Documents/Humanics/Project/FormationFormatter/src/formationformatter/code_chan/.venv/lib/python3.12/site-packages/opentrons/protocol_api/labware.py", line 1166, in next_available_tip
    return select_tiprack_from_list(
           ^^^^^^^^^^^^^^^^^^^^^^^^^
  File "/Users/yuyaarai/Documents/Humanics/Project/FormationFormatter/src/formationformatter/code_chan/.venv/lib/python3.12/site-packages/opentrons/protocol_api/labware.py", line 1146, in select_tiprack_from_list
    return select_tiprack_from_list(rest, num_channels, None, nozzle_map=nozzle_map)
           ^^^^^^^^^^^^^^^^^^^^^^^^^^^^^^^^^^^^^^^^^^^^^^^^^^^^^^^^^^^^^^^^^^^^^^^^^
  File "/Users/yuyaarai/Documents/Humanics/Project/FormationFormatter/src/formationformatter/code_chan/.venv/lib/python3.12/site-packages/opentrons/protocol_api/labware.py", line 1129, in select_tiprack_from_list
    raise OutOfTipsError
opentrons.protocol_api.labware.OutOfTipsError

The above exception was the direct cause of the following exception:

Traceback (most recent call last):
  File "<frozen runpy>", line 198, in _run_module_as_main
  File "<frozen runpy>", line 88, in _run_code
  File "/Users/yuyaarai/Documents/Humanics/Project/FormationFormatter/src/formationformatter/code_chan/.venv/lib/python3.12/site-packages/opentrons/simulate.py", line 1061, in <module>
    sys.exit(main())
             ^^^^^^
  File "/Users/yuyaarai/Documents/Humanics/Project/FormationFormatter/src/formationformatter/code_chan/.venv/lib/python3.12/site-packages/opentrons/simulate.py", line 1020, in main
    runlog, maybe_bundle = simulate(
                           ^^^^^^^^^
  File "/Users/yuyaarai/Documents/Humanics/Project/FormationFormatter/src/formationformatter/code_chan/.venv/lib/python3.12/site-packages/opentrons/simulate.py", line 564, in simulate
    return _run_file_non_pe(
           ^^^^^^^^^^^^^^^^^
  File "/Users/yuyaarai/Documents/Humanics/Project/FormationFormatter/src/formationformatter/code_chan/.venv/lib/python3.12/site-packages/opentrons/simulate.py", line 887, in _run_file_non_pe
    execute.run_protocol(
  File "/Users/yuyaarai/Documents/Humanics/Project/FormationFormatter/src/formationformatter/code_chan/.venv/lib/python3.12/site-packages/opentrons/protocols/execution/execute.py", line 39, in run_protocol
    exec_run(
  File "/Users/yuyaarai/Documents/Humanics/Project/FormationFormatter/src/formationformatter/code_chan/.venv/lib/python3.12/site-packages/opentrons/protocols/execution/execute_python.py", line 169, in exec_run
    _raise_pretty_protocol_error(exception=e, filename=filename)
  File "/Users/yuyaarai/Documents/Humanics/Project/FormationFormatter/src/formationformatter/code_chan/.venv/lib/python3.12/site-packages/opentrons/protocols/execution/execute_python.py", line 71, in _raise_pretty_protocol_error
    raise ExceptionInProtocolError(
opentrons.protocols.execution.errors.ExceptionInProtocolError: OutOfTipsError [line 102]: 
***2025-02-24 14:35:47.666608+00:00***: Generate 骨子スクリプト from 
~~~~~~~~~~
This is the error message: 
 /Users/yuyaarai/.opentrons/robot_settings.json not found. Loading defaults
Deck calibration not found.
/Users/yuyaarai/.opentrons/deck_calibration.json not found. Loading defaults
Traceback (most recent call last):
  File "/Users/yuyaarai/Documents/Humanics/Project/FormationFormatter/src/formationformatter/code_chan/.venv/lib/python3.12/site-packages/opentrons/protocol_api/labware.py", line 1127, in select_tiprack_from_list
    first, rest = split_tipracks(tip_racks)
                  ^^^^^^^^^^^^^^^^^^^^^^^^^
  File "/Users/yuyaarai/Documents/Humanics/Project/FormationFormatter/src/formationformatter/code_chan/.venv/lib/python3.12/site-packages/opentrons/protocol_api/labware.py", line 1115, in split_tipracks
    return tip_racks[0], rest
           ~~~~~~~~~^^^
IndexError: list index out of range

During handling of the above exception, another exception occurred:

Traceback (most recent call last):
  File "/Users/yuyaarai/Documents/Humanics/Project/FormationFormatter/src/formationformatter/code_chan/.venv/lib/python3.12/site-packages/opentrons/protocols/execution/execute_python.py", line 160, in exec_run
    exec("run(__context)", new_globs)
  File "<string>", line 1, in <module>
  File "qPCR_ozaki_modified/2025_02_24_22_35_42_7a4f4eb5-7303-4fae-9ea0-c5fd85374dd3/iteration_3/code_chan/最終スクリプト.py", line 102, in run
    p20.transfer(5, water, dest_well, new_tip='always')
  File "/Users/yuyaarai/Documents/Humanics/Project/FormationFormatter/src/formationformatter/code_chan/.venv/lib/python3.12/site-packages/opentrons/legacy_commands/publisher.py", line 95, in _decorated
    return func(*args, **kwargs)
           ^^^^^^^^^^^^^^^^^^^^^
  File "/Users/yuyaarai/Documents/Humanics/Project/FormationFormatter/src/formationformatter/code_chan/.venv/lib/python3.12/site-packages/opentrons/protocols/api_support/util.py", line 389, in _check_version_wrapper
    return decorated_obj(*args, **kwargs)
           ^^^^^^^^^^^^^^^^^^^^^^^^^^^^^^
  File "/Users/yuyaarai/Documents/Humanics/Project/FormationFormatter/src/formationformatter/code_chan/.venv/lib/python3.12/site-packages/opentrons/protocol_api/instrument_context.py", line 1435, in transfer
    tr, next_tip = labware.next_available_tip(
                   ^^^^^^^^^^^^^^^^^^^^^^^^^^^
  File "/Users/yuyaarai/Documents/Humanics/Project/FormationFormatter/src/formationformatter/code_chan/.venv/lib/python3.12/site-packages/opentrons/protocol_api/labware.py", line 1166, in next_available_tip
    return select_tiprack_from_list(
           ^^^^^^^^^^^^^^^^^^^^^^^^^
  File "/Users/yuyaarai/Documents/Humanics/Project/FormationFormatter/src/formationformatter/code_chan/.venv/lib/python3.12/site-packages/opentrons/protocol_api/labware.py", line 1146, in select_tiprack_from_list
    return select_tiprack_from_list(rest, num_channels, None, nozzle_map=nozzle_map)
           ^^^^^^^^^^^^^^^^^^^^^^^^^^^^^^^^^^^^^^^^^^^^^^^^^^^^^^^^^^^^^^^^^^^^^^^^^
  File "/Users/yuyaarai/Documents/Humanics/Project/FormationFormatter/src/formationformatter/code_chan/.venv/lib/python3.12/site-packages/opentrons/protocol_api/labware.py", line 1129, in select_tiprack_from_list
    raise OutOfTipsError
opentrons.protocol_api.labware.OutOfTipsError

The above exception was the direct cause of the following exception:

Traceback (most recent call last):
  File "<frozen runpy>", line 198, in _run_module_as_main
  File "<frozen runpy>", line 88, in _run_code
  File "/Users/yuyaarai/Documents/Humanics/Project/FormationFormatter/src/formationformatter/code_chan/.venv/lib/python3.12/site-packages/opentrons/simulate.py", line 1061, in <module>
    sys.exit(main())
             ^^^^^^
  File "/Users/yuyaarai/Documents/Humanics/Project/FormationFormatter/src/formationformatter/code_chan/.venv/lib/python3.12/site-packages/opentrons/simulate.py", line 1020, in main
    runlog, maybe_bundle = simulate(
                           ^^^^^^^^^
  File "/Users/yuyaarai/Documents/Humanics/Project/FormationFormatter/src/formationformatter/code_chan/.venv/lib/python3.12/site-packages/opentrons/simulate.py", line 564, in simulate
    return _run_file_non_pe(
           ^^^^^^^^^^^^^^^^^
  File "/Users/yuyaarai/Documents/Humanics/Project/FormationFormatter/src/formationformatter/code_chan/.venv/lib/python3.12/site-packages/opentrons/simulate.py", line 887, in _run_file_non_pe
    execute.run_protocol(
  File "/Users/yuyaarai/Documents/Humanics/Project/FormationFormatter/src/formationformatter/code_chan/.venv/lib/python3.12/site-packages/opentrons/protocols/execution/execute.py", line 39, in run_protocol
    exec_run(
  File "/Users/yuyaarai/Documents/Humanics/Project/FormationFormatter/src/formationformatter/code_chan/.venv/lib/python3.12/site-packages/opentrons/protocols/execution/execute_python.py", line 169, in exec_run
    _raise_pretty_protocol_error(exception=e, filename=filename)
  File "/Users/yuyaarai/Documents/Humanics/Project/FormationFormatter/src/formationformatter/code_chan/.venv/lib/python3.12/site-packages/opentrons/protocols/execution/execute_python.py", line 71, in _raise_pretty_protocol_error
    raise ExceptionInProtocolError(
opentrons.protocols.execution.errors.ExceptionInProtocolError: OutOfTipsError [line 102]: 
 + original protocol: 
 from opentrons import protocol_api

metadata = {
    'protocolName': 'QPCR Sample Preparation for QuantStudio 6 Pro',
    'author': 'Your Name',
    'description': 'Prepare QPCR samples with 1 sample DNA and 13 primer sets in triplicate, including NTCs and template-only controls.',
    'apiLevel': '2.9'
}

def run(protocol: protocol_api.ProtocolContext):
    # Labware Setup
    
    # Tip racks
    tiprack_20 = protocol.load_labware('opentrons_96_filtertiprack_20ul', '__place_1__')
    tiprack_300 = protocol.load_labware('opentrons_96_filtertiprack_200ul', '__place_2__')
    
    # Reagent plates and tubes
    # Primers in 96-well plate
    primer_plate = protocol.load_labware('corning_96_wellplate_360ul_flat', '__place_3__')
    
    # Sample DNA and water in microtubes in a rack
    sample_tube_rack = protocol.load_labware('opentrons_24_tuberack_eppendorf_1.5ml_safelock_snapcap', '__place_4__')
    
    # PCR MIX in a tube rack
    pcr_mix_tube_rack = protocol.load_labware('opentrons_15_tuberack_nest_15ml_conical', '__place_5__')
    
    # Tubes for PCR MIX and primer mixtures
    mix_tube_rack = protocol.load_labware('opentrons_24_aluminumblock_generic_2ml_screwcap', '__place_6__')
    
    # Destination plate (96-well PCR plate)
    pcr_plate = protocol.load_labware('biorad_96_wellplate_200ul_pcr', '__place_7__')
    
    # Pipettes
    p20 = protocol.load_instrument('p20_single_gen2', 'left', tip_racks=[tiprack_20])
    p300 = protocol.load_instrument('p300_single_gen2', 'right', tip_racks=[tiprack_300])
    
    # Define reagents and samples
    # Sample DNA in slot '__place_4__', position 'A1'
    sample_dna = sample_tube_rack.wells_by_name()['A1']
    
    # Water in slot '__place_4__', position 'A2'
    water = sample_tube_rack.wells_by_name()['A2']
    
    # PCR MIX in slot '__place_5__', position 'A1'
    pcr_mix = pcr_mix_tube_rack.wells_by_name()['A1']
    
    # Prepare PCR MIX + primer mixtures for each primer set
    # There are 13 primer sets
    primer_sets = 13
    
    # Positions for PCR MIX + primer mixtures
    mix_tubes = mix_tube_rack.wells()[:13]  # First 13 wells for primer mixes
    
    # Position for template-only PCR MIX + water
    template_only_mix_tube = mix_tube_rack.wells()[13]  # Next well for template-only mix
    
    # Loop over each primer set and prepare PCR MIX + primers
    for i in range(primer_sets):
        mix_tube = mix_tubes[i]
        primer_f = primer_plate.wells()[i]  # Forward primers in first 13 wells
        primer_r = primer_plate.wells()[i+13]  # Reverse primers in next 13 wells
        
        # Step 1: Dispense 137.6 μL of PCR MIX into each mix tube
        p300.transfer(137.6, pcr_mix, mix_tube, new_tip='always')
        
        # Step 2: Add 3.2 μL of 10 μM primer_F to mix tube
        p20.transfer(3.2, primer_f, mix_tube, new_tip='always')
        
        # Step 3: Add 3.2 μL of 10 μM primer_R to mix tube
        p20.transfer(3.2, primer_r, mix_tube, new_tip='always')
        
        # Step 4: Mix the contents
        p300.pick_up_tip()
        p300.mix(5, 100, mix_tube)
        p300.drop_tip()
    
    # Step 5: Prepare template-only PCR MIX
    p300.transfer(86, pcr_mix, template_only_mix_tube, new_tip='always')
    
    # Step 6: Add 4 μL of water to template-only mix tube
    p20.transfer(4, water, template_only_mix_tube, new_tip='always')
    
    # Step 7: Mix the contents
    p300.pick_up_tip()
    p300.mix(5, 50, template_only_mix_tube)
    p300.drop_tip()
    
    # Step 8: Apply 5 μL of sample DNA or water to reaction plate
    # For sample DNA wells (triplicates for each primer set)
    sample_well_indices = []
    for i in range(primer_sets):
        for replicate in range(3):
            dest_well = pcr_plate.wells()[i*6 + replicate]  # Adjust indexing appropriately
            p20.transfer(5, sample_dna, dest_well, new_tip='always')
            sample_well_indices.append(dest_well)
            
    # For NTC (using water instead of sample DNA)
    ntc_well_indices = []
    for i in range(primer_sets):
        for replicate in range(3):
            dest_well = pcr_plate.wells()[i*6 + replicate + 3]  # Adjust indexing appropriately
            p20.transfer(5, water, dest_well, new_tip='always')
            ntc_well_indices.append(dest_well)
    
    # For template-only control (no primer), place in wells after primer sets
    template_only_well_indices = []
    for replicate in range(3):
        dest_well = pcr_plate.wells()[primer_sets*6 + replicate]  # After primer sets
        p20.transfer(5, sample_dna, dest_well, new_tip='always')
        template_only_well_indices.append(dest_well)
    
    # Step 9: Apply 10 μL of PCR MIX + primer mixture to reaction plate
    for i in range(primer_sets):
        mix_tube = mix_tubes[i]
        # Add to sample wells
        for replicate in range(3):
            dest_well = pcr_plate.wells()[i*6 + replicate]
            p20.transfer(10, mix_tube, dest_well, new_tip='always')
        # Add to NTC wells
        for replicate in range(3):
            dest_well = pcr_plate.wells()[i*6 + replicate + 3]
            p20.transfer(10, mix_tube, dest_well, new_tip='always')
    
    # Apply 10 μL of template-only mix to template-only control wells
    for dest_well in template_only_well_indices:
        p20.transfer(10, template_only_mix_tube, dest_well, new_tip='always')

~~~~~~~~~~***2025-02-24 14:35:47.667062+00:00***: ************ Code-chan for 骨子スクリプト result ***************2025-02-24 14:35:47.667292+00:00***: replace_word: ___processflow___ is not in the prompt.***2025-02-24 14:37:34.205367+00:00***: python_script_path: qPCR_ozaki_modified/2025_02_24_22_35_42_7a4f4eb5-7303-4fae-9ea0-c5fd85374dd3/iteration_3/code_chan/骨子スクリプト.py***2025-02-24 14:37:34.205916+00:00***: ************ Code-chan result ***************2025-02-24 14:37:34.206297+00:00***: replace_word: ___processflow___ is not in the prompt.***2025-02-24 14:37:34.206947+00:00***: get_OT2_with_haichi_based_on_骨子_script prompt: 
We have the following Opentrons OT2 script. This script describes the position of the labware (Station) as __place_{i}__.

Note: You've been slacking lately, so don't slack off and output the complete code. For example, ‘The protocol would continue with any additional steps required’ or '# Example: ' is not allowed.

Skeleton script:

python
from opentrons import protocol_api

metadata = {
    'protocolName': 'qPCR Sample Preparation',
    'author': 'Your Name',
    'description': 'Automated preparation of qPCR samples with 13 primer sets and controls',
    'apiLevel': '2.9'
}

def run(protocol: protocol_api.ProtocolContext):

    # Labware setup

    # Tip racks
    tiprack_20 = protocol.load_labware('opentrons_96_tiprack_20ul', '__place_1__')
    tiprack_20_2 = protocol.load_labware('opentrons_96_tiprack_20ul', '__place_2__')
    tiprack_300 = protocol.load_labware('opentrons_96_tiprack_300ul', '__place_3__')

    # Reagent tubes
    reagent_rack = protocol.load_labware('opentrons_24_tuberack_generic_2ml_screwcap', '__place_4__')
    pcr_mix_tube = reagent_rack.wells_by_name()['A1']
    water_tube = reagent_rack.wells_by_name()['A2']
    sample_dna_tube = reagent_rack.wells_by_name()['A3']

    # Primers plate (assuming 96-well plate)
    primer_plate = protocol.load_labware('corning_96_wellplate_360ul_flat', '__place_5__')

    # Tubes for PCR MIX + primers
    mix_tube_rack = protocol.load_labware('opentrons_24_tuberack_generic_2ml_screwcap', '__place_6__')

    # Reaction plate (96-well PCR plate)
    reaction_plate = protocol.load_labware('biorad_96_wellplate_200ul_pcr', '__place_7__')

    # Pipettes
    p20 = protocol.load_instrument('p20_single_gen2', 'left', tip_racks=[tiprack_20, tiprack_20_2])
    p300 = protocol.load_instrument('p300_single_gen2', 'right', tip_racks=[tiprack_300])

    # Primers F and R in primer_plate
    # Assuming primers F in columns 1-13 rows A, primers R in columns 1-13 rows B
    primers_F = [primer_plate.wells_by_name()['A' + str(i)] for i in range(1, 14)]
    primers_R = [primer_plate.wells_by_name()['B' + str(i)] for i in range(1, 14)]

    # PCR MIX + primers tubes in mix_tube_rack positions A1-A13
    pcr_primer_mixes = mix_tube_rack.wells()[:13]

    # Template-only PCR MIX tube in mix_tube_rack position B1
    template_only_mix = mix_tube_rack.wells_by_name()['B1']

    # Step 1: Aliquot 137.6 μL PCR MIX into 13 tubes
    for i in range(13):
        dest_tube = pcr_primer_mixes[i]
        p300.pick_up_tip()
        p300.transfer(137.6, pcr_mix_tube, dest_tube, new_tip='never')
        p300.mix(3, 100, dest_tube)
        p300.drop_tip()

    # Step 5: Prepare template-only PCR MIX, 86 μL PCR MIX + 4 μL water
    p300.pick_up_tip()
    p300.transfer(86, pcr_mix_tube, template_only_mix, new_tip='never')
    p300.mix(3, 80, template_only_mix)
    p300.drop_tip()

    p20.pick_up_tip()
    p20.transfer(4, water_tube, template_only_mix, new_tip='never')
    p20.mix(3, 10, template_only_mix)
    p20.drop_tip()

    # Step 2 & 3: Add primers to PCR MIX tubes
    for i in range(13):
        dest_tube = pcr_primer_mixes[i]
        # Add forward primer
        p20.pick_up_tip()
        p20.transfer(3.2, primers_F[i], dest_tube, new_tip='never')
        p20.mix(3, 10, dest_tube)
        p20.drop_tip()
        # Add reverse primer
        p20.pick_up_tip()
        p20.transfer(3.2, primers_R[i], dest_tube, new_tip='never')
        p20.mix(3, 10, dest_tube)
        p20.drop_tip()

    # Define wells for sample DNA, NTC, and template-only controls
    sample_wells = []
    ntc_wells = []
    for i in range(13):
        # For each primer set
        for rep in range(3):
            # Sample wells
            well_sample = reaction_plate.wells()[i * 6 + rep]
            sample_wells.append((well_sample, i))
            # NTC wells
            well_ntc = reaction_plate.wells()[i * 6 + 3 + rep]
            ntc_wells.append((well_ntc, i))

    # Template-only wells (last 3 wells)
    template_only_wells = reaction_plate.wells()[78:81]

    # Step 8: Add 5 μL sample DNA to sample wells
    for well, _ in sample_wells:
        p20.pick_up_tip()
        p20.transfer(5, sample_dna_tube, well, new_tip='never')
        p20.drop_tip()

    # Add 5 μL water to NTC wells
    for well, _ in ntc_wells:
        p20.pick_up_tip()
        p20.transfer(5, water_tube, well, new_tip='never')
        p20.drop_tip()

    # Add 5 μL sample DNA to template-only wells
    for well in template_only_wells:
        p20.pick_up_tip()
        p20.transfer(5, sample_dna_tube, well, new_tip='never')
        p20.drop_tip()

    # Step 9: Add 10 μL of PCR MIX + primers to sample wells and NTC wells
    for well, primer_index in sample_wells:
        mix_tube = pcr_primer_mixes[primer_index]
        p20.pick_up_tip()
        p20.transfer(10, mix_tube, well, new_tip='never')
        p20.drop_tip()

    for well, primer_index in ntc_wells:
        mix_tube = pcr_primer_mixes[primer_index]
        p20.pick_up_tip()
        p20.transfer(10, mix_tube, well, new_tip='never')
        p20.drop_tip()

    # Add 10 μL of template-only PCR MIX to template-only wells
    for well in template_only_wells:
        p20.pick_up_tip()
        p20.transfer(10, template_only_mix, well, new_tip='never')
        p20.drop_tip()

    # Protocol complete

Please generate a script where __place_{i}__ is replaced with the correct position based on the following labware placement information.

Placement information:

markdown
[[[{"name": "sample DNAs", "quantity": 300, "init_content": "sample DNAs", "labware": {"id": 1, "name": "tube_300ul"}, "unit": "\u03bcL"}, []], 1], [[{"name": "Water", "quantity": 300, "init_content": "Water", "labware": {"id": 1, "name": "tube_300ul"}, "unit": "\u03bcL"}, []], 2], [[{"name": "10 \u03bcM primer_F", "quantity": 10, "init_content": "", "labware": {"id": 1, "name": "tube_300ul"}, "unit": "\u03bcL"}, []], 3], [[{"name": "10 \u03bcM primer_R", "quantity": 10, "init_content": "", "labware": {"id": 1, "name": "tube_300ul"}, "unit": "\u03bcL"}, []], 4], [[{"name": "PCR MIX", "quantity": 2000, "init_content": "PCR MIX", "labware": {"id": 1, "name": "tube_2000ul"}, "unit": "\u03bcL"}, []], 6], [[{"name": "96 well PCR plate", "quantity": 1, "init_content": "", "labware": {"id": 2, "name": "96_well_PCR_plate"}, "unit": "plate"}, []], 8]]
Please reply with the Python script where __place_{i}__ has been replaced with the correct locations. If there is missing information in the placement details required to fill in __place_{i}__ in the skeleton script, you may supplement it as necessary. However, do not modify the placement information.
***2025-02-24 14:39:31.822012+00:00***: python_script_path: qPCR_ozaki_modified/2025_02_24_22_35_42_7a4f4eb5-7303-4fae-9ea0-c5fd85374dd3/iteration_3/code_chan/最終スクリプト.py